<?xml version="1.0" encoding="UTF-8"?>
<testsuite xmlns:xsi="http://www.w3.org/2001/XMLSchema-instance" xsi:noNamespaceSchemaLocation="https://maven.apache.org/surefire/maven-surefire-plugin/xsd/surefire-test-report.xsd" name="org.apache.ratis.netty.TestRaftReconfigurationWithNetty" time="42.027" tests="12" errors="0" skipped="0" failures="1">
  <properties>
[...]
</properties>
  <testcase name="testNoChangeRequest" classname="org.apache.ratis.netty.TestRaftReconfigurationWithNetty" time="1.773"/>
  <testcase name="testRemovePeers" classname="org.apache.ratis.netty.TestRaftReconfigurationWithNetty" time="1.82"/>
  <testcase name="testAddRemovePeers" classname="org.apache.ratis.netty.TestRaftReconfigurationWithNetty" time="2.691"/>
  <testcase name="testRevertConfigurationChange" classname="org.apache.ratis.netty.TestRaftReconfigurationWithNetty" time="3.166"/>
  <testcase name="testBootstrapReconf" classname="org.apache.ratis.netty.TestRaftReconfigurationWithNetty" time="6.306"/>
  <testcase name="testAddPeers" classname="org.apache.ratis.netty.TestRaftReconfigurationWithNetty" time="2.011"/>
  <testcase name="testLeaderStepDown" classname="org.apache.ratis.netty.TestRaftReconfigurationWithNetty" time="2.356"/>
  <testcase name="testKillLeaderDuringReconf" classname="org.apache.ratis.netty.TestRaftReconfigurationWithNetty" time="3.678"/>
  <testcase name="testLeaderNotReadyException" classname="org.apache.ratis.netty.TestRaftReconfigurationWithNetty" time="3.515"/>
  <testcase name="testOverlappedSetConfRequests" classname="org.apache.ratis.netty.TestRaftReconfigurationWithNetty" time="3.72"/>
  <testcase name="testReconfTwice" classname="org.apache.ratis.netty.TestRaftReconfigurationWithNetty" time="3.219">
    <failure message="s3: ConfigurationManager, init=-1: [s0:0.0.0.0:38978, s1:0.0.0.0:46247, s2:0.0.0.0:41658], old=null, confs={&#10;  0 -&gt; 0: [s0:0.0.0.0:38978, s1:0.0.0.0:46247, s2:0.0.0.0:41658], old=null&#10;  41 -&gt; 41: [s0:0.0.0.0:38978, s1:0.0.0.0:46247, s2:0.0.0.0:41658], old=null&#10;  43 -&gt; 43: [s3:0.0.0.0:35928, s4:0.0.0.0:38695, s0:0.0.0.0:38978, s1:0.0.0.0:46247, s2:0.0.0.0:41658], old=[s0:0.0.0.0:38978, s1:0.0.0.0:46247, s2:0.0.0.0:41658]&#10;  45 -&gt; 45: [s3:0.0.0.0:35928, s4:0.0.0.0:38695, s0:0.0.0.0:38978, s1:0.0.0.0:46247, s2:0.0.0.0:41658], old=null&#10;  47 -&gt; 47: [s3:0.0.0.0:35928, s4:0.0.0.0:38695, s2:0.0.0.0:41658], old=[s3:0.0.0.0:35928, s4:0.0.0.0:38695, s0:0.0.0.0:38978, s1:0.0.0.0:46247, s2:0.0.0.0:41658]&#10;  49 -&gt; 49: [s3:0.0.0.0:35928, s4:0.0.0.0:38695, s2:0.0.0.0:41658], old=null&#10;  51 -&gt; 51: [s3:0.0.0.0:35928, s4:0.0.0.0:38695, s2:0.0.0.0:41658], old=null&#10;} expected:&lt;7&gt; but was:&lt;8&gt;" type="java.lang.AssertionError"><![CDATA[java.lang.AssertionError: 
s3: ConfigurationManager, init=-1: [s0:0.0.0.0:38978, s1:0.0.0.0:46247, s2:0.0.0.0:41658], old=null, confs={
  0 -> 0: [s0:0.0.0.0:38978, s1:0.0.0.0:46247, s2:0.0.0.0:41658], old=null
  41 -> 41: [s0:0.0.0.0:38978, s1:0.0.0.0:46247, s2:0.0.0.0:41658], old=null
  43 -> 43: [s3:0.0.0.0:35928, s4:0.0.0.0:38695, s0:0.0.0.0:38978, s1:0.0.0.0:46247, s2:0.0.0.0:41658], old=[s0:0.0.0.0:38978, s1:0.0.0.0:46247, s2:0.0.0.0:41658]
  45 -> 45: [s3:0.0.0.0:35928, s4:0.0.0.0:38695, s0:0.0.0.0:38978, s1:0.0.0.0:46247, s2:0.0.0.0:41658], old=null
  47 -> 47: [s3:0.0.0.0:35928, s4:0.0.0.0:38695, s2:0.0.0.0:41658], old=[s3:0.0.0.0:35928, s4:0.0.0.0:38695, s0:0.0.0.0:38978, s1:0.0.0.0:46247, s2:0.0.0.0:41658]
  49 -> 49: [s3:0.0.0.0:35928, s4:0.0.0.0:38695, s2:0.0.0.0:41658], old=null
  51 -> 51: [s3:0.0.0.0:35928, s4:0.0.0.0:38695, s2:0.0.0.0:41658], old=null
} expected:<7> but was:<8>
]]></failure>
    <system-out><![CDATA[2019-09-26 13:12:45,492 INFO  util.LogUtils (LogUtils.java:setLogLevel(41)) - Set org.apache.ratis.conf.ConfUtils log level to WARN
2019-09-26 13:12:45,492 INFO  util.LogUtils (LogUtils.java:setLogLevel(41)) - Set org.apache.ratis.util.FileUtils log level to TRACE
2019-09-26 13:12:45,495 INFO  ratis.MiniRaftCluster (MiniRaftCluster.java:runWithNewCluster(119)) - Running runWithNewCluster
2019-09-26 13:12:45,495 INFO  ratis.MiniRaftCluster (MiniRaftCluster.java:<init>(253)) - new MiniRaftClusterWithNetty with group-0448FFF281AD:[s0:0.0.0.0:38978, s1:0.0.0.0:46247, s2:0.0.0.0:41658]
2019-09-26 13:12:45,496 INFO  ratis.MiniRaftCluster (MiniRaftCluster.java:start(287)) - .............................................................. 
2019-09-26 13:12:45,496 INFO  ratis.MiniRaftCluster (MiniRaftCluster.java:start(288)) - ... 
2019-09-26 13:12:45,496 INFO  ratis.MiniRaftCluster (MiniRaftCluster.java:start(289)) - ...     Starting MiniRaftClusterWithNetty
2019-09-26 13:12:45,496 INFO  ratis.MiniRaftCluster (MiniRaftCluster.java:start(290)) - ... 
2019-09-26 13:12:45,496 INFO  ratis.MiniRaftCluster (MiniRaftCluster.java:start(291)) - .............................................................. 
2019-09-26 13:12:45,496 INFO  ratis.MiniRaftCluster (MiniRaftCluster.java:initServers(265)) - servers = {}
2019-09-26 13:12:45,496 INFO  ratis.MiniRaftCluster (MiniRaftCluster.java:newRaftServer(330)) - newRaftServer: s0, group-0448FFF281AD:[s0:0.0.0.0:38978, s1:0.0.0.0:46247, s2:0.0.0.0:41658], format? true
2019-09-26 13:12:45,497 TRACE util.FileUtils (FileUtils.java:deleteFully(88)) - deleteFully target/test/data/3c013135/MiniRaftClusterWithNettya2297eb7/s0
2019-09-26 13:12:45,497 TRACE util.FileUtils (FileUtils.java:deleteFully(104)) - deleteFully: target/test/data/3c013135/MiniRaftClusterWithNettya2297eb7/s0 does not exist.
2019-09-26 13:12:45,497 INFO  ratis.MiniRaftCluster (MiniRaftCluster.java:newRaftServer(335)) - Formatted directory target/test/data/3c013135/MiniRaftClusterWithNettya2297eb7/s0
2019-09-26 13:12:45,498 INFO  impl.RaftServerProxy (ConfUtils.java:logGet(43)) - raft.rpc.type = NETTY (custom)
2019-09-26 13:12:45,499 INFO  netty.NettyConfigKeys$Server (ConfUtils.java:logGet(43)) - raft.netty.server.port = 38978 (custom)
2019-09-26 13:12:45,501 INFO  server.RaftServerConfigKeys (ConfUtils.java:logGet(43)) - raft.server.storage.dir = [/workdir/ratis-test/target/test/data/3c013135/MiniRaftClusterWithNettya2297eb7/s0] (custom)
2019-09-26 13:12:45,501 INFO  logging.LoggingHandler (AbstractInternalLogger.java:log(150)) - [id: 0x765fb7a7] REGISTERED
2019-09-26 13:12:45,502 INFO  logging.LoggingHandler (AbstractInternalLogger.java:log(150)) - [id: 0x765fb7a7] BIND: 0.0.0.0/0.0.0.0:38978
2019-09-26 13:12:45,502 INFO  impl.RaftServerProxy (RaftServerProxy.java:addNew(89)) - s0: addNew group-0448FFF281AD:[s0:0.0.0.0:38978, s1:0.0.0.0:46247, s2:0.0.0.0:41658] returns group-0448FFF281AD:java.util.concurrent.CompletableFuture@23f96c7f[Not completed]
2019-09-26 13:12:45,502 INFO  logging.LoggingHandler (AbstractInternalLogger.java:log(150)) - [id: 0x765fb7a7, L:/0.0.0.0:38978] ACTIVE
2019-09-26 13:12:45,503 INFO  impl.RaftServerImpl (RaftServerImpl.java:<init>(95)) - s0: new RaftServerImpl for group-0448FFF281AD:[s0:0.0.0.0:38978, s1:0.0.0.0:46247, s2:0.0.0.0:41658] with BaseStateMachine:uninitialized
2019-09-26 13:12:45,503 INFO  server.RaftServerConfigKeys (ConfUtils.java:logGet(43)) - raft.server.rpc.timeout.min = 150ms (default)
2019-09-26 13:12:45,503 INFO  server.RaftServerConfigKeys (ConfUtils.java:logGet(43)) - raft.server.rpc.timeout.max = 300ms (default)
2019-09-26 13:12:45,503 INFO  ratis.MiniRaftCluster (MiniRaftCluster.java:newRaftServer(330)) - newRaftServer: s1, group-0448FFF281AD:[s0:0.0.0.0:38978, s1:0.0.0.0:46247, s2:0.0.0.0:41658], format? true
2019-09-26 13:12:45,503 INFO  server.RaftServerConfigKeys (ConfUtils.java:logGet(43)) - raft.server.rpcslowness.timeout = 60s (default)
2019-09-26 13:12:45,503 TRACE util.FileUtils (FileUtils.java:deleteFully(88)) - deleteFully target/test/data/3c013135/MiniRaftClusterWithNettya2297eb7/s1
2019-09-26 13:12:45,504 INFO  server.RaftServerConfigKeys (ConfUtils.java:logGet(43)) - raft.server.sleep.deviation.threshold = 300 (default)
2019-09-26 13:12:45,504 INFO  server.RaftServerConfigKeys (ConfUtils.java:logGet(43)) - raft.server.log.appender.install.snapshot.enabled = true (default)
2019-09-26 13:12:45,504 TRACE util.FileUtils (FileUtils.java:deleteFully(104)) - deleteFully: target/test/data/3c013135/MiniRaftClusterWithNettya2297eb7/s1 does not exist.
2019-09-26 13:12:45,504 INFO  ratis.MiniRaftCluster (MiniRaftCluster.java:newRaftServer(335)) - Formatted directory target/test/data/3c013135/MiniRaftClusterWithNettya2297eb7/s1
2019-09-26 13:12:45,504 INFO  impl.RaftServerImpl (ServerState.java:<init>(103)) - s0@group-0448FFF281AD: ConfigurationManager, init=-1: [s0:0.0.0.0:38978, s1:0.0.0.0:46247, s2:0.0.0.0:41658], old=null, confs=<EMPTY_MAP>
2019-09-26 13:12:45,505 INFO  server.RaftServerConfigKeys (ConfUtils.java:logGet(43)) - raft.server.storage.dir = [/workdir/ratis-test/target/test/data/3c013135/MiniRaftClusterWithNettya2297eb7/s0] (custom)
2019-09-26 13:12:45,505 INFO  impl.RaftServerProxy (ConfUtils.java:logGet(43)) - raft.rpc.type = NETTY (custom)
2019-09-26 13:12:45,505 INFO  server.RaftServerConfigKeys (ConfUtils.java:logGet(43)) - raft.server.log.corruption.policy = EXCEPTION (default)
2019-09-26 13:12:45,505 INFO  storage.RaftStorageDirectory (RaftStorageDirectory.java:analyzeStorage(246)) - The storage directory /workdir/ratis-test/target/test/data/3c013135/MiniRaftClusterWithNettya2297eb7/s0/48f57b70-be0f-4f11-8c74-0448fff281ad does not exist. Creating ...
2019-09-26 13:12:45,506 TRACE util.FileUtils (LogUtils.java:runAndLog(61)) - Successfully ran Files.createDirectories /workdir/ratis-test/target/test/data/3c013135/MiniRaftClusterWithNettya2297eb7/s0/48f57b70-be0f-4f11-8c74-0448fff281ad
2019-09-26 13:12:45,507 INFO  netty.NettyConfigKeys$Server (ConfUtils.java:logGet(43)) - raft.netty.server.port = 46247 (custom)
2019-09-26 13:12:45,508 INFO  server.RaftServerConfigKeys (ConfUtils.java:logGet(43)) - raft.server.storage.dir = [/workdir/ratis-test/target/test/data/3c013135/MiniRaftClusterWithNettya2297eb7/s1] (custom)
2019-09-26 13:12:45,508 INFO  logging.LoggingHandler (AbstractInternalLogger.java:log(150)) - [id: 0xc5302367] REGISTERED
2019-09-26 13:12:45,508 INFO  logging.LoggingHandler (AbstractInternalLogger.java:log(150)) - [id: 0xc5302367] BIND: 0.0.0.0/0.0.0.0:46247
2019-09-26 13:12:45,508 INFO  impl.RaftServerProxy (RaftServerProxy.java:addNew(89)) - s1: addNew group-0448FFF281AD:[s0:0.0.0.0:38978, s1:0.0.0.0:46247, s2:0.0.0.0:41658] returns group-0448FFF281AD:java.util.concurrent.CompletableFuture@36cf4e86[Not completed]
2019-09-26 13:12:45,509 INFO  logging.LoggingHandler (AbstractInternalLogger.java:log(150)) - [id: 0xc5302367, L:/0.0.0.0:46247] ACTIVE
2019-09-26 13:12:45,509 INFO  impl.RaftServerImpl (RaftServerImpl.java:<init>(95)) - s1: new RaftServerImpl for group-0448FFF281AD:[s0:0.0.0.0:38978, s1:0.0.0.0:46247, s2:0.0.0.0:41658] with BaseStateMachine:uninitialized
2019-09-26 13:12:45,509 INFO  ratis.MiniRaftCluster (MiniRaftCluster.java:newRaftServer(330)) - newRaftServer: s2, group-0448FFF281AD:[s0:0.0.0.0:38978, s1:0.0.0.0:46247, s2:0.0.0.0:41658], format? true
2019-09-26 13:12:45,509 INFO  server.RaftServerConfigKeys (ConfUtils.java:logGet(43)) - raft.server.rpc.timeout.min = 150ms (default)
2019-09-26 13:12:45,510 TRACE util.FileUtils (FileUtils.java:deleteFully(88)) - deleteFully target/test/data/3c013135/MiniRaftClusterWithNettya2297eb7/s2
2019-09-26 13:12:45,510 INFO  server.RaftServerConfigKeys (ConfUtils.java:logGet(43)) - raft.server.rpc.timeout.max = 300ms (default)
2019-09-26 13:12:45,510 TRACE util.FileUtils (FileUtils.java:deleteFully(104)) - deleteFully: target/test/data/3c013135/MiniRaftClusterWithNettya2297eb7/s2 does not exist.
2019-09-26 13:12:45,510 INFO  ratis.MiniRaftCluster (MiniRaftCluster.java:newRaftServer(335)) - Formatted directory target/test/data/3c013135/MiniRaftClusterWithNettya2297eb7/s2
2019-09-26 13:12:45,510 INFO  server.RaftServerConfigKeys (ConfUtils.java:logGet(43)) - raft.server.rpcslowness.timeout = 60s (default)
2019-09-26 13:12:45,511 INFO  server.RaftServerConfigKeys (ConfUtils.java:logGet(43)) - raft.server.sleep.deviation.threshold = 300 (default)
2019-09-26 13:12:45,511 INFO  impl.RaftServerProxy (ConfUtils.java:logGet(43)) - raft.rpc.type = NETTY (custom)
2019-09-26 13:12:45,511 INFO  server.RaftServerConfigKeys (ConfUtils.java:logGet(43)) - raft.server.log.appender.install.snapshot.enabled = true (default)
2019-09-26 13:12:45,511 INFO  impl.RaftServerImpl (ServerState.java:<init>(103)) - s1@group-0448FFF281AD: ConfigurationManager, init=-1: [s0:0.0.0.0:38978, s1:0.0.0.0:46247, s2:0.0.0.0:41658], old=null, confs=<EMPTY_MAP>
2019-09-26 13:12:45,511 INFO  server.RaftServerConfigKeys (ConfUtils.java:logGet(43)) - raft.server.storage.dir = [/workdir/ratis-test/target/test/data/3c013135/MiniRaftClusterWithNettya2297eb7/s1] (custom)
2019-09-26 13:12:45,512 INFO  server.RaftServerConfigKeys (ConfUtils.java:logGet(43)) - raft.server.log.corruption.policy = EXCEPTION (default)
2019-09-26 13:12:45,512 INFO  storage.RaftStorageDirectory (RaftStorageDirectory.java:analyzeStorage(246)) - The storage directory /workdir/ratis-test/target/test/data/3c013135/MiniRaftClusterWithNettya2297eb7/s1/48f57b70-be0f-4f11-8c74-0448fff281ad does not exist. Creating ...
2019-09-26 13:12:45,512 INFO  netty.NettyConfigKeys$Server (ConfUtils.java:logGet(43)) - raft.netty.server.port = 41658 (custom)
2019-09-26 13:12:45,512 TRACE util.FileUtils (LogUtils.java:runAndLog(61)) - Successfully ran Files.createDirectories /workdir/ratis-test/target/test/data/3c013135/MiniRaftClusterWithNettya2297eb7/s1/48f57b70-be0f-4f11-8c74-0448fff281ad
2019-09-26 13:12:45,513 INFO  server.RaftServerConfigKeys (ConfUtils.java:logGet(43)) - raft.server.storage.dir = [/workdir/ratis-test/target/test/data/3c013135/MiniRaftClusterWithNettya2297eb7/s2] (custom)
2019-09-26 13:12:45,513 INFO  logging.LoggingHandler (AbstractInternalLogger.java:log(150)) - [id: 0xaabc99b6] REGISTERED
2019-09-26 13:12:45,513 INFO  impl.RaftServerProxy (RaftServerProxy.java:addNew(89)) - s2: addNew group-0448FFF281AD:[s0:0.0.0.0:38978, s1:0.0.0.0:46247, s2:0.0.0.0:41658] returns group-0448FFF281AD:java.util.concurrent.CompletableFuture@637d29b4[Not completed]
2019-09-26 13:12:45,513 INFO  logging.LoggingHandler (AbstractInternalLogger.java:log(150)) - [id: 0xaabc99b6] BIND: 0.0.0.0/0.0.0.0:41658
2019-09-26 13:12:45,514 INFO  logging.LoggingHandler (AbstractInternalLogger.java:log(150)) - [id: 0xaabc99b6, L:/0.0.0.0:41658] ACTIVE
2019-09-26 13:12:45,515 INFO  impl.RaftServerImpl (RaftServerImpl.java:<init>(95)) - s2: new RaftServerImpl for group-0448FFF281AD:[s0:0.0.0.0:38978, s1:0.0.0.0:46247, s2:0.0.0.0:41658] with BaseStateMachine:uninitialized
2019-09-26 13:12:45,515 INFO  server.RaftServerConfigKeys (ConfUtils.java:logGet(43)) - raft.server.rpc.timeout.min = 150ms (default)
2019-09-26 13:12:45,515 INFO  server.RaftServerConfigKeys (ConfUtils.java:logGet(43)) - raft.server.rpc.timeout.max = 300ms (default)
2019-09-26 13:12:45,516 INFO  server.RaftServerConfigKeys (ConfUtils.java:logGet(43)) - raft.server.rpcslowness.timeout = 60s (default)
2019-09-26 13:12:45,516 INFO  server.RaftServerConfigKeys (ConfUtils.java:logGet(43)) - raft.server.sleep.deviation.threshold = 300 (default)
2019-09-26 13:12:45,516 INFO  server.RaftServerConfigKeys (ConfUtils.java:logGet(43)) - raft.server.log.appender.install.snapshot.enabled = true (default)
2019-09-26 13:12:45,516 INFO  impl.RaftServerImpl (ServerState.java:<init>(103)) - s2@group-0448FFF281AD: ConfigurationManager, init=-1: [s0:0.0.0.0:38978, s1:0.0.0.0:46247, s2:0.0.0.0:41658], old=null, confs=<EMPTY_MAP>
2019-09-26 13:12:45,516 INFO  server.RaftServerConfigKeys (ConfUtils.java:logGet(43)) - raft.server.storage.dir = [/workdir/ratis-test/target/test/data/3c013135/MiniRaftClusterWithNettya2297eb7/s2] (custom)
2019-09-26 13:12:45,517 INFO  server.RaftServerConfigKeys (ConfUtils.java:logGet(43)) - raft.server.log.corruption.policy = EXCEPTION (default)
2019-09-26 13:12:45,517 INFO  storage.RaftStorageDirectory (RaftStorageDirectory.java:analyzeStorage(246)) - The storage directory /workdir/ratis-test/target/test/data/3c013135/MiniRaftClusterWithNettya2297eb7/s2/48f57b70-be0f-4f11-8c74-0448fff281ad does not exist. Creating ...
2019-09-26 13:12:45,517 TRACE util.FileUtils (LogUtils.java:runAndLog(61)) - Successfully ran Files.createDirectories /workdir/ratis-test/target/test/data/3c013135/MiniRaftClusterWithNettya2297eb7/s2/48f57b70-be0f-4f11-8c74-0448fff281ad
2019-09-26 13:12:45,533 INFO  storage.RaftStorageDirectory (RaftStorageDirectory.java:tryLock(328)) - Lock on /workdir/ratis-test/target/test/data/3c013135/MiniRaftClusterWithNettya2297eb7/s1/48f57b70-be0f-4f11-8c74-0448fff281ad/in_use.lock acquired by nodename 435@ratis-test-j9cz4-1458154678
2019-09-26 13:12:45,533 INFO  storage.RaftStorageDirectory (RaftStorageDirectory.java:tryLock(328)) - Lock on /workdir/ratis-test/target/test/data/3c013135/MiniRaftClusterWithNettya2297eb7/s0/48f57b70-be0f-4f11-8c74-0448fff281ad/in_use.lock acquired by nodename 435@ratis-test-j9cz4-1458154678
2019-09-26 13:12:45,533 INFO  storage.RaftStorageDirectory (RaftStorageDirectory.java:tryLock(328)) - Lock on /workdir/ratis-test/target/test/data/3c013135/MiniRaftClusterWithNettya2297eb7/s2/48f57b70-be0f-4f11-8c74-0448fff281ad/in_use.lock acquired by nodename 435@ratis-test-j9cz4-1458154678
2019-09-26 13:12:45,533 TRACE util.FileUtils (LogUtils.java:runAndLog(61)) - Successfully ran Files.createDirectories /workdir/ratis-test/target/test/data/3c013135/MiniRaftClusterWithNettya2297eb7/s1/48f57b70-be0f-4f11-8c74-0448fff281ad/current
2019-09-26 13:12:45,534 TRACE util.FileUtils (LogUtils.java:runAndLog(61)) - Successfully ran Files.createDirectories /workdir/ratis-test/target/test/data/3c013135/MiniRaftClusterWithNettya2297eb7/s0/48f57b70-be0f-4f11-8c74-0448fff281ad/current
2019-09-26 13:12:45,534 TRACE util.FileUtils (LogUtils.java:runAndLog(61)) - Successfully ran Files.createDirectories /workdir/ratis-test/target/test/data/3c013135/MiniRaftClusterWithNettya2297eb7/s1/48f57b70-be0f-4f11-8c74-0448fff281ad/sm
2019-09-26 13:12:45,534 TRACE util.FileUtils (LogUtils.java:runAndLog(61)) - Successfully ran Files.createDirectories /workdir/ratis-test/target/test/data/3c013135/MiniRaftClusterWithNettya2297eb7/s0/48f57b70-be0f-4f11-8c74-0448fff281ad/sm
2019-09-26 13:12:45,534 TRACE util.FileUtils (LogUtils.java:runAndLog(61)) - Successfully ran Files.createDirectories /workdir/ratis-test/target/test/data/3c013135/MiniRaftClusterWithNettya2297eb7/s2/48f57b70-be0f-4f11-8c74-0448fff281ad/current
2019-09-26 13:12:45,535 TRACE util.FileUtils (LogUtils.java:runAndLog(61)) - Successfully ran Files.createDirectories /workdir/ratis-test/target/test/data/3c013135/MiniRaftClusterWithNettya2297eb7/s2/48f57b70-be0f-4f11-8c74-0448fff281ad/sm
2019-09-26 13:12:45,548 INFO  storage.RaftStorage (RaftStorage.java:format(84)) - Storage directory /workdir/ratis-test/target/test/data/3c013135/MiniRaftClusterWithNettya2297eb7/s0/48f57b70-be0f-4f11-8c74-0448fff281ad has been successfully formatted.
2019-09-26 13:12:45,548 INFO  storage.RaftStorage (RaftStorage.java:format(84)) - Storage directory /workdir/ratis-test/target/test/data/3c013135/MiniRaftClusterWithNettya2297eb7/s2/48f57b70-be0f-4f11-8c74-0448fff281ad has been successfully formatted.
2019-09-26 13:12:45,548 INFO  storage.RaftStorage (RaftStorage.java:format(84)) - Storage directory /workdir/ratis-test/target/test/data/3c013135/MiniRaftClusterWithNettya2297eb7/s1/48f57b70-be0f-4f11-8c74-0448fff281ad has been successfully formatted.
2019-09-26 13:12:45,549 INFO  server.RaftServerConfigKeys (ConfUtils.java:logGet(43)) - raft.server.notification.no-leader.timeout = 60s (default)
2019-09-26 13:12:45,548 INFO  server.RaftServerConfigKeys (ConfUtils.java:logGet(43)) - raft.server.notification.no-leader.timeout = 60s (default)
2019-09-26 13:12:45,549 INFO  server.RaftServerConfigKeys (ConfUtils.java:logGet(43)) - raft.server.log.use.memory = false (default)
2019-09-26 13:12:45,549 INFO  server.RaftServerConfigKeys (ConfUtils.java:logGet(43)) - raft.server.notification.no-leader.timeout = 60s (default)
2019-09-26 13:12:45,549 INFO  server.RaftServerConfigKeys (ConfUtils.java:logGet(43)) - raft.server.log.purge.gap = 1024 (default)
2019-09-26 13:12:45,549 INFO  server.RaftServerConfigKeys (ConfUtils.java:logGet(43)) - raft.server.log.use.memory = false (default)
2019-09-26 13:12:45,549 INFO  server.RaftServerConfigKeys (ConfUtils.java:logGet(43)) - raft.server.log.appender.buffer.byte-limit = 4MB (=4194304) (default)
2019-09-26 13:12:45,549 INFO  server.RaftServerConfigKeys (ConfUtils.java:logGet(43)) - raft.server.log.use.memory = false (default)
2019-09-26 13:12:45,550 INFO  server.RaftServerConfigKeys (ConfUtils.java:logGet(43)) - raft.server.log.segment.size.max = 8MB (=8388608) (default)
2019-09-26 13:12:45,549 INFO  server.RaftServerConfigKeys (ConfUtils.java:logGet(43)) - raft.server.log.purge.gap = 1024 (default)
2019-09-26 13:12:45,550 INFO  server.RaftServerConfigKeys (ConfUtils.java:logGet(43)) - raft.server.log.segment.cache.num.max = 6 (default)
2019-09-26 13:12:45,550 INFO  server.RaftServerConfigKeys (ConfUtils.java:logGet(43)) - raft.server.log.purge.gap = 1024 (default)
2019-09-26 13:12:45,550 INFO  segmented.SegmentedRaftLogWorker (SegmentedRaftLogWorker.java:<init>(172)) - new s2@group-0448FFF281AD-SegmentedRaftLogWorker for RaftStorage:Storage Directory /workdir/ratis-test/target/test/data/3c013135/MiniRaftClusterWithNettya2297eb7/s2/48f57b70-be0f-4f11-8c74-0448fff281ad
2019-09-26 13:12:45,550 INFO  server.RaftServerConfigKeys (ConfUtils.java:logGet(43)) - raft.server.log.appender.buffer.byte-limit = 4MB (=4194304) (default)
2019-09-26 13:12:45,551 INFO  server.RaftServerConfigKeys (ConfUtils.java:logGet(43)) - raft.server.log.queue.byte-limit = 64MB (=67108864) (default)
2019-09-26 13:12:45,550 INFO  server.RaftServerConfigKeys (ConfUtils.java:logGet(43)) - raft.server.log.appender.buffer.byte-limit = 4MB (=4194304) (default)
2019-09-26 13:12:45,551 INFO  server.RaftServerConfigKeys (ConfUtils.java:logGet(43)) - raft.server.log.queue.element-limit = 4096 (default)
2019-09-26 13:12:45,551 INFO  server.RaftServerConfigKeys (ConfUtils.java:logGet(43)) - raft.server.log.segment.size.max = 8MB (=8388608) (default)
2019-09-26 13:12:45,551 INFO  server.RaftServerConfigKeys (ConfUtils.java:logGet(43)) - raft.server.log.segment.size.max = 8MB (=8388608) (default)
2019-09-26 13:12:45,552 INFO  server.RaftServerConfigKeys (ConfUtils.java:logGet(43)) - raft.server.log.preallocated.size = 4MB (=4194304) (default)
2019-09-26 13:12:45,551 INFO  server.RaftServerConfigKeys (ConfUtils.java:logGet(43)) - raft.server.log.segment.size.max = 8MB (=8388608) (default)
2019-09-26 13:12:45,552 INFO  server.RaftServerConfigKeys (ConfUtils.java:logGet(43)) - raft.server.log.write.buffer.size = 64KB (=65536) (default)
2019-09-26 13:12:45,551 INFO  server.RaftServerConfigKeys (ConfUtils.java:logGet(43)) - raft.server.log.segment.cache.num.max = 6 (default)
2019-09-26 13:12:45,552 INFO  server.RaftServerConfigKeys (ConfUtils.java:logGet(43)) - raft.server.log.force.sync.num = 128 (default)
2019-09-26 13:12:45,552 INFO  server.RaftServerConfigKeys (ConfUtils.java:logGet(43)) - raft.server.log.segment.cache.num.max = 6 (default)
2019-09-26 13:12:45,552 INFO  server.RaftServerConfigKeys (ConfUtils.java:logGet(43)) - raft.server.log.statemachine.data.sync = true (default)
2019-09-26 13:12:45,552 INFO  segmented.SegmentedRaftLogWorker (SegmentedRaftLogWorker.java:<init>(172)) - new s0@group-0448FFF281AD-SegmentedRaftLogWorker for RaftStorage:Storage Directory /workdir/ratis-test/target/test/data/3c013135/MiniRaftClusterWithNettya2297eb7/s0/48f57b70-be0f-4f11-8c74-0448fff281ad
2019-09-26 13:12:45,553 INFO  server.RaftServerConfigKeys (ConfUtils.java:logGet(43)) - raft.server.log.statemachine.data.sync.timeout = 10s (default)
2019-09-26 13:12:45,553 INFO  segmented.SegmentedRaftLogWorker (SegmentedRaftLogWorker.java:<init>(172)) - new s1@group-0448FFF281AD-SegmentedRaftLogWorker for RaftStorage:Storage Directory /workdir/ratis-test/target/test/data/3c013135/MiniRaftClusterWithNettya2297eb7/s1/48f57b70-be0f-4f11-8c74-0448fff281ad
2019-09-26 13:12:45,553 INFO  server.RaftServerConfigKeys (ConfUtils.java:logGet(43)) - raft.server.log.statemachine.data.sync.timeout.retry = -1 (default)
2019-09-26 13:12:45,553 INFO  server.RaftServerConfigKeys (ConfUtils.java:logGet(43)) - raft.server.log.queue.byte-limit = 64MB (=67108864) (default)
2019-09-26 13:12:45,553 INFO  server.RaftServerConfigKeys (ConfUtils.java:logGet(43)) - raft.server.log.statemachine.data.caching.enabled = false (default)
2019-09-26 13:12:45,553 INFO  server.RaftServerConfigKeys (ConfUtils.java:logGet(43)) - raft.server.log.queue.byte-limit = 64MB (=67108864) (default)
2019-09-26 13:12:45,553 INFO  server.RaftServerConfigKeys (ConfUtils.java:logGet(43)) - raft.server.log.queue.element-limit = 4096 (default)
2019-09-26 13:12:45,554 INFO  segmented.SegmentedRaftLogWorker (SegmentedRaftLogWorker.java:lambda$new$0(132)) - s2@group-0448FFF281AD-SegmentedRaftLogWorker: flushIndex: setUnconditionally 0 -> -1
2019-09-26 13:12:45,554 INFO  server.RaftServerConfigKeys (ConfUtils.java:logGet(43)) - raft.server.log.queue.element-limit = 4096 (default)
2019-09-26 13:12:45,554 INFO  server.RaftServerConfigKeys (ConfUtils.java:logGet(43)) - raft.server.log.segment.size.max = 8MB (=8388608) (default)
2019-09-26 13:12:45,554 INFO  server.RaftServerConfigKeys (ConfUtils.java:logGet(43)) - raft.server.log.segment.size.max = 8MB (=8388608) (default)
2019-09-26 13:12:45,554 INFO  server.RaftServerConfigKeys (ConfUtils.java:logGet(43)) - raft.server.snapshot.auto.trigger.enabled = false (default)
2019-09-26 13:12:45,555 INFO  server.RaftServerConfigKeys (ConfUtils.java:logGet(43)) - raft.server.log.preallocated.size = 4MB (=4194304) (default)
2019-09-26 13:12:45,554 INFO  server.RaftServerConfigKeys (ConfUtils.java:logGet(43)) - raft.server.log.preallocated.size = 4MB (=4194304) (default)
2019-09-26 13:12:45,555 INFO  server.RaftServerConfigKeys (ConfUtils.java:logGet(43)) - raft.server.log.write.buffer.size = 64KB (=65536) (default)
2019-09-26 13:12:45,555 INFO  server.RaftServerConfigKeys (ConfUtils.java:logGet(43)) - raft.server.log.force.sync.num = 128 (default)
2019-09-26 13:12:45,555 INFO  server.RaftServerConfigKeys (ConfUtils.java:logGet(43)) - raft.server.snapshot.retention.file.num = -1 (default)
2019-09-26 13:12:45,555 INFO  server.RaftServerConfigKeys (ConfUtils.java:logGet(43)) - raft.server.log.statemachine.data.sync = true (default)
2019-09-26 13:12:45,555 INFO  server.RaftServerConfigKeys (ConfUtils.java:logGet(43)) - raft.server.log.write.buffer.size = 64KB (=65536) (default)
2019-09-26 13:12:45,556 INFO  server.RaftServerConfigKeys (ConfUtils.java:logGet(43)) - raft.server.log.statemachine.data.sync.timeout = 10s (default)
2019-09-26 13:12:45,555 INFO  server.RaftServerConfigKeys (ConfUtils.java:logGet(43)) - raft.server.retrycache.expirytime = 60s (default)
2019-09-26 13:12:45,556 INFO  server.RaftServerConfigKeys (ConfUtils.java:logGet(43)) - raft.server.log.statemachine.data.sync.timeout.retry = -1 (default)
2019-09-26 13:12:45,556 INFO  server.RaftServerConfigKeys (ConfUtils.java:logGet(43)) - raft.server.log.force.sync.num = 128 (default)
2019-09-26 13:12:45,556 INFO  server.RaftServerConfigKeys (ConfUtils.java:logGet(43)) - raft.server.log.statemachine.data.caching.enabled = false (default)
2019-09-26 13:12:45,556 INFO  server.RaftServerConfigKeys (ConfUtils.java:logGet(43)) - raft.server.log.statemachine.data.sync = true (default)
2019-09-26 13:12:45,556 INFO  server.RaftServerConfigKeys (ConfUtils.java:logGet(43)) - raft.server.log.statemachine.data.sync.timeout = 10s (default)
2019-09-26 13:12:45,557 INFO  segmented.SegmentedRaftLogWorker (SegmentedRaftLogWorker.java:lambda$new$0(132)) - s1@group-0448FFF281AD-SegmentedRaftLogWorker: flushIndex: setUnconditionally 0 -> -1
2019-09-26 13:12:45,557 INFO  server.RaftServerConfigKeys (ConfUtils.java:logGet(43)) - raft.server.log.statemachine.data.sync.timeout.retry = -1 (default)
2019-09-26 13:12:45,557 INFO  server.RaftServerConfigKeys (ConfUtils.java:logGet(43)) - raft.server.snapshot.auto.trigger.enabled = false (default)
2019-09-26 13:12:45,557 INFO  server.RaftServerConfigKeys (ConfUtils.java:logGet(43)) - raft.server.snapshot.retention.file.num = -1 (default)
2019-09-26 13:12:45,557 INFO  server.RaftServerConfigKeys (ConfUtils.java:logGet(43)) - raft.server.log.statemachine.data.caching.enabled = false (default)
2019-09-26 13:12:45,557 INFO  server.RaftServerConfigKeys (ConfUtils.java:logGet(43)) - raft.server.retrycache.expirytime = 60s (default)
2019-09-26 13:12:45,557 INFO  segmented.SegmentedRaftLogWorker (SegmentedRaftLogWorker.java:lambda$new$0(132)) - s0@group-0448FFF281AD-SegmentedRaftLogWorker: flushIndex: setUnconditionally 0 -> -1
2019-09-26 13:12:45,558 INFO  server.RaftServerConfigKeys (ConfUtils.java:logGet(43)) - raft.server.snapshot.auto.trigger.enabled = false (default)
2019-09-26 13:12:45,558 INFO  server.RaftServerConfigKeys (ConfUtils.java:logGet(43)) - raft.server.snapshot.retention.file.num = -1 (default)
2019-09-26 13:12:45,558 INFO  server.RaftServerConfigKeys (ConfUtils.java:logGet(43)) - raft.server.retrycache.expirytime = 60s (default)
2019-09-26 13:12:45,564 INFO  impl.RaftServerImpl (RaftServerImpl.java:start(181)) - s0@group-0448FFF281AD: start as a follower, conf=-1: [s0:0.0.0.0:38978, s1:0.0.0.0:46247, s2:0.0.0.0:41658], old=null
2019-09-26 13:12:45,564 INFO  impl.RaftServerImpl (RaftServerImpl.java:setRole(170)) - s0@group-0448FFF281AD: changes role from      null to FOLLOWER at term 0 for startAsFollower
2019-09-26 13:12:45,565 INFO  impl.RoleInfo (RoleInfo.java:updateAndGet(143)) - s0: start FollowerState
2019-09-26 13:12:45,565 INFO  util.JmxRegister (JmxRegister.java:tryRegister(44)) - Successfully registered JMX Bean with object name Ratis:service=RaftServer,group=group-0448FFF281AD,id=s0
2019-09-26 13:12:45,567 INFO  impl.RaftServerProxy (RaftServerProxy.java:lambda$start$3(299)) - s0: start RPC server
2019-09-26 13:12:45,567 INFO  impl.RaftServerImpl (RaftServerImpl.java:start(181)) - s1@group-0448FFF281AD: start as a follower, conf=-1: [s0:0.0.0.0:38978, s1:0.0.0.0:46247, s2:0.0.0.0:41658], old=null
2019-09-26 13:12:45,568 INFO  impl.RaftServerImpl (RaftServerImpl.java:setRole(170)) - s1@group-0448FFF281AD: changes role from      null to FOLLOWER at term 0 for startAsFollower
2019-09-26 13:12:45,568 INFO  impl.RoleInfo (RoleInfo.java:updateAndGet(143)) - s1: start FollowerState
2019-09-26 13:12:45,568 INFO  util.JmxRegister (JmxRegister.java:tryRegister(44)) - Successfully registered JMX Bean with object name Ratis:service=RaftServer,group=group-0448FFF281AD,id=s1
2019-09-26 13:12:45,571 INFO  impl.RaftServerProxy (RaftServerProxy.java:lambda$start$3(299)) - s1: start RPC server
2019-09-26 13:12:45,571 INFO  impl.RaftServerImpl (RaftServerImpl.java:start(181)) - s2@group-0448FFF281AD: start as a follower, conf=-1: [s0:0.0.0.0:38978, s1:0.0.0.0:46247, s2:0.0.0.0:41658], old=null
2019-09-26 13:12:45,571 INFO  impl.RaftServerImpl (RaftServerImpl.java:setRole(170)) - s2@group-0448FFF281AD: changes role from      null to FOLLOWER at term 0 for startAsFollower
2019-09-26 13:12:45,572 INFO  impl.RoleInfo (RoleInfo.java:updateAndGet(143)) - s2: start FollowerState
2019-09-26 13:12:45,572 INFO  util.JmxRegister (JmxRegister.java:tryRegister(44)) - Successfully registered JMX Bean with object name Ratis:service=RaftServer,group=group-0448FFF281AD,id=s2
2019-09-26 13:12:45,574 INFO  impl.RaftServerProxy (RaftServerProxy.java:lambda$start$3(299)) - s2: start RPC server
2019-09-26 13:12:45,574 INFO  server.RaftServerConfigKeys (ConfUtils.java:logGet(43)) - raft.server.rpc.timeout.max = 300ms (default)
2019-09-26 13:12:45,575 INFO  ratis.RaftTestUtil (RaftTestUtil.java:waitForLeader(86)) - printing ALL groups
  s0:  RUNNING  FOLLOWER s0@group-0448FFF281AD:t0, leader=null, voted=null, raftlog=s0@group-0448FFF281AD-SegmentedRaftLog:OPENED:c-1,f-1,i0, conf=-1: [s0:0.0.0.0:38978, s1:0.0.0.0:46247, s2:0.0.0.0:41658], old=null RUNNING
  s1:  RUNNING  FOLLOWER s1@group-0448FFF281AD:t0, leader=null, voted=null, raftlog=s1@group-0448FFF281AD-SegmentedRaftLog:OPENED:c-1,f-1,i0, conf=-1: [s0:0.0.0.0:38978, s1:0.0.0.0:46247, s2:0.0.0.0:41658], old=null RUNNING
  s2:  RUNNING  FOLLOWER s2@group-0448FFF281AD:t0, leader=null, voted=null, raftlog=s2@group-0448FFF281AD-SegmentedRaftLog:OPENED:c-1,f-1,i0, conf=-1: [s0:0.0.0.0:38978, s1:0.0.0.0:46247, s2:0.0.0.0:41658], old=null RUNNING
2019-09-26 13:12:45,575 WARN  ratis.RaftTestUtil (JavaUtils.java:attempt(158)) - FAILED "waitForLeader-null-(expectLeader? true)", attempt #1/100: java.lang.IllegalStateException: No leader yet : printing ALL groups
  s0:  RUNNING  FOLLOWER s0@group-0448FFF281AD:t0, leader=null, voted=null, raftlog=s0@group-0448FFF281AD-SegmentedRaftLog:OPENED:c-1,f-1,i0, conf=-1: [s0:0.0.0.0:38978, s1:0.0.0.0:46247, s2:0.0.0.0:41658], old=null RUNNING
  s1:  RUNNING  FOLLOWER s1@group-0448FFF281AD:t0, leader=null, voted=null, raftlog=s1@group-0448FFF281AD-SegmentedRaftLog:OPENED:c-1,f-1,i0, conf=-1: [s0:0.0.0.0:38978, s1:0.0.0.0:46247, s2:0.0.0.0:41658], old=null RUNNING
  s2:  RUNNING  FOLLOWER s2@group-0448FFF281AD:t0, leader=null, voted=null, raftlog=s2@group-0448FFF281AD-SegmentedRaftLog:OPENED:c-1,f-1,i0, conf=-1: [s0:0.0.0.0:38978, s1:0.0.0.0:46247, s2:0.0.0.0:41658], old=null RUNNING, sleep 450ms and then retry.
java.lang.IllegalStateException: No leader yet : printing ALL groups
  s0:  RUNNING  FOLLOWER s0@group-0448FFF281AD:t0, leader=null, voted=null, raftlog=s0@group-0448FFF281AD-SegmentedRaftLog:OPENED:c-1,f-1,i0, conf=-1: [s0:0.0.0.0:38978, s1:0.0.0.0:46247, s2:0.0.0.0:41658], old=null RUNNING
  s1:  RUNNING  FOLLOWER s1@group-0448FFF281AD:t0, leader=null, voted=null, raftlog=s1@group-0448FFF281AD-SegmentedRaftLog:OPENED:c-1,f-1,i0, conf=-1: [s0:0.0.0.0:38978, s1:0.0.0.0:46247, s2:0.0.0.0:41658], old=null RUNNING
  s2:  RUNNING  FOLLOWER s2@group-0448FFF281AD:t0, leader=null, voted=null, raftlog=s2@group-0448FFF281AD-SegmentedRaftLog:OPENED:c-1,f-1,i0, conf=-1: [s0:0.0.0.0:38978, s1:0.0.0.0:46247, s2:0.0.0.0:41658], old=null RUNNING
	at org.apache.ratis.MiniRaftCluster.newIllegalStateExceptionForNoLeaders(MiniRaftCluster.java:506)
	at org.apache.ratis.RaftTestUtil.lambda$waitForLeader$1(RaftTestUtil.java:90)
	at org.apache.ratis.MiniRaftCluster.getLeader(MiniRaftCluster.java:539)
	at org.apache.ratis.MiniRaftCluster.getLeader(MiniRaftCluster.java:532)
	at org.apache.ratis.RaftTestUtil.lambda$waitForLeader$3(RaftTestUtil.java:98)
	at org.apache.ratis.util.JavaUtils.attempt(JavaUtils.java:152)
	at org.apache.ratis.RaftTestUtil.waitForLeader(RaftTestUtil.java:97)
	at org.apache.ratis.RaftTestUtil.waitForLeader(RaftTestUtil.java:77)
	at org.apache.ratis.RaftTestUtil.waitForLeader(RaftTestUtil.java:72)
	at org.apache.ratis.server.impl.RaftReconfigurationBaseTest.runTestReconfTwice(RaftReconfigurationBaseTest.java:144)
	at org.apache.ratis.MiniRaftCluster$Factory$Get.runWithNewCluster(MiniRaftCluster.java:125)
	at org.apache.ratis.MiniRaftCluster$Factory$Get.runWithNewCluster(MiniRaftCluster.java:113)
	at org.apache.ratis.server.impl.RaftReconfigurationBaseTest.testReconfTwice(RaftReconfigurationBaseTest.java:140)
	at sun.reflect.NativeMethodAccessorImpl.invoke0(Native Method)
	at sun.reflect.NativeMethodAccessorImpl.invoke(NativeMethodAccessorImpl.java:62)
	at sun.reflect.DelegatingMethodAccessorImpl.invoke(DelegatingMethodAccessorImpl.java:43)
	at java.lang.reflect.Method.invoke(Method.java:498)
	at org.junit.runners.model.FrameworkMethod$1.runReflectiveCall(FrameworkMethod.java:50)
	at org.junit.internal.runners.model.ReflectiveCallable.run(ReflectiveCallable.java:12)
	at org.junit.runners.model.FrameworkMethod.invokeExplosively(FrameworkMethod.java:47)
	at org.junit.internal.runners.statements.InvokeMethod.evaluate(InvokeMethod.java:17)
	at org.junit.internal.runners.statements.FailOnTimeout$CallableStatement.call(FailOnTimeout.java:298)
	at org.junit.internal.runners.statements.FailOnTimeout$CallableStatement.call(FailOnTimeout.java:292)
	at java.util.concurrent.FutureTask.run(FutureTask.java:266)
	at java.lang.Thread.run(Thread.java:748)
2019-09-26 13:12:45,604 DEBUG impl.RaftServerImpl (RaftServerImpl.java:logAppendEntries(850)) - s2@group-8D3F60B380E6: succeeded to handle AppendEntries. Reply: s0<-s2#0:OK,SUCCESS,nextIndex:4,term:1,followerCommit:1
2019-09-26 13:12:45,757 INFO  impl.FollowerState (FollowerState.java:run(108)) - s1@group-0448FFF281AD-FollowerState: change to CANDIDATE, lastRpcTime:189ms, electionTimeout:189ms
2019-09-26 13:12:45,758 INFO  impl.RoleInfo (RoleInfo.java:shutdownFollowerState(121)) - s1: shutdown FollowerState
2019-09-26 13:12:45,758 INFO  impl.RaftServerImpl (RaftServerImpl.java:setRole(170)) - s1@group-0448FFF281AD: changes role from  FOLLOWER to CANDIDATE at term 0 for changeToCandidate
2019-09-26 13:12:45,758 INFO  impl.RoleInfo (RoleInfo.java:updateAndGet(143)) - s1: start LeaderElection
2019-09-26 13:12:45,773 INFO  impl.LeaderElection (LeaderElection.java:askForVotes(178)) - s1@group-0448FFF281AD-LeaderElection37: begin an election at term 1 for -1: [s0:0.0.0.0:38978, s1:0.0.0.0:46247, s2:0.0.0.0:41658], old=null
2019-09-26 13:12:45,776 INFO  logging.LoggingHandler (AbstractInternalLogger.java:log(150)) - [id: 0x765fb7a7, L:/0.0.0.0:38978] READ: [id: 0x2a32c242, L:/192.168.164.227:38978 - R:/192.168.164.227:60370]
2019-09-26 13:12:45,776 INFO  logging.LoggingHandler (AbstractInternalLogger.java:log(150)) - [id: 0xaabc99b6, L:/0.0.0.0:41658] READ: [id: 0x5c1b0c45, L:/192.168.164.227:41658 - R:/192.168.164.227:34888]
2019-09-26 13:12:45,777 INFO  logging.LoggingHandler (AbstractInternalLogger.java:log(150)) - [id: 0x765fb7a7, L:/0.0.0.0:38978] READ COMPLETE
2019-09-26 13:12:45,777 INFO  logging.LoggingHandler (AbstractInternalLogger.java:log(150)) - [id: 0xaabc99b6, L:/0.0.0.0:41658] READ COMPLETE
2019-09-26 13:12:45,778 DEBUG impl.RaftServerImpl (RaftServerImpl.java:requestVote(743)) - s0@group-0448FFF281AD: receive requestVote(s1, group-0448FFF281AD, 1, (t:0, i:0))
2019-09-26 13:12:45,778 DEBUG impl.RaftServerImpl (RaftServerImpl.java:requestVote(743)) - s2@group-0448FFF281AD: receive requestVote(s1, group-0448FFF281AD, 1, (t:0, i:0))
2019-09-26 13:12:45,778 INFO  impl.RaftServerImpl (RaftServerImpl.java:setRole(170)) - s0@group-0448FFF281AD: changes role from  FOLLOWER to FOLLOWER at term 1 for recognizeCandidate:s1
2019-09-26 13:12:45,779 INFO  impl.RaftServerImpl (RaftServerImpl.java:setRole(170)) - s2@group-0448FFF281AD: changes role from  FOLLOWER to FOLLOWER at term 1 for recognizeCandidate:s1
2019-09-26 13:12:45,779 INFO  impl.RoleInfo (RoleInfo.java:shutdownFollowerState(121)) - s0: shutdown FollowerState
2019-09-26 13:12:45,779 INFO  impl.RoleInfo (RoleInfo.java:shutdownFollowerState(121)) - s2: shutdown FollowerState
2019-09-26 13:12:45,780 INFO  impl.FollowerState (FollowerState.java:run(117)) - s0@group-0448FFF281AD-FollowerState was interrupted: java.lang.InterruptedException: sleep interrupted
2019-09-26 13:12:45,780 INFO  impl.RoleInfo (RoleInfo.java:updateAndGet(143)) - s0: start FollowerState
2019-09-26 13:12:45,780 INFO  impl.FollowerState (FollowerState.java:run(117)) - s2@group-0448FFF281AD-FollowerState was interrupted: java.lang.InterruptedException: sleep interrupted
2019-09-26 13:12:45,780 INFO  impl.RoleInfo (RoleInfo.java:updateAndGet(143)) - s2: start FollowerState
2019-09-26 13:12:45,795 DEBUG impl.RaftServerImpl (RaftServerImpl.java:requestVote(775)) - s0@group-0448FFF281AD replies to vote request: s1<-s0#0:OK-t1. Peer's state: s0@group-0448FFF281AD:t1, leader=null, voted=s1, raftlog=s0@group-0448FFF281AD-SegmentedRaftLog:OPENED:c-1,f-1,i0, conf=-1: [s0:0.0.0.0:38978, s1:0.0.0.0:46247, s2:0.0.0.0:41658], old=null
2019-09-26 13:12:45,795 DEBUG impl.RaftServerImpl (RaftServerImpl.java:requestVote(775)) - s2@group-0448FFF281AD replies to vote request: s1<-s2#0:OK-t1. Peer's state: s2@group-0448FFF281AD:t1, leader=null, voted=s1, raftlog=s2@group-0448FFF281AD-SegmentedRaftLog:OPENED:c-1,f-1,i0, conf=-1: [s0:0.0.0.0:38978, s1:0.0.0.0:46247, s2:0.0.0.0:41658], old=null
2019-09-26 13:12:45,796 INFO  impl.LeaderElection (LeaderElection.java:logAndReturn(56)) - s1@group-0448FFF281AD-LeaderElection37: Election PASSED; received 1 response(s) [s1<-s0#0:OK-t1] and 0 exception(s); s1@group-0448FFF281AD:t1, leader=null, voted=s1, raftlog=s1@group-0448FFF281AD-SegmentedRaftLog:OPENED:c-1,f-1,i0, conf=-1: [s0:0.0.0.0:38978, s1:0.0.0.0:46247, s2:0.0.0.0:41658], old=null
2019-09-26 13:12:45,796 INFO  impl.RoleInfo (RoleInfo.java:shutdownLeaderElection(134)) - s1: shutdown LeaderElection
2019-09-26 13:12:45,796 INFO  impl.RaftServerImpl (RaftServerImpl.java:setRole(170)) - s1@group-0448FFF281AD: changes role from CANDIDATE to LEADER at term 1 for changeToLeader
2019-09-26 13:12:45,796 INFO  impl.RaftServerImpl (ServerState.java:setLeader(254)) - s1@group-0448FFF281AD: change Leader from null to s1 at term 1 for becomeLeader, leader elected after 247ms
2019-09-26 13:12:45,796 INFO  server.RaftServerConfigKeys (ConfUtils.java:logGet(43)) - raft.server.staging.catchup.gap = 10 (custom)
2019-09-26 13:12:45,796 INFO  server.RaftServerConfigKeys (ConfUtils.java:logGet(43)) - raft.server.rpc.sleep.time = 25ms (default)
2019-09-26 13:12:45,797 INFO  server.RaftServerConfigKeys (ConfUtils.java:logGet(43)) - raft.server.write.element-limit = 4096 (default)
2019-09-26 13:12:45,797 INFO  server.RaftServerConfigKeys (ConfUtils.java:logGet(43)) - raft.server.watch.timeout = 10s (default)
2019-09-26 13:12:45,797 INFO  server.RaftServerConfigKeys (ConfUtils.java:logGet(43)) - raft.server.watch.timeout.denomination = 1s (default)
2019-09-26 13:12:45,797 INFO  server.RaftServerConfigKeys (ConfUtils.java:logGet(43)) - raft.server.watch.element-limit = 65536 (default)
2019-09-26 13:12:45,800 INFO  server.RaftServerConfigKeys (ConfUtils.java:logGet(43)) - raft.server.log.appender.snapshot.chunk.size.max = 16MB (=16777216) (default)
2019-09-26 13:12:45,800 INFO  server.RaftServerConfigKeys (ConfUtils.java:logGet(43)) - raft.server.log.appender.buffer.byte-limit = 4MB (=4194304) (default)
2019-09-26 13:12:45,800 INFO  server.RaftServerConfigKeys (ConfUtils.java:logGet(43)) - raft.server.log.appender.buffer.element-limit = 0 (default)
2019-09-26 13:12:45,801 INFO  server.RaftServerConfigKeys (ConfUtils.java:logGet(43)) - raft.server.log.appender.snapshot.chunk.size.max = 16MB (=16777216) (default)
2019-09-26 13:12:45,801 INFO  server.RaftServerConfigKeys (ConfUtils.java:logGet(43)) - raft.server.log.appender.buffer.byte-limit = 4MB (=4194304) (default)
2019-09-26 13:12:45,801 INFO  server.RaftServerConfigKeys (ConfUtils.java:logGet(43)) - raft.server.log.appender.buffer.element-limit = 0 (default)
2019-09-26 13:12:45,801 INFO  impl.RoleInfo (RoleInfo.java:updateAndGet(143)) - s1: start LeaderState
2019-09-26 13:12:45,802 INFO  segmented.SegmentedRaftLogWorker (SegmentedRaftLogWorker.java:startLogSegment(380)) - s1@group-0448FFF281AD-SegmentedRaftLogWorker: Starting segment from index:0
2019-09-26 13:12:45,803 INFO  impl.RaftServerImpl (ServerState.java:setRaftConf(355)) - s1@group-0448FFF281AD: set configuration 0: [s0:0.0.0.0:38978, s1:0.0.0.0:46247, s2:0.0.0.0:41658], old=null at 0
2019-09-26 13:12:45,803 INFO  impl.RaftServerImpl (ServerState.java:setLeader(254)) - s2@group-0448FFF281AD: change Leader from null to s1 at term 1 for appendEntries, leader elected after 254ms
2019-09-26 13:12:45,803 INFO  impl.RaftServerImpl (ServerState.java:setLeader(254)) - s0@group-0448FFF281AD: change Leader from null to s1 at term 1 for appendEntries, leader elected after 254ms
2019-09-26 13:12:45,809 DEBUG impl.RaftServerImpl (RaftServerImpl.java:logAppendEntries(850)) - s2@group-0448FFF281AD: receive appendEntries(s1, 1, null, -1, false, commits[s1:c-1, s0:c-1, s2:c-1], entries: (t:1, i:0), CONFIGURATIONENTRY
2019-09-26 13:12:45,809 DEBUG impl.RaftServerImpl (RaftServerImpl.java:logAppendEntries(850)) - s0@group-0448FFF281AD: receive appendEntries(s1, 1, null, -1, false, commits[s1:c-1, s0:c-1, s2:c-1], entries: (t:1, i:0), CONFIGURATIONENTRY
2019-09-26 13:12:45,809 INFO  impl.RaftServerImpl (ServerState.java:setRaftConf(355)) - s2@group-0448FFF281AD: set configuration 0: [s0:0.0.0.0:38978, s1:0.0.0.0:46247, s2:0.0.0.0:41658], old=null at 0
2019-09-26 13:12:45,810 INFO  impl.RaftServerImpl (ServerState.java:setRaftConf(355)) - s0@group-0448FFF281AD: set configuration 0: [s0:0.0.0.0:38978, s1:0.0.0.0:46247, s2:0.0.0.0:41658], old=null at 0
2019-09-26 13:12:45,810 INFO  segmented.SegmentedRaftLogWorker (SegmentedRaftLogWorker.java:startLogSegment(380)) - s2@group-0448FFF281AD-SegmentedRaftLogWorker: Starting segment from index:0
2019-09-26 13:12:45,810 INFO  segmented.SegmentedRaftLogWorker (SegmentedRaftLogWorker.java:startLogSegment(380)) - s0@group-0448FFF281AD-SegmentedRaftLogWorker: Starting segment from index:0
2019-09-26 13:12:45,969 INFO  segmented.SegmentedRaftLogWorker (SegmentedRaftLogWorker.java:execute(569)) - s1@group-0448FFF281AD-SegmentedRaftLogWorker: created new log segment /workdir/ratis-test/target/test/data/3c013135/MiniRaftClusterWithNettya2297eb7/s1/48f57b70-be0f-4f11-8c74-0448fff281ad/current/log_inprogress_0
2019-09-26 13:12:45,969 INFO  segmented.SegmentedRaftLogWorker (SegmentedRaftLogWorker.java:execute(569)) - s2@group-0448FFF281AD-SegmentedRaftLogWorker: created new log segment /workdir/ratis-test/target/test/data/3c013135/MiniRaftClusterWithNettya2297eb7/s2/48f57b70-be0f-4f11-8c74-0448fff281ad/current/log_inprogress_0
2019-09-26 13:12:45,969 INFO  segmented.SegmentedRaftLogWorker (SegmentedRaftLogWorker.java:execute(569)) - s0@group-0448FFF281AD-SegmentedRaftLogWorker: created new log segment /workdir/ratis-test/target/test/data/3c013135/MiniRaftClusterWithNettya2297eb7/s0/48f57b70-be0f-4f11-8c74-0448fff281ad/current/log_inprogress_0
2019-09-26 13:12:45,982 DEBUG impl.RaftServerImpl (RaftServerImpl.java:logAppendEntries(850)) - s0@group-0448FFF281AD: succeeded to handle AppendEntries. Reply: s1<-s0#0:OK,SUCCESS,nextIndex:1,term:1,followerCommit:-1
2019-09-26 13:12:45,982 DEBUG impl.RaftServerImpl (RaftServerImpl.java:logAppendEntries(850)) - s2@group-0448FFF281AD: succeeded to handle AppendEntries. Reply: s1<-s2#0:OK,SUCCESS,nextIndex:1,term:1,followerCommit:-1
2019-09-26 13:12:46,026 INFO  ratis.RaftTestUtil (RaftTestUtil.java:waitForLeader(101)) - printing ALL groups
  s0:  RUNNING  FOLLOWER s0@group-0448FFF281AD:t1, leader=s1, voted=s1, raftlog=s0@group-0448FFF281AD-SegmentedRaftLog:OPENED:c-1,f0,i0, conf=0: [s0:0.0.0.0:38978, s1:0.0.0.0:46247, s2:0.0.0.0:41658], old=null RUNNING
  s1:  RUNNING    LEADER s1@group-0448FFF281AD:t1, leader=s1, voted=s1, raftlog=s1@group-0448FFF281AD-SegmentedRaftLog:OPENED:c0,f0,i0, conf=0: [s0:0.0.0.0:38978, s1:0.0.0.0:46247, s2:0.0.0.0:41658], old=null RUNNING
  s2:  RUNNING  FOLLOWER s2@group-0448FFF281AD:t1, leader=s1, voted=s1, raftlog=s2@group-0448FFF281AD-SegmentedRaftLog:OPENED:c-1,f0,i0, conf=0: [s0:0.0.0.0:38978, s1:0.0.0.0:46247, s2:0.0.0.0:41658], old=null RUNNING
2019-09-26 13:12:46,030 INFO  logging.LoggingHandler (AbstractInternalLogger.java:log(150)) - [id: 0xc5302367, L:/0.0.0.0:46247] READ: [id: 0xa8daaf0b, L:/192.168.164.227:46247 - R:/192.168.164.227:36400]
2019-09-26 13:12:46,030 INFO  logging.LoggingHandler (AbstractInternalLogger.java:log(150)) - [id: 0xc5302367, L:/0.0.0.0:46247] READ COMPLETE
2019-09-26 13:12:46,031 DEBUG impl.RaftServerImpl (RaftServerImpl.java:submitClientRequestAsync(533)) - s1@group-0448FFF281AD: receive client request(RaftClientRequest:client-DBB30427F67F->s1@group-0448FFF281AD, cid=29, seq=0, RW, Message:6d30)
2019-09-26 13:12:46,032 DEBUG impl.RaftServerImpl (LeaderState.java:addPendingRequest(317)) - s1@group-0448FFF281AD-LeaderState: addPendingRequest at RaftClientRequest:client-DBB30427F67F->s1@group-0448FFF281AD, cid=29, seq=0, RW, Message:6d30, entry=(t:1, i:1), STATEMACHINELOGENTRY, client-DBB30427F67F, cid=29
2019-09-26 13:12:46,033 DEBUG impl.RaftServerImpl (RaftServerImpl.java:logAppendEntries(850)) - s2@group-0448FFF281AD: receive appendEntries(s1, 1, (t:1, i:0), 0, false, commits[s1:c0, s0:c-1, s2:c-1], entries: (t:1, i:1), STATEMACHINELOGENTRY, client-DBB30427F67F, cid=29
2019-09-26 13:12:46,033 DEBUG impl.RaftServerImpl (RaftServerImpl.java:logAppendEntries(850)) - s0@group-0448FFF281AD: receive appendEntries(s1, 1, (t:1, i:0), 0, false, commits[s1:c0, s0:c-1, s2:c-1], entries: (t:1, i:1), STATEMACHINELOGENTRY, client-DBB30427F67F, cid=29
2019-09-26 13:12:46,045 DEBUG impl.RaftServerImpl (RaftServerImpl.java:logAppendEntries(850)) - s2@group-0448FFF281AD: succeeded to handle AppendEntries. Reply: s1<-s2#0:OK,SUCCESS,nextIndex:2,term:1,followerCommit:0
2019-09-26 13:12:46,045 DEBUG impl.RaftServerImpl (RaftServerImpl.java:logAppendEntries(850)) - s0@group-0448FFF281AD: succeeded to handle AppendEntries. Reply: s1<-s0#0:OK,SUCCESS,nextIndex:2,term:1,followerCommit:0
2019-09-26 13:12:46,046 DEBUG impl.RaftServerImpl (RaftServerImpl.java:logAppendEntries(850)) - s2@group-0448FFF281AD: receive appendEntries(s1, 1, (t:1, i:1), 1, false, commits[s1:c1, s0:c0, s2:c0], entries: (t:1, i:2), METADATAENTRY(c1)
2019-09-26 13:12:46,046 DEBUG impl.RaftServerImpl (RaftServerImpl.java:logAppendEntries(850)) - s0@group-0448FFF281AD: receive appendEntries(s1, 1, (t:1, i:1), 1, false, commits[s1:c1, s0:c0, s2:c0], entries: (t:1, i:2), METADATAENTRY(c1)
2019-09-26 13:12:46,047 DEBUG impl.RaftServerImpl (RaftServerImpl.java:submitClientRequestAsync(533)) - s1@group-0448FFF281AD: receive client request(RaftClientRequest:client-DBB30427F67F->s1@group-0448FFF281AD, cid=30, seq=0, RW, Message:6d31)
2019-09-26 13:12:46,048 DEBUG impl.RaftServerImpl (LeaderState.java:addPendingRequest(317)) - s1@group-0448FFF281AD-LeaderState: addPendingRequest at RaftClientRequest:client-DBB30427F67F->s1@group-0448FFF281AD, cid=30, seq=0, RW, Message:6d31, entry=(t:1, i:3), STATEMACHINELOGENTRY, client-DBB30427F67F, cid=30
2019-09-26 13:12:46,058 DEBUG impl.RaftServerImpl (RaftServerImpl.java:logAppendEntries(850)) - s2@group-0448FFF281AD: succeeded to handle AppendEntries. Reply: s1<-s2#0:OK,SUCCESS,nextIndex:3,term:1,followerCommit:1
2019-09-26 13:12:46,058 DEBUG impl.RaftServerImpl (RaftServerImpl.java:logAppendEntries(850)) - s0@group-0448FFF281AD: succeeded to handle AppendEntries. Reply: s1<-s0#0:OK,SUCCESS,nextIndex:3,term:1,followerCommit:1
2019-09-26 13:12:46,059 DEBUG impl.RaftServerImpl (RaftServerImpl.java:logAppendEntries(850)) - s2@group-0448FFF281AD: receive appendEntries(s1, 1, (t:1, i:2), 2, false, commits[s1:c2, s0:c1, s2:c1], entries: (t:1, i:3), STATEMACHINELOGENTRY, client-DBB30427F67F, cid=30
2019-09-26 13:12:46,059 DEBUG impl.RaftServerImpl (RaftServerImpl.java:logAppendEntries(850)) - s0@group-0448FFF281AD: receive appendEntries(s1, 1, (t:1, i:2), 2, false, commits[s1:c2, s0:c1, s2:c1], entries: (t:1, i:3), STATEMACHINELOGENTRY, client-DBB30427F67F, cid=30
2019-09-26 13:12:46,070 DEBUG impl.RaftServerImpl (RaftServerImpl.java:logAppendEntries(850)) - s2@group-0448FFF281AD: succeeded to handle AppendEntries. Reply: s1<-s2#0:OK,SUCCESS,nextIndex:4,term:1,followerCommit:2
2019-09-26 13:12:46,071 DEBUG impl.RaftServerImpl (RaftServerImpl.java:logAppendEntries(850)) - s0@group-0448FFF281AD: succeeded to handle AppendEntries. Reply: s1<-s0#0:OK,SUCCESS,nextIndex:4,term:1,followerCommit:2
2019-09-26 13:12:46,072 DEBUG impl.RaftServerImpl (RaftServerImpl.java:logAppendEntries(850)) - s2@group-0448FFF281AD: receive appendEntries(s1, 1, (t:1, i:3), 3, false, commits[s1:c3, s0:c1, s2:c2], entries: (t:1, i:4), METADATAENTRY(c3)
2019-09-26 13:12:46,072 DEBUG impl.RaftServerImpl (RaftServerImpl.java:logAppendEntries(850)) - s0@group-0448FFF281AD: receive appendEntries(s1, 1, (t:1, i:3), 3, false, commits[s1:c3, s0:c2, s2:c2], entries: (t:1, i:4), METADATAENTRY(c3)
2019-09-26 13:12:46,072 DEBUG impl.RaftServerImpl (RaftServerImpl.java:submitClientRequestAsync(533)) - s1@group-0448FFF281AD: receive client request(RaftClientRequest:client-DBB30427F67F->s1@group-0448FFF281AD, cid=31, seq=0, RW, Message:6d32)
2019-09-26 13:12:46,073 DEBUG impl.RaftServerImpl (LeaderState.java:addPendingRequest(317)) - s1@group-0448FFF281AD-LeaderState: addPendingRequest at RaftClientRequest:client-DBB30427F67F->s1@group-0448FFF281AD, cid=31, seq=0, RW, Message:6d32, entry=(t:1, i:5), STATEMACHINELOGENTRY, client-DBB30427F67F, cid=31
2019-09-26 13:12:46,083 DEBUG impl.RaftServerImpl (RaftServerImpl.java:logAppendEntries(850)) - s2@group-0448FFF281AD: succeeded to handle AppendEntries. Reply: s1<-s2#0:OK,SUCCESS,nextIndex:5,term:1,followerCommit:3
2019-09-26 13:12:46,083 DEBUG impl.RaftServerImpl (RaftServerImpl.java:logAppendEntries(850)) - s0@group-0448FFF281AD: succeeded to handle AppendEntries. Reply: s1<-s0#0:OK,SUCCESS,nextIndex:5,term:1,followerCommit:3
2019-09-26 13:12:46,086 DEBUG impl.RaftServerImpl (RaftServerImpl.java:logAppendEntries(850)) - s0@group-0448FFF281AD: receive appendEntries(s1, 1, (t:1, i:4), 4, false, commits[s1:c4, s0:c3, s2:c3], entries: (t:1, i:5), STATEMACHINELOGENTRY, client-DBB30427F67F, cid=31
2019-09-26 13:12:46,086 DEBUG impl.RaftServerImpl (RaftServerImpl.java:logAppendEntries(850)) - s2@group-0448FFF281AD: receive appendEntries(s1, 1, (t:1, i:4), 3, false, commits[s1:c3, s0:c2, s2:c3], entries: (t:1, i:5), STATEMACHINELOGENTRY, client-DBB30427F67F, cid=31
2019-09-26 13:12:46,097 DEBUG impl.RaftServerImpl (RaftServerImpl.java:logAppendEntries(850)) - s0@group-0448FFF281AD: succeeded to handle AppendEntries. Reply: s1<-s0#0:OK,SUCCESS,nextIndex:6,term:1,followerCommit:4
2019-09-26 13:12:46,099 DEBUG impl.RaftServerImpl (RaftServerImpl.java:logAppendEntries(850)) - s2@group-0448FFF281AD: succeeded to handle AppendEntries. Reply: s1<-s2#0:OK,SUCCESS,nextIndex:6,term:1,followerCommit:3
2019-09-26 13:12:46,099 DEBUG impl.RaftServerImpl (RaftServerImpl.java:logAppendEntries(850)) - s0@group-0448FFF281AD: receive appendEntries(s1, 1, (t:1, i:5), 5, false, commits[s1:c5, s0:c4, s2:c3], entries: (t:1, i:6), METADATAENTRY(c5)
2019-09-26 13:12:46,100 DEBUG impl.RaftServerImpl (RaftServerImpl.java:logAppendEntries(850)) - s2@group-0448FFF281AD: receive appendEntries(s1, 1, (t:1, i:5), 5, false, commits[s1:c5, s0:c4, s2:c3], entries: (t:1, i:6), METADATAENTRY(c5)
2019-09-26 13:12:46,100 DEBUG impl.RaftServerImpl (RaftServerImpl.java:submitClientRequestAsync(533)) - s1@group-0448FFF281AD: receive client request(RaftClientRequest:client-DBB30427F67F->s1@group-0448FFF281AD, cid=32, seq=0, RW, Message:6d33)
2019-09-26 13:12:46,101 DEBUG impl.RaftServerImpl (LeaderState.java:addPendingRequest(317)) - s1@group-0448FFF281AD-LeaderState: addPendingRequest at RaftClientRequest:client-DBB30427F67F->s1@group-0448FFF281AD, cid=32, seq=0, RW, Message:6d33, entry=(t:1, i:7), STATEMACHINELOGENTRY, client-DBB30427F67F, cid=32
2019-09-26 13:12:46,111 DEBUG impl.RaftServerImpl (RaftServerImpl.java:logAppendEntries(850)) - s2@group-0448FFF281AD: succeeded to handle AppendEntries. Reply: s1<-s2#0:OK,SUCCESS,nextIndex:7,term:1,followerCommit:5
2019-09-26 13:12:46,111 DEBUG impl.RaftServerImpl (RaftServerImpl.java:logAppendEntries(850)) - s0@group-0448FFF281AD: succeeded to handle AppendEntries. Reply: s1<-s0#0:OK,SUCCESS,nextIndex:7,term:1,followerCommit:5
2019-09-26 13:12:46,112 DEBUG impl.RaftServerImpl (RaftServerImpl.java:logAppendEntries(850)) - s2@group-0448FFF281AD: receive appendEntries(s1, 1, (t:1, i:6), 5, false, commits[s1:c5, s0:c4, s2:c5], entries: (t:1, i:7), STATEMACHINELOGENTRY, client-DBB30427F67F, cid=32
2019-09-26 13:12:46,112 DEBUG impl.RaftServerImpl (RaftServerImpl.java:logAppendEntries(850)) - s0@group-0448FFF281AD: receive appendEntries(s1, 1, (t:1, i:6), 6, false, commits[s1:c6, s0:c5, s2:c5], entries: (t:1, i:7), STATEMACHINELOGENTRY, client-DBB30427F67F, cid=32
2019-09-26 13:12:46,123 DEBUG impl.RaftServerImpl (RaftServerImpl.java:logAppendEntries(850)) - s2@group-0448FFF281AD: succeeded to handle AppendEntries. Reply: s1<-s2#0:OK,SUCCESS,nextIndex:8,term:1,followerCommit:5
2019-09-26 13:12:46,124 DEBUG impl.RaftServerImpl (RaftServerImpl.java:logAppendEntries(850)) - s0@group-0448FFF281AD: succeeded to handle AppendEntries. Reply: s1<-s0#0:OK,SUCCESS,nextIndex:8,term:1,followerCommit:6
2019-09-26 13:12:46,124 DEBUG impl.RaftServerImpl (RaftServerImpl.java:logAppendEntries(850)) - s2@group-0448FFF281AD: receive appendEntries(s1, 1, (t:1, i:7), 7, false, commits[s1:c7, s0:c5, s2:c5], entries: (t:1, i:8), METADATAENTRY(c7)
2019-09-26 13:12:46,125 DEBUG impl.RaftServerImpl (RaftServerImpl.java:logAppendEntries(850)) - s0@group-0448FFF281AD: receive appendEntries(s1, 1, (t:1, i:7), 7, false, commits[s1:c7, s0:c6, s2:c5], entries: (t:1, i:8), METADATAENTRY(c7)
2019-09-26 13:12:46,125 DEBUG impl.RaftServerImpl (RaftServerImpl.java:submitClientRequestAsync(533)) - s1@group-0448FFF281AD: receive client request(RaftClientRequest:client-DBB30427F67F->s1@group-0448FFF281AD, cid=33, seq=0, RW, Message:6d34)
2019-09-26 13:12:46,125 DEBUG impl.RaftServerImpl (LeaderState.java:addPendingRequest(317)) - s1@group-0448FFF281AD-LeaderState: addPendingRequest at RaftClientRequest:client-DBB30427F67F->s1@group-0448FFF281AD, cid=33, seq=0, RW, Message:6d34, entry=(t:1, i:9), STATEMACHINELOGENTRY, client-DBB30427F67F, cid=33
2019-09-26 13:12:46,136 DEBUG impl.RaftServerImpl (RaftServerImpl.java:logAppendEntries(850)) - s2@group-0448FFF281AD: succeeded to handle AppendEntries. Reply: s1<-s2#0:OK,SUCCESS,nextIndex:9,term:1,followerCommit:7
2019-09-26 13:12:46,136 DEBUG impl.RaftServerImpl (RaftServerImpl.java:logAppendEntries(850)) - s0@group-0448FFF281AD: succeeded to handle AppendEntries. Reply: s1<-s0#0:OK,SUCCESS,nextIndex:9,term:1,followerCommit:7
2019-09-26 13:12:46,136 DEBUG impl.RaftServerImpl (RaftServerImpl.java:logAppendEntries(850)) - s2@group-0448FFF281AD: receive appendEntries(s1, 1, (t:1, i:8), 8, false, commits[s1:c8, s0:c6, s2:c7], entries: (t:1, i:9), STATEMACHINELOGENTRY, client-DBB30427F67F, cid=33
2019-09-26 13:12:46,137 DEBUG impl.RaftServerImpl (RaftServerImpl.java:logAppendEntries(850)) - s0@group-0448FFF281AD: receive appendEntries(s1, 1, (t:1, i:8), 8, false, commits[s1:c8, s0:c7, s2:c7], entries: (t:1, i:9), STATEMACHINELOGENTRY, client-DBB30427F67F, cid=33
2019-09-26 13:12:46,148 DEBUG impl.RaftServerImpl (RaftServerImpl.java:logAppendEntries(850)) - s2@group-0448FFF281AD: succeeded to handle AppendEntries. Reply: s1<-s2#0:OK,SUCCESS,nextIndex:10,term:1,followerCommit:8
2019-09-26 13:12:46,148 DEBUG impl.RaftServerImpl (RaftServerImpl.java:logAppendEntries(850)) - s0@group-0448FFF281AD: succeeded to handle AppendEntries. Reply: s1<-s0#0:OK,SUCCESS,nextIndex:10,term:1,followerCommit:8
2019-09-26 13:12:46,149 DEBUG impl.RaftServerImpl (RaftServerImpl.java:logAppendEntries(850)) - s2@group-0448FFF281AD: receive appendEntries(s1, 1, (t:1, i:9), 9, false, commits[s1:c9, s0:c7, s2:c8], entries: (t:1, i:10), METADATAENTRY(c9)
2019-09-26 13:12:46,149 DEBUG impl.RaftServerImpl (RaftServerImpl.java:logAppendEntries(850)) - s0@group-0448FFF281AD: receive appendEntries(s1, 1, (t:1, i:9), 9, false, commits[s1:c9, s0:c8, s2:c8], entries: (t:1, i:10), METADATAENTRY(c9)
2019-09-26 13:12:46,149 DEBUG impl.RaftServerImpl (RaftServerImpl.java:submitClientRequestAsync(533)) - s1@group-0448FFF281AD: receive client request(RaftClientRequest:client-DBB30427F67F->s1@group-0448FFF281AD, cid=34, seq=0, RW, Message:6d35)
2019-09-26 13:12:46,150 DEBUG impl.RaftServerImpl (LeaderState.java:addPendingRequest(317)) - s1@group-0448FFF281AD-LeaderState: addPendingRequest at RaftClientRequest:client-DBB30427F67F->s1@group-0448FFF281AD, cid=34, seq=0, RW, Message:6d35, entry=(t:1, i:11), STATEMACHINELOGENTRY, client-DBB30427F67F, cid=34
2019-09-26 13:12:46,160 DEBUG impl.RaftServerImpl (RaftServerImpl.java:logAppendEntries(850)) - s2@group-0448FFF281AD: succeeded to handle AppendEntries. Reply: s1<-s2#0:OK,SUCCESS,nextIndex:11,term:1,followerCommit:9
2019-09-26 13:12:46,160 DEBUG impl.RaftServerImpl (RaftServerImpl.java:logAppendEntries(850)) - s0@group-0448FFF281AD: succeeded to handle AppendEntries. Reply: s1<-s0#0:OK,SUCCESS,nextIndex:11,term:1,followerCommit:9
2019-09-26 13:12:46,161 DEBUG impl.RaftServerImpl (RaftServerImpl.java:logAppendEntries(850)) - s2@group-0448FFF281AD: receive appendEntries(s1, 1, (t:1, i:10), 9, false, commits[s1:c9, s0:c8, s2:c9], entries: (t:1, i:11), STATEMACHINELOGENTRY, client-DBB30427F67F, cid=34
2019-09-26 13:12:46,161 DEBUG impl.RaftServerImpl (RaftServerImpl.java:logAppendEntries(850)) - s0@group-0448FFF281AD: receive appendEntries(s1, 1, (t:1, i:10), 10, false, commits[s1:c10, s0:c9, s2:c9], entries: (t:1, i:11), STATEMACHINELOGENTRY, client-DBB30427F67F, cid=34
2019-09-26 13:12:46,171 DEBUG impl.RaftServerImpl (RaftServerImpl.java:logAppendEntries(850)) - s2@group-0448FFF281AD: succeeded to handle AppendEntries. Reply: s1<-s2#0:OK,SUCCESS,nextIndex:12,term:1,followerCommit:9
2019-09-26 13:12:46,172 DEBUG impl.RaftServerImpl (RaftServerImpl.java:logAppendEntries(850)) - s0@group-0448FFF281AD: succeeded to handle AppendEntries. Reply: s1<-s0#0:OK,SUCCESS,nextIndex:12,term:1,followerCommit:10
2019-09-26 13:12:46,172 DEBUG impl.RaftServerImpl (RaftServerImpl.java:logAppendEntries(850)) - s2@group-0448FFF281AD: receive appendEntries(s1, 1, (t:1, i:11), 11, false, commits[s1:c11, s0:c9, s2:c9], entries: (t:1, i:12), METADATAENTRY(c11)
2019-09-26 13:12:46,172 DEBUG impl.RaftServerImpl (RaftServerImpl.java:logAppendEntries(850)) - s0@group-0448FFF281AD: receive appendEntries(s1, 1, (t:1, i:11), 11, false, commits[s1:c11, s0:c10, s2:c9], entries: (t:1, i:12), METADATAENTRY(c11)
2019-09-26 13:12:46,172 DEBUG impl.RaftServerImpl (RaftServerImpl.java:submitClientRequestAsync(533)) - s1@group-0448FFF281AD: receive client request(RaftClientRequest:client-DBB30427F67F->s1@group-0448FFF281AD, cid=35, seq=0, RW, Message:6d36)
2019-09-26 13:12:46,173 DEBUG impl.RaftServerImpl (LeaderState.java:addPendingRequest(317)) - s1@group-0448FFF281AD-LeaderState: addPendingRequest at RaftClientRequest:client-DBB30427F67F->s1@group-0448FFF281AD, cid=35, seq=0, RW, Message:6d36, entry=(t:1, i:13), STATEMACHINELOGENTRY, client-DBB30427F67F, cid=35
2019-09-26 13:12:46,182 DEBUG impl.RaftServerImpl (RaftServerImpl.java:logAppendEntries(850)) - s2@group-0448FFF281AD: succeeded to handle AppendEntries. Reply: s1<-s2#0:OK,SUCCESS,nextIndex:13,term:1,followerCommit:11
2019-09-26 13:12:46,182 DEBUG impl.RaftServerImpl (RaftServerImpl.java:logAppendEntries(850)) - s0@group-0448FFF281AD: succeeded to handle AppendEntries. Reply: s1<-s0#0:OK,SUCCESS,nextIndex:13,term:1,followerCommit:11
2019-09-26 13:12:46,183 DEBUG impl.RaftServerImpl (RaftServerImpl.java:logAppendEntries(850)) - s2@group-0448FFF281AD: receive appendEntries(s1, 1, (t:1, i:12), 11, false, commits[s1:c11, s0:c10, s2:c11], entries: (t:1, i:13), STATEMACHINELOGENTRY, client-DBB30427F67F, cid=35
2019-09-26 13:12:46,183 DEBUG impl.RaftServerImpl (RaftServerImpl.java:logAppendEntries(850)) - s0@group-0448FFF281AD: receive appendEntries(s1, 1, (t:1, i:12), 12, false, commits[s1:c12, s0:c11, s2:c11], entries: (t:1, i:13), STATEMACHINELOGENTRY, client-DBB30427F67F, cid=35
2019-09-26 13:12:46,185 DEBUG impl.RaftServerImpl (RaftServerImpl.java:logAppendEntries(850)) - s2@group-0448FFF281AD: succeeded to handle AppendEntries. Reply: s1<-s2#0:OK,SUCCESS,nextIndex:14,term:1,followerCommit:11
2019-09-26 13:12:46,185 DEBUG impl.RaftServerImpl (RaftServerImpl.java:logAppendEntries(850)) - s0@group-0448FFF281AD: succeeded to handle AppendEntries. Reply: s1<-s0#0:OK,SUCCESS,nextIndex:14,term:1,followerCommit:12
2019-09-26 13:12:46,186 DEBUG impl.RaftServerImpl (RaftServerImpl.java:logAppendEntries(850)) - s2@group-0448FFF281AD: receive appendEntries(s1, 1, (t:1, i:13), 13, false, commits[s1:c13, s0:c11, s2:c11], entries: (t:1, i:14), METADATAENTRY(c13)
2019-09-26 13:12:46,186 DEBUG impl.RaftServerImpl (RaftServerImpl.java:logAppendEntries(850)) - s0@group-0448FFF281AD: receive appendEntries(s1, 1, (t:1, i:13), 13, false, commits[s1:c13, s0:c12, s2:c11], entries: (t:1, i:14), METADATAENTRY(c13)
2019-09-26 13:12:46,186 DEBUG impl.RaftServerImpl (RaftServerImpl.java:submitClientRequestAsync(533)) - s1@group-0448FFF281AD: receive client request(RaftClientRequest:client-DBB30427F67F->s1@group-0448FFF281AD, cid=36, seq=0, RW, Message:6d37)
2019-09-26 13:12:46,187 DEBUG impl.RaftServerImpl (LeaderState.java:addPendingRequest(317)) - s1@group-0448FFF281AD-LeaderState: addPendingRequest at RaftClientRequest:client-DBB30427F67F->s1@group-0448FFF281AD, cid=36, seq=0, RW, Message:6d37, entry=(t:1, i:15), STATEMACHINELOGENTRY, client-DBB30427F67F, cid=36
2019-09-26 13:12:46,196 DEBUG impl.RaftServerImpl (RaftServerImpl.java:logAppendEntries(850)) - s2@group-0448FFF281AD: succeeded to handle AppendEntries. Reply: s1<-s2#0:OK,SUCCESS,nextIndex:15,term:1,followerCommit:13
2019-09-26 13:12:46,196 DEBUG impl.RaftServerImpl (RaftServerImpl.java:logAppendEntries(850)) - s0@group-0448FFF281AD: succeeded to handle AppendEntries. Reply: s1<-s0#0:OK,SUCCESS,nextIndex:15,term:1,followerCommit:13
2019-09-26 13:12:46,197 DEBUG impl.RaftServerImpl (RaftServerImpl.java:logAppendEntries(850)) - s2@group-0448FFF281AD: receive appendEntries(s1, 1, (t:1, i:14), 13, false, commits[s1:c13, s0:c12, s2:c13], entries: (t:1, i:15), STATEMACHINELOGENTRY, client-DBB30427F67F, cid=36
2019-09-26 13:12:46,197 DEBUG impl.RaftServerImpl (RaftServerImpl.java:logAppendEntries(850)) - s0@group-0448FFF281AD: receive appendEntries(s1, 1, (t:1, i:14), 14, false, commits[s1:c14, s0:c13, s2:c13], entries: (t:1, i:15), STATEMACHINELOGENTRY, client-DBB30427F67F, cid=36
2019-09-26 13:12:46,206 DEBUG impl.RaftServerImpl (RaftServerImpl.java:logAppendEntries(850)) - s2@group-0448FFF281AD: succeeded to handle AppendEntries. Reply: s1<-s2#0:OK,SUCCESS,nextIndex:16,term:1,followerCommit:13
2019-09-26 13:12:46,207 DEBUG impl.RaftServerImpl (RaftServerImpl.java:logAppendEntries(850)) - s0@group-0448FFF281AD: succeeded to handle AppendEntries. Reply: s1<-s0#0:OK,SUCCESS,nextIndex:16,term:1,followerCommit:14
2019-09-26 13:12:46,207 DEBUG impl.RaftServerImpl (RaftServerImpl.java:logAppendEntries(850)) - s2@group-0448FFF281AD: receive appendEntries(s1, 1, (t:1, i:15), 15, false, commits[s1:c15, s0:c13, s2:c13], entries: (t:1, i:16), METADATAENTRY(c15)
2019-09-26 13:12:46,208 DEBUG impl.RaftServerImpl (RaftServerImpl.java:submitClientRequestAsync(533)) - s1@group-0448FFF281AD: receive client request(RaftClientRequest:client-DBB30427F67F->s1@group-0448FFF281AD, cid=37, seq=0, RW, Message:6d38)
2019-09-26 13:12:46,208 DEBUG impl.RaftServerImpl (RaftServerImpl.java:logAppendEntries(850)) - s0@group-0448FFF281AD: receive appendEntries(s1, 1, (t:1, i:15), 15, false, commits[s1:c15, s0:c14, s2:c13], entries: (t:1, i:16), METADATAENTRY(c15)
2019-09-26 13:12:46,208 DEBUG impl.RaftServerImpl (LeaderState.java:addPendingRequest(317)) - s1@group-0448FFF281AD-LeaderState: addPendingRequest at RaftClientRequest:client-DBB30427F67F->s1@group-0448FFF281AD, cid=37, seq=0, RW, Message:6d38, entry=(t:1, i:17), STATEMACHINELOGENTRY, client-DBB30427F67F, cid=37
2019-09-26 13:12:46,217 DEBUG impl.RaftServerImpl (RaftServerImpl.java:logAppendEntries(850)) - s2@group-0448FFF281AD: succeeded to handle AppendEntries. Reply: s1<-s2#0:OK,SUCCESS,nextIndex:17,term:1,followerCommit:15
2019-09-26 13:12:46,217 DEBUG impl.RaftServerImpl (RaftServerImpl.java:logAppendEntries(850)) - s0@group-0448FFF281AD: succeeded to handle AppendEntries. Reply: s1<-s0#0:OK,SUCCESS,nextIndex:17,term:1,followerCommit:15
2019-09-26 13:12:46,218 DEBUG impl.RaftServerImpl (RaftServerImpl.java:logAppendEntries(850)) - s2@group-0448FFF281AD: receive appendEntries(s1, 1, (t:1, i:16), 15, false, commits[s1:c15, s0:c14, s2:c15], entries: (t:1, i:17), STATEMACHINELOGENTRY, client-DBB30427F67F, cid=37
2019-09-26 13:12:46,218 DEBUG impl.RaftServerImpl (RaftServerImpl.java:logAppendEntries(850)) - s0@group-0448FFF281AD: receive appendEntries(s1, 1, (t:1, i:16), 16, false, commits[s1:c16, s0:c15, s2:c15], entries: (t:1, i:17), STATEMACHINELOGENTRY, client-DBB30427F67F, cid=37
2019-09-26 13:12:46,228 DEBUG impl.RaftServerImpl (RaftServerImpl.java:logAppendEntries(850)) - s2@group-0448FFF281AD: succeeded to handle AppendEntries. Reply: s1<-s2#0:OK,SUCCESS,nextIndex:18,term:1,followerCommit:15
2019-09-26 13:12:46,229 DEBUG impl.RaftServerImpl (RaftServerImpl.java:logAppendEntries(850)) - s0@group-0448FFF281AD: succeeded to handle AppendEntries. Reply: s1<-s0#0:OK,SUCCESS,nextIndex:18,term:1,followerCommit:16
2019-09-26 13:12:46,229 DEBUG impl.RaftServerImpl (RaftServerImpl.java:logAppendEntries(850)) - s2@group-0448FFF281AD: receive appendEntries(s1, 1, (t:1, i:17), 17, false, commits[s1:c17, s0:c15, s2:c15], entries: (t:1, i:18), METADATAENTRY(c17)
2019-09-26 13:12:46,229 DEBUG impl.RaftServerImpl (RaftServerImpl.java:submitClientRequestAsync(533)) - s1@group-0448FFF281AD: receive client request(RaftClientRequest:client-DBB30427F67F->s1@group-0448FFF281AD, cid=38, seq=0, RW, Message:6d39)
2019-09-26 13:12:46,230 DEBUG impl.RaftServerImpl (RaftServerImpl.java:logAppendEntries(850)) - s0@group-0448FFF281AD: receive appendEntries(s1, 1, (t:1, i:17), 17, false, commits[s1:c17, s0:c16, s2:c15], entries: (t:1, i:18), METADATAENTRY(c17)
2019-09-26 13:12:46,230 DEBUG impl.RaftServerImpl (LeaderState.java:addPendingRequest(317)) - s1@group-0448FFF281AD-LeaderState: addPendingRequest at RaftClientRequest:client-DBB30427F67F->s1@group-0448FFF281AD, cid=38, seq=0, RW, Message:6d39, entry=(t:1, i:19), STATEMACHINELOGENTRY, client-DBB30427F67F, cid=38
2019-09-26 13:12:46,239 DEBUG impl.RaftServerImpl (RaftServerImpl.java:logAppendEntries(850)) - s2@group-0448FFF281AD: succeeded to handle AppendEntries. Reply: s1<-s2#0:OK,SUCCESS,nextIndex:19,term:1,followerCommit:17
2019-09-26 13:12:46,240 DEBUG impl.RaftServerImpl (RaftServerImpl.java:logAppendEntries(850)) - s2@group-0448FFF281AD: receive appendEntries(s1, 1, (t:1, i:18), 17, false, commits[s1:c17, s0:c16, s2:c17], entries: (t:1, i:19), STATEMACHINELOGENTRY, client-DBB30427F67F, cid=38
2019-09-26 13:12:46,240 DEBUG impl.RaftServerImpl (RaftServerImpl.java:logAppendEntries(850)) - s0@group-0448FFF281AD: succeeded to handle AppendEntries. Reply: s1<-s0#0:OK,SUCCESS,nextIndex:19,term:1,followerCommit:17
2019-09-26 13:12:46,241 DEBUG impl.RaftServerImpl (RaftServerImpl.java:logAppendEntries(850)) - s0@group-0448FFF281AD: receive appendEntries(s1, 1, (t:1, i:18), 18, false, commits[s1:c18, s0:c17, s2:c17], entries: (t:1, i:19), STATEMACHINELOGENTRY, client-DBB30427F67F, cid=38
2019-09-26 13:12:46,242 DEBUG impl.RaftServerImpl (RaftServerImpl.java:logAppendEntries(850)) - s2@group-0448FFF281AD: succeeded to handle AppendEntries. Reply: s1<-s2#0:OK,SUCCESS,nextIndex:20,term:1,followerCommit:17
2019-09-26 13:12:46,242 DEBUG impl.RaftServerImpl (RaftServerImpl.java:logAppendEntries(850)) - s0@group-0448FFF281AD: succeeded to handle AppendEntries. Reply: s1<-s0#0:OK,SUCCESS,nextIndex:20,term:1,followerCommit:18
2019-09-26 13:12:46,243 DEBUG impl.RaftServerImpl (RaftServerImpl.java:logAppendEntries(850)) - s2@group-0448FFF281AD: receive appendEntries(s1, 1, (t:1, i:19), 19, false, commits[s1:c19, s0:c17, s2:c17], entries: (t:1, i:20), METADATAENTRY(c19)
2019-09-26 13:12:46,243 DEBUG impl.RaftServerImpl (RaftServerImpl.java:submitClientRequestAsync(533)) - s1@group-0448FFF281AD: receive client request(RaftClientRequest:client-DBB30427F67F->s1@group-0448FFF281AD, cid=39, seq=0, RW, Message:6d3130)
2019-09-26 13:12:46,243 DEBUG impl.RaftServerImpl (RaftServerImpl.java:logAppendEntries(850)) - s0@group-0448FFF281AD: receive appendEntries(s1, 1, (t:1, i:19), 19, false, commits[s1:c19, s0:c18, s2:c17], entries: (t:1, i:20), METADATAENTRY(c19)
2019-09-26 13:12:46,244 DEBUG impl.RaftServerImpl (LeaderState.java:addPendingRequest(317)) - s1@group-0448FFF281AD-LeaderState: addPendingRequest at RaftClientRequest:client-DBB30427F67F->s1@group-0448FFF281AD, cid=39, seq=0, RW, Message:6d3130, entry=(t:1, i:21), STATEMACHINELOGENTRY, client-DBB30427F67F, cid=39
2019-09-26 13:12:46,253 DEBUG impl.RaftServerImpl (RaftServerImpl.java:logAppendEntries(850)) - s2@group-0448FFF281AD: succeeded to handle AppendEntries. Reply: s1<-s2#0:OK,SUCCESS,nextIndex:21,term:1,followerCommit:19
2019-09-26 13:12:46,253 DEBUG impl.RaftServerImpl (RaftServerImpl.java:logAppendEntries(850)) - s0@group-0448FFF281AD: succeeded to handle AppendEntries. Reply: s1<-s0#0:OK,SUCCESS,nextIndex:21,term:1,followerCommit:19
2019-09-26 13:12:46,253 DEBUG impl.RaftServerImpl (RaftServerImpl.java:logAppendEntries(850)) - s2@group-0448FFF281AD: receive appendEntries(s1, 1, (t:1, i:20), 19, false, commits[s1:c19, s0:c18, s2:c19], entries: (t:1, i:21), STATEMACHINELOGENTRY, client-DBB30427F67F, cid=39
2019-09-26 13:12:46,253 DEBUG impl.RaftServerImpl (RaftServerImpl.java:logAppendEntries(850)) - s0@group-0448FFF281AD: receive appendEntries(s1, 1, (t:1, i:20), 20, false, commits[s1:c20, s0:c19, s2:c19], entries: (t:1, i:21), STATEMACHINELOGENTRY, client-DBB30427F67F, cid=39
2019-09-26 13:12:46,255 DEBUG impl.RaftServerImpl (RaftServerImpl.java:logAppendEntries(850)) - s2@group-0448FFF281AD: succeeded to handle AppendEntries. Reply: s1<-s2#0:OK,SUCCESS,nextIndex:22,term:1,followerCommit:19
2019-09-26 13:12:46,255 DEBUG impl.RaftServerImpl (RaftServerImpl.java:logAppendEntries(850)) - s0@group-0448FFF281AD: succeeded to handle AppendEntries. Reply: s1<-s0#0:OK,SUCCESS,nextIndex:22,term:1,followerCommit:20
2019-09-26 13:12:46,256 DEBUG impl.RaftServerImpl (RaftServerImpl.java:logAppendEntries(850)) - s2@group-0448FFF281AD: receive appendEntries(s1, 1, (t:1, i:21), 21, false, commits[s1:c21, s0:c19, s2:c19], entries: (t:1, i:22), METADATAENTRY(c21)
2019-09-26 13:12:46,256 DEBUG impl.RaftServerImpl (RaftServerImpl.java:submitClientRequestAsync(533)) - s1@group-0448FFF281AD: receive client request(RaftClientRequest:client-DBB30427F67F->s1@group-0448FFF281AD, cid=40, seq=0, RW, Message:6d3131)
2019-09-26 13:12:46,256 DEBUG impl.RaftServerImpl (RaftServerImpl.java:logAppendEntries(850)) - s0@group-0448FFF281AD: receive appendEntries(s1, 1, (t:1, i:21), 21, false, commits[s1:c21, s0:c20, s2:c19], entries: (t:1, i:22), METADATAENTRY(c21)
2019-09-26 13:12:46,257 DEBUG impl.RaftServerImpl (LeaderState.java:addPendingRequest(317)) - s1@group-0448FFF281AD-LeaderState: addPendingRequest at RaftClientRequest:client-DBB30427F67F->s1@group-0448FFF281AD, cid=40, seq=0, RW, Message:6d3131, entry=(t:1, i:23), STATEMACHINELOGENTRY, client-DBB30427F67F, cid=40
2019-09-26 13:12:46,257 DEBUG impl.RaftServerImpl (RaftServerImpl.java:logAppendEntries(850)) - s2@group-0448FFF281AD: succeeded to handle AppendEntries. Reply: s1<-s2#0:OK,SUCCESS,nextIndex:23,term:1,followerCommit:21
2019-09-26 13:12:46,258 DEBUG impl.RaftServerImpl (RaftServerImpl.java:logAppendEntries(850)) - s2@group-0448FFF281AD: receive appendEntries(s1, 1, (t:1, i:22), 21, false, commits[s1:c21, s0:c20, s2:c21], entries: (t:1, i:23), STATEMACHINELOGENTRY, client-DBB30427F67F, cid=40
2019-09-26 13:12:46,259 DEBUG impl.RaftServerImpl (RaftServerImpl.java:logAppendEntries(850)) - s0@group-0448FFF281AD: succeeded to handle AppendEntries. Reply: s1<-s0#0:OK,SUCCESS,nextIndex:23,term:1,followerCommit:21
2019-09-26 13:12:46,259 DEBUG impl.RaftServerImpl (RaftServerImpl.java:logAppendEntries(850)) - s0@group-0448FFF281AD: receive appendEntries(s1, 1, (t:1, i:22), 22, false, commits[s1:c22, s0:c21, s2:c21], entries: (t:1, i:23), STATEMACHINELOGENTRY, client-DBB30427F67F, cid=40
2019-09-26 13:12:46,260 DEBUG impl.RaftServerImpl (RaftServerImpl.java:logAppendEntries(850)) - s2@group-0448FFF281AD: succeeded to handle AppendEntries. Reply: s1<-s2#0:OK,SUCCESS,nextIndex:24,term:1,followerCommit:21
2019-09-26 13:12:46,261 DEBUG impl.RaftServerImpl (RaftServerImpl.java:logAppendEntries(850)) - s2@group-0448FFF281AD: receive appendEntries(s1, 1, (t:1, i:23), 23, false, commits[s1:c23, s0:c21, s2:c21], entries: (t:1, i:24), METADATAENTRY(c23)
2019-09-26 13:12:46,261 DEBUG impl.RaftServerImpl (RaftServerImpl.java:logAppendEntries(850)) - s0@group-0448FFF281AD: succeeded to handle AppendEntries. Reply: s1<-s0#0:OK,SUCCESS,nextIndex:24,term:1,followerCommit:22
2019-09-26 13:12:46,261 DEBUG impl.RaftServerImpl (RaftServerImpl.java:submitClientRequestAsync(533)) - s1@group-0448FFF281AD: receive client request(RaftClientRequest:client-DBB30427F67F->s1@group-0448FFF281AD, cid=41, seq=0, RW, Message:6d3132)
2019-09-26 13:12:46,262 DEBUG impl.RaftServerImpl (LeaderState.java:addPendingRequest(317)) - s1@group-0448FFF281AD-LeaderState: addPendingRequest at RaftClientRequest:client-DBB30427F67F->s1@group-0448FFF281AD, cid=41, seq=0, RW, Message:6d3132, entry=(t:1, i:25), STATEMACHINELOGENTRY, client-DBB30427F67F, cid=41
2019-09-26 13:12:46,262 DEBUG impl.RaftServerImpl (RaftServerImpl.java:logAppendEntries(850)) - s0@group-0448FFF281AD: receive appendEntries(s1, 1, (t:1, i:23), 23, false, commits[s1:c23, s0:c22, s2:c21], entries: (t:1, i:24), METADATAENTRY(c23)
2019-09-26 13:12:46,263 DEBUG impl.RaftServerImpl (RaftServerImpl.java:logAppendEntries(850)) - s2@group-0448FFF281AD: succeeded to handle AppendEntries. Reply: s1<-s2#0:OK,SUCCESS,nextIndex:25,term:1,followerCommit:23
2019-09-26 13:12:46,263 DEBUG impl.RaftServerImpl (RaftServerImpl.java:logAppendEntries(850)) - s0@group-0448FFF281AD: succeeded to handle AppendEntries. Reply: s1<-s0#0:OK,SUCCESS,nextIndex:25,term:1,followerCommit:23
2019-09-26 13:12:46,263 DEBUG impl.RaftServerImpl (RaftServerImpl.java:logAppendEntries(850)) - s2@group-0448FFF281AD: receive appendEntries(s1, 1, (t:1, i:24), 23, false, commits[s1:c23, s0:c22, s2:c23], entries: (t:1, i:25), STATEMACHINELOGENTRY, client-DBB30427F67F, cid=41
2019-09-26 13:12:46,264 DEBUG impl.RaftServerImpl (RaftServerImpl.java:logAppendEntries(850)) - s0@group-0448FFF281AD: receive appendEntries(s1, 1, (t:1, i:24), 24, false, commits[s1:c24, s0:c23, s2:c23], entries: (t:1, i:25), STATEMACHINELOGENTRY, client-DBB30427F67F, cid=41
2019-09-26 13:12:46,297 DEBUG impl.RaftServerImpl (RaftServerImpl.java:logAppendEntries(850)) - s2@group-0448FFF281AD: succeeded to handle AppendEntries. Reply: s1<-s2#0:OK,SUCCESS,nextIndex:26,term:1,followerCommit:23
2019-09-26 13:12:46,297 DEBUG impl.RaftServerImpl (RaftServerImpl.java:logAppendEntries(850)) - s0@group-0448FFF281AD: succeeded to handle AppendEntries. Reply: s1<-s0#0:OK,SUCCESS,nextIndex:26,term:1,followerCommit:24
2019-09-26 13:12:46,298 DEBUG impl.RaftServerImpl (RaftServerImpl.java:logAppendEntries(850)) - s2@group-0448FFF281AD: receive appendEntries(s1, 1, (t:1, i:25), 25, false, commits[s1:c25, s0:c23, s2:c23], entries: (t:1, i:26), METADATAENTRY(c25)
2019-09-26 13:12:46,298 DEBUG impl.RaftServerImpl (RaftServerImpl.java:submitClientRequestAsync(533)) - s1@group-0448FFF281AD: receive client request(RaftClientRequest:client-DBB30427F67F->s1@group-0448FFF281AD, cid=42, seq=0, RW, Message:6d3133)
2019-09-26 13:12:46,298 DEBUG impl.RaftServerImpl (RaftServerImpl.java:logAppendEntries(850)) - s0@group-0448FFF281AD: receive appendEntries(s1, 1, (t:1, i:25), 25, false, commits[s1:c25, s0:c24, s2:c23], entries: (t:1, i:26), METADATAENTRY(c25)
2019-09-26 13:12:46,298 DEBUG impl.RaftServerImpl (LeaderState.java:addPendingRequest(317)) - s1@group-0448FFF281AD-LeaderState: addPendingRequest at RaftClientRequest:client-DBB30427F67F->s1@group-0448FFF281AD, cid=42, seq=0, RW, Message:6d3133, entry=(t:1, i:27), STATEMACHINELOGENTRY, client-DBB30427F67F, cid=42
[...]
2019-09-26 13:12:48,057 INFO  impl.LeaderElection (LeaderElection.java:askForVotes(213)) - s0@group-0448FFF281AD-LeaderElection41 received shutdown response when requesting votes.
2019-09-26 13:12:48,057 INFO  impl.RaftServerProxy (RaftServerProxy.java:lambda$close$4(314)) - s0: close
2019-09-26 13:12:48,057 INFO  impl.RaftServerImpl (RaftServerImpl.java:lambda$shutdown$3(247)) - s0@group-0448FFF281AD: shutdown
2019-09-26 13:12:48,057 INFO  util.JmxRegister (JmxRegister.java:unregister(73)) - Successfully un-registered JMX Bean with object name Ratis:service=RaftServer,group=group-0448FFF281AD,id=s0
2019-09-26 13:12:48,057 INFO  impl.RoleInfo (RoleInfo.java:shutdownLeaderElection(134)) - s0: shutdown LeaderElection
2019-09-26 13:12:48,058 INFO  impl.StateMachineUpdater (StateMachineUpdater.java:stopAndJoin(136)) - s0@group-0448FFF281AD-StateMachineUpdater: set stopIndex = 46
2019-09-26 13:12:48,058 INFO  impl.RaftServerImpl (ServerState.java:close(386)) - s0@group-0448FFF281AD: closes. applyIndex: 46
2019-09-26 13:12:48,058 INFO  segmented.SegmentedRaftLogWorker (SegmentedRaftLogWorker.java:run(313)) - s0@group-0448FFF281AD-SegmentedRaftLogWorker was interrupted, exiting. There are 0 tasks remaining in the queue.
2019-09-26 13:12:48,059 INFO  segmented.SegmentedRaftLogWorker (SegmentedRaftLogWorker.java:close(228)) - s0@group-0448FFF281AD-SegmentedRaftLogWorker close()
2019-09-26 13:12:48,063 INFO  logging.LoggingHandler (AbstractInternalLogger.java:log(150)) - [id: 0x765fb7a7, L:/0.0.0.0:38978] UNREGISTERED
2019-09-26 13:12:48,673 INFO  impl.RaftServerTestUtil (RaftServerTestUtil.java:waitAndCheckNewConf(58)) - waitAndCheckNewConf: peers=[s3:0.0.0.0:35928, s4:0.0.0.0:38695, s2:0.0.0.0:41658], deadPeers=null, printing ALL groups
  s3:  RUNNING  FOLLOWER s3@group-0448FFF281AD:t4, leader=s4, voted=s4, raftlog=s3@group-0448FFF281AD-SegmentedRaftLog:OPENED:c52,f52,i52, conf=51: [s3:0.0.0.0:35928, s4:0.0.0.0:38695, s2:0.0.0.0:41658], old=null RUNNING
  s4:  RUNNING    LEADER s4@group-0448FFF281AD:t4, leader=s4, voted=s4, raftlog=s4@group-0448FFF281AD-SegmentedRaftLog:OPENED:c52,f52,i52, conf=51: [s3:0.0.0.0:35928, s4:0.0.0.0:38695, s2:0.0.0.0:41658], old=null RUNNING
  s0:   CLOSED CANDIDATE s0@group-0448FFF281AD:t4, leader=null, voted=s0, raftlog=s0@group-0448FFF281AD-SegmentedRaftLog:CLOSED:c46, conf=47: [s3:0.0.0.0:35928, s4:0.0.0.0:38695, s2:0.0.0.0:41658], old=[s3:0.0.0.0:35928, s4:0.0.0.0:38695, s0:0.0.0.0:38978, s1:0.0.0.0:46247, s2:0.0.0.0:41658] CLOSED
  s1:  RUNNING    LEADER s1@group-0448FFF281AD:t3, leader=s1, voted=s1, raftlog=s1@group-0448FFF281AD-SegmentedRaftLog:CLOSED:c49, conf=49: [s3:0.0.0.0:35928, s4:0.0.0.0:38695, s2:0.0.0.0:41658], old=null CLOSED
  s2:  RUNNING  FOLLOWER s2@group-0448FFF281AD:t4, leader=s4, voted=s4, raftlog=s2@group-0448FFF281AD-SegmentedRaftLog:OPENED:c52,f52,i52, conf=51: [s3:0.0.0.0:35928, s4:0.0.0.0:38695, s2:0.0.0.0:41658], old=null RUNNING
2019-09-26 13:12:48,674 INFO  impl.RaftServerTestUtil (RaftServerTestUtil.java:waitAndCheckNewConf(66)) - checking  FOLLOWER s3@group-0448FFF281AD:t4, leader=s4, voted=s4, raftlog=s3@group-0448FFF281AD-SegmentedRaftLog:OPENED:c52,f52,i52, conf=51: [s3:0.0.0.0:35928, s4:0.0.0.0:38695, s2:0.0.0.0:41658], old=null RUNNING
2019-09-26 13:12:48,674 INFO  impl.RaftServerTestUtil (RaftServerTestUtil.java:waitAndCheckNewConf(66)) - checking    LEADER s4@group-0448FFF281AD:t4, leader=s4, voted=s4, raftlog=s4@group-0448FFF281AD-SegmentedRaftLog:OPENED:c52,f52,i52, conf=51: [s3:0.0.0.0:35928, s4:0.0.0.0:38695, s2:0.0.0.0:41658], old=null RUNNING
2019-09-26 13:12:48,674 INFO  impl.RaftServerTestUtil (RaftServerTestUtil.java:waitAndCheckNewConf(66)) - checking CANDIDATE s0@group-0448FFF281AD:t4, leader=null, voted=s0, raftlog=s0@group-0448FFF281AD-SegmentedRaftLog:CLOSED:c46, conf=47: [s3:0.0.0.0:35928, s4:0.0.0.0:38695, s2:0.0.0.0:41658], old=[s3:0.0.0.0:35928, s4:0.0.0.0:38695, s0:0.0.0.0:38978, s1:0.0.0.0:46247, s2:0.0.0.0:41658] CLOSED
2019-09-26 13:12:48,674 INFO  impl.RaftServerTestUtil (RaftServerTestUtil.java:waitAndCheckNewConf(66)) - checking    LEADER s1@group-0448FFF281AD:t3, leader=s1, voted=s1, raftlog=s1@group-0448FFF281AD-SegmentedRaftLog:CLOSED:c49, conf=49: [s3:0.0.0.0:35928, s4:0.0.0.0:38695, s2:0.0.0.0:41658], old=null CLOSED
2019-09-26 13:12:48,675 INFO  impl.RaftServerTestUtil (RaftServerTestUtil.java:waitAndCheckNewConf(66)) - checking  FOLLOWER s2@group-0448FFF281AD:t4, leader=s4, voted=s4, raftlog=s2@group-0448FFF281AD-SegmentedRaftLog:OPENED:c52,f52,i52, conf=51: [s3:0.0.0.0:35928, s4:0.0.0.0:38695, s2:0.0.0.0:41658], old=null RUNNING
2019-09-26 13:12:48,675 INFO  server.RaftServerConfigKeys (ConfUtils.java:logGet(43)) - raft.server.rpc.timeout.max = 300ms (default)
2019-09-26 13:12:48,675 INFO  ratis.RaftTestUtil (RaftTestUtil.java:waitForLeader(86)) - printing ALL groups
  s3:  RUNNING  FOLLOWER s3@group-0448FFF281AD:t4, leader=s4, voted=s4, raftlog=s3@group-0448FFF281AD-SegmentedRaftLog:OPENED:c52,f52,i52, conf=51: [s3:0.0.0.0:35928, s4:0.0.0.0:38695, s2:0.0.0.0:41658], old=null RUNNING
  s4:  RUNNING    LEADER s4@group-0448FFF281AD:t4, leader=s4, voted=s4, raftlog=s4@group-0448FFF281AD-SegmentedRaftLog:OPENED:c52,f52,i52, conf=51: [s3:0.0.0.0:35928, s4:0.0.0.0:38695, s2:0.0.0.0:41658], old=null RUNNING
  s0:   CLOSED CANDIDATE s0@group-0448FFF281AD:t4, leader=null, voted=s0, raftlog=s0@group-0448FFF281AD-SegmentedRaftLog:CLOSED:c46, conf=47: [s3:0.0.0.0:35928, s4:0.0.0.0:38695, s2:0.0.0.0:41658], old=[s3:0.0.0.0:35928, s4:0.0.0.0:38695, s0:0.0.0.0:38978, s1:0.0.0.0:46247, s2:0.0.0.0:41658] CLOSED
  s1:  RUNNING    LEADER s1@group-0448FFF281AD:t3, leader=s1, voted=s1, raftlog=s1@group-0448FFF281AD-SegmentedRaftLog:CLOSED:c49, conf=49: [s3:0.0.0.0:35928, s4:0.0.0.0:38695, s2:0.0.0.0:41658], old=null CLOSED
  s2:  RUNNING  FOLLOWER s2@group-0448FFF281AD:t4, leader=s4, voted=s4, raftlog=s2@group-0448FFF281AD-SegmentedRaftLog:OPENED:c52,f52,i52, conf=51: [s3:0.0.0.0:35928, s4:0.0.0.0:38695, s2:0.0.0.0:41658], old=null RUNNING
2019-09-26 13:12:48,676 INFO  ratis.RaftTestUtil (RaftTestUtil.java:waitForLeader(101)) - printing ALL groups
  s3:  RUNNING  FOLLOWER s3@group-0448FFF281AD:t4, leader=s4, voted=s4, raftlog=s3@group-0448FFF281AD-SegmentedRaftLog:OPENED:c52,f52,i52, conf=51: [s3:0.0.0.0:35928, s4:0.0.0.0:38695, s2:0.0.0.0:41658], old=null RUNNING
  s4:  RUNNING    LEADER s4@group-0448FFF281AD:t4, leader=s4, voted=s4, raftlog=s4@group-0448FFF281AD-SegmentedRaftLog:OPENED:c52,f52,i52, conf=51: [s3:0.0.0.0:35928, s4:0.0.0.0:38695, s2:0.0.0.0:41658], old=null RUNNING
  s0:   CLOSED CANDIDATE s0@group-0448FFF281AD:t4, leader=null, voted=s0, raftlog=s0@group-0448FFF281AD-SegmentedRaftLog:CLOSED:c46, conf=47: [s3:0.0.0.0:35928, s4:0.0.0.0:38695, s2:0.0.0.0:41658], old=[s3:0.0.0.0:35928, s4:0.0.0.0:38695, s0:0.0.0.0:38978, s1:0.0.0.0:46247, s2:0.0.0.0:41658] CLOSED
  s1:  RUNNING    LEADER s1@group-0448FFF281AD:t3, leader=s1, voted=s1, raftlog=s1@group-0448FFF281AD-SegmentedRaftLog:CLOSED:c49, conf=49: [s3:0.0.0.0:35928, s4:0.0.0.0:38695, s2:0.0.0.0:41658], old=null CLOSED
  s2:  RUNNING  FOLLOWER s2@group-0448FFF281AD:t4, leader=s4, voted=s4, raftlog=s2@group-0448FFF281AD-SegmentedRaftLog:OPENED:c52,f52,i52, conf=51: [s3:0.0.0.0:35928, s4:0.0.0.0:38695, s2:0.0.0.0:41658], old=null RUNNING
2019-09-26 13:12:48,683 INFO  ratis.MiniRaftCluster (MiniRaftCluster.java:runWithNewCluster(127)) - printing ALL groups
  s3:  RUNNING  FOLLOWER s3@group-0448FFF281AD:t4, leader=s4, voted=s4, raftlog=s3@group-0448FFF281AD-SegmentedRaftLog:OPENED:c52,f52,i52, conf=51: [s3:0.0.0.0:35928, s4:0.0.0.0:38695, s2:0.0.0.0:41658], old=null RUNNING
  s4:  RUNNING    LEADER s4@group-0448FFF281AD:t4, leader=s4, voted=s4, raftlog=s4@group-0448FFF281AD-SegmentedRaftLog:OPENED:c52,f52,i52, conf=51: [s3:0.0.0.0:35928, s4:0.0.0.0:38695, s2:0.0.0.0:41658], old=null RUNNING
  s0:   CLOSED CANDIDATE s0@group-0448FFF281AD:t4, leader=null, voted=s0, raftlog=s0@group-0448FFF281AD-SegmentedRaftLog:CLOSED:c46, conf=47: [s3:0.0.0.0:35928, s4:0.0.0.0:38695, s2:0.0.0.0:41658], old=[s3:0.0.0.0:35928, s4:0.0.0.0:38695, s0:0.0.0.0:38978, s1:0.0.0.0:46247, s2:0.0.0.0:41658] CLOSED
  s1:  RUNNING    LEADER s1@group-0448FFF281AD:t3, leader=s1, voted=s1, raftlog=s1@group-0448FFF281AD-SegmentedRaftLog:CLOSED:c49, conf=49: [s3:0.0.0.0:35928, s4:0.0.0.0:38695, s2:0.0.0.0:41658], old=null CLOSED
  s2:  RUNNING  FOLLOWER s2@group-0448FFF281AD:t4, leader=s4, voted=s4, raftlog=s2@group-0448FFF281AD-SegmentedRaftLog:OPENED:c52,f52,i52, conf=51: [s3:0.0.0.0:35928, s4:0.0.0.0:38695, s2:0.0.0.0:41658], old=null RUNNING
2019-09-26 13:12:48,683 ERROR ratis.MiniRaftCluster (MiniRaftCluster.java:runWithNewCluster(128)) - Failed org.apache.ratis.MiniRaftCluster$Factory$Get.runWithNewCluster(MiniRaftCluster.java:113)
java.lang.AssertionError: s3: ConfigurationManager, init=-1: [s0:0.0.0.0:38978, s1:0.0.0.0:46247, s2:0.0.0.0:41658], old=null, confs={
  0 -> 0: [s0:0.0.0.0:38978, s1:0.0.0.0:46247, s2:0.0.0.0:41658], old=null
  41 -> 41: [s0:0.0.0.0:38978, s1:0.0.0.0:46247, s2:0.0.0.0:41658], old=null
  43 -> 43: [s3:0.0.0.0:35928, s4:0.0.0.0:38695, s0:0.0.0.0:38978, s1:0.0.0.0:46247, s2:0.0.0.0:41658], old=[s0:0.0.0.0:38978, s1:0.0.0.0:46247, s2:0.0.0.0:41658]
  45 -> 45: [s3:0.0.0.0:35928, s4:0.0.0.0:38695, s0:0.0.0.0:38978, s1:0.0.0.0:46247, s2:0.0.0.0:41658], old=null
  47 -> 47: [s3:0.0.0.0:35928, s4:0.0.0.0:38695, s2:0.0.0.0:41658], old=[s3:0.0.0.0:35928, s4:0.0.0.0:38695, s0:0.0.0.0:38978, s1:0.0.0.0:46247, s2:0.0.0.0:41658]
  49 -> 49: [s3:0.0.0.0:35928, s4:0.0.0.0:38695, s2:0.0.0.0:41658], old=null
  51 -> 51: [s3:0.0.0.0:35928, s4:0.0.0.0:38695, s2:0.0.0.0:41658], old=null
} expected:<7> but was:<8>
	at org.junit.Assert.fail(Assert.java:88)
	at org.junit.Assert.failNotEquals(Assert.java:834)
	at org.junit.Assert.assertEquals(Assert.java:645)
	at org.apache.ratis.server.impl.RaftReconfigurationBaseTest.lambda$runTestReconfTwice$5(RaftReconfigurationBaseTest.java:200)
	at java.util.stream.ForEachOps$ForEachOp$OfRef.accept(ForEachOps.java:184)
	at java.util.stream.ReferencePipeline$2$1.accept(ReferencePipeline.java:175)
	at java.util.stream.ReferencePipeline$3$1.accept(ReferencePipeline.java:193)
	at java.util.stream.ReferencePipeline$2$1.accept(ReferencePipeline.java:175)
	at java.util.stream.ReferencePipeline$2$1.accept(ReferencePipeline.java:175)
	at java.util.concurrent.ConcurrentHashMap$ValueSpliterator.forEachRemaining(ConcurrentHashMap.java:3566)
	at java.util.stream.AbstractPipeline.copyInto(AbstractPipeline.java:482)
	at java.util.stream.AbstractPipeline.wrapAndCopyInto(AbstractPipeline.java:472)
	at java.util.stream.ForEachOps$ForEachOp.evaluateSequential(ForEachOps.java:151)
	at java.util.stream.ForEachOps$ForEachOp$OfRef.evaluateSequential(ForEachOps.java:174)
	at java.util.stream.AbstractPipeline.evaluate(AbstractPipeline.java:234)
	at java.util.stream.ReferencePipeline.forEach(ReferencePipeline.java:418)
	at org.apache.ratis.server.impl.RaftReconfigurationBaseTest.runTestReconfTwice(RaftReconfigurationBaseTest.java:192)
	at org.apache.ratis.MiniRaftCluster$Factory$Get.runWithNewCluster(MiniRaftCluster.java:125)
	at org.apache.ratis.MiniRaftCluster$Factory$Get.runWithNewCluster(MiniRaftCluster.java:113)
	at org.apache.ratis.server.impl.RaftReconfigurationBaseTest.testReconfTwice(RaftReconfigurationBaseTest.java:140)
	at sun.reflect.NativeMethodAccessorImpl.invoke0(Native Method)
	at sun.reflect.NativeMethodAccessorImpl.invoke(NativeMethodAccessorImpl.java:62)
	at sun.reflect.DelegatingMethodAccessorImpl.invoke(DelegatingMethodAccessorImpl.java:43)
	at java.lang.reflect.Method.invoke(Method.java:498)
	at org.junit.runners.model.FrameworkMethod$1.runReflectiveCall(FrameworkMethod.java:50)
	at org.junit.internal.runners.model.ReflectiveCallable.run(ReflectiveCallable.java:12)
	at org.junit.runners.model.FrameworkMethod.invokeExplosively(FrameworkMethod.java:47)
	at org.junit.internal.runners.statements.InvokeMethod.evaluate(InvokeMethod.java:17)
	at org.junit.internal.runners.statements.FailOnTimeout$CallableStatement.call(FailOnTimeout.java:298)
	at org.junit.internal.runners.statements.FailOnTimeout$CallableStatement.call(FailOnTimeout.java:292)
	at java.util.concurrent.FutureTask.run(FutureTask.java:266)
	at java.lang.Thread.run(Thread.java:748)
2019-09-26 13:12:48,684 INFO  ratis.MiniRaftCluster (MiniRaftCluster.java:shutdown(700)) - ************************************************************** 
2019-09-26 13:12:48,684 INFO  ratis.MiniRaftCluster (MiniRaftCluster.java:shutdown(701)) - *** 
2019-09-26 13:12:48,684 INFO  ratis.MiniRaftCluster (MiniRaftCluster.java:shutdown(702)) - ***     Stopping MiniRaftClusterWithNetty
2019-09-26 13:12:48,684 INFO  ratis.MiniRaftCluster (MiniRaftCluster.java:shutdown(703)) - *** 
2019-09-26 13:12:48,684 INFO  ratis.MiniRaftCluster (MiniRaftCluster.java:shutdown(704)) - ************************************************************** 
2019-09-26 13:12:48,684 INFO  ratis.MiniRaftCluster (MiniRaftCluster.java:shutdown(705)) - printing ALL groups
  s3:  RUNNING  FOLLOWER s3@group-0448FFF281AD:t4, leader=s4, voted=s4, raftlog=s3@group-0448FFF281AD-SegmentedRaftLog:OPENED:c52,f52,i52, conf=51: [s3:0.0.0.0:35928, s4:0.0.0.0:38695, s2:0.0.0.0:41658], old=null RUNNING
  s4:  RUNNING    LEADER s4@group-0448FFF281AD:t4, leader=s4, voted=s4, raftlog=s4@group-0448FFF281AD-SegmentedRaftLog:OPENED:c52,f52,i52, conf=51: [s3:0.0.0.0:35928, s4:0.0.0.0:38695, s2:0.0.0.0:41658], old=null RUNNING
  s0:   CLOSED CANDIDATE s0@group-0448FFF281AD:t4, leader=null, voted=s0, raftlog=s0@group-0448FFF281AD-SegmentedRaftLog:CLOSED:c46, conf=47: [s3:0.0.0.0:35928, s4:0.0.0.0:38695, s2:0.0.0.0:41658], old=[s3:0.0.0.0:35928, s4:0.0.0.0:38695, s0:0.0.0.0:38978, s1:0.0.0.0:46247, s2:0.0.0.0:41658] CLOSED
  s1:  RUNNING    LEADER s1@group-0448FFF281AD:t3, leader=s1, voted=s1, raftlog=s1@group-0448FFF281AD-SegmentedRaftLog:CLOSED:c49, conf=49: [s3:0.0.0.0:35928, s4:0.0.0.0:38695, s2:0.0.0.0:41658], old=null CLOSED
  s2:  RUNNING  FOLLOWER s2@group-0448FFF281AD:t4, leader=s4, voted=s4, raftlog=s2@group-0448FFF281AD-SegmentedRaftLog:OPENED:c52,f52,i52, conf=51: [s3:0.0.0.0:35928, s4:0.0.0.0:38695, s2:0.0.0.0:41658], old=null RUNNING
2019-09-26 13:12:48,686 INFO  impl.RaftServerProxy (RaftServerProxy.java:lambda$close$4(314)) - s4: close
2019-09-26 13:12:48,686 INFO  impl.RaftServerProxy (RaftServerProxy.java:lambda$close$4(314)) - s3: close
2019-09-26 13:12:48,686 INFO  impl.RaftServerProxy (RaftServerProxy.java:lambda$close$4(314)) - s1: close
2019-09-26 13:12:48,686 INFO  impl.RaftServerImpl (RaftServerImpl.java:lambda$shutdown$3(247)) - s4@group-0448FFF281AD: shutdown
2019-09-26 13:12:48,687 INFO  logging.LoggingHandler (AbstractInternalLogger.java:log(150)) - [id: 0xc5302367, L:/0.0.0.0:46247] UNREGISTERED
2019-09-26 13:12:48,686 INFO  impl.RaftServerImpl (RaftServerImpl.java:lambda$shutdown$3(247)) - s3@group-0448FFF281AD: shutdown
2019-09-26 13:12:48,686 INFO  impl.RaftServerProxy (RaftServerProxy.java:lambda$close$4(314)) - s2: close
2019-09-26 13:12:48,687 INFO  util.JmxRegister (JmxRegister.java:unregister(73)) - Successfully un-registered JMX Bean with object name Ratis:service=RaftServer,group=group-0448FFF281AD,id=s3
2019-09-26 13:12:48,687 INFO  util.JmxRegister (JmxRegister.java:unregister(73)) - Successfully un-registered JMX Bean with object name Ratis:service=RaftServer,group=group-0448FFF281AD,id=s4
2019-09-26 13:12:48,688 INFO  impl.RoleInfo (RoleInfo.java:shutdownFollowerState(121)) - s3: shutdown FollowerState
2019-09-26 13:12:48,688 INFO  impl.RaftServerImpl (RaftServerImpl.java:lambda$shutdown$3(247)) - s2@group-0448FFF281AD: shutdown
2019-09-26 13:12:48,688 INFO  impl.FollowerState (FollowerState.java:run(117)) - s3@group-0448FFF281AD-FollowerState was interrupted: java.lang.InterruptedException: sleep interrupted
2019-09-26 13:12:48,688 INFO  impl.StateMachineUpdater (StateMachineUpdater.java:stopAndJoin(136)) - s3@group-0448FFF281AD-StateMachineUpdater: set stopIndex = 52
2019-09-26 13:12:48,688 INFO  impl.RoleInfo (RoleInfo.java:shutdownLeaderState(104)) - s4: shutdown LeaderState
2019-09-26 13:12:48,689 INFO  impl.RaftServerImpl (ServerState.java:close(386)) - s3@group-0448FFF281AD: closes. applyIndex: 52
2019-09-26 13:12:48,689 INFO  util.JmxRegister (JmxRegister.java:unregister(73)) - Successfully un-registered JMX Bean with object name Ratis:service=RaftServer,group=group-0448FFF281AD,id=s2
2019-09-26 13:12:48,690 INFO  segmented.SegmentedRaftLogWorker (SegmentedRaftLogWorker.java:run(313)) - s3@group-0448FFF281AD-SegmentedRaftLogWorker was interrupted, exiting. There are 0 tasks remaining in the queue.
2019-09-26 13:12:48,690 INFO  impl.LogAppender (LogAppender.java:run(78)) - s4@group-0448FFF281AD->s2-LogAppender-AppenderDaemon was interrupted: java.lang.InterruptedException
2019-09-26 13:12:48,689 INFO  impl.PendingRequests (PendingRequests.java:sendNotLeaderResponses(202)) - s4@group-0448FFF281AD-PendingRequests: sendNotLeaderResponses
2019-09-26 13:12:48,690 INFO  impl.LogAppender (LogAppender.java:run(78)) - s4@group-0448FFF281AD->s3-LogAppender-AppenderDaemon was interrupted: java.lang.InterruptedException
2019-09-26 13:12:48,691 INFO  impl.StateMachineUpdater (StateMachineUpdater.java:stopAndJoin(136)) - s4@group-0448FFF281AD-StateMachineUpdater: set stopIndex = 52
2019-09-26 13:12:48,691 INFO  impl.RaftServerImpl (ServerState.java:close(386)) - s4@group-0448FFF281AD: closes. applyIndex: 52
2019-09-26 13:12:48,690 INFO  impl.RoleInfo (RoleInfo.java:shutdownFollowerState(121)) - s2: shutdown FollowerState
2019-09-26 13:12:48,692 INFO  segmented.SegmentedRaftLogWorker (SegmentedRaftLogWorker.java:run(313)) - s4@group-0448FFF281AD-SegmentedRaftLogWorker was interrupted, exiting. There are 0 tasks remaining in the queue.
2019-09-26 13:12:48,692 INFO  impl.FollowerState (FollowerState.java:run(117)) - s2@group-0448FFF281AD-FollowerState was interrupted: java.lang.InterruptedException: sleep interrupted
2019-09-26 13:12:48,692 INFO  impl.StateMachineUpdater (StateMachineUpdater.java:stopAndJoin(136)) - s2@group-0448FFF281AD-StateMachineUpdater: set stopIndex = 52
2019-09-26 13:12:48,692 INFO  segmented.SegmentedRaftLogWorker (SegmentedRaftLogWorker.java:close(228)) - s3@group-0448FFF281AD-SegmentedRaftLogWorker close()
2019-09-26 13:12:48,692 INFO  impl.RaftServerImpl (ServerState.java:close(386)) - s2@group-0448FFF281AD: closes. applyIndex: 52
2019-09-26 13:12:48,693 INFO  logging.LoggingHandler (AbstractInternalLogger.java:log(150)) - [id: 0xb625dd3c, L:/0.0.0.0:35928] UNREGISTERED
2019-09-26 13:12:48,693 INFO  segmented.SegmentedRaftLogWorker (SegmentedRaftLogWorker.java:run(313)) - s2@group-0448FFF281AD-SegmentedRaftLogWorker was interrupted, exiting. There are 0 tasks remaining in the queue.
2019-09-26 13:12:48,695 INFO  segmented.SegmentedRaftLogWorker (SegmentedRaftLogWorker.java:close(228)) - s4@group-0448FFF281AD-SegmentedRaftLogWorker close()
2019-09-26 13:12:48,695 INFO  logging.LoggingHandler (AbstractInternalLogger.java:log(150)) - [id: 0xce1e0f68, L:/0.0.0.0:38695] UNREGISTERED
2019-09-26 13:12:48,695 INFO  segmented.SegmentedRaftLogWorker (SegmentedRaftLogWorker.java:close(228)) - s2@group-0448FFF281AD-SegmentedRaftLogWorker close()
2019-09-26 13:12:48,696 INFO  logging.LoggingHandler (AbstractInternalLogger.java:log(150)) - [id: 0xaabc99b6, L:/0.0.0.0:41658] UNREGISTERED
2019-09-26 13:12:48,697 INFO  ratis.MiniRaftCluster (MiniRaftCluster.java:shutdown(722)) - MiniRaftClusterWithNetty shutdown completed
]]></system-out>
  </testcase>
  <testcase name="testReconfTimeout" classname="org.apache.ratis.netty.TestRaftReconfigurationWithNetty" time="7.583"/>
</testsuite>