-------------------------------------------------------------------------------
Test set: org.apache.ratis.netty.TestRaftExceptionWithNetty
-------------------------------------------------------------------------------
Tests run: 6, Failures: 1, Errors: 0, Skipped: 0, Time elapsed: 18.145 s <<< FAILURE! - in org.apache.ratis.netty.TestRaftExceptionWithNetty
testNotLeaderExceptionWithReconf(org.apache.ratis.netty.TestRaftExceptionWithNetty)  Time elapsed: 11.582 s  <<< FAILURE!
java.lang.AssertionError: expected:<s2> but was:<s0>

