<?xml version="1.0" encoding="UTF-8"?>
<testsuite xmlns:xsi="http://www.w3.org/2001/XMLSchema-instance" xsi:noNamespaceSchemaLocation="https://maven.apache.org/surefire/maven-surefire-plugin/xsd/surefire-test-report.xsd" name="org.apache.ratis.examples.filestore.TestFileStoreWithNetty" time="100.637" tests="1" errors="1" skipped="0" failures="0">
  <properties>
[...]
</properties>
  <testcase name="testFileStore" classname="org.apache.ratis.examples.filestore.TestFileStoreWithNetty" time="100.02">
    <error message="test timed out after 100 seconds" type="org.junit.runners.model.TestTimedOutException">org.junit.runners.model.TestTimedOutException: test timed out after 100 seconds
</error>
    <system-out><![CDATA[2019-09-26 10:02:18,603 INFO  util.LogUtils (LogUtils.java:setLogLevel(41)) - Set org.apache.ratis.conf.ConfUtils log level to WARN
2019-09-26 10:02:18,606 INFO  util.LogUtils (LogUtils.java:setLogLevel(41)) - Set org.apache.ratis.util.FileUtils log level to TRACE
2019-09-26 10:02:18,694 INFO  ratis.MiniRaftCluster (MiniRaftCluster.java:<init>(253)) - new MiniRaftClusterWithNetty with group-EA0D101F487D:[s0:0.0.0.0:42528, s1:0.0.0.0:37394, s2:0.0.0.0:41916]
2019-09-26 10:02:18,695 INFO  ratis.MiniRaftCluster (MiniRaftCluster.java:start(287)) - .............................................................. 
2019-09-26 10:02:18,695 INFO  ratis.MiniRaftCluster (MiniRaftCluster.java:start(288)) - ... 
2019-09-26 10:02:18,695 INFO  ratis.MiniRaftCluster (MiniRaftCluster.java:start(289)) - ...     Starting MiniRaftClusterWithNetty
2019-09-26 10:02:18,696 INFO  ratis.MiniRaftCluster (MiniRaftCluster.java:start(290)) - ... 
2019-09-26 10:02:18,696 INFO  ratis.MiniRaftCluster (MiniRaftCluster.java:start(291)) - .............................................................. 
2019-09-26 10:02:18,696 INFO  ratis.MiniRaftCluster (MiniRaftCluster.java:initServers(265)) - servers = {}
2019-09-26 10:02:18,706 INFO  ratis.MiniRaftCluster (MiniRaftCluster.java:newRaftServer(330)) - newRaftServer: s0, group-EA0D101F487D:[s0:0.0.0.0:42528, s1:0.0.0.0:37394, s2:0.0.0.0:41916], format? true
2019-09-26 10:02:18,707 TRACE util.FileUtils (FileUtils.java:deleteFully(88)) - deleteFully target/test/data/1fdfb1b/MiniRaftClusterWithNetty60c66dd9/s0
2019-09-26 10:02:18,714 TRACE util.FileUtils (FileUtils.java:deleteFully(104)) - deleteFully: target/test/data/1fdfb1b/MiniRaftClusterWithNetty60c66dd9/s0 does not exist.
2019-09-26 10:02:18,714 INFO  ratis.MiniRaftCluster (MiniRaftCluster.java:newRaftServer(335)) - Formatted directory target/test/data/1fdfb1b/MiniRaftClusterWithNetty60c66dd9/s0
2019-09-26 10:02:18,731 INFO  impl.RaftServerProxy (ConfUtils.java:logGet(43)) - raft.rpc.type = NETTY (custom)
2019-09-26 10:02:18,816 INFO  netty.NettyConfigKeys$Server (ConfUtils.java:logGet(43)) - raft.netty.server.port = 42528 (custom)
2019-09-26 10:02:18,918 INFO  server.RaftServerConfigKeys (ConfUtils.java:logGet(43)) - raft.server.storage.dir = [/workdir/ratis-examples/target/test/data/1fdfb1b/MiniRaftClusterWithNetty60c66dd9/s0] (custom)
2019-09-26 10:02:18,930 INFO  impl.RaftServerProxy (RaftServerProxy.java:addNew(89)) - s0: addNew group-EA0D101F487D:[s0:0.0.0.0:42528, s1:0.0.0.0:37394, s2:0.0.0.0:41916] returns group-EA0D101F487D:java.util.concurrent.CompletableFuture@ca2f890[Not completed]
2019-09-26 10:02:18,931 INFO  logging.LoggingHandler (AbstractInternalLogger.java:log(150)) - [id: 0x98fa128d] REGISTERED
2019-09-26 10:02:18,933 INFO  logging.LoggingHandler (AbstractInternalLogger.java:log(150)) - [id: 0x98fa128d] BIND: 0.0.0.0/0.0.0.0:42528
2019-09-26 10:02:18,938 INFO  ratis.MiniRaftCluster (MiniRaftCluster.java:newRaftServer(330)) - newRaftServer: s1, group-EA0D101F487D:[s0:0.0.0.0:42528, s1:0.0.0.0:37394, s2:0.0.0.0:41916], format? true
2019-09-26 10:02:18,938 TRACE util.FileUtils (FileUtils.java:deleteFully(88)) - deleteFully target/test/data/1fdfb1b/MiniRaftClusterWithNetty60c66dd9/s1
2019-09-26 10:02:18,938 INFO  logging.LoggingHandler (AbstractInternalLogger.java:log(150)) - [id: 0x98fa128d, L:0.0.0.0/0.0.0.0:42528] ACTIVE
2019-09-26 10:02:18,938 TRACE util.FileUtils (FileUtils.java:deleteFully(104)) - deleteFully: target/test/data/1fdfb1b/MiniRaftClusterWithNetty60c66dd9/s1 does not exist.
2019-09-26 10:02:18,939 INFO  ratis.MiniRaftCluster (MiniRaftCluster.java:newRaftServer(335)) - Formatted directory target/test/data/1fdfb1b/MiniRaftClusterWithNetty60c66dd9/s1
2019-09-26 10:02:18,939 INFO  impl.RaftServerProxy (ConfUtils.java:logGet(43)) - raft.rpc.type = NETTY (custom)
2019-09-26 10:02:18,941 INFO  netty.NettyConfigKeys$Server (ConfUtils.java:logGet(43)) - raft.netty.server.port = 37394 (custom)
2019-09-26 10:02:18,942 INFO  server.RaftServerConfigKeys (ConfUtils.java:logGet(43)) - raft.server.storage.dir = [/workdir/ratis-examples/target/test/data/1fdfb1b/MiniRaftClusterWithNetty60c66dd9/s1] (custom)
2019-09-26 10:02:18,942 INFO  logging.LoggingHandler (AbstractInternalLogger.java:log(150)) - [id: 0x404738b4] REGISTERED
2019-09-26 10:02:18,942 INFO  impl.RaftServerProxy (RaftServerProxy.java:addNew(89)) - s1: addNew group-EA0D101F487D:[s0:0.0.0.0:42528, s1:0.0.0.0:37394, s2:0.0.0.0:41916] returns group-EA0D101F487D:java.util.concurrent.CompletableFuture@2e76221d[Not completed]
2019-09-26 10:02:18,942 INFO  logging.LoggingHandler (AbstractInternalLogger.java:log(150)) - [id: 0x404738b4] BIND: 0.0.0.0/0.0.0.0:37394
2019-09-26 10:02:18,943 INFO  logging.LoggingHandler (AbstractInternalLogger.java:log(150)) - [id: 0x404738b4, L:/0.0.0.0:37394] ACTIVE
2019-09-26 10:02:18,943 INFO  ratis.MiniRaftCluster (MiniRaftCluster.java:newRaftServer(330)) - newRaftServer: s2, group-EA0D101F487D:[s0:0.0.0.0:42528, s1:0.0.0.0:37394, s2:0.0.0.0:41916], format? true
2019-09-26 10:02:18,944 TRACE util.FileUtils (FileUtils.java:deleteFully(88)) - deleteFully target/test/data/1fdfb1b/MiniRaftClusterWithNetty60c66dd9/s2
2019-09-26 10:02:18,944 TRACE util.FileUtils (FileUtils.java:deleteFully(104)) - deleteFully: target/test/data/1fdfb1b/MiniRaftClusterWithNetty60c66dd9/s2 does not exist.
2019-09-26 10:02:18,944 INFO  ratis.MiniRaftCluster (MiniRaftCluster.java:newRaftServer(335)) - Formatted directory target/test/data/1fdfb1b/MiniRaftClusterWithNetty60c66dd9/s2
2019-09-26 10:02:18,944 INFO  statemachine.StateMachine (ConfUtils.java:logGet(43)) - example.filestore.statemachine.dir = /workdir/ratis-examples/target/test/data/1fdfb1b/TestFileStoreWithNetty/filestore (custom)
2019-09-26 10:02:18,944 INFO  statemachine.StateMachine (ConfUtils.java:logGet(43)) - example.filestore.statemachine.dir = /workdir/ratis-examples/target/test/data/1fdfb1b/TestFileStoreWithNetty/filestore (custom)
2019-09-26 10:02:18,945 INFO  impl.RaftServerProxy (ConfUtils.java:logGet(43)) - raft.rpc.type = NETTY (custom)
2019-09-26 10:02:18,947 INFO  netty.NettyConfigKeys$Server (ConfUtils.java:logGet(43)) - raft.netty.server.port = 41916 (custom)
2019-09-26 10:02:18,948 INFO  server.RaftServerConfigKeys (ConfUtils.java:logGet(43)) - raft.server.storage.dir = [/workdir/ratis-examples/target/test/data/1fdfb1b/MiniRaftClusterWithNetty60c66dd9/s2] (custom)
2019-09-26 10:02:18,949 INFO  logging.LoggingHandler (AbstractInternalLogger.java:log(150)) - [id: 0xa287243a] REGISTERED
2019-09-26 10:02:18,949 INFO  impl.RaftServerProxy (RaftServerProxy.java:addNew(89)) - s2: addNew group-EA0D101F487D:[s0:0.0.0.0:42528, s1:0.0.0.0:37394, s2:0.0.0.0:41916] returns group-EA0D101F487D:java.util.concurrent.CompletableFuture@191ae3c9[Not completed]
2019-09-26 10:02:18,949 INFO  logging.LoggingHandler (AbstractInternalLogger.java:log(150)) - [id: 0xa287243a] BIND: 0.0.0.0/0.0.0.0:41916
2019-09-26 10:02:18,950 INFO  logging.LoggingHandler (AbstractInternalLogger.java:log(150)) - [id: 0xa287243a, L:/0.0.0.0:41916] ACTIVE
2019-09-26 10:02:18,951 INFO  statemachine.StateMachine (ConfUtils.java:logGet(43)) - example.filestore.statemachine.dir = /workdir/ratis-examples/target/test/data/1fdfb1b/TestFileStoreWithNetty/filestore (custom)
2019-09-26 10:02:18,951 INFO  impl.RaftServerImpl (RaftServerImpl.java:<init>(95)) - s1: new RaftServerImpl for group-EA0D101F487D:[s0:0.0.0.0:42528, s1:0.0.0.0:37394, s2:0.0.0.0:41916] with FileStoreStateMachine:uninitialized
2019-09-26 10:02:18,951 INFO  impl.RaftServerImpl (RaftServerImpl.java:<init>(95)) - s0: new RaftServerImpl for group-EA0D101F487D:[s0:0.0.0.0:42528, s1:0.0.0.0:37394, s2:0.0.0.0:41916] with FileStoreStateMachine:uninitialized
2019-09-26 10:02:18,951 INFO  impl.RaftServerImpl (RaftServerImpl.java:<init>(95)) - s2: new RaftServerImpl for group-EA0D101F487D:[s0:0.0.0.0:42528, s1:0.0.0.0:37394, s2:0.0.0.0:41916] with FileStoreStateMachine:uninitialized
2019-09-26 10:02:18,959 INFO  server.RaftServerConfigKeys (ConfUtils.java:logGet(43)) - raft.server.rpc.timeout.min = 150ms (default)
2019-09-26 10:02:18,959 INFO  server.RaftServerConfigKeys (ConfUtils.java:logGet(43)) - raft.server.rpc.timeout.min = 150ms (default)
2019-09-26 10:02:18,959 INFO  server.RaftServerConfigKeys (ConfUtils.java:logGet(43)) - raft.server.rpc.timeout.min = 150ms (default)
2019-09-26 10:02:18,960 INFO  server.RaftServerConfigKeys (ConfUtils.java:logGet(43)) - raft.server.rpc.timeout.max = 300ms (default)
2019-09-26 10:02:18,960 INFO  server.RaftServerConfigKeys (ConfUtils.java:logGet(43)) - raft.server.rpc.timeout.max = 300ms (default)
2019-09-26 10:02:18,961 INFO  server.RaftServerConfigKeys (ConfUtils.java:logGet(43)) - raft.server.rpcslowness.timeout = 60s (default)
2019-09-26 10:02:18,960 INFO  server.RaftServerConfigKeys (ConfUtils.java:logGet(43)) - raft.server.rpc.timeout.max = 300ms (default)
2019-09-26 10:02:18,961 INFO  server.RaftServerConfigKeys (ConfUtils.java:logGet(43)) - raft.server.rpcslowness.timeout = 60s (default)
2019-09-26 10:02:18,961 INFO  server.RaftServerConfigKeys (ConfUtils.java:logGet(43)) - raft.server.rpcslowness.timeout = 60s (default)
2019-09-26 10:02:18,961 INFO  server.RaftServerConfigKeys (ConfUtils.java:logGet(43)) - raft.server.sleep.deviation.threshold = 300 (default)
2019-09-26 10:02:18,962 INFO  server.RaftServerConfigKeys (ConfUtils.java:logGet(43)) - raft.server.sleep.deviation.threshold = 300 (default)
2019-09-26 10:02:18,962 INFO  server.RaftServerConfigKeys (ConfUtils.java:logGet(43)) - raft.server.sleep.deviation.threshold = 300 (default)
2019-09-26 10:02:18,964 INFO  server.RaftServerConfigKeys (ConfUtils.java:logGet(43)) - raft.server.log.appender.install.snapshot.enabled = true (default)
2019-09-26 10:02:18,964 INFO  server.RaftServerConfigKeys (ConfUtils.java:logGet(43)) - raft.server.log.appender.install.snapshot.enabled = true (default)
2019-09-26 10:02:18,964 INFO  server.RaftServerConfigKeys (ConfUtils.java:logGet(43)) - raft.server.log.appender.install.snapshot.enabled = true (default)
2019-09-26 10:02:18,972 INFO  impl.RaftServerImpl (ServerState.java:<init>(103)) - s0@group-EA0D101F487D: ConfigurationManager, init=-1: [s0:0.0.0.0:42528, s1:0.0.0.0:37394, s2:0.0.0.0:41916], old=null, confs=<EMPTY_MAP>
2019-09-26 10:02:18,972 INFO  impl.RaftServerImpl (ServerState.java:<init>(103)) - s2@group-EA0D101F487D: ConfigurationManager, init=-1: [s0:0.0.0.0:42528, s1:0.0.0.0:37394, s2:0.0.0.0:41916], old=null, confs=<EMPTY_MAP>
2019-09-26 10:02:18,972 INFO  server.RaftServerConfigKeys (ConfUtils.java:logGet(43)) - raft.server.storage.dir = [/workdir/ratis-examples/target/test/data/1fdfb1b/MiniRaftClusterWithNetty60c66dd9/s0] (custom)
2019-09-26 10:02:18,972 INFO  impl.RaftServerImpl (ServerState.java:<init>(103)) - s1@group-EA0D101F487D: ConfigurationManager, init=-1: [s0:0.0.0.0:42528, s1:0.0.0.0:37394, s2:0.0.0.0:41916], old=null, confs=<EMPTY_MAP>
2019-09-26 10:02:18,972 INFO  server.RaftServerConfigKeys (ConfUtils.java:logGet(43)) - raft.server.storage.dir = [/workdir/ratis-examples/target/test/data/1fdfb1b/MiniRaftClusterWithNetty60c66dd9/s2] (custom)
2019-09-26 10:02:18,973 INFO  server.RaftServerConfigKeys (ConfUtils.java:logGet(43)) - raft.server.storage.dir = [/workdir/ratis-examples/target/test/data/1fdfb1b/MiniRaftClusterWithNetty60c66dd9/s1] (custom)
2019-09-26 10:02:18,983 INFO  server.RaftServerConfigKeys (ConfUtils.java:logGet(43)) - raft.server.log.corruption.policy = EXCEPTION (default)
2019-09-26 10:02:18,983 INFO  server.RaftServerConfigKeys (ConfUtils.java:logGet(43)) - raft.server.log.corruption.policy = EXCEPTION (default)
2019-09-26 10:02:18,983 INFO  server.RaftServerConfigKeys (ConfUtils.java:logGet(43)) - raft.server.log.corruption.policy = EXCEPTION (default)
2019-09-26 10:02:18,985 INFO  storage.RaftStorageDirectory (RaftStorageDirectory.java:analyzeStorage(246)) - The storage directory /workdir/ratis-examples/target/test/data/1fdfb1b/MiniRaftClusterWithNetty60c66dd9/s0/079eca59-a97b-4898-bb65-ea0d101f487d does not exist. Creating ...
2019-09-26 10:02:18,985 INFO  storage.RaftStorageDirectory (RaftStorageDirectory.java:analyzeStorage(246)) - The storage directory /workdir/ratis-examples/target/test/data/1fdfb1b/MiniRaftClusterWithNetty60c66dd9/s2/079eca59-a97b-4898-bb65-ea0d101f487d does not exist. Creating ...
2019-09-26 10:02:18,985 INFO  storage.RaftStorageDirectory (RaftStorageDirectory.java:analyzeStorage(246)) - The storage directory /workdir/ratis-examples/target/test/data/1fdfb1b/MiniRaftClusterWithNetty60c66dd9/s1/079eca59-a97b-4898-bb65-ea0d101f487d does not exist. Creating ...
2019-09-26 10:02:18,987 TRACE util.FileUtils (LogUtils.java:runAndLog(61)) - Successfully ran Files.createDirectories /workdir/ratis-examples/target/test/data/1fdfb1b/MiniRaftClusterWithNetty60c66dd9/s0/079eca59-a97b-4898-bb65-ea0d101f487d
2019-09-26 10:02:18,987 TRACE util.FileUtils (LogUtils.java:runAndLog(61)) - Successfully ran Files.createDirectories /workdir/ratis-examples/target/test/data/1fdfb1b/MiniRaftClusterWithNetty60c66dd9/s2/079eca59-a97b-4898-bb65-ea0d101f487d
2019-09-26 10:02:18,988 TRACE util.FileUtils (LogUtils.java:runAndLog(61)) - Successfully ran Files.createDirectories /workdir/ratis-examples/target/test/data/1fdfb1b/MiniRaftClusterWithNetty60c66dd9/s1/079eca59-a97b-4898-bb65-ea0d101f487d
2019-09-26 10:02:19,044 INFO  storage.RaftStorageDirectory (RaftStorageDirectory.java:tryLock(328)) - Lock on /workdir/ratis-examples/target/test/data/1fdfb1b/MiniRaftClusterWithNetty60c66dd9/s0/079eca59-a97b-4898-bb65-ea0d101f487d/in_use.lock acquired by nodename 29104@ratis-test-kn96w-682825239
2019-09-26 10:02:19,044 INFO  storage.RaftStorageDirectory (RaftStorageDirectory.java:tryLock(328)) - Lock on /workdir/ratis-examples/target/test/data/1fdfb1b/MiniRaftClusterWithNetty60c66dd9/s1/079eca59-a97b-4898-bb65-ea0d101f487d/in_use.lock acquired by nodename 29104@ratis-test-kn96w-682825239
2019-09-26 10:02:19,044 INFO  storage.RaftStorageDirectory (RaftStorageDirectory.java:tryLock(328)) - Lock on /workdir/ratis-examples/target/test/data/1fdfb1b/MiniRaftClusterWithNetty60c66dd9/s2/079eca59-a97b-4898-bb65-ea0d101f487d/in_use.lock acquired by nodename 29104@ratis-test-kn96w-682825239
2019-09-26 10:02:19,046 TRACE util.FileUtils (LogUtils.java:runAndLog(61)) - Successfully ran Files.createDirectories /workdir/ratis-examples/target/test/data/1fdfb1b/MiniRaftClusterWithNetty60c66dd9/s2/079eca59-a97b-4898-bb65-ea0d101f487d/current
2019-09-26 10:02:19,046 TRACE util.FileUtils (LogUtils.java:runAndLog(61)) - Successfully ran Files.createDirectories /workdir/ratis-examples/target/test/data/1fdfb1b/MiniRaftClusterWithNetty60c66dd9/s1/079eca59-a97b-4898-bb65-ea0d101f487d/current
2019-09-26 10:02:19,046 TRACE util.FileUtils (LogUtils.java:runAndLog(61)) - Successfully ran Files.createDirectories /workdir/ratis-examples/target/test/data/1fdfb1b/MiniRaftClusterWithNetty60c66dd9/s0/079eca59-a97b-4898-bb65-ea0d101f487d/current
2019-09-26 10:02:19,047 TRACE util.FileUtils (LogUtils.java:runAndLog(61)) - Successfully ran Files.createDirectories /workdir/ratis-examples/target/test/data/1fdfb1b/MiniRaftClusterWithNetty60c66dd9/s1/079eca59-a97b-4898-bb65-ea0d101f487d/sm
2019-09-26 10:02:19,046 TRACE util.FileUtils (LogUtils.java:runAndLog(61)) - Successfully ran Files.createDirectories /workdir/ratis-examples/target/test/data/1fdfb1b/MiniRaftClusterWithNetty60c66dd9/s2/079eca59-a97b-4898-bb65-ea0d101f487d/sm
2019-09-26 10:02:19,047 TRACE util.FileUtils (LogUtils.java:runAndLog(61)) - Successfully ran Files.createDirectories /workdir/ratis-examples/target/test/data/1fdfb1b/MiniRaftClusterWithNetty60c66dd9/s0/079eca59-a97b-4898-bb65-ea0d101f487d/sm
2019-09-26 10:02:19,070 INFO  storage.RaftStorage (RaftStorage.java:format(84)) - Storage directory /workdir/ratis-examples/target/test/data/1fdfb1b/MiniRaftClusterWithNetty60c66dd9/s2/079eca59-a97b-4898-bb65-ea0d101f487d has been successfully formatted.
2019-09-26 10:02:19,070 INFO  storage.RaftStorage (RaftStorage.java:format(84)) - Storage directory /workdir/ratis-examples/target/test/data/1fdfb1b/MiniRaftClusterWithNetty60c66dd9/s0/079eca59-a97b-4898-bb65-ea0d101f487d has been successfully formatted.
2019-09-26 10:02:19,070 INFO  storage.RaftStorage (RaftStorage.java:format(84)) - Storage directory /workdir/ratis-examples/target/test/data/1fdfb1b/MiniRaftClusterWithNetty60c66dd9/s1/079eca59-a97b-4898-bb65-ea0d101f487d has been successfully formatted.
2019-09-26 10:02:19,075 TRACE util.FileUtils (LogUtils.java:runAndLog(61)) - Successfully ran Files.createDirectories /workdir/ratis-examples/target/test/data/1fdfb1b/TestFileStoreWithNetty/filestore/s2
2019-09-26 10:02:19,075 TRACE util.FileUtils (LogUtils.java:runAndLog(61)) - Successfully ran Files.createDirectories /workdir/ratis-examples/target/test/data/1fdfb1b/TestFileStoreWithNetty/filestore/s0
2019-09-26 10:02:19,075 TRACE util.FileUtils (LogUtils.java:runAndLog(61)) - Successfully ran Files.createDirectories /workdir/ratis-examples/target/test/data/1fdfb1b/TestFileStoreWithNetty/filestore/s1
2019-09-26 10:02:19,076 INFO  server.RaftServerConfigKeys (ConfUtils.java:logGet(43)) - raft.server.notification.no-leader.timeout = 60s (default)
2019-09-26 10:02:19,076 INFO  server.RaftServerConfigKeys (ConfUtils.java:logGet(43)) - raft.server.notification.no-leader.timeout = 60s (default)
2019-09-26 10:02:19,076 INFO  server.RaftServerConfigKeys (ConfUtils.java:logGet(43)) - raft.server.notification.no-leader.timeout = 60s (default)
2019-09-26 10:02:19,080 INFO  server.RaftServerConfigKeys (ConfUtils.java:logGet(43)) - raft.server.log.use.memory = false (default)
2019-09-26 10:02:19,080 INFO  server.RaftServerConfigKeys (ConfUtils.java:logGet(43)) - raft.server.log.use.memory = false (default)
2019-09-26 10:02:19,080 INFO  server.RaftServerConfigKeys (ConfUtils.java:logGet(43)) - raft.server.log.use.memory = false (default)
2019-09-26 10:02:19,086 INFO  server.RaftServerConfigKeys (ConfUtils.java:logGet(43)) - raft.server.log.purge.gap = 1024 (default)
2019-09-26 10:02:19,086 INFO  server.RaftServerConfigKeys (ConfUtils.java:logGet(43)) - raft.server.log.purge.gap = 1024 (default)
2019-09-26 10:02:19,086 INFO  server.RaftServerConfigKeys (ConfUtils.java:logGet(43)) - raft.server.log.purge.gap = 1024 (default)
2019-09-26 10:02:19,086 INFO  server.RaftServerConfigKeys (ConfUtils.java:logGet(43)) - raft.server.log.appender.buffer.byte-limit = 4MB (=4194304) (default)
2019-09-26 10:02:19,086 INFO  server.RaftServerConfigKeys (ConfUtils.java:logGet(43)) - raft.server.log.appender.buffer.byte-limit = 4MB (=4194304) (default)
2019-09-26 10:02:19,087 INFO  server.RaftServerConfigKeys (ConfUtils.java:logGet(43)) - raft.server.log.appender.buffer.byte-limit = 4MB (=4194304) (default)
2019-09-26 10:02:19,090 INFO  server.RaftServerConfigKeys (ConfUtils.java:logGet(43)) - raft.server.log.segment.size.max = 8MB (=8388608) (default)
2019-09-26 10:02:19,090 INFO  server.RaftServerConfigKeys (ConfUtils.java:logGet(43)) - raft.server.log.segment.size.max = 8MB (=8388608) (default)
2019-09-26 10:02:19,090 INFO  server.RaftServerConfigKeys (ConfUtils.java:logGet(43)) - raft.server.log.segment.size.max = 8MB (=8388608) (default)
2019-09-26 10:02:19,095 INFO  server.RaftServerConfigKeys (ConfUtils.java:logGet(43)) - raft.server.log.segment.cache.num.max = 6 (default)
2019-09-26 10:02:19,095 INFO  server.RaftServerConfigKeys (ConfUtils.java:logGet(43)) - raft.server.log.segment.cache.num.max = 6 (default)
2019-09-26 10:02:19,095 INFO  server.RaftServerConfigKeys (ConfUtils.java:logGet(43)) - raft.server.log.segment.cache.num.max = 6 (default)
2019-09-26 10:02:19,100 INFO  segmented.SegmentedRaftLogWorker (SegmentedRaftLogWorker.java:<init>(172)) - new s1@group-EA0D101F487D-SegmentedRaftLogWorker for RaftStorage:Storage Directory /workdir/ratis-examples/target/test/data/1fdfb1b/MiniRaftClusterWithNetty60c66dd9/s1/079eca59-a97b-4898-bb65-ea0d101f487d
2019-09-26 10:02:19,100 INFO  segmented.SegmentedRaftLogWorker (SegmentedRaftLogWorker.java:<init>(172)) - new s2@group-EA0D101F487D-SegmentedRaftLogWorker for RaftStorage:Storage Directory /workdir/ratis-examples/target/test/data/1fdfb1b/MiniRaftClusterWithNetty60c66dd9/s2/079eca59-a97b-4898-bb65-ea0d101f487d
2019-09-26 10:02:19,100 INFO  segmented.SegmentedRaftLogWorker (SegmentedRaftLogWorker.java:<init>(172)) - new s0@group-EA0D101F487D-SegmentedRaftLogWorker for RaftStorage:Storage Directory /workdir/ratis-examples/target/test/data/1fdfb1b/MiniRaftClusterWithNetty60c66dd9/s0/079eca59-a97b-4898-bb65-ea0d101f487d
2019-09-26 10:02:19,304 INFO  beanutils.FluentPropertyBeanIntrospector (FluentPropertyBeanIntrospector.java:introspect(147)) - Error when creating PropertyDescriptor for public final void org.apache.commons.configuration2.AbstractConfiguration.setProperty(java.lang.String,java.lang.Object)! Ignoring this property.
2019-09-26 10:02:19,324 WARN  impl.MetricsConfig (MetricsConfig.java:loadFirst(134)) - Cannot locate configuration: tried hadoop-metrics2-ratis.properties,hadoop-metrics2.properties
2019-09-26 10:02:19,423 INFO  impl.MetricsSystemImpl (MetricsSystemImpl.java:startTimer(374)) - Scheduled Metric snapshot period at 10 second(s).
2019-09-26 10:02:19,424 INFO  impl.MetricsSystemImpl (MetricsSystemImpl.java:start(191)) - ratis metrics system started
2019-09-26 10:02:19,433 INFO  metrics.MetricRegistries (MetricRegistriesLoader.java:load(64)) - Loaded MetricRegistries class org.apache.ratis.metrics.impl.MetricRegistriesImpl
2019-09-26 10:02:19,479 INFO  server.RaftServerConfigKeys (ConfUtils.java:logGet(43)) - raft.server.log.queue.byte-limit = 64MB (=67108864) (default)
2019-09-26 10:02:19,479 INFO  server.RaftServerConfigKeys (ConfUtils.java:logGet(43)) - raft.server.log.queue.byte-limit = 64MB (=67108864) (default)
2019-09-26 10:02:19,479 INFO  server.RaftServerConfigKeys (ConfUtils.java:logGet(43)) - raft.server.log.queue.byte-limit = 64MB (=67108864) (default)
2019-09-26 10:02:19,480 INFO  server.RaftServerConfigKeys (ConfUtils.java:logGet(43)) - raft.server.log.queue.element-limit = 4096 (default)
2019-09-26 10:02:19,480 INFO  server.RaftServerConfigKeys (ConfUtils.java:logGet(43)) - raft.server.log.queue.element-limit = 4096 (default)
2019-09-26 10:02:19,480 INFO  server.RaftServerConfigKeys (ConfUtils.java:logGet(43)) - raft.server.log.queue.element-limit = 4096 (default)
2019-09-26 10:02:19,484 INFO  server.RaftServerConfigKeys (ConfUtils.java:logGet(43)) - raft.server.log.segment.size.max = 8MB (=8388608) (default)
2019-09-26 10:02:19,484 INFO  server.RaftServerConfigKeys (ConfUtils.java:logGet(43)) - raft.server.log.segment.size.max = 8MB (=8388608) (default)
2019-09-26 10:02:19,484 INFO  server.RaftServerConfigKeys (ConfUtils.java:logGet(43)) - raft.server.log.segment.size.max = 8MB (=8388608) (default)
2019-09-26 10:02:19,485 INFO  server.RaftServerConfigKeys (ConfUtils.java:logGet(43)) - raft.server.log.preallocated.size = 4MB (=4194304) (default)
2019-09-26 10:02:19,485 INFO  server.RaftServerConfigKeys (ConfUtils.java:logGet(43)) - raft.server.log.preallocated.size = 4MB (=4194304) (default)
2019-09-26 10:02:19,485 INFO  server.RaftServerConfigKeys (ConfUtils.java:logGet(43)) - raft.server.log.preallocated.size = 4MB (=4194304) (default)
2019-09-26 10:02:19,485 INFO  server.RaftServerConfigKeys (ConfUtils.java:logGet(43)) - raft.server.log.write.buffer.size = 64KB (=65536) (default)
2019-09-26 10:02:19,485 INFO  server.RaftServerConfigKeys (ConfUtils.java:logGet(43)) - raft.server.log.write.buffer.size = 64KB (=65536) (default)
2019-09-26 10:02:19,486 INFO  server.RaftServerConfigKeys (ConfUtils.java:logGet(43)) - raft.server.log.write.buffer.size = 64KB (=65536) (default)
2019-09-26 10:02:19,486 INFO  server.RaftServerConfigKeys (ConfUtils.java:logGet(43)) - raft.server.log.force.sync.num = 128 (default)
2019-09-26 10:02:19,486 INFO  server.RaftServerConfigKeys (ConfUtils.java:logGet(43)) - raft.server.log.force.sync.num = 128 (default)
2019-09-26 10:02:19,486 INFO  server.RaftServerConfigKeys (ConfUtils.java:logGet(43)) - raft.server.log.force.sync.num = 128 (default)
2019-09-26 10:02:19,488 INFO  server.RaftServerConfigKeys (ConfUtils.java:logGet(43)) - raft.server.log.statemachine.data.sync = true (default)
2019-09-26 10:02:19,488 INFO  server.RaftServerConfigKeys (ConfUtils.java:logGet(43)) - raft.server.log.statemachine.data.sync = true (default)
2019-09-26 10:02:19,488 INFO  server.RaftServerConfigKeys (ConfUtils.java:logGet(43)) - raft.server.log.statemachine.data.sync = true (default)
2019-09-26 10:02:19,489 INFO  server.RaftServerConfigKeys (ConfUtils.java:logGet(43)) - raft.server.log.statemachine.data.sync.timeout = 10s (default)
2019-09-26 10:02:19,488 INFO  server.RaftServerConfigKeys (ConfUtils.java:logGet(43)) - raft.server.log.statemachine.data.sync.timeout = 10s (default)
2019-09-26 10:02:19,489 INFO  server.RaftServerConfigKeys (ConfUtils.java:logGet(43)) - raft.server.log.statemachine.data.sync.timeout = 10s (default)
2019-09-26 10:02:19,489 INFO  server.RaftServerConfigKeys (ConfUtils.java:logGet(43)) - raft.server.log.statemachine.data.sync.timeout.retry = -1 (default)
2019-09-26 10:02:19,489 INFO  server.RaftServerConfigKeys (ConfUtils.java:logGet(43)) - raft.server.log.statemachine.data.sync.timeout.retry = -1 (default)
2019-09-26 10:02:19,490 INFO  server.RaftServerConfigKeys (ConfUtils.java:logGet(43)) - raft.server.log.statemachine.data.sync.timeout.retry = -1 (default)
2019-09-26 10:02:19,503 INFO  server.RaftServerConfigKeys (ConfUtils.java:logGet(43)) - raft.server.log.statemachine.data.caching.enabled = false (default)
2019-09-26 10:02:19,503 INFO  server.RaftServerConfigKeys (ConfUtils.java:logGet(43)) - raft.server.log.statemachine.data.caching.enabled = false (default)
2019-09-26 10:02:19,503 INFO  server.RaftServerConfigKeys (ConfUtils.java:logGet(43)) - raft.server.log.statemachine.data.caching.enabled = false (default)
2019-09-26 10:02:19,509 INFO  segmented.SegmentedRaftLogWorker (SegmentedRaftLogWorker.java:lambda$new$0(132)) - s1@group-EA0D101F487D-SegmentedRaftLogWorker: flushIndex: setUnconditionally 0 -> -1
2019-09-26 10:02:19,509 INFO  segmented.SegmentedRaftLogWorker (SegmentedRaftLogWorker.java:lambda$new$0(132)) - s2@group-EA0D101F487D-SegmentedRaftLogWorker: flushIndex: setUnconditionally 0 -> -1
2019-09-26 10:02:19,509 INFO  segmented.SegmentedRaftLogWorker (SegmentedRaftLogWorker.java:lambda$new$0(132)) - s0@group-EA0D101F487D-SegmentedRaftLogWorker: flushIndex: setUnconditionally 0 -> -1
2019-09-26 10:02:19,515 INFO  server.RaftServerConfigKeys (ConfUtils.java:logGet(43)) - raft.server.snapshot.auto.trigger.enabled = false (default)
2019-09-26 10:02:19,515 INFO  server.RaftServerConfigKeys (ConfUtils.java:logGet(43)) - raft.server.snapshot.auto.trigger.enabled = false (default)
2019-09-26 10:02:19,515 INFO  server.RaftServerConfigKeys (ConfUtils.java:logGet(43)) - raft.server.snapshot.auto.trigger.enabled = false (default)
2019-09-26 10:02:19,516 INFO  server.RaftServerConfigKeys (ConfUtils.java:logGet(43)) - raft.server.snapshot.retention.file.num = -1 (default)
2019-09-26 10:02:19,516 INFO  server.RaftServerConfigKeys (ConfUtils.java:logGet(43)) - raft.server.snapshot.retention.file.num = -1 (default)
2019-09-26 10:02:19,516 INFO  server.RaftServerConfigKeys (ConfUtils.java:logGet(43)) - raft.server.snapshot.retention.file.num = -1 (default)
2019-09-26 10:02:19,517 INFO  server.RaftServerConfigKeys (ConfUtils.java:logGet(43)) - raft.server.retrycache.expirytime = 60s (default)
2019-09-26 10:02:19,517 INFO  server.RaftServerConfigKeys (ConfUtils.java:logGet(43)) - raft.server.retrycache.expirytime = 60s (default)
2019-09-26 10:02:19,517 INFO  server.RaftServerConfigKeys (ConfUtils.java:logGet(43)) - raft.server.retrycache.expirytime = 60s (default)
2019-09-26 10:02:19,548 INFO  impl.RaftServerImpl (RaftServerImpl.java:start(181)) - s0@group-EA0D101F487D: start as a follower, conf=-1: [s0:0.0.0.0:42528, s1:0.0.0.0:37394, s2:0.0.0.0:41916], old=null
2019-09-26 10:02:19,551 INFO  impl.RaftServerImpl (RaftServerImpl.java:setRole(170)) - s0@group-EA0D101F487D: changes role from      null to FOLLOWER at term 0 for startAsFollower
2019-09-26 10:02:19,553 INFO  impl.RoleInfo (RoleInfo.java:updateAndGet(143)) - s0: start FollowerState
2019-09-26 10:02:19,556 INFO  util.JmxRegister (JmxRegister.java:tryRegister(44)) - Successfully registered JMX Bean with object name Ratis:service=RaftServer,group=group-EA0D101F487D,id=s0
2019-09-26 10:02:19,567 INFO  impl.RaftServerProxy (RaftServerProxy.java:lambda$start$3(299)) - s0: start RPC server
2019-09-26 10:02:19,567 INFO  impl.RaftServerImpl (RaftServerImpl.java:start(181)) - s1@group-EA0D101F487D: start as a follower, conf=-1: [s0:0.0.0.0:42528, s1:0.0.0.0:37394, s2:0.0.0.0:41916], old=null
2019-09-26 10:02:19,568 INFO  impl.RaftServerImpl (RaftServerImpl.java:setRole(170)) - s1@group-EA0D101F487D: changes role from      null to FOLLOWER at term 0 for startAsFollower
2019-09-26 10:02:19,568 INFO  impl.RoleInfo (RoleInfo.java:updateAndGet(143)) - s1: start FollowerState
2019-09-26 10:02:19,568 INFO  util.JmxRegister (JmxRegister.java:tryRegister(44)) - Successfully registered JMX Bean with object name Ratis:service=RaftServer,group=group-EA0D101F487D,id=s1
2019-09-26 10:02:19,574 INFO  impl.RaftServerProxy (RaftServerProxy.java:lambda$start$3(299)) - s1: start RPC server
2019-09-26 10:02:19,575 INFO  impl.RaftServerImpl (RaftServerImpl.java:start(181)) - s2@group-EA0D101F487D: start as a follower, conf=-1: [s0:0.0.0.0:42528, s1:0.0.0.0:37394, s2:0.0.0.0:41916], old=null
2019-09-26 10:02:19,575 INFO  impl.RaftServerImpl (RaftServerImpl.java:setRole(170)) - s2@group-EA0D101F487D: changes role from      null to FOLLOWER at term 0 for startAsFollower
2019-09-26 10:02:19,575 INFO  impl.RoleInfo (RoleInfo.java:updateAndGet(143)) - s2: start FollowerState
2019-09-26 10:02:19,576 INFO  util.JmxRegister (JmxRegister.java:tryRegister(44)) - Successfully registered JMX Bean with object name Ratis:service=RaftServer,group=group-EA0D101F487D,id=s2
2019-09-26 10:02:19,581 INFO  impl.RaftServerProxy (RaftServerProxy.java:lambda$start$3(299)) - s2: start RPC server
2019-09-26 10:02:19,584 INFO  server.RaftServerConfigKeys (ConfUtils.java:logGet(43)) - raft.server.rpc.timeout.max = 300ms (default)
2019-09-26 10:02:19,587 INFO  ratis.RaftTestUtil (RaftTestUtil.java:waitForLeader(86)) - printing ALL groups
  s0:  RUNNING  FOLLOWER s0@group-EA0D101F487D:t0, leader=null, voted=null, raftlog=s0@group-EA0D101F487D-SegmentedRaftLog:OPENED:c-1,f-1,i0, conf=-1: [s0:0.0.0.0:42528, s1:0.0.0.0:37394, s2:0.0.0.0:41916], old=null RUNNING
  s1:  RUNNING  FOLLOWER s1@group-EA0D101F487D:t0, leader=null, voted=null, raftlog=s1@group-EA0D101F487D-SegmentedRaftLog:OPENED:c-1,f-1,i0, conf=-1: [s0:0.0.0.0:42528, s1:0.0.0.0:37394, s2:0.0.0.0:41916], old=null RUNNING
  s2:  RUNNING  FOLLOWER s2@group-EA0D101F487D:t0, leader=null, voted=null, raftlog=s2@group-EA0D101F487D-SegmentedRaftLog:OPENED:c-1,f-1,i0, conf=-1: [s0:0.0.0.0:42528, s1:0.0.0.0:37394, s2:0.0.0.0:41916], old=null RUNNING
2019-09-26 10:02:19,592 WARN  ratis.RaftTestUtil (JavaUtils.java:attempt(158)) - FAILED "waitForLeader-null-(expectLeader? true)", attempt #1/100: java.lang.IllegalStateException: No leader yet : printing ALL groups
  s0:  RUNNING  FOLLOWER s0@group-EA0D101F487D:t0, leader=null, voted=null, raftlog=s0@group-EA0D101F487D-SegmentedRaftLog:OPENED:c-1,f-1,i0, conf=-1: [s0:0.0.0.0:42528, s1:0.0.0.0:37394, s2:0.0.0.0:41916], old=null RUNNING
  s1:  RUNNING  FOLLOWER s1@group-EA0D101F487D:t0, leader=null, voted=null, raftlog=s1@group-EA0D101F487D-SegmentedRaftLog:OPENED:c-1,f-1,i0, conf=-1: [s0:0.0.0.0:42528, s1:0.0.0.0:37394, s2:0.0.0.0:41916], old=null RUNNING
  s2:  RUNNING  FOLLOWER s2@group-EA0D101F487D:t0, leader=null, voted=null, raftlog=s2@group-EA0D101F487D-SegmentedRaftLog:OPENED:c-1,f-1,i0, conf=-1: [s0:0.0.0.0:42528, s1:0.0.0.0:37394, s2:0.0.0.0:41916], old=null RUNNING, sleep 450ms and then retry.
java.lang.IllegalStateException: No leader yet : printing ALL groups
  s0:  RUNNING  FOLLOWER s0@group-EA0D101F487D:t0, leader=null, voted=null, raftlog=s0@group-EA0D101F487D-SegmentedRaftLog:OPENED:c-1,f-1,i0, conf=-1: [s0:0.0.0.0:42528, s1:0.0.0.0:37394, s2:0.0.0.0:41916], old=null RUNNING
  s1:  RUNNING  FOLLOWER s1@group-EA0D101F487D:t0, leader=null, voted=null, raftlog=s1@group-EA0D101F487D-SegmentedRaftLog:OPENED:c-1,f-1,i0, conf=-1: [s0:0.0.0.0:42528, s1:0.0.0.0:37394, s2:0.0.0.0:41916], old=null RUNNING
  s2:  RUNNING  FOLLOWER s2@group-EA0D101F487D:t0, leader=null, voted=null, raftlog=s2@group-EA0D101F487D-SegmentedRaftLog:OPENED:c-1,f-1,i0, conf=-1: [s0:0.0.0.0:42528, s1:0.0.0.0:37394, s2:0.0.0.0:41916], old=null RUNNING
	at org.apache.ratis.MiniRaftCluster.newIllegalStateExceptionForNoLeaders(MiniRaftCluster.java:506)
	at org.apache.ratis.RaftTestUtil.lambda$waitForLeader$1(RaftTestUtil.java:90)
	at org.apache.ratis.MiniRaftCluster.getLeader(MiniRaftCluster.java:539)
	at org.apache.ratis.MiniRaftCluster.getLeader(MiniRaftCluster.java:532)
	at org.apache.ratis.RaftTestUtil.lambda$waitForLeader$3(RaftTestUtil.java:98)
	at org.apache.ratis.util.JavaUtils.attempt(JavaUtils.java:152)
	at org.apache.ratis.RaftTestUtil.waitForLeader(RaftTestUtil.java:97)
	at org.apache.ratis.RaftTestUtil.waitForLeader(RaftTestUtil.java:77)
	at org.apache.ratis.RaftTestUtil.waitForLeader(RaftTestUtil.java:72)
	at org.apache.ratis.examples.filestore.FileStoreBaseTest.testFileStore(FileStoreBaseTest.java:73)
	at sun.reflect.NativeMethodAccessorImpl.invoke0(Native Method)
	at sun.reflect.NativeMethodAccessorImpl.invoke(NativeMethodAccessorImpl.java:62)
	at sun.reflect.DelegatingMethodAccessorImpl.invoke(DelegatingMethodAccessorImpl.java:43)
	at java.lang.reflect.Method.invoke(Method.java:498)
	at org.junit.runners.model.FrameworkMethod$1.runReflectiveCall(FrameworkMethod.java:50)
	at org.junit.internal.runners.model.ReflectiveCallable.run(ReflectiveCallable.java:12)
	at org.junit.runners.model.FrameworkMethod.invokeExplosively(FrameworkMethod.java:47)
	at org.junit.internal.runners.statements.InvokeMethod.evaluate(InvokeMethod.java:17)
	at org.junit.internal.runners.statements.RunAfters.evaluate(RunAfters.java:27)
	at org.junit.internal.runners.statements.FailOnTimeout$CallableStatement.call(FailOnTimeout.java:298)
	at org.junit.internal.runners.statements.FailOnTimeout$CallableStatement.call(FailOnTimeout.java:292)
	at java.util.concurrent.FutureTask.run(FutureTask.java:266)
	at java.lang.Thread.run(Thread.java:748)
2019-09-26 10:02:19,720 INFO  impl.FollowerState (FollowerState.java:run(108)) - s0@group-EA0D101F487D-FollowerState: change to CANDIDATE, lastRpcTime:168ms, electionTimeout:167ms
2019-09-26 10:02:19,723 INFO  impl.RoleInfo (RoleInfo.java:shutdownFollowerState(121)) - s0: shutdown FollowerState
2019-09-26 10:02:19,723 INFO  impl.RaftServerImpl (RaftServerImpl.java:setRole(170)) - s0@group-EA0D101F487D: changes role from  FOLLOWER to CANDIDATE at term 0 for changeToCandidate
2019-09-26 10:02:19,727 INFO  impl.RoleInfo (RoleInfo.java:updateAndGet(143)) - s0: start LeaderElection
2019-09-26 10:02:19,741 INFO  impl.LeaderElection (LeaderElection.java:askForVotes(178)) - s0@group-EA0D101F487D-LeaderElection1: begin an election at term 1 for -1: [s0:0.0.0.0:42528, s1:0.0.0.0:37394, s2:0.0.0.0:41916], old=null
2019-09-26 10:02:19,791 INFO  impl.FollowerState (FollowerState.java:run(108)) - s1@group-EA0D101F487D-FollowerState: change to CANDIDATE, lastRpcTime:223ms, electionTimeout:223ms
2019-09-26 10:02:19,792 INFO  impl.RoleInfo (RoleInfo.java:shutdownFollowerState(121)) - s1: shutdown FollowerState
2019-09-26 10:02:19,792 INFO  impl.RaftServerImpl (RaftServerImpl.java:setRole(170)) - s1@group-EA0D101F487D: changes role from  FOLLOWER to CANDIDATE at term 0 for changeToCandidate
2019-09-26 10:02:19,792 INFO  impl.RoleInfo (RoleInfo.java:updateAndGet(143)) - s1: start LeaderElection
2019-09-26 10:02:19,806 INFO  impl.LeaderElection (LeaderElection.java:askForVotes(178)) - s1@group-EA0D101F487D-LeaderElection2: begin an election at term 1 for -1: [s0:0.0.0.0:42528, s1:0.0.0.0:37394, s2:0.0.0.0:41916], old=null
2019-09-26 10:02:19,962 INFO  impl.FollowerState (FollowerState.java:run(108)) - s2@group-EA0D101F487D-FollowerState: change to CANDIDATE, lastRpcTime:386ms, electionTimeout:283ms
2019-09-26 10:02:19,963 INFO  impl.RoleInfo (RoleInfo.java:shutdownFollowerState(121)) - s2: shutdown FollowerState
2019-09-26 10:02:19,963 INFO  impl.RaftServerImpl (RaftServerImpl.java:setRole(170)) - s2@group-EA0D101F487D: changes role from  FOLLOWER to CANDIDATE at term 0 for changeToCandidate
2019-09-26 10:02:19,963 INFO  impl.RoleInfo (RoleInfo.java:updateAndGet(143)) - s2: start LeaderElection
2019-09-26 10:02:19,979 INFO  impl.LeaderElection (LeaderElection.java:askForVotes(178)) - s2@group-EA0D101F487D-LeaderElection3: begin an election at term 1 for -1: [s0:0.0.0.0:42528, s1:0.0.0.0:37394, s2:0.0.0.0:41916], old=null
2019-09-26 10:02:19,998 INFO  impl.LeaderElection (LeaderElection.java:logAndReturn(56)) - s0@group-EA0D101F487D-LeaderElection1: Election TIMEOUT; received 0 response(s) [] and 0 exception(s); s0@group-EA0D101F487D:t1, leader=null, voted=s0, raftlog=s0@group-EA0D101F487D-SegmentedRaftLog:OPENED:c-1,f-1,i0, conf=-1: [s0:0.0.0.0:42528, s1:0.0.0.0:37394, s2:0.0.0.0:41916], old=null
2019-09-26 10:02:20,007 INFO  logging.LoggingHandler (AbstractInternalLogger.java:log(150)) - [id: 0x404738b4, L:/0.0.0.0:37394] READ: [id: 0x79174b24, L:/192.168.30.59:37394 - R:/192.168.30.59:33788]
2019-09-26 10:02:20,007 INFO  logging.LoggingHandler (AbstractInternalLogger.java:log(150)) - [id: 0x98fa128d, L:0.0.0.0/0.0.0.0:42528] READ: [id: 0xa384eff0, L:/192.168.30.59:42528 - R:/192.168.30.59:56209]
2019-09-26 10:02:20,007 INFO  logging.LoggingHandler (AbstractInternalLogger.java:log(150)) - [id: 0xa287243a, L:/0.0.0.0:41916] READ: [id: 0x93afa68c, L:/192.168.30.59:41916 - R:/192.168.30.59:50872]
2019-09-26 10:02:20,008 INFO  logging.LoggingHandler (AbstractInternalLogger.java:log(150)) - [id: 0x404738b4, L:/0.0.0.0:37394] READ COMPLETE
2019-09-26 10:02:20,008 INFO  logging.LoggingHandler (AbstractInternalLogger.java:log(150)) - [id: 0xa287243a, L:/0.0.0.0:41916] READ COMPLETE
2019-09-26 10:02:20,008 INFO  logging.LoggingHandler (AbstractInternalLogger.java:log(150)) - [id: 0x98fa128d, L:0.0.0.0/0.0.0.0:42528] READ COMPLETE
2019-09-26 10:02:20,008 INFO  logging.LoggingHandler (AbstractInternalLogger.java:log(150)) - [id: 0x404738b4, L:/0.0.0.0:37394] READ: [id: 0x169b9a98, L:/192.168.30.59:37394 - R:/192.168.30.59:33790]
2019-09-26 10:02:20,009 INFO  logging.LoggingHandler (AbstractInternalLogger.java:log(150)) - [id: 0xa287243a, L:/0.0.0.0:41916] READ: [id: 0x7e439da3, L:/192.168.30.59:41916 - R:/192.168.30.59:50873]
2019-09-26 10:02:20,009 INFO  logging.LoggingHandler (AbstractInternalLogger.java:log(150)) - [id: 0x404738b4, L:/0.0.0.0:37394] READ COMPLETE
2019-09-26 10:02:20,009 INFO  logging.LoggingHandler (AbstractInternalLogger.java:log(150)) - [id: 0x98fa128d, L:0.0.0.0/0.0.0.0:42528] READ: [id: 0x6d4a35a4, L:/192.168.30.59:42528 - R:/192.168.30.59:56208]
2019-09-26 10:02:20,010 INFO  logging.LoggingHandler (AbstractInternalLogger.java:log(150)) - [id: 0xa287243a, L:/0.0.0.0:41916] READ COMPLETE
2019-09-26 10:02:20,010 INFO  logging.LoggingHandler (AbstractInternalLogger.java:log(150)) - [id: 0x98fa128d, L:0.0.0.0/0.0.0.0:42528] READ COMPLETE
2019-09-26 10:02:20,013 INFO  impl.LeaderElection (LeaderElection.java:askForVotes(178)) - s0@group-EA0D101F487D-LeaderElection1: begin an election at term 2 for -1: [s0:0.0.0.0:42528, s1:0.0.0.0:37394, s2:0.0.0.0:41916], old=null
2019-09-26 10:02:20,046 WARN  ratis.RaftTestUtil (JavaUtils.java:attempt(158)) - FAILED "waitForLeader-null-(expectLeader? true)", attempt #2/100: java.lang.IllegalStateException: No leader yet : printing ALL groups
  s0:  RUNNING CANDIDATE s0@group-EA0D101F487D:t2, leader=null, voted=s0, raftlog=s0@group-EA0D101F487D-SegmentedRaftLog:OPENED:c-1,f-1,i0, conf=-1: [s0:0.0.0.0:42528, s1:0.0.0.0:37394, s2:0.0.0.0:41916], old=null RUNNING
  s1:  RUNNING CANDIDATE s1@group-EA0D101F487D:t1, leader=null, voted=s1, raftlog=s1@group-EA0D101F487D-SegmentedRaftLog:OPENED:c-1,f-1,i0, conf=-1: [s0:0.0.0.0:42528, s1:0.0.0.0:37394, s2:0.0.0.0:41916], old=null RUNNING
  s2:  RUNNING CANDIDATE s2@group-EA0D101F487D:t1, leader=null, voted=s2, raftlog=s2@group-EA0D101F487D-SegmentedRaftLog:OPENED:c-1,f-1,i0, conf=-1: [s0:0.0.0.0:42528, s1:0.0.0.0:37394, s2:0.0.0.0:41916], old=null RUNNING, sleep 450ms and then retry.
java.lang.IllegalStateException: No leader yet : printing ALL groups
  s0:  RUNNING CANDIDATE s0@group-EA0D101F487D:t2, leader=null, voted=s0, raftlog=s0@group-EA0D101F487D-SegmentedRaftLog:OPENED:c-1,f-1,i0, conf=-1: [s0:0.0.0.0:42528, s1:0.0.0.0:37394, s2:0.0.0.0:41916], old=null RUNNING
  s1:  RUNNING CANDIDATE s1@group-EA0D101F487D:t1, leader=null, voted=s1, raftlog=s1@group-EA0D101F487D-SegmentedRaftLog:OPENED:c-1,f-1,i0, conf=-1: [s0:0.0.0.0:42528, s1:0.0.0.0:37394, s2:0.0.0.0:41916], old=null RUNNING
  s2:  RUNNING CANDIDATE s2@group-EA0D101F487D:t1, leader=null, voted=s2, raftlog=s2@group-EA0D101F487D-SegmentedRaftLog:OPENED:c-1,f-1,i0, conf=-1: [s0:0.0.0.0:42528, s1:0.0.0.0:37394, s2:0.0.0.0:41916], old=null RUNNING
	at org.apache.ratis.MiniRaftCluster.newIllegalStateExceptionForNoLeaders(MiniRaftCluster.java:506)
	at org.apache.ratis.RaftTestUtil.lambda$waitForLeader$1(RaftTestUtil.java:90)
	at org.apache.ratis.MiniRaftCluster.getLeader(MiniRaftCluster.java:539)
	at org.apache.ratis.MiniRaftCluster.getLeader(MiniRaftCluster.java:532)
	at org.apache.ratis.RaftTestUtil.lambda$waitForLeader$3(RaftTestUtil.java:98)
	at org.apache.ratis.util.JavaUtils.attempt(JavaUtils.java:152)
	at org.apache.ratis.RaftTestUtil.waitForLeader(RaftTestUtil.java:97)
	at org.apache.ratis.RaftTestUtil.waitForLeader(RaftTestUtil.java:77)
	at org.apache.ratis.RaftTestUtil.waitForLeader(RaftTestUtil.java:72)
	at org.apache.ratis.examples.filestore.FileStoreBaseTest.testFileStore(FileStoreBaseTest.java:73)
	at sun.reflect.NativeMethodAccessorImpl.invoke0(Native Method)
	at sun.reflect.NativeMethodAccessorImpl.invoke(NativeMethodAccessorImpl.java:62)
	at sun.reflect.DelegatingMethodAccessorImpl.invoke(DelegatingMethodAccessorImpl.java:43)
	at java.lang.reflect.Method.invoke(Method.java:498)
	at org.junit.runners.model.FrameworkMethod$1.runReflectiveCall(FrameworkMethod.java:50)
	at org.junit.internal.runners.model.ReflectiveCallable.run(ReflectiveCallable.java:12)
	at org.junit.runners.model.FrameworkMethod.invokeExplosively(FrameworkMethod.java:47)
	at org.junit.internal.runners.statements.InvokeMethod.evaluate(InvokeMethod.java:17)
	at org.junit.internal.runners.statements.RunAfters.evaluate(RunAfters.java:27)
	at org.junit.internal.runners.statements.FailOnTimeout$CallableStatement.call(FailOnTimeout.java:298)
	at org.junit.internal.runners.statements.FailOnTimeout$CallableStatement.call(FailOnTimeout.java:292)
	at java.util.concurrent.FutureTask.run(FutureTask.java:266)
	at java.lang.Thread.run(Thread.java:748)
2019-09-26 10:02:20,062 INFO  impl.LeaderElection (LeaderElection.java:logAndReturn(56)) - s1@group-EA0D101F487D-LeaderElection2: Election TIMEOUT; received 0 response(s) [] and 0 exception(s); s1@group-EA0D101F487D:t1, leader=null, voted=s1, raftlog=s1@group-EA0D101F487D-SegmentedRaftLog:OPENED:c-1,f-1,i0, conf=-1: [s0:0.0.0.0:42528, s1:0.0.0.0:37394, s2:0.0.0.0:41916], old=null
2019-09-26 10:02:20,075 INFO  impl.LeaderElection (LeaderElection.java:askForVotes(178)) - s1@group-EA0D101F487D-LeaderElection2: begin an election at term 2 for -1: [s0:0.0.0.0:42528, s1:0.0.0.0:37394, s2:0.0.0.0:41916], old=null
2019-09-26 10:02:20,087 INFO  impl.RaftServerImpl (RaftServerImpl.java:setRole(170)) - s2@group-EA0D101F487D: changes role from CANDIDATE to FOLLOWER at term 2 for recognizeCandidate:s0
2019-09-26 10:02:20,087 INFO  impl.LeaderElection (LeaderElection.java:logAndReturn(56)) - s2@group-EA0D101F487D-LeaderElection3: Election DISCOVERED_A_NEW_TERM; received 1 response(s) [s2<-s0#0:FAIL-t2] and 0 exception(s); s2@group-EA0D101F487D:t2, leader=null, voted=null, raftlog=s2@group-EA0D101F487D-SegmentedRaftLog:OPENED:c-1,f-1,i0, conf=-1: [s0:0.0.0.0:42528, s1:0.0.0.0:37394, s2:0.0.0.0:41916], old=null
2019-09-26 10:02:20,087 INFO  impl.RoleInfo (RoleInfo.java:shutdownLeaderElection(134)) - s2: shutdown LeaderElection
2019-09-26 10:02:20,088 INFO  impl.RoleInfo (RoleInfo.java:updateAndGet(143)) - s2: start FollowerState
2019-09-26 10:02:20,102 INFO  impl.RaftServerImpl (RaftServerImpl.java:setRole(170)) - s2@group-EA0D101F487D: changes role from  FOLLOWER to FOLLOWER at term 2 for recognizeCandidate:s1
2019-09-26 10:02:20,103 INFO  impl.RoleInfo (RoleInfo.java:shutdownFollowerState(121)) - s2: shutdown FollowerState
2019-09-26 10:02:20,103 INFO  impl.LeaderElection (LeaderElection.java:logAndReturn(56)) - s0@group-EA0D101F487D-LeaderElection1: Election REJECTED; received 2 response(s) [s0<-s1#0:FAIL-t2, s0<-s2#0:FAIL-t2] and 0 exception(s); s0@group-EA0D101F487D:t2, leader=null, voted=s0, raftlog=s0@group-EA0D101F487D-SegmentedRaftLog:OPENED:c-1,f-1,i0, conf=-1: [s0:0.0.0.0:42528, s1:0.0.0.0:37394, s2:0.0.0.0:41916], old=null
2019-09-26 10:02:20,103 INFO  impl.FollowerState (FollowerState.java:run(117)) - s2@group-EA0D101F487D-FollowerState was interrupted: java.lang.InterruptedException: sleep interrupted
2019-09-26 10:02:20,103 INFO  impl.RoleInfo (RoleInfo.java:updateAndGet(143)) - s2: start FollowerState
2019-09-26 10:02:20,103 INFO  impl.RaftServerImpl (RaftServerImpl.java:setRole(170)) - s0@group-EA0D101F487D: changes role from CANDIDATE to FOLLOWER at term 2 for DISCOVERED_A_NEW_TERM
2019-09-26 10:02:20,104 INFO  impl.RoleInfo (RoleInfo.java:shutdownLeaderElection(134)) - s0: shutdown LeaderElection
2019-09-26 10:02:20,104 INFO  impl.RoleInfo (RoleInfo.java:updateAndGet(143)) - s0: start FollowerState
2019-09-26 10:02:20,120 INFO  impl.LeaderElection (LeaderElection.java:logAndReturn(56)) - s1@group-EA0D101F487D-LeaderElection2: Election PASSED; received 2 response(s) [s1<-s0#0:FAIL-t2, s1<-s2#0:OK-t2] and 0 exception(s); s1@group-EA0D101F487D:t2, leader=null, voted=s1, raftlog=s1@group-EA0D101F487D-SegmentedRaftLog:OPENED:c-1,f-1,i0, conf=-1: [s0:0.0.0.0:42528, s1:0.0.0.0:37394, s2:0.0.0.0:41916], old=null
2019-09-26 10:02:20,120 INFO  impl.RoleInfo (RoleInfo.java:shutdownLeaderElection(134)) - s1: shutdown LeaderElection
2019-09-26 10:02:20,121 INFO  impl.RaftServerImpl (RaftServerImpl.java:setRole(170)) - s1@group-EA0D101F487D: changes role from CANDIDATE to LEADER at term 2 for changeToLeader
2019-09-26 10:02:20,121 INFO  impl.RaftServerImpl (ServerState.java:setLeader(254)) - s1@group-EA0D101F487D: change Leader from null to s1 at term 2 for becomeLeader, leader elected after 1045ms
2019-09-26 10:02:20,126 INFO  server.RaftServerConfigKeys (ConfUtils.java:logGet(43)) - raft.server.staging.catchup.gap = 1000 (default)
2019-09-26 10:02:20,126 INFO  server.RaftServerConfigKeys (ConfUtils.java:logGet(43)) - raft.server.rpc.sleep.time = 25ms (default)
2019-09-26 10:02:20,131 INFO  server.RaftServerConfigKeys (ConfUtils.java:logGet(43)) - raft.server.write.element-limit = 4096 (default)
2019-09-26 10:02:20,136 INFO  server.RaftServerConfigKeys (ConfUtils.java:logGet(43)) - raft.server.watch.timeout = 10s (default)
2019-09-26 10:02:20,136 INFO  server.RaftServerConfigKeys (ConfUtils.java:logGet(43)) - raft.server.watch.timeout.denomination = 1s (default)
2019-09-26 10:02:20,137 INFO  server.RaftServerConfigKeys (ConfUtils.java:logGet(43)) - raft.server.watch.element-limit = 65536 (default)
2019-09-26 10:02:20,150 INFO  server.RaftServerConfigKeys (ConfUtils.java:logGet(43)) - raft.server.log.appender.snapshot.chunk.size.max = 16MB (=16777216) (default)
2019-09-26 10:02:20,150 INFO  server.RaftServerConfigKeys (ConfUtils.java:logGet(43)) - raft.server.log.appender.buffer.byte-limit = 4MB (=4194304) (default)
2019-09-26 10:02:20,151 INFO  server.RaftServerConfigKeys (ConfUtils.java:logGet(43)) - raft.server.log.appender.buffer.element-limit = 0 (default)
2019-09-26 10:02:20,154 INFO  server.RaftServerConfigKeys (ConfUtils.java:logGet(43)) - raft.server.log.appender.snapshot.chunk.size.max = 16MB (=16777216) (default)
2019-09-26 10:02:20,154 INFO  server.RaftServerConfigKeys (ConfUtils.java:logGet(43)) - raft.server.log.appender.buffer.byte-limit = 4MB (=4194304) (default)
2019-09-26 10:02:20,154 INFO  server.RaftServerConfigKeys (ConfUtils.java:logGet(43)) - raft.server.log.appender.buffer.element-limit = 0 (default)
2019-09-26 10:02:20,157 INFO  impl.RoleInfo (RoleInfo.java:updateAndGet(143)) - s1: start LeaderState
2019-09-26 10:02:20,173 INFO  segmented.SegmentedRaftLogWorker (SegmentedRaftLogWorker.java:startLogSegment(380)) - s1@group-EA0D101F487D-SegmentedRaftLogWorker: Starting segment from index:0
2019-09-26 10:02:20,181 INFO  impl.RaftServerImpl (ServerState.java:setRaftConf(355)) - s1@group-EA0D101F487D: set configuration 0: [s0:0.0.0.0:42528, s1:0.0.0.0:37394, s2:0.0.0.0:41916], old=null at 0
2019-09-26 10:02:20,200 INFO  impl.RaftServerImpl (ServerState.java:setLeader(254)) - s2@group-EA0D101F487D: change Leader from null to s1 at term 2 for appendEntries, leader elected after 1125ms
2019-09-26 10:02:20,200 INFO  impl.RaftServerImpl (ServerState.java:setLeader(254)) - s0@group-EA0D101F487D: change Leader from null to s1 at term 2 for appendEntries, leader elected after 1124ms
2019-09-26 10:02:20,219 INFO  impl.RaftServerImpl (ServerState.java:setRaftConf(355)) - s0@group-EA0D101F487D: set configuration 0: [s0:0.0.0.0:42528, s1:0.0.0.0:37394, s2:0.0.0.0:41916], old=null at 0
2019-09-26 10:02:20,219 INFO  impl.RaftServerImpl (ServerState.java:setRaftConf(355)) - s2@group-EA0D101F487D: set configuration 0: [s0:0.0.0.0:42528, s1:0.0.0.0:37394, s2:0.0.0.0:41916], old=null at 0
2019-09-26 10:02:20,220 INFO  segmented.SegmentedRaftLogWorker (SegmentedRaftLogWorker.java:startLogSegment(380)) - s0@group-EA0D101F487D-SegmentedRaftLogWorker: Starting segment from index:0
2019-09-26 10:02:20,220 INFO  segmented.SegmentedRaftLogWorker (SegmentedRaftLogWorker.java:startLogSegment(380)) - s2@group-EA0D101F487D-SegmentedRaftLogWorker: Starting segment from index:0
2019-09-26 10:02:20,495 INFO  segmented.SegmentedRaftLogWorker (SegmentedRaftLogWorker.java:execute(569)) - s1@group-EA0D101F487D-SegmentedRaftLogWorker: created new log segment /workdir/ratis-examples/target/test/data/1fdfb1b/MiniRaftClusterWithNetty60c66dd9/s1/079eca59-a97b-4898-bb65-ea0d101f487d/current/log_inprogress_0
2019-09-26 10:02:20,495 INFO  segmented.SegmentedRaftLogWorker (SegmentedRaftLogWorker.java:execute(569)) - s0@group-EA0D101F487D-SegmentedRaftLogWorker: created new log segment /workdir/ratis-examples/target/test/data/1fdfb1b/MiniRaftClusterWithNetty60c66dd9/s0/079eca59-a97b-4898-bb65-ea0d101f487d/current/log_inprogress_0
2019-09-26 10:02:20,495 INFO  segmented.SegmentedRaftLogWorker (SegmentedRaftLogWorker.java:execute(569)) - s2@group-EA0D101F487D-SegmentedRaftLogWorker: created new log segment /workdir/ratis-examples/target/test/data/1fdfb1b/MiniRaftClusterWithNetty60c66dd9/s2/079eca59-a97b-4898-bb65-ea0d101f487d/current/log_inprogress_0
2019-09-26 10:02:20,498 INFO  ratis.RaftTestUtil (RaftTestUtil.java:waitForLeader(101)) - printing ALL groups
  s0:  RUNNING  FOLLOWER s0@group-EA0D101F487D:t2, leader=s1, voted=s0, raftlog=s0@group-EA0D101F487D-SegmentedRaftLog:OPENED:c-1,f-1,i0, conf=0: [s0:0.0.0.0:42528, s1:0.0.0.0:37394, s2:0.0.0.0:41916], old=null RUNNING
  s1:  RUNNING    LEADER s1@group-EA0D101F487D:t2, leader=s1, voted=s1, raftlog=s1@group-EA0D101F487D-SegmentedRaftLog:OPENED:c-1,f-1,i0, conf=0: [s0:0.0.0.0:42528, s1:0.0.0.0:37394, s2:0.0.0.0:41916], old=null RUNNING
  s2:  RUNNING  FOLLOWER s2@group-EA0D101F487D:t2, leader=s1, voted=s1, raftlog=s2@group-EA0D101F487D-SegmentedRaftLog:OPENED:c-1,f-1,i0, conf=0: [s0:0.0.0.0:42528, s1:0.0.0.0:37394, s2:0.0.0.0:41916], old=null RUNNING
2019-09-26 10:02:20,499 INFO  filestore.FileStoreBaseTest (FileStoreBaseTest.java:testSingleFile(87)) - runTestSingleFile with path=foo, fileLength=10M (=10485760)
2019-09-26 10:02:20,546 INFO  logging.LoggingHandler (AbstractInternalLogger.java:log(150)) - [id: 0x98fa128d, L:0.0.0.0/0.0.0.0:42528] READ: [id: 0x26355a3b, L:/192.168.30.59:42528 - R:/192.168.30.59:56218]
2019-09-26 10:02:20,546 INFO  logging.LoggingHandler (AbstractInternalLogger.java:log(150)) - [id: 0x98fa128d, L:0.0.0.0/0.0.0.0:42528] READ COMPLETE
2019-09-26 10:02:20,588 INFO  logging.LoggingHandler (AbstractInternalLogger.java:log(150)) - [id: 0x404738b4, L:/0.0.0.0:37394] READ: [id: 0x8d1f4772, L:/192.168.30.59:37394 - R:/192.168.30.59:33808]
2019-09-26 10:02:20,589 INFO  logging.LoggingHandler (AbstractInternalLogger.java:log(150)) - [id: 0x404738b4, L:/0.0.0.0:37394] READ COMPLETE
2019-09-26 10:02:20,636 TRACE util.FileUtils (LogUtils.java:supplyAndLog(82)) - Successfully supplied Files.newOutputStream CREATE_NEW /workdir/ratis-examples/target/test/data/1fdfb1b/TestFileStoreWithNetty/filestore/s1/foo: java.nio.channels.Channels$1@31f43a09
2019-09-26 10:02:20,640 TRACE util.FileUtils (LogUtils.java:supplyAndLog(82)) - Successfully supplied Files.newOutputStream CREATE_NEW /workdir/ratis-examples/target/test/data/1fdfb1b/TestFileStoreWithNetty/filestore/s2/foo: java.nio.channels.Channels$1@41435046
2019-09-26 10:02:20,640 TRACE util.FileUtils (LogUtils.java:supplyAndLog(82)) - Successfully supplied Files.newOutputStream CREATE_NEW /workdir/ratis-examples/target/test/data/1fdfb1b/TestFileStoreWithNetty/filestore/s0/foo: java.nio.channels.Channels$1@7e7ec8bd
2019-09-26 10:02:29,583 INFO  ratis.MiniRaftCluster (MiniRaftCluster.java:lambda$null$5(297)) - TIMED-PRINT: printing ALL groups
  s0:  RUNNING  FOLLOWER s0@group-EA0D101F487D:t2, leader=s1, voted=s0, raftlog=s0@group-EA0D101F487D-SegmentedRaftLog:OPENED:c1699,f1700,i1701, conf=0: [s0:0.0.0.0:42528, s1:0.0.0.0:37394, s2:0.0.0.0:41916], old=null RUNNING
  s1:  RUNNING    LEADER s1@group-EA0D101F487D:t2, leader=s1, voted=s1, raftlog=s1@group-EA0D101F487D-SegmentedRaftLog:OPENED:c1700,f1701,i1701, conf=0: [s0:0.0.0.0:42528, s1:0.0.0.0:37394, s2:0.0.0.0:41916], old=null RUNNING
  s2:  RUNNING  FOLLOWER s2@group-EA0D101F487D:t2, leader=s1, voted=s1, raftlog=s2@group-EA0D101F487D-SegmentedRaftLog:OPENED:c1699,f1700,i1701, conf=0: [s0:0.0.0.0:42528, s1:0.0.0.0:37394, s2:0.0.0.0:41916], old=null RUNNING
2019-09-26 10:02:39,583 INFO  ratis.MiniRaftCluster (MiniRaftCluster.java:lambda$null$5(297)) - TIMED-PRINT: printing ALL groups
  s0:  RUNNING  FOLLOWER s0@group-EA0D101F487D:t2, leader=s1, voted=s0, raftlog=s0@group-EA0D101F487D-SegmentedRaftLog:OPENED:c3193,f3194,i3195, conf=0: [s0:0.0.0.0:42528, s1:0.0.0.0:37394, s2:0.0.0.0:41916], old=null RUNNING
  s1:  RUNNING    LEADER s1@group-EA0D101F487D:t2, leader=s1, voted=s1, raftlog=s1@group-EA0D101F487D-SegmentedRaftLog:OPENED:c3194,f3194,i3195, conf=0: [s0:0.0.0.0:42528, s1:0.0.0.0:37394, s2:0.0.0.0:41916], old=null RUNNING
  s2:  RUNNING  FOLLOWER s2@group-EA0D101F487D:t2, leader=s1, voted=s1, raftlog=s2@group-EA0D101F487D-SegmentedRaftLog:OPENED:c3193,f3194,i3195, conf=0: [s0:0.0.0.0:42528, s1:0.0.0.0:37394, s2:0.0.0.0:41916], old=null RUNNING
2019-09-26 10:02:49,582 INFO  ratis.MiniRaftCluster (MiniRaftCluster.java:lambda$null$5(297)) - TIMED-PRINT: printing ALL groups
  s0:  RUNNING  FOLLOWER s0@group-EA0D101F487D:t2, leader=s1, voted=s0, raftlog=s0@group-EA0D101F487D-SegmentedRaftLog:OPENED:c4911,f4913,i4914, conf=0: [s0:0.0.0.0:42528, s1:0.0.0.0:37394, s2:0.0.0.0:41916], old=null RUNNING
  s1:  RUNNING    LEADER s1@group-EA0D101F487D:t2, leader=s1, voted=s1, raftlog=s1@group-EA0D101F487D-SegmentedRaftLog:OPENED:c4913,f4913,i4915, conf=0: [s0:0.0.0.0:42528, s1:0.0.0.0:37394, s2:0.0.0.0:41916], old=null RUNNING
  s2:  RUNNING  FOLLOWER s2@group-EA0D101F487D:t2, leader=s1, voted=s1, raftlog=s2@group-EA0D101F487D-SegmentedRaftLog:OPENED:c4911,f4913,i4914, conf=0: [s0:0.0.0.0:42528, s1:0.0.0.0:37394, s2:0.0.0.0:41916], old=null RUNNING
2019-09-26 10:02:52,316 TRACE util.FileUtils (LogUtils.java:runAndLog(61)) - Successfully ran Files.delete /workdir/ratis-examples/target/test/data/1fdfb1b/TestFileStoreWithNetty/filestore/s1/foo
2019-09-26 10:02:52,326 TRACE util.FileUtils (LogUtils.java:runAndLog(61)) - Successfully ran Files.delete /workdir/ratis-examples/target/test/data/1fdfb1b/TestFileStoreWithNetty/filestore/s2/foo
2019-09-26 10:02:52,326 TRACE util.FileUtils (LogUtils.java:runAndLog(61)) - Successfully ran Files.delete /workdir/ratis-examples/target/test/data/1fdfb1b/TestFileStoreWithNetty/filestore/s0/foo
2019-09-26 10:02:52,329 INFO  filestore.FileStoreBaseTest (FileStoreBaseTest.java:testMultipleFiles(97)) - runTestMultipleFile with pathPrefix=file, numFile=100, fileLength=1M (=1048576)
2019-09-26 10:02:52,370 INFO  logging.LoggingHandler (AbstractInternalLogger.java:log(150)) - [id: 0x98fa128d, L:0.0.0.0/0.0.0.0:42528] READ: [id: 0x33bbc34d, L:/192.168.30.59:42528 - R:/192.168.30.59:56566]
2019-09-26 10:02:52,371 INFO  logging.LoggingHandler (AbstractInternalLogger.java:log(150)) - [id: 0x98fa128d, L:0.0.0.0/0.0.0.0:42528] READ COMPLETE
2019-09-26 10:02:52,376 INFO  logging.LoggingHandler (AbstractInternalLogger.java:log(150)) - [id: 0x98fa128d, L:0.0.0.0/0.0.0.0:42528] READ: [id: 0x26d52b70, L:/192.168.30.59:42528 - R:/192.168.30.59:56564]
2019-09-26 10:02:52,376 INFO  logging.LoggingHandler (AbstractInternalLogger.java:log(150)) - [id: 0x98fa128d, L:0.0.0.0/0.0.0.0:42528] READ COMPLETE
2019-09-26 10:02:52,377 INFO  logging.LoggingHandler (AbstractInternalLogger.java:log(150)) - [id: 0x98fa128d, L:0.0.0.0/0.0.0.0:42528] READ: [id: 0x7dccd1b4, L:/192.168.30.59:42528 - R:/192.168.30.59:56570]
2019-09-26 10:02:52,378 INFO  logging.LoggingHandler (AbstractInternalLogger.java:log(150)) - [id: 0x98fa128d, L:0.0.0.0/0.0.0.0:42528] READ COMPLETE
2019-09-26 10:02:52,379 INFO  logging.LoggingHandler (AbstractInternalLogger.java:log(150)) - [id: 0x98fa128d, L:0.0.0.0/0.0.0.0:42528] READ: [id: 0x5d2117ff, L:/192.168.30.59:42528 - R:/192.168.30.59:56568]
2019-09-26 10:02:52,379 INFO  logging.LoggingHandler (AbstractInternalLogger.java:log(150)) - [id: 0x98fa128d, L:0.0.0.0/0.0.0.0:42528] READ COMPLETE
2019-09-26 10:02:52,381 INFO  logging.LoggingHandler (AbstractInternalLogger.java:log(150)) - [id: 0x98fa128d, L:0.0.0.0/0.0.0.0:42528] READ: [id: 0x62375455, L:/192.168.30.59:42528 - R:/192.168.30.59:56574]
2019-09-26 10:02:52,381 INFO  logging.LoggingHandler (AbstractInternalLogger.java:log(150)) - [id: 0x98fa128d, L:0.0.0.0/0.0.0.0:42528] READ COMPLETE
2019-09-26 10:02:52,381 INFO  logging.LoggingHandler (AbstractInternalLogger.java:log(150)) - [id: 0x98fa128d, L:0.0.0.0/0.0.0.0:42528] READ: [id: 0x1964d286, L:/192.168.30.59:42528 - R:/192.168.30.59:56572]
2019-09-26 10:02:52,381 INFO  logging.LoggingHandler (AbstractInternalLogger.java:log(150)) - [id: 0x98fa128d, L:0.0.0.0/0.0.0.0:42528] READ COMPLETE
2019-09-26 10:02:52,383 INFO  logging.LoggingHandler (AbstractInternalLogger.java:log(150)) - [id: 0x98fa128d, L:0.0.0.0/0.0.0.0:42528] READ: [id: 0x25c7e7ad, L:/192.168.30.59:42528 - R:/192.168.30.59:56576]
2019-09-26 10:02:52,384 INFO  logging.LoggingHandler (AbstractInternalLogger.java:log(150)) - [id: 0x98fa128d, L:0.0.0.0/0.0.0.0:42528] READ COMPLETE
2019-09-26 10:02:52,385 INFO  logging.LoggingHandler (AbstractInternalLogger.java:log(150)) - [id: 0x98fa128d, L:0.0.0.0/0.0.0.0:42528] READ: [id: 0x72329b18, L:/192.168.30.59:42528 - R:/192.168.30.59:56578]
2019-09-26 10:02:52,386 INFO  logging.LoggingHandler (AbstractInternalLogger.java:log(150)) - [id: 0x98fa128d, L:0.0.0.0/0.0.0.0:42528] READ COMPLETE
2019-09-26 10:02:52,387 INFO  logging.LoggingHandler (AbstractInternalLogger.java:log(150)) - [id: 0x98fa128d, L:0.0.0.0/0.0.0.0:42528] READ: [id: 0xd4158f30, L:/192.168.30.59:42528 - R:/192.168.30.59:56580]
2019-09-26 10:02:52,388 INFO  logging.LoggingHandler (AbstractInternalLogger.java:log(150)) - [id: 0x98fa128d, L:0.0.0.0/0.0.0.0:42528] READ COMPLETE
2019-09-26 10:02:52,390 INFO  logging.LoggingHandler (AbstractInternalLogger.java:log(150)) - [id: 0x98fa128d, L:0.0.0.0/0.0.0.0:42528] READ: [id: 0xea31637e, L:/192.168.30.59:42528 - R:/192.168.30.59:56582]
2019-09-26 10:02:52,391 INFO  logging.LoggingHandler (AbstractInternalLogger.java:log(150)) - [id: 0x98fa128d, L:0.0.0.0/0.0.0.0:42528] READ COMPLETE
2019-09-26 10:02:52,394 INFO  logging.LoggingHandler (AbstractInternalLogger.java:log(150)) - [id: 0x404738b4, L:/0.0.0.0:37394] READ: [id: 0x2dfb04fb, L:/192.168.30.59:37394 - R:/192.168.30.59:34192]
2019-09-26 10:02:52,394 INFO  logging.LoggingHandler (AbstractInternalLogger.java:log(150)) - [id: 0x98fa128d, L:0.0.0.0/0.0.0.0:42528] READ: [id: 0x520f9fc4, L:/192.168.30.59:42528 - R:/192.168.30.59:56584]
2019-09-26 10:02:52,396 INFO  logging.LoggingHandler (AbstractInternalLogger.java:log(150)) - [id: 0x98fa128d, L:0.0.0.0/0.0.0.0:42528] READ COMPLETE
2019-09-26 10:02:52,396 INFO  logging.LoggingHandler (AbstractInternalLogger.java:log(150)) - [id: 0x404738b4, L:/0.0.0.0:37394] READ COMPLETE
2019-09-26 10:02:52,396 INFO  logging.LoggingHandler (AbstractInternalLogger.java:log(150)) - [id: 0x98fa128d, L:0.0.0.0/0.0.0.0:42528] READ: [id: 0xc608c290, L:/192.168.30.59:42528 - R:/192.168.30.59:56586]
2019-09-26 10:02:52,400 INFO  logging.LoggingHandler (AbstractInternalLogger.java:log(150)) - [id: 0x404738b4, L:/0.0.0.0:37394] READ: [id: 0x6f8baf53, L:/192.168.30.59:37394 - R:/192.168.30.59:34194]
2019-09-26 10:02:52,400 INFO  logging.LoggingHandler (AbstractInternalLogger.java:log(150)) - [id: 0x98fa128d, L:0.0.0.0/0.0.0.0:42528] READ COMPLETE
2019-09-26 10:02:52,401 INFO  logging.LoggingHandler (AbstractInternalLogger.java:log(150)) - [id: 0x404738b4, L:/0.0.0.0:37394] READ COMPLETE
2019-09-26 10:02:52,404 INFO  logging.LoggingHandler (AbstractInternalLogger.java:log(150)) - [id: 0x98fa128d, L:0.0.0.0/0.0.0.0:42528] READ: [id: 0xbdee3d41, L:/192.168.30.59:42528 - R:/192.168.30.59:56588]
2019-09-26 10:02:52,405 INFO  logging.LoggingHandler (AbstractInternalLogger.java:log(150)) - [id: 0x98fa128d, L:0.0.0.0/0.0.0.0:42528] READ COMPLETE
2019-09-26 10:02:52,405 INFO  logging.LoggingHandler (AbstractInternalLogger.java:log(150)) - [id: 0x404738b4, L:/0.0.0.0:37394] READ: [id: 0xf6d5179d, L:/192.168.30.59:37394 - R:/192.168.30.59:34196]
2019-09-26 10:02:52,406 INFO  logging.LoggingHandler (AbstractInternalLogger.java:log(150)) - [id: 0x404738b4, L:/0.0.0.0:37394] READ COMPLETE
2019-09-26 10:02:52,406 TRACE util.FileUtils (LogUtils.java:supplyAndLog(82)) - Successfully supplied Files.newOutputStream CREATE_NEW /workdir/ratis-examples/target/test/data/1fdfb1b/TestFileStoreWithNetty/filestore/s1/file12: java.nio.channels.Channels$1@7627ace3
2019-09-26 10:02:52,406 TRACE util.FileUtils (LogUtils.java:supplyAndLog(82)) - Successfully supplied Files.newOutputStream CREATE_NEW /workdir/ratis-examples/target/test/data/1fdfb1b/TestFileStoreWithNetty/filestore/s1/file05: java.nio.channels.Channels$1@6ba5df64
2019-09-26 10:02:52,406 INFO  logging.LoggingHandler (AbstractInternalLogger.java:log(150)) - [id: 0x98fa128d, L:0.0.0.0/0.0.0.0:42528] READ: [id: 0x8fd21f7b, L:/192.168.30.59:42528 - R:/192.168.30.59:56590]
2019-09-26 10:02:52,408 INFO  logging.LoggingHandler (AbstractInternalLogger.java:log(150)) - [id: 0x404738b4, L:/0.0.0.0:37394] READ: [id: 0x7625d3c2, L:/192.168.30.59:37394 - R:/192.168.30.59:34198]
2019-09-26 10:02:52,408 TRACE util.FileUtils (LogUtils.java:supplyAndLog(82)) - Successfully supplied Files.newOutputStream CREATE_NEW /workdir/ratis-examples/target/test/data/1fdfb1b/TestFileStoreWithNetty/filestore/s0/file05: java.nio.channels.Channels$1@70b92902
2019-09-26 10:02:52,408 TRACE util.FileUtils (LogUtils.java:supplyAndLog(82)) - Successfully supplied Files.newOutputStream CREATE_NEW /workdir/ratis-examples/target/test/data/1fdfb1b/TestFileStoreWithNetty/filestore/s2/file05: java.nio.channels.Channels$1@4f84a61e
2019-09-26 10:02:52,410 INFO  logging.LoggingHandler (AbstractInternalLogger.java:log(150)) - [id: 0x404738b4, L:/0.0.0.0:37394] READ COMPLETE
2019-09-26 10:02:52,410 INFO  logging.LoggingHandler (AbstractInternalLogger.java:log(150)) - [id: 0x98fa128d, L:0.0.0.0/0.0.0.0:42528] READ COMPLETE
2019-09-26 10:02:52,412 TRACE util.FileUtils (LogUtils.java:supplyAndLog(82)) - Successfully supplied Files.newOutputStream CREATE_NEW /workdir/ratis-examples/target/test/data/1fdfb1b/TestFileStoreWithNetty/filestore/s1/file02: java.nio.channels.Channels$1@342f1501
2019-09-26 10:02:52,410 TRACE util.FileUtils (LogUtils.java:supplyAndLog(82)) - Successfully supplied Files.newOutputStream CREATE_NEW /workdir/ratis-examples/target/test/data/1fdfb1b/TestFileStoreWithNetty/filestore/s1/file10: java.nio.channels.Channels$1@4bf835d3
2019-09-26 10:02:52,412 INFO  logging.LoggingHandler (AbstractInternalLogger.java:log(150)) - [id: 0x98fa128d, L:0.0.0.0/0.0.0.0:42528] READ: [id: 0xf9343a7e, L:/192.168.30.59:42528 - R:/192.168.30.59:56592]
2019-09-26 10:02:52,412 INFO  logging.LoggingHandler (AbstractInternalLogger.java:log(150)) - [id: 0x404738b4, L:/0.0.0.0:37394] READ: [id: 0x0e792d55, L:/192.168.30.59:37394 - R:/192.168.30.59:34200]
2019-09-26 10:02:52,414 INFO  logging.LoggingHandler (AbstractInternalLogger.java:log(150)) - [id: 0x98fa128d, L:0.0.0.0/0.0.0.0:42528] READ COMPLETE
2019-09-26 10:02:52,414 INFO  logging.LoggingHandler (AbstractInternalLogger.java:log(150)) - [id: 0x404738b4, L:/0.0.0.0:37394] READ COMPLETE
2019-09-26 10:02:52,415 INFO  logging.LoggingHandler (AbstractInternalLogger.java:log(150)) - [id: 0x98fa128d, L:0.0.0.0/0.0.0.0:42528] READ: [id: 0xfedb0b4e, L:/192.168.30.59:42528 - R:/192.168.30.59:56594]
2019-09-26 10:02:52,415 INFO  logging.LoggingHandler (AbstractInternalLogger.java:log(150)) - [id: 0x404738b4, L:/0.0.0.0:37394] READ: [id: 0x204b8e8b, L:/192.168.30.59:37394 - R:/192.168.30.59:34202]
2019-09-26 10:02:52,415 INFO  logging.LoggingHandler (AbstractInternalLogger.java:log(150)) - [id: 0x98fa128d, L:0.0.0.0/0.0.0.0:42528] READ COMPLETE
2019-09-26 10:02:52,415 INFO  logging.LoggingHandler (AbstractInternalLogger.java:log(150)) - [id: 0x404738b4, L:/0.0.0.0:37394] READ COMPLETE
2019-09-26 10:02:52,415 INFO  logging.LoggingHandler (AbstractInternalLogger.java:log(150)) - [id: 0x98fa128d, L:0.0.0.0/0.0.0.0:42528] READ: [id: 0x7d24123d, L:/192.168.30.59:42528 - R:/192.168.30.59:56596]
2019-09-26 10:02:52,416 INFO  logging.LoggingHandler (AbstractInternalLogger.java:log(150)) - [id: 0x404738b4, L:/0.0.0.0:37394] READ: [id: 0x74ab96ff, L:/192.168.30.59:37394 - R:/192.168.30.59:34204]
2019-09-26 10:02:52,416 INFO  logging.LoggingHandler (AbstractInternalLogger.java:log(150)) - [id: 0x98fa128d, L:0.0.0.0/0.0.0.0:42528] READ COMPLETE
2019-09-26 10:02:52,416 INFO  logging.LoggingHandler (AbstractInternalLogger.java:log(150)) - [id: 0x404738b4, L:/0.0.0.0:37394] READ COMPLETE
2019-09-26 10:02:52,417 INFO  logging.LoggingHandler (AbstractInternalLogger.java:log(150)) - [id: 0x98fa128d, L:0.0.0.0/0.0.0.0:42528] READ: [id: 0x3e16f0e7, L:/192.168.30.59:42528 - R:/192.168.30.59:56598]
2019-09-26 10:02:52,417 INFO  logging.LoggingHandler (AbstractInternalLogger.java:log(150)) - [id: 0x404738b4, L:/0.0.0.0:37394] READ: [id: 0x863178d0, L:/192.168.30.59:37394 - R:/192.168.30.59:34206]
2019-09-26 10:02:52,418 INFO  logging.LoggingHandler (AbstractInternalLogger.java:log(150)) - [id: 0x98fa128d, L:0.0.0.0/0.0.0.0:42528] READ COMPLETE
2019-09-26 10:02:52,418 INFO  logging.LoggingHandler (AbstractInternalLogger.java:log(150)) - [id: 0x404738b4, L:/0.0.0.0:37394] READ COMPLETE
2019-09-26 10:02:52,419 INFO  logging.LoggingHandler (AbstractInternalLogger.java:log(150)) - [id: 0x98fa128d, L:0.0.0.0/0.0.0.0:42528] READ: [id: 0x299458fc, L:/192.168.30.59:42528 - R:/192.168.30.59:56600]
2019-09-26 10:02:52,420 INFO  logging.LoggingHandler (AbstractInternalLogger.java:log(150)) - [id: 0x404738b4, L:/0.0.0.0:37394] READ: [id: 0x04838f8c, L:/192.168.30.59:37394 - R:/192.168.30.59:34208]
2019-09-26 10:02:52,420 INFO  logging.LoggingHandler (AbstractInternalLogger.java:log(150)) - [id: 0x98fa128d, L:0.0.0.0/0.0.0.0:42528] READ COMPLETE
2019-09-26 10:02:52,420 INFO  logging.LoggingHandler (AbstractInternalLogger.java:log(150)) - [id: 0x404738b4, L:/0.0.0.0:37394] READ COMPLETE
2019-09-26 10:02:52,420 TRACE util.FileUtils (LogUtils.java:supplyAndLog(82)) - Successfully supplied Files.newOutputStream CREATE_NEW /workdir/ratis-examples/target/test/data/1fdfb1b/TestFileStoreWithNetty/filestore/s2/file02: java.nio.channels.Channels$1@6afdd3be
2019-09-26 10:02:52,422 INFO  logging.LoggingHandler (AbstractInternalLogger.java:log(150)) - [id: 0x98fa128d, L:0.0.0.0/0.0.0.0:42528] READ: [id: 0x0d6c2b66, L:/192.168.30.59:42528 - R:/192.168.30.59:56602]
2019-09-26 10:02:52,423 TRACE util.FileUtils (LogUtils.java:supplyAndLog(82)) - Successfully supplied Files.newOutputStream CREATE_NEW /workdir/ratis-examples/target/test/data/1fdfb1b/TestFileStoreWithNetty/filestore/s1/file03: java.nio.channels.Channels$1@190299de
2019-09-26 10:02:52,422 TRACE util.FileUtils (LogUtils.java:supplyAndLog(82)) - Successfully supplied Files.newOutputStream CREATE_NEW /workdir/ratis-examples/target/test/data/1fdfb1b/TestFileStoreWithNetty/filestore/s0/file02: java.nio.channels.Channels$1@609cfd58
2019-09-26 10:02:52,422 TRACE util.FileUtils (LogUtils.java:supplyAndLog(82)) - Successfully supplied Files.newOutputStream CREATE_NEW /workdir/ratis-examples/target/test/data/1fdfb1b/TestFileStoreWithNetty/filestore/s0/file10: java.nio.channels.Channels$1@45cfa62a
2019-09-26 10:02:52,422 TRACE util.FileUtils (LogUtils.java:supplyAndLog(82)) - Successfully supplied Files.newOutputStream CREATE_NEW /workdir/ratis-examples/target/test/data/1fdfb1b/TestFileStoreWithNetty/filestore/s0/file12: java.nio.channels.Channels$1@27abfd01
2019-09-26 10:02:52,422 TRACE util.FileUtils (LogUtils.java:supplyAndLog(82)) - Successfully supplied Files.newOutputStream CREATE_NEW /workdir/ratis-examples/target/test/data/1fdfb1b/TestFileStoreWithNetty/filestore/s2/file10: java.nio.channels.Channels$1@4b461aa
2019-09-26 10:02:52,422 TRACE util.FileUtils (LogUtils.java:supplyAndLog(82)) - Successfully supplied Files.newOutputStream CREATE_NEW /workdir/ratis-examples/target/test/data/1fdfb1b/TestFileStoreWithNetty/filestore/s2/file12: java.nio.channels.Channels$1@532bd091
2019-09-26 10:02:52,423 INFO  logging.LoggingHandler (AbstractInternalLogger.java:log(150)) - [id: 0x98fa128d, L:0.0.0.0/0.0.0.0:42528] READ COMPLETE
2019-09-26 10:02:52,422 INFO  logging.LoggingHandler (AbstractInternalLogger.java:log(150)) - [id: 0x404738b4, L:/0.0.0.0:37394] READ: [id: 0xf4d11670, L:/192.168.30.59:37394 - R:/192.168.30.59:34210]
2019-09-26 10:02:52,433 INFO  logging.LoggingHandler (AbstractInternalLogger.java:log(150)) - [id: 0x404738b4, L:/0.0.0.0:37394] READ COMPLETE
2019-09-26 10:02:52,434 INFO  logging.LoggingHandler (AbstractInternalLogger.java:log(150)) - [id: 0x404738b4, L:/0.0.0.0:37394] READ: [id: 0x4893b0e0, L:/192.168.30.59:37394 - R:/192.168.30.59:34212]
2019-09-26 10:02:52,435 TRACE util.FileUtils (LogUtils.java:supplyAndLog(82)) - Successfully supplied Files.newOutputStream CREATE_NEW /workdir/ratis-examples/target/test/data/1fdfb1b/TestFileStoreWithNetty/filestore/s2/file03: java.nio.channels.Channels$1@37f14b45
2019-09-26 10:02:52,436 INFO  logging.LoggingHandler (AbstractInternalLogger.java:log(150)) - [id: 0x404738b4, L:/0.0.0.0:37394] READ COMPLETE
2019-09-26 10:02:52,436 TRACE util.FileUtils (LogUtils.java:supplyAndLog(82)) - Successfully supplied Files.newOutputStream CREATE_NEW /workdir/ratis-examples/target/test/data/1fdfb1b/TestFileStoreWithNetty/filestore/s1/file01: java.nio.channels.Channels$1@3e296202
2019-09-26 10:02:52,436 INFO  logging.LoggingHandler (AbstractInternalLogger.java:log(150)) - [id: 0x404738b4, L:/0.0.0.0:37394] READ: [id: 0x7661cbb9, L:/192.168.30.59:37394 - R:/192.168.30.59:34214]
2019-09-26 10:02:52,437 TRACE util.FileUtils (LogUtils.java:supplyAndLog(82)) - Successfully supplied Files.newOutputStream CREATE_NEW /workdir/ratis-examples/target/test/data/1fdfb1b/TestFileStoreWithNetty/filestore/s1/file04: java.nio.channels.Channels$1@2242a080
2019-09-26 10:02:52,437 TRACE util.FileUtils (LogUtils.java:supplyAndLog(82)) - Successfully supplied Files.newOutputStream CREATE_NEW /workdir/ratis-examples/target/test/data/1fdfb1b/TestFileStoreWithNetty/filestore/s0/file03: java.nio.channels.Channels$1@11193762
2019-09-26 10:02:52,437 INFO  logging.LoggingHandler (AbstractInternalLogger.java:log(150)) - [id: 0x404738b4, L:/0.0.0.0:37394] READ COMPLETE
2019-09-26 10:02:52,441 TRACE util.FileUtils (LogUtils.java:supplyAndLog(82)) - Successfully supplied Files.newOutputStream CREATE_NEW /workdir/ratis-examples/target/test/data/1fdfb1b/TestFileStoreWithNetty/filestore/s2/file01: java.nio.channels.Channels$1@6cac7c9f
2019-09-26 10:02:52,441 INFO  logging.LoggingHandler (AbstractInternalLogger.java:log(150)) - [id: 0x404738b4, L:/0.0.0.0:37394] READ: [id: 0x6ee57943, L:/192.168.30.59:37394 - R:/192.168.30.59:34216]
2019-09-26 10:02:52,439 TRACE util.FileUtils (LogUtils.java:supplyAndLog(82)) - Successfully supplied Files.newOutputStream CREATE_NEW /workdir/ratis-examples/target/test/data/1fdfb1b/TestFileStoreWithNetty/filestore/s1/file09: java.nio.channels.Channels$1@691b33bb
2019-09-26 10:02:52,439 TRACE util.FileUtils (LogUtils.java:supplyAndLog(82)) - Successfully supplied Files.newOutputStream CREATE_NEW /workdir/ratis-examples/target/test/data/1fdfb1b/TestFileStoreWithNetty/filestore/s2/file04: java.nio.channels.Channels$1@51e61bcd
2019-09-26 10:02:52,442 INFO  logging.LoggingHandler (AbstractInternalLogger.java:log(150)) - [id: 0x404738b4, L:/0.0.0.0:37394] READ COMPLETE
2019-09-26 10:02:52,441 TRACE util.FileUtils (LogUtils.java:supplyAndLog(82)) - Successfully supplied Files.newOutputStream CREATE_NEW /workdir/ratis-examples/target/test/data/1fdfb1b/TestFileStoreWithNetty/filestore/s1/file07: java.nio.channels.Channels$1@456a3d16
2019-09-26 10:02:52,445 INFO  logging.LoggingHandler (AbstractInternalLogger.java:log(150)) - [id: 0x404738b4, L:/0.0.0.0:37394] READ: [id: 0xab2c9691, L:/192.168.30.59:37394 - R:/192.168.30.59:34218]
2019-09-26 10:02:52,445 INFO  logging.LoggingHandler (AbstractInternalLogger.java:log(150)) - [id: 0x404738b4, L:/0.0.0.0:37394] READ COMPLETE
2019-09-26 10:02:52,445 INFO  logging.LoggingHandler (AbstractInternalLogger.java:log(150)) - [id: 0x404738b4, L:/0.0.0.0:37394] READ: [id: 0x6de30d52, L:/192.168.30.59:37394 - R:/192.168.30.59:34220]
2019-09-26 10:02:52,446 INFO  logging.LoggingHandler (AbstractInternalLogger.java:log(150)) - [id: 0x404738b4, L:/0.0.0.0:37394] READ COMPLETE
2019-09-26 10:02:52,446 INFO  logging.LoggingHandler (AbstractInternalLogger.java:log(150)) - [id: 0x404738b4, L:/0.0.0.0:37394] READ: [id: 0x6fc8d24d, L:/192.168.30.59:37394 - R:/192.168.30.59:34222]
2019-09-26 10:02:52,446 INFO  logging.LoggingHandler (AbstractInternalLogger.java:log(150)) - [id: 0x404738b4, L:/0.0.0.0:37394] READ COMPLETE
2019-09-26 10:02:52,446 INFO  logging.LoggingHandler (AbstractInternalLogger.java:log(150)) - [id: 0x404738b4, L:/0.0.0.0:37394] READ: [id: 0x4f406f50, L:/192.168.30.59:37394 - R:/192.168.30.59:34224]
2019-09-26 10:02:52,447 INFO  logging.LoggingHandler (AbstractInternalLogger.java:log(150)) - [id: 0x404738b4, L:/0.0.0.0:37394] READ COMPLETE
2019-09-26 10:02:52,447 INFO  logging.LoggingHandler (AbstractInternalLogger.java:log(150)) - [id: 0x404738b4, L:/0.0.0.0:37394] READ: [id: 0xa1b29c82, L:/192.168.30.59:37394 - R:/192.168.30.59:34226]
2019-09-26 10:02:52,447 INFO  logging.LoggingHandler (AbstractInternalLogger.java:log(150)) - [id: 0x404738b4, L:/0.0.0.0:37394] READ COMPLETE
2019-09-26 10:02:52,447 INFO  logging.LoggingHandler (AbstractInternalLogger.java:log(150)) - [id: 0x404738b4, L:/0.0.0.0:37394] READ: [id: 0x4529b158, L:/192.168.30.59:37394 - R:/192.168.30.59:34228]
2019-09-26 10:02:52,448 INFO  logging.LoggingHandler (AbstractInternalLogger.java:log(150)) - [id: 0x404738b4, L:/0.0.0.0:37394] READ COMPLETE
2019-09-26 10:02:52,448 INFO  logging.LoggingHandler (AbstractInternalLogger.java:log(150)) - [id: 0x404738b4, L:/0.0.0.0:37394] READ: [id: 0x3154c05f, L:/192.168.30.59:37394 - R:/192.168.30.59:34230]
2019-09-26 10:02:52,448 INFO  logging.LoggingHandler (AbstractInternalLogger.java:log(150)) - [id: 0x404738b4, L:/0.0.0.0:37394] READ COMPLETE
2019-09-26 10:02:52,450 TRACE util.FileUtils (LogUtils.java:supplyAndLog(82)) - Successfully supplied Files.newOutputStream CREATE_NEW /workdir/ratis-examples/target/test/data/1fdfb1b/TestFileStoreWithNetty/filestore/s0/file04: java.nio.channels.Channels$1@7f3f1814
2019-09-26 10:02:52,450 TRACE util.FileUtils (LogUtils.java:supplyAndLog(82)) - Successfully supplied Files.newOutputStream CREATE_NEW /workdir/ratis-examples/target/test/data/1fdfb1b/TestFileStoreWithNetty/filestore/s0/file09: java.nio.channels.Channels$1@2527194a
2019-09-26 10:02:52,450 TRACE util.FileUtils (LogUtils.java:supplyAndLog(82)) - Successfully supplied Files.newOutputStream CREATE_NEW /workdir/ratis-examples/target/test/data/1fdfb1b/TestFileStoreWithNetty/filestore/s2/file09: java.nio.channels.Channels$1@4f184521
2019-09-26 10:02:52,450 TRACE util.FileUtils (LogUtils.java:supplyAndLog(82)) - Successfully supplied Files.newOutputStream CREATE_NEW /workdir/ratis-examples/target/test/data/1fdfb1b/TestFileStoreWithNetty/filestore/s0/file01: java.nio.channels.Channels$1@40a83e03
2019-09-26 10:02:52,452 TRACE util.FileUtils (LogUtils.java:supplyAndLog(82)) - Successfully supplied Files.newOutputStream CREATE_NEW /workdir/ratis-examples/target/test/data/1fdfb1b/TestFileStoreWithNetty/filestore/s0/file07: java.nio.channels.Channels$1@3ab86c6a
2019-09-26 10:02:52,450 TRACE util.FileUtils (LogUtils.java:supplyAndLog(82)) - Successfully supplied Files.newOutputStream CREATE_NEW /workdir/ratis-examples/target/test/data/1fdfb1b/TestFileStoreWithNetty/filestore/s2/file07: java.nio.channels.Channels$1@3110a3a6
2019-09-26 10:02:52,468 TRACE util.FileUtils (LogUtils.java:supplyAndLog(82)) - Successfully supplied Files.newOutputStream CREATE_NEW /workdir/ratis-examples/target/test/data/1fdfb1b/TestFileStoreWithNetty/filestore/s1/file00: java.nio.channels.Channels$1@5a9b97c2
2019-09-26 10:02:52,478 TRACE util.FileUtils (LogUtils.java:supplyAndLog(82)) - Successfully supplied Files.newOutputStream CREATE_NEW /workdir/ratis-examples/target/test/data/1fdfb1b/TestFileStoreWithNetty/filestore/s2/file00: java.nio.channels.Channels$1@643a2091
2019-09-26 10:02:52,479 TRACE util.FileUtils (LogUtils.java:supplyAndLog(82)) - Successfully supplied Files.newOutputStream CREATE_NEW /workdir/ratis-examples/target/test/data/1fdfb1b/TestFileStoreWithNetty/filestore/s1/file06: java.nio.channels.Channels$1@453fd2dc
[...]
  s2:  RUNNING  FOLLOWER s2@group-EA0D101F487D:t4, leader=s1, voted=s1, raftlog=s2@group-EA0D101F487D-SegmentedRaftLog:OPENED:c29892,f29898,i29902, conf=25544: [s0:0.0.0.0:42528, s1:0.0.0.0:37394, s2:0.0.0.0:41916], old=null RUNNING
2019-09-26 10:03:49,757 INFO  logging.LoggingHandler (AbstractInternalLogger.java:log(150)) - [id: 0x98fa128d, L:0.0.0.0/0.0.0.0:42528] READ: [id: 0x36377ce1, L:/192.168.30.59:42528 - R:/192.168.30.59:59266]
2019-09-26 10:03:49,757 INFO  logging.LoggingHandler (AbstractInternalLogger.java:log(150)) - [id: 0x98fa128d, L:0.0.0.0/0.0.0.0:42528] READ COMPLETE
2019-09-26 10:03:49,759 INFO  logging.LoggingHandler (AbstractInternalLogger.java:log(150)) - [id: 0x404738b4, L:/0.0.0.0:37394] READ: [id: 0xd9a4e45c, L:/192.168.30.59:37394 - R:/192.168.30.59:36856]
2019-09-26 10:03:49,760 INFO  logging.LoggingHandler (AbstractInternalLogger.java:log(150)) - [id: 0x404738b4, L:/0.0.0.0:37394] READ COMPLETE
2019-09-26 10:03:49,806 TRACE util.FileUtils (LogUtils.java:supplyAndLog(82)) - Successfully supplied Files.newOutputStream CREATE_NEW /workdir/ratis-examples/target/test/data/1fdfb1b/TestFileStoreWithNetty/filestore/s1/file83: java.nio.channels.Channels$1@61aabf35
2019-09-26 10:03:49,808 TRACE util.FileUtils (LogUtils.java:supplyAndLog(82)) - Successfully supplied Files.newOutputStream CREATE_NEW /workdir/ratis-examples/target/test/data/1fdfb1b/TestFileStoreWithNetty/filestore/s2/file83: java.nio.channels.Channels$1@432f74e1
2019-09-26 10:03:49,810 TRACE util.FileUtils (LogUtils.java:supplyAndLog(82)) - Successfully supplied Files.newOutputStream CREATE_NEW /workdir/ratis-examples/target/test/data/1fdfb1b/TestFileStoreWithNetty/filestore/s0/file83: java.nio.channels.Channels$1@72659bc8
2019-09-26 10:03:50,156 INFO  logging.LoggingHandler (AbstractInternalLogger.java:log(150)) - [id: 0x98fa128d, L:0.0.0.0/0.0.0.0:42528] READ: [id: 0xff461367, L:/192.168.30.59:42528 - R:/192.168.30.59:59274]
2019-09-26 10:03:50,157 INFO  logging.LoggingHandler (AbstractInternalLogger.java:log(150)) - [id: 0x98fa128d, L:0.0.0.0/0.0.0.0:42528] READ COMPLETE
2019-09-26 10:03:50,158 INFO  logging.LoggingHandler (AbstractInternalLogger.java:log(150)) - [id: 0x404738b4, L:/0.0.0.0:37394] READ: [id: 0x01a0f381, L:/192.168.30.59:37394 - R:/192.168.30.59:36864]
2019-09-26 10:03:50,158 INFO  logging.LoggingHandler (AbstractInternalLogger.java:log(150)) - [id: 0x404738b4, L:/0.0.0.0:37394] READ COMPLETE
2019-09-26 10:03:50,179 TRACE util.FileUtils (LogUtils.java:supplyAndLog(82)) - Successfully supplied Files.newOutputStream CREATE_NEW /workdir/ratis-examples/target/test/data/1fdfb1b/TestFileStoreWithNetty/filestore/s1/file84: java.nio.channels.Channels$1@5f35ba7c
2019-09-26 10:03:50,179 TRACE util.FileUtils (LogUtils.java:supplyAndLog(82)) - Successfully supplied Files.newOutputStream CREATE_NEW /workdir/ratis-examples/target/test/data/1fdfb1b/TestFileStoreWithNetty/filestore/s0/file84: java.nio.channels.Channels$1@5a225e3a
2019-09-26 10:03:50,182 TRACE util.FileUtils (LogUtils.java:supplyAndLog(82)) - Successfully supplied Files.newOutputStream CREATE_NEW /workdir/ratis-examples/target/test/data/1fdfb1b/TestFileStoreWithNetty/filestore/s2/file84: java.nio.channels.Channels$1@6df07f6
2019-09-26 10:03:50,548 INFO  logging.LoggingHandler (AbstractInternalLogger.java:log(150)) - [id: 0x98fa128d, L:0.0.0.0/0.0.0.0:42528] READ: [id: 0x38c7d9c3, L:/192.168.30.59:42528 - R:/192.168.30.59:59282]
2019-09-26 10:03:50,549 INFO  logging.LoggingHandler (AbstractInternalLogger.java:log(150)) - [id: 0x98fa128d, L:0.0.0.0/0.0.0.0:42528] READ COMPLETE
2019-09-26 10:03:50,551 INFO  logging.LoggingHandler (AbstractInternalLogger.java:log(150)) - [id: 0x404738b4, L:/0.0.0.0:37394] READ: [id: 0xd7205d96, L:/192.168.30.59:37394 - R:/192.168.30.59:36872]
2019-09-26 10:03:50,552 INFO  logging.LoggingHandler (AbstractInternalLogger.java:log(150)) - [id: 0x404738b4, L:/0.0.0.0:37394] READ COMPLETE
2019-09-26 10:03:50,622 TRACE util.FileUtils (LogUtils.java:supplyAndLog(82)) - Successfully supplied Files.newOutputStream CREATE_NEW /workdir/ratis-examples/target/test/data/1fdfb1b/TestFileStoreWithNetty/filestore/s1/file85: java.nio.channels.Channels$1@4068c4c1
2019-09-26 10:03:50,622 TRACE util.FileUtils (LogUtils.java:supplyAndLog(82)) - Successfully supplied Files.newOutputStream CREATE_NEW /workdir/ratis-examples/target/test/data/1fdfb1b/TestFileStoreWithNetty/filestore/s2/file85: java.nio.channels.Channels$1@4939b554
2019-09-26 10:03:50,623 TRACE util.FileUtils (LogUtils.java:supplyAndLog(82)) - Successfully supplied Files.newOutputStream CREATE_NEW /workdir/ratis-examples/target/test/data/1fdfb1b/TestFileStoreWithNetty/filestore/s0/file85: java.nio.channels.Channels$1@c606688
2019-09-26 10:03:50,684 INFO  logging.LoggingHandler (AbstractInternalLogger.java:log(150)) - [id: 0x98fa128d, L:0.0.0.0/0.0.0.0:42528] READ: [id: 0xe7853e3c, L:/192.168.30.59:42528 - R:/192.168.30.59:59286]
2019-09-26 10:03:50,685 INFO  logging.LoggingHandler (AbstractInternalLogger.java:log(150)) - [id: 0x98fa128d, L:0.0.0.0/0.0.0.0:42528] READ COMPLETE
2019-09-26 10:03:50,686 INFO  logging.LoggingHandler (AbstractInternalLogger.java:log(150)) - [id: 0x404738b4, L:/0.0.0.0:37394] READ: [id: 0x87f01dbf, L:/192.168.30.59:37394 - R:/192.168.30.59:36876]
2019-09-26 10:03:50,686 INFO  logging.LoggingHandler (AbstractInternalLogger.java:log(150)) - [id: 0x404738b4, L:/0.0.0.0:37394] READ COMPLETE
2019-09-26 10:03:50,732 TRACE util.FileUtils (LogUtils.java:supplyAndLog(82)) - Successfully supplied Files.newOutputStream CREATE_NEW /workdir/ratis-examples/target/test/data/1fdfb1b/TestFileStoreWithNetty/filestore/s1/file86: java.nio.channels.Channels$1@344d84df
2019-09-26 10:03:50,732 TRACE util.FileUtils (LogUtils.java:supplyAndLog(82)) - Successfully supplied Files.newOutputStream CREATE_NEW /workdir/ratis-examples/target/test/data/1fdfb1b/TestFileStoreWithNetty/filestore/s2/file86: java.nio.channels.Channels$1@3d452cce
2019-09-26 10:03:50,735 TRACE util.FileUtils (LogUtils.java:supplyAndLog(82)) - Successfully supplied Files.newOutputStream CREATE_NEW /workdir/ratis-examples/target/test/data/1fdfb1b/TestFileStoreWithNetty/filestore/s0/file86: java.nio.channels.Channels$1@6e542b3c
2019-09-26 10:03:51,398 INFO  logging.LoggingHandler (AbstractInternalLogger.java:log(150)) - [id: 0x98fa128d, L:0.0.0.0/0.0.0.0:42528] READ: [id: 0x7e3ae8e3, L:/192.168.30.59:42528 - R:/192.168.30.59:59302]
2019-09-26 10:03:51,398 INFO  logging.LoggingHandler (AbstractInternalLogger.java:log(150)) - [id: 0x98fa128d, L:0.0.0.0/0.0.0.0:42528] READ COMPLETE
2019-09-26 10:03:51,399 INFO  logging.LoggingHandler (AbstractInternalLogger.java:log(150)) - [id: 0x404738b4, L:/0.0.0.0:37394] READ: [id: 0xd2149820, L:/192.168.30.59:37394 - R:/192.168.30.59:36892]
2019-09-26 10:03:51,399 INFO  logging.LoggingHandler (AbstractInternalLogger.java:log(150)) - [id: 0x404738b4, L:/0.0.0.0:37394] READ COMPLETE
2019-09-26 10:03:51,426 TRACE util.FileUtils (LogUtils.java:supplyAndLog(82)) - Successfully supplied Files.newOutputStream CREATE_NEW /workdir/ratis-examples/target/test/data/1fdfb1b/TestFileStoreWithNetty/filestore/s1/file87: java.nio.channels.Channels$1@6dfed55c
2019-09-26 10:03:51,428 TRACE util.FileUtils (LogUtils.java:supplyAndLog(82)) - Successfully supplied Files.newOutputStream CREATE_NEW /workdir/ratis-examples/target/test/data/1fdfb1b/TestFileStoreWithNetty/filestore/s2/file87: java.nio.channels.Channels$1@43796a0e
2019-09-26 10:03:51,430 TRACE util.FileUtils (LogUtils.java:supplyAndLog(82)) - Successfully supplied Files.newOutputStream CREATE_NEW /workdir/ratis-examples/target/test/data/1fdfb1b/TestFileStoreWithNetty/filestore/s0/file87: java.nio.channels.Channels$1@44fd4fb4
2019-09-26 10:03:52,081 INFO  logging.LoggingHandler (AbstractInternalLogger.java:log(150)) - [id: 0x98fa128d, L:0.0.0.0/0.0.0.0:42528] READ: [id: 0x2f581dc0, L:/192.168.30.59:42528 - R:/192.168.30.59:59314]
2019-09-26 10:03:52,081 INFO  logging.LoggingHandler (AbstractInternalLogger.java:log(150)) - [id: 0x98fa128d, L:0.0.0.0/0.0.0.0:42528] READ COMPLETE
2019-09-26 10:03:52,083 INFO  logging.LoggingHandler (AbstractInternalLogger.java:log(150)) - [id: 0x404738b4, L:/0.0.0.0:37394] READ: [id: 0x820ec9e9, L:/192.168.30.59:37394 - R:/192.168.30.59:36904]
2019-09-26 10:03:52,083 INFO  logging.LoggingHandler (AbstractInternalLogger.java:log(150)) - [id: 0x404738b4, L:/0.0.0.0:37394] READ COMPLETE
2019-09-26 10:03:52,175 TRACE util.FileUtils (LogUtils.java:supplyAndLog(82)) - Successfully supplied Files.newOutputStream CREATE_NEW /workdir/ratis-examples/target/test/data/1fdfb1b/TestFileStoreWithNetty/filestore/s1/file88: java.nio.channels.Channels$1@54414bdb
2019-09-26 10:03:52,186 TRACE util.FileUtils (LogUtils.java:supplyAndLog(82)) - Successfully supplied Files.newOutputStream CREATE_NEW /workdir/ratis-examples/target/test/data/1fdfb1b/TestFileStoreWithNetty/filestore/s0/file88: java.nio.channels.Channels$1@5098ab59
2019-09-26 10:03:52,188 TRACE util.FileUtils (LogUtils.java:supplyAndLog(82)) - Successfully supplied Files.newOutputStream CREATE_NEW /workdir/ratis-examples/target/test/data/1fdfb1b/TestFileStoreWithNetty/filestore/s2/file88: java.nio.channels.Channels$1@7cfed1f0
2019-09-26 10:03:53,326 INFO  logging.LoggingHandler (AbstractInternalLogger.java:log(150)) - [id: 0x98fa128d, L:0.0.0.0/0.0.0.0:42528] READ: [id: 0x8b16e409, L:/192.168.30.59:42528 - R:/192.168.30.59:59334]
2019-09-26 10:03:53,326 INFO  logging.LoggingHandler (AbstractInternalLogger.java:log(150)) - [id: 0x98fa128d, L:0.0.0.0/0.0.0.0:42528] READ COMPLETE
2019-09-26 10:03:53,337 INFO  logging.LoggingHandler (AbstractInternalLogger.java:log(150)) - [id: 0x404738b4, L:/0.0.0.0:37394] READ: [id: 0xa94abee8, L:/192.168.30.59:37394 - R:/192.168.30.59:36924]
2019-09-26 10:03:53,337 INFO  logging.LoggingHandler (AbstractInternalLogger.java:log(150)) - [id: 0x404738b4, L:/0.0.0.0:37394] READ COMPLETE
2019-09-26 10:03:53,424 TRACE util.FileUtils (LogUtils.java:supplyAndLog(82)) - Successfully supplied Files.newOutputStream CREATE_NEW /workdir/ratis-examples/target/test/data/1fdfb1b/TestFileStoreWithNetty/filestore/s1/file89: java.nio.channels.Channels$1@1fb4f7db
2019-09-26 10:03:53,425 TRACE util.FileUtils (LogUtils.java:supplyAndLog(82)) - Successfully supplied Files.newOutputStream CREATE_NEW /workdir/ratis-examples/target/test/data/1fdfb1b/TestFileStoreWithNetty/filestore/s0/file89: java.nio.channels.Channels$1@31940cdf
2019-09-26 10:03:53,439 TRACE util.FileUtils (LogUtils.java:supplyAndLog(82)) - Successfully supplied Files.newOutputStream CREATE_NEW /workdir/ratis-examples/target/test/data/1fdfb1b/TestFileStoreWithNetty/filestore/s2/file89: java.nio.channels.Channels$1@6527d78c
2019-09-26 10:03:53,706 INFO  logging.LoggingHandler (AbstractInternalLogger.java:log(150)) - [id: 0x98fa128d, L:0.0.0.0/0.0.0.0:42528] READ: [id: 0x6e85ae88, L:/192.168.30.59:42528 - R:/192.168.30.59:59342]
2019-09-26 10:03:53,706 INFO  logging.LoggingHandler (AbstractInternalLogger.java:log(150)) - [id: 0x98fa128d, L:0.0.0.0/0.0.0.0:42528] READ COMPLETE
2019-09-26 10:03:53,708 INFO  logging.LoggingHandler (AbstractInternalLogger.java:log(150)) - [id: 0x404738b4, L:/0.0.0.0:37394] READ: [id: 0x980e177d, L:/192.168.30.59:37394 - R:/192.168.30.59:36932]
2019-09-26 10:03:53,708 INFO  logging.LoggingHandler (AbstractInternalLogger.java:log(150)) - [id: 0x404738b4, L:/0.0.0.0:37394] READ COMPLETE
2019-09-26 10:03:53,753 TRACE util.FileUtils (LogUtils.java:supplyAndLog(82)) - Successfully supplied Files.newOutputStream CREATE_NEW /workdir/ratis-examples/target/test/data/1fdfb1b/TestFileStoreWithNetty/filestore/s1/file90: java.nio.channels.Channels$1@7ccecf27
2019-09-26 10:03:53,754 TRACE util.FileUtils (LogUtils.java:supplyAndLog(82)) - Successfully supplied Files.newOutputStream CREATE_NEW /workdir/ratis-examples/target/test/data/1fdfb1b/TestFileStoreWithNetty/filestore/s2/file90: java.nio.channels.Channels$1@bca6790
2019-09-26 10:03:53,756 TRACE util.FileUtils (LogUtils.java:supplyAndLog(82)) - Successfully supplied Files.newOutputStream CREATE_NEW /workdir/ratis-examples/target/test/data/1fdfb1b/TestFileStoreWithNetty/filestore/s0/file90: java.nio.channels.Channels$1@6d2013c5
2019-09-26 10:03:54,366 INFO  logging.LoggingHandler (AbstractInternalLogger.java:log(150)) - [id: 0x98fa128d, L:0.0.0.0/0.0.0.0:42528] READ: [id: 0xe72ee88f, L:/192.168.30.59:42528 - R:/192.168.30.59:59352]
2019-09-26 10:03:54,367 INFO  logging.LoggingHandler (AbstractInternalLogger.java:log(150)) - [id: 0x98fa128d, L:0.0.0.0/0.0.0.0:42528] READ COMPLETE
2019-09-26 10:03:54,368 INFO  logging.LoggingHandler (AbstractInternalLogger.java:log(150)) - [id: 0x404738b4, L:/0.0.0.0:37394] READ: [id: 0x2680d4d6, L:/192.168.30.59:37394 - R:/192.168.30.59:36942]
2019-09-26 10:03:54,368 INFO  logging.LoggingHandler (AbstractInternalLogger.java:log(150)) - [id: 0x404738b4, L:/0.0.0.0:37394] READ COMPLETE
2019-09-26 10:03:54,408 TRACE util.FileUtils (LogUtils.java:supplyAndLog(82)) - Successfully supplied Files.newOutputStream CREATE_NEW /workdir/ratis-examples/target/test/data/1fdfb1b/TestFileStoreWithNetty/filestore/s1/file91: java.nio.channels.Channels$1@64f02e9d
2019-09-26 10:03:54,409 TRACE util.FileUtils (LogUtils.java:supplyAndLog(82)) - Successfully supplied Files.newOutputStream CREATE_NEW /workdir/ratis-examples/target/test/data/1fdfb1b/TestFileStoreWithNetty/filestore/s0/file91: java.nio.channels.Channels$1@211820bd
2019-09-26 10:03:54,410 TRACE util.FileUtils (LogUtils.java:supplyAndLog(82)) - Successfully supplied Files.newOutputStream CREATE_NEW /workdir/ratis-examples/target/test/data/1fdfb1b/TestFileStoreWithNetty/filestore/s2/file91: java.nio.channels.Channels$1@23367d37
2019-09-26 10:03:55,463 INFO  logging.LoggingHandler (AbstractInternalLogger.java:log(150)) - [id: 0x98fa128d, L:0.0.0.0/0.0.0.0:42528] READ: [id: 0xea6e2420, L:/192.168.30.59:42528 - R:/192.168.30.59:59366]
2019-09-26 10:03:55,463 INFO  logging.LoggingHandler (AbstractInternalLogger.java:log(150)) - [id: 0x98fa128d, L:0.0.0.0/0.0.0.0:42528] READ COMPLETE
2019-09-26 10:03:55,464 INFO  logging.LoggingHandler (AbstractInternalLogger.java:log(150)) - [id: 0x404738b4, L:/0.0.0.0:37394] READ: [id: 0xf42a68ae, L:/192.168.30.59:37394 - R:/192.168.30.59:36956]
2019-09-26 10:03:55,464 INFO  logging.LoggingHandler (AbstractInternalLogger.java:log(150)) - [id: 0x404738b4, L:/0.0.0.0:37394] READ COMPLETE
2019-09-26 10:03:55,501 TRACE util.FileUtils (LogUtils.java:supplyAndLog(82)) - Successfully supplied Files.newOutputStream CREATE_NEW /workdir/ratis-examples/target/test/data/1fdfb1b/TestFileStoreWithNetty/filestore/s1/file92: java.nio.channels.Channels$1@6d283b51
2019-09-26 10:03:55,501 TRACE util.FileUtils (LogUtils.java:supplyAndLog(82)) - Successfully supplied Files.newOutputStream CREATE_NEW /workdir/ratis-examples/target/test/data/1fdfb1b/TestFileStoreWithNetty/filestore/s0/file92: java.nio.channels.Channels$1@4f49fa4f
2019-09-26 10:03:55,503 TRACE util.FileUtils (LogUtils.java:supplyAndLog(82)) - Successfully supplied Files.newOutputStream CREATE_NEW /workdir/ratis-examples/target/test/data/1fdfb1b/TestFileStoreWithNetty/filestore/s2/file92: java.nio.channels.Channels$1@6e96536a
2019-09-26 10:03:55,984 INFO  logging.LoggingHandler (AbstractInternalLogger.java:log(150)) - [id: 0x98fa128d, L:0.0.0.0/0.0.0.0:42528] READ: [id: 0x467bd4fc, L:/192.168.30.59:42528 - R:/192.168.30.59:59372]
2019-09-26 10:03:55,985 INFO  logging.LoggingHandler (AbstractInternalLogger.java:log(150)) - [id: 0x98fa128d, L:0.0.0.0/0.0.0.0:42528] READ COMPLETE
2019-09-26 10:03:55,989 INFO  logging.LoggingHandler (AbstractInternalLogger.java:log(150)) - [id: 0x404738b4, L:/0.0.0.0:37394] READ: [id: 0xac83c7df, L:/192.168.30.59:37394 - R:/192.168.30.59:36962]
2019-09-26 10:03:55,989 INFO  logging.LoggingHandler (AbstractInternalLogger.java:log(150)) - [id: 0x404738b4, L:/0.0.0.0:37394] READ COMPLETE
2019-09-26 10:03:56,037 TRACE util.FileUtils (LogUtils.java:supplyAndLog(82)) - Successfully supplied Files.newOutputStream CREATE_NEW /workdir/ratis-examples/target/test/data/1fdfb1b/TestFileStoreWithNetty/filestore/s1/file93: java.nio.channels.Channels$1@11fc6ec3
2019-09-26 10:03:56,038 TRACE util.FileUtils (LogUtils.java:supplyAndLog(82)) - Successfully supplied Files.newOutputStream CREATE_NEW /workdir/ratis-examples/target/test/data/1fdfb1b/TestFileStoreWithNetty/filestore/s2/file93: java.nio.channels.Channels$1@1a8bd4fc
2019-09-26 10:03:56,041 TRACE util.FileUtils (LogUtils.java:supplyAndLog(82)) - Successfully supplied Files.newOutputStream CREATE_NEW /workdir/ratis-examples/target/test/data/1fdfb1b/TestFileStoreWithNetty/filestore/s0/file93: java.nio.channels.Channels$1@6b3326de
2019-09-26 10:03:56,811 INFO  logging.LoggingHandler (AbstractInternalLogger.java:log(150)) - [id: 0x98fa128d, L:0.0.0.0/0.0.0.0:42528] READ: [id: 0x5130b6d1, L:/192.168.30.59:42528 - R:/192.168.30.59:59386]
2019-09-26 10:03:56,811 INFO  logging.LoggingHandler (AbstractInternalLogger.java:log(150)) - [id: 0x98fa128d, L:0.0.0.0/0.0.0.0:42528] READ COMPLETE
2019-09-26 10:03:56,812 INFO  logging.LoggingHandler (AbstractInternalLogger.java:log(150)) - [id: 0x404738b4, L:/0.0.0.0:37394] READ: [id: 0x5200e915, L:/192.168.30.59:37394 - R:/192.168.30.59:36976]
2019-09-26 10:03:56,813 INFO  logging.LoggingHandler (AbstractInternalLogger.java:log(150)) - [id: 0x404738b4, L:/0.0.0.0:37394] READ COMPLETE
2019-09-26 10:03:56,961 TRACE util.FileUtils (LogUtils.java:supplyAndLog(82)) - Successfully supplied Files.newOutputStream CREATE_NEW /workdir/ratis-examples/target/test/data/1fdfb1b/TestFileStoreWithNetty/filestore/s1/file94: java.nio.channels.Channels$1@4082bf38
2019-09-26 10:03:56,974 TRACE util.FileUtils (LogUtils.java:supplyAndLog(82)) - Successfully supplied Files.newOutputStream CREATE_NEW /workdir/ratis-examples/target/test/data/1fdfb1b/TestFileStoreWithNetty/filestore/s2/file94: java.nio.channels.Channels$1@4f16ef38
2019-09-26 10:03:56,974 TRACE util.FileUtils (LogUtils.java:supplyAndLog(82)) - Successfully supplied Files.newOutputStream CREATE_NEW /workdir/ratis-examples/target/test/data/1fdfb1b/TestFileStoreWithNetty/filestore/s0/file94: java.nio.channels.Channels$1@7435e8e6
2019-09-26 10:03:57,189 INFO  logging.LoggingHandler (AbstractInternalLogger.java:log(150)) - [id: 0x98fa128d, L:0.0.0.0/0.0.0.0:42528] READ: [id: 0x8cf7116c, L:/192.168.30.59:42528 - R:/192.168.30.59:59392]
2019-09-26 10:03:57,189 INFO  logging.LoggingHandler (AbstractInternalLogger.java:log(150)) - [id: 0x98fa128d, L:0.0.0.0/0.0.0.0:42528] READ COMPLETE
2019-09-26 10:03:57,191 INFO  logging.LoggingHandler (AbstractInternalLogger.java:log(150)) - [id: 0x404738b4, L:/0.0.0.0:37394] READ: [id: 0xe97214e6, L:/192.168.30.59:37394 - R:/192.168.30.59:36982]
2019-09-26 10:03:57,191 INFO  logging.LoggingHandler (AbstractInternalLogger.java:log(150)) - [id: 0x404738b4, L:/0.0.0.0:37394] READ COMPLETE
2019-09-26 10:03:57,255 TRACE util.FileUtils (LogUtils.java:supplyAndLog(82)) - Successfully supplied Files.newOutputStream CREATE_NEW /workdir/ratis-examples/target/test/data/1fdfb1b/TestFileStoreWithNetty/filestore/s1/file95: java.nio.channels.Channels$1@6868aa55
2019-09-26 10:03:57,257 TRACE util.FileUtils (LogUtils.java:supplyAndLog(82)) - Successfully supplied Files.newOutputStream CREATE_NEW /workdir/ratis-examples/target/test/data/1fdfb1b/TestFileStoreWithNetty/filestore/s2/file95: java.nio.channels.Channels$1@73d55029
2019-09-26 10:03:57,257 TRACE util.FileUtils (LogUtils.java:supplyAndLog(82)) - Successfully supplied Files.newOutputStream CREATE_NEW /workdir/ratis-examples/target/test/data/1fdfb1b/TestFileStoreWithNetty/filestore/s0/file95: java.nio.channels.Channels$1@54a4b0a4
]]></system-out>
  </testcase>
</testsuite>