<?xml version="1.0" encoding="UTF-8"?>
<testsuite xmlns:xsi="http://www.w3.org/2001/XMLSchema-instance" xsi:noNamespaceSchemaLocation="https://maven.apache.org/surefire/maven-surefire-plugin/xsd/surefire-test-report.xsd" name="org.apache.ratis.grpc.TestRaftReconfigurationWithGrpc" time="37.805" tests="12" errors="1" skipped="0" failures="0">
  <properties>
[...]
</properties>
  <testcase name="testNoChangeRequest" classname="org.apache.ratis.grpc.TestRaftReconfigurationWithGrpc" time="2.256"/>
  <testcase name="testRemovePeers" classname="org.apache.ratis.grpc.TestRaftReconfigurationWithGrpc" time="1.932"/>
  <testcase name="testAddRemovePeers" classname="org.apache.ratis.grpc.TestRaftReconfigurationWithGrpc" time="2.84"/>
  <testcase name="testRevertConfigurationChange" classname="org.apache.ratis.grpc.TestRaftReconfigurationWithGrpc" time="3.229"/>
  <testcase name="testBootstrapReconf" classname="org.apache.ratis.grpc.TestRaftReconfigurationWithGrpc" time="6.044">
    <error type="java.lang.NullPointerException">java.lang.NullPointerException
</error>
    <system-out><![CDATA[2019-09-26 10:00:43,550 INFO  util.LogUtils (LogUtils.java:setLogLevel(41)) - Set org.apache.ratis.conf.ConfUtils log level to WARN
2019-09-26 10:00:43,550 INFO  util.LogUtils (LogUtils.java:setLogLevel(41)) - Set org.apache.ratis.util.FileUtils log level to TRACE
2019-09-26 10:00:43,552 INFO  ratis.MiniRaftCluster (MiniRaftCluster.java:runWithNewCluster(119)) - Running runWithNewCluster
2019-09-26 10:00:43,552 INFO  ratis.MiniRaftCluster (MiniRaftCluster.java:<init>(253)) - new MiniRaftClusterWithGrpc with group-FE6EA6DB94F5:[s0:0.0.0.0:42984, s1:0.0.0.0:33314, s2:0.0.0.0:37104]
2019-09-26 10:00:43,553 INFO  ratis.MiniRaftCluster (MiniRaftCluster.java:start(287)) - .............................................................. 
2019-09-26 10:00:43,553 INFO  ratis.MiniRaftCluster (MiniRaftCluster.java:start(288)) - ... 
2019-09-26 10:00:43,553 INFO  ratis.MiniRaftCluster (MiniRaftCluster.java:start(289)) - ...     Starting MiniRaftClusterWithGrpc
2019-09-26 10:00:43,553 INFO  ratis.MiniRaftCluster (MiniRaftCluster.java:start(290)) - ... 
2019-09-26 10:00:43,553 INFO  ratis.MiniRaftCluster (MiniRaftCluster.java:start(291)) - .............................................................. 
2019-09-26 10:00:43,553 INFO  ratis.MiniRaftCluster (MiniRaftCluster.java:initServers(265)) - servers = {}
2019-09-26 10:00:43,554 INFO  ratis.MiniRaftCluster (MiniRaftCluster.java:newRaftServer(330)) - newRaftServer: s0, group-FE6EA6DB94F5:[s0:0.0.0.0:42984, s1:0.0.0.0:33314, s2:0.0.0.0:37104], format? true
2019-09-26 10:00:43,555 TRACE util.FileUtils (FileUtils.java:deleteFully(88)) - deleteFully target/test/data/fe4d9539/MiniRaftClusterWithGrpcb0829ea5/s0
2019-09-26 10:00:43,555 TRACE util.FileUtils (FileUtils.java:deleteFully(104)) - deleteFully: target/test/data/fe4d9539/MiniRaftClusterWithGrpcb0829ea5/s0 does not exist.
2019-09-26 10:00:43,555 INFO  ratis.MiniRaftCluster (MiniRaftCluster.java:newRaftServer(335)) - Formatted directory target/test/data/fe4d9539/MiniRaftClusterWithGrpcb0829ea5/s0
2019-09-26 10:00:43,556 INFO  impl.RaftServerProxy (ConfUtils.java:logGet(43)) - raft.rpc.type = GRPC (default)
2019-09-26 10:00:43,556 INFO  grpc.GrpcFactory (GrpcFactory.java:checkPooledByteBufAllocatorUseCacheForAllThreads(45)) - PERFORMANCE WARNING: useCacheForAllThreads is true that may cause Netty to create a lot garbage objects and, as a result, trigger GC.
	It is recommended to disable useCacheForAllThreads by setting -Dorg.apache.ratis.thirdparty.io.netty.allocator.useCacheForAllThreads=false in command line.
2019-09-26 10:00:43,556 INFO  grpc.GrpcConfigKeys$Server (ConfUtils.java:logGet(43)) - raft.grpc.server.port = 42984 (custom)
2019-09-26 10:00:43,557 INFO  server.GrpcService (ConfUtils.java:logGet(43)) - raft.grpc.message.size.max = 64MB (=67108864) (default)
2019-09-26 10:00:43,557 INFO  server.RaftServerConfigKeys (ConfUtils.java:logGet(43)) - raft.server.log.appender.buffer.byte-limit = 4MB (=4194304) (default)
2019-09-26 10:00:43,557 INFO  server.GrpcService (ConfUtils.java:logGet(43)) - raft.grpc.flow.control.window = 1MB (=1048576) (default)
2019-09-26 10:00:43,557 INFO  server.RaftServerConfigKeys (ConfUtils.java:logGet(43)) - raft.server.rpc.request.timeout = 3000ms (default)
2019-09-26 10:00:43,558 INFO  server.RaftServerConfigKeys (ConfUtils.java:logGet(43)) - raft.server.storage.dir = [/workdir/ratis-test/target/test/data/fe4d9539/MiniRaftClusterWithGrpcb0829ea5/s0] (custom)
2019-09-26 10:00:43,559 INFO  impl.RaftServerProxy (RaftServerProxy.java:addNew(89)) - s0: addNew group-FE6EA6DB94F5:[s0:0.0.0.0:42984, s1:0.0.0.0:33314, s2:0.0.0.0:37104] returns group-FE6EA6DB94F5:java.util.concurrent.CompletableFuture@23baf265[Not completed]
2019-09-26 10:00:43,559 INFO  impl.RaftServerImpl (RaftServerImpl.java:<init>(95)) - s0: new RaftServerImpl for group-FE6EA6DB94F5:[s0:0.0.0.0:42984, s1:0.0.0.0:33314, s2:0.0.0.0:37104] with BaseStateMachine:uninitialized
2019-09-26 10:00:43,559 INFO  ratis.MiniRaftCluster (MiniRaftCluster.java:newRaftServer(330)) - newRaftServer: s1, group-FE6EA6DB94F5:[s0:0.0.0.0:42984, s1:0.0.0.0:33314, s2:0.0.0.0:37104], format? true
2019-09-26 10:00:43,560 INFO  server.RaftServerConfigKeys (ConfUtils.java:logGet(43)) - raft.server.rpc.timeout.min = 150ms (default)
2019-09-26 10:00:43,560 TRACE util.FileUtils (FileUtils.java:deleteFully(88)) - deleteFully target/test/data/fe4d9539/MiniRaftClusterWithGrpcb0829ea5/s1
2019-09-26 10:00:43,560 INFO  server.RaftServerConfigKeys (ConfUtils.java:logGet(43)) - raft.server.rpc.timeout.max = 300ms (default)
2019-09-26 10:00:43,560 TRACE util.FileUtils (FileUtils.java:deleteFully(104)) - deleteFully: target/test/data/fe4d9539/MiniRaftClusterWithGrpcb0829ea5/s1 does not exist.
2019-09-26 10:00:43,560 INFO  ratis.MiniRaftCluster (MiniRaftCluster.java:newRaftServer(335)) - Formatted directory target/test/data/fe4d9539/MiniRaftClusterWithGrpcb0829ea5/s1
2019-09-26 10:00:43,560 INFO  server.RaftServerConfigKeys (ConfUtils.java:logGet(43)) - raft.server.rpcslowness.timeout = 60s (default)
2019-09-26 10:00:43,561 INFO  server.RaftServerConfigKeys (ConfUtils.java:logGet(43)) - raft.server.sleep.deviation.threshold = 300 (default)
2019-09-26 10:00:43,561 INFO  impl.RaftServerProxy (ConfUtils.java:logGet(43)) - raft.rpc.type = GRPC (default)
2019-09-26 10:00:43,561 INFO  server.RaftServerConfigKeys (ConfUtils.java:logGet(43)) - raft.server.log.appender.install.snapshot.enabled = true (default)
2019-09-26 10:00:43,561 INFO  grpc.GrpcFactory (GrpcFactory.java:checkPooledByteBufAllocatorUseCacheForAllThreads(45)) - PERFORMANCE WARNING: useCacheForAllThreads is true that may cause Netty to create a lot garbage objects and, as a result, trigger GC.
	It is recommended to disable useCacheForAllThreads by setting -Dorg.apache.ratis.thirdparty.io.netty.allocator.useCacheForAllThreads=false in command line.
2019-09-26 10:00:43,561 INFO  impl.RaftServerImpl (ServerState.java:<init>(103)) - s0@group-FE6EA6DB94F5: ConfigurationManager, init=-1: [s0:0.0.0.0:42984, s1:0.0.0.0:33314, s2:0.0.0.0:37104], old=null, confs=<EMPTY_MAP>
2019-09-26 10:00:43,561 INFO  grpc.GrpcConfigKeys$Server (ConfUtils.java:logGet(43)) - raft.grpc.server.port = 33314 (custom)
2019-09-26 10:00:43,562 INFO  server.RaftServerConfigKeys (ConfUtils.java:logGet(43)) - raft.server.storage.dir = [/workdir/ratis-test/target/test/data/fe4d9539/MiniRaftClusterWithGrpcb0829ea5/s0] (custom)
2019-09-26 10:00:43,562 INFO  server.GrpcService (ConfUtils.java:logGet(43)) - raft.grpc.message.size.max = 64MB (=67108864) (default)
2019-09-26 10:00:43,562 INFO  server.RaftServerConfigKeys (ConfUtils.java:logGet(43)) - raft.server.log.corruption.policy = EXCEPTION (default)
2019-09-26 10:00:43,562 INFO  server.RaftServerConfigKeys (ConfUtils.java:logGet(43)) - raft.server.log.appender.buffer.byte-limit = 4MB (=4194304) (default)
2019-09-26 10:00:43,562 INFO  storage.RaftStorageDirectory (RaftStorageDirectory.java:analyzeStorage(246)) - The storage directory /workdir/ratis-test/target/test/data/fe4d9539/MiniRaftClusterWithGrpcb0829ea5/s0/f22d41d2-9603-42e4-a82d-fe6ea6db94f5 does not exist. Creating ...
2019-09-26 10:00:43,562 INFO  server.GrpcService (ConfUtils.java:logGet(43)) - raft.grpc.flow.control.window = 1MB (=1048576) (default)
2019-09-26 10:00:43,563 INFO  server.RaftServerConfigKeys (ConfUtils.java:logGet(43)) - raft.server.rpc.request.timeout = 3000ms (default)
2019-09-26 10:00:43,563 INFO  server.RaftServerConfigKeys (ConfUtils.java:logGet(43)) - raft.server.storage.dir = [/workdir/ratis-test/target/test/data/fe4d9539/MiniRaftClusterWithGrpcb0829ea5/s1] (custom)
2019-09-26 10:00:43,563 TRACE util.FileUtils (LogUtils.java:runAndLog(61)) - Successfully ran Files.createDirectories /workdir/ratis-test/target/test/data/fe4d9539/MiniRaftClusterWithGrpcb0829ea5/s0/f22d41d2-9603-42e4-a82d-fe6ea6db94f5
2019-09-26 10:00:43,563 INFO  impl.RaftServerProxy (RaftServerProxy.java:addNew(89)) - s1: addNew group-FE6EA6DB94F5:[s0:0.0.0.0:42984, s1:0.0.0.0:33314, s2:0.0.0.0:37104] returns group-FE6EA6DB94F5:java.util.concurrent.CompletableFuture@49d88e8e[Not completed]
2019-09-26 10:00:43,564 INFO  impl.RaftServerImpl (RaftServerImpl.java:<init>(95)) - s1: new RaftServerImpl for group-FE6EA6DB94F5:[s0:0.0.0.0:42984, s1:0.0.0.0:33314, s2:0.0.0.0:37104] with BaseStateMachine:uninitialized
2019-09-26 10:00:43,564 INFO  ratis.MiniRaftCluster (MiniRaftCluster.java:newRaftServer(330)) - newRaftServer: s2, group-FE6EA6DB94F5:[s0:0.0.0.0:42984, s1:0.0.0.0:33314, s2:0.0.0.0:37104], format? true
2019-09-26 10:00:43,564 INFO  server.RaftServerConfigKeys (ConfUtils.java:logGet(43)) - raft.server.rpc.timeout.min = 150ms (default)
2019-09-26 10:00:43,564 TRACE util.FileUtils (FileUtils.java:deleteFully(88)) - deleteFully target/test/data/fe4d9539/MiniRaftClusterWithGrpcb0829ea5/s2
2019-09-26 10:00:43,565 INFO  server.RaftServerConfigKeys (ConfUtils.java:logGet(43)) - raft.server.rpc.timeout.max = 300ms (default)
2019-09-26 10:00:43,565 TRACE util.FileUtils (FileUtils.java:deleteFully(104)) - deleteFully: target/test/data/fe4d9539/MiniRaftClusterWithGrpcb0829ea5/s2 does not exist.
2019-09-26 10:00:43,565 INFO  server.RaftServerConfigKeys (ConfUtils.java:logGet(43)) - raft.server.rpcslowness.timeout = 60s (default)
2019-09-26 10:00:43,565 INFO  ratis.MiniRaftCluster (MiniRaftCluster.java:newRaftServer(335)) - Formatted directory target/test/data/fe4d9539/MiniRaftClusterWithGrpcb0829ea5/s2
2019-09-26 10:00:43,565 INFO  server.RaftServerConfigKeys (ConfUtils.java:logGet(43)) - raft.server.sleep.deviation.threshold = 300 (default)
2019-09-26 10:00:43,565 INFO  server.RaftServerConfigKeys (ConfUtils.java:logGet(43)) - raft.server.log.appender.install.snapshot.enabled = true (default)
2019-09-26 10:00:43,565 INFO  impl.RaftServerProxy (ConfUtils.java:logGet(43)) - raft.rpc.type = GRPC (default)
2019-09-26 10:00:43,566 INFO  impl.RaftServerImpl (ServerState.java:<init>(103)) - s1@group-FE6EA6DB94F5: ConfigurationManager, init=-1: [s0:0.0.0.0:42984, s1:0.0.0.0:33314, s2:0.0.0.0:37104], old=null, confs=<EMPTY_MAP>
2019-09-26 10:00:43,566 INFO  grpc.GrpcFactory (GrpcFactory.java:checkPooledByteBufAllocatorUseCacheForAllThreads(45)) - PERFORMANCE WARNING: useCacheForAllThreads is true that may cause Netty to create a lot garbage objects and, as a result, trigger GC.
	It is recommended to disable useCacheForAllThreads by setting -Dorg.apache.ratis.thirdparty.io.netty.allocator.useCacheForAllThreads=false in command line.
2019-09-26 10:00:43,566 INFO  server.RaftServerConfigKeys (ConfUtils.java:logGet(43)) - raft.server.storage.dir = [/workdir/ratis-test/target/test/data/fe4d9539/MiniRaftClusterWithGrpcb0829ea5/s1] (custom)
2019-09-26 10:00:43,566 INFO  grpc.GrpcConfigKeys$Server (ConfUtils.java:logGet(43)) - raft.grpc.server.port = 37104 (custom)
2019-09-26 10:00:43,566 INFO  server.RaftServerConfigKeys (ConfUtils.java:logGet(43)) - raft.server.log.corruption.policy = EXCEPTION (default)
2019-09-26 10:00:43,566 INFO  server.GrpcService (ConfUtils.java:logGet(43)) - raft.grpc.message.size.max = 64MB (=67108864) (default)
2019-09-26 10:00:43,567 INFO  storage.RaftStorageDirectory (RaftStorageDirectory.java:analyzeStorage(246)) - The storage directory /workdir/ratis-test/target/test/data/fe4d9539/MiniRaftClusterWithGrpcb0829ea5/s1/f22d41d2-9603-42e4-a82d-fe6ea6db94f5 does not exist. Creating ...
2019-09-26 10:00:43,567 INFO  server.RaftServerConfigKeys (ConfUtils.java:logGet(43)) - raft.server.log.appender.buffer.byte-limit = 4MB (=4194304) (default)
2019-09-26 10:00:43,567 INFO  server.GrpcService (ConfUtils.java:logGet(43)) - raft.grpc.flow.control.window = 1MB (=1048576) (default)
2019-09-26 10:00:43,567 INFO  server.RaftServerConfigKeys (ConfUtils.java:logGet(43)) - raft.server.rpc.request.timeout = 3000ms (default)
2019-09-26 10:00:43,567 TRACE util.FileUtils (LogUtils.java:runAndLog(61)) - Successfully ran Files.createDirectories /workdir/ratis-test/target/test/data/fe4d9539/MiniRaftClusterWithGrpcb0829ea5/s1/f22d41d2-9603-42e4-a82d-fe6ea6db94f5
2019-09-26 10:00:43,568 INFO  server.RaftServerConfigKeys (ConfUtils.java:logGet(43)) - raft.server.storage.dir = [/workdir/ratis-test/target/test/data/fe4d9539/MiniRaftClusterWithGrpcb0829ea5/s2] (custom)
2019-09-26 10:00:43,568 INFO  impl.RaftServerProxy (RaftServerProxy.java:addNew(89)) - s2: addNew group-FE6EA6DB94F5:[s0:0.0.0.0:42984, s1:0.0.0.0:33314, s2:0.0.0.0:37104] returns group-FE6EA6DB94F5:java.util.concurrent.CompletableFuture@40b7e981[Not completed]
2019-09-26 10:00:43,568 INFO  impl.RaftServerImpl (RaftServerImpl.java:<init>(95)) - s2: new RaftServerImpl for group-FE6EA6DB94F5:[s0:0.0.0.0:42984, s1:0.0.0.0:33314, s2:0.0.0.0:37104] with BaseStateMachine:uninitialized
2019-09-26 10:00:43,569 INFO  server.RaftServerConfigKeys (ConfUtils.java:logGet(43)) - raft.server.rpc.timeout.min = 150ms (default)
2019-09-26 10:00:43,569 INFO  server.RaftServerConfigKeys (ConfUtils.java:logGet(43)) - raft.server.rpc.timeout.max = 300ms (default)
2019-09-26 10:00:43,569 INFO  server.RaftServerConfigKeys (ConfUtils.java:logGet(43)) - raft.server.rpcslowness.timeout = 60s (default)
2019-09-26 10:00:43,569 INFO  server.RaftServerConfigKeys (ConfUtils.java:logGet(43)) - raft.server.sleep.deviation.threshold = 300 (default)
2019-09-26 10:00:43,569 INFO  server.RaftServerConfigKeys (ConfUtils.java:logGet(43)) - raft.server.log.appender.install.snapshot.enabled = true (default)
2019-09-26 10:00:43,570 INFO  impl.RaftServerImpl (ServerState.java:<init>(103)) - s2@group-FE6EA6DB94F5: ConfigurationManager, init=-1: [s0:0.0.0.0:42984, s1:0.0.0.0:33314, s2:0.0.0.0:37104], old=null, confs=<EMPTY_MAP>
2019-09-26 10:00:43,570 INFO  server.RaftServerConfigKeys (ConfUtils.java:logGet(43)) - raft.server.storage.dir = [/workdir/ratis-test/target/test/data/fe4d9539/MiniRaftClusterWithGrpcb0829ea5/s2] (custom)
2019-09-26 10:00:43,570 INFO  server.RaftServerConfigKeys (ConfUtils.java:logGet(43)) - raft.server.log.corruption.policy = EXCEPTION (default)
2019-09-26 10:00:43,570 INFO  storage.RaftStorageDirectory (RaftStorageDirectory.java:analyzeStorage(246)) - The storage directory /workdir/ratis-test/target/test/data/fe4d9539/MiniRaftClusterWithGrpcb0829ea5/s2/f22d41d2-9603-42e4-a82d-fe6ea6db94f5 does not exist. Creating ...
2019-09-26 10:00:43,571 TRACE util.FileUtils (LogUtils.java:runAndLog(61)) - Successfully ran Files.createDirectories /workdir/ratis-test/target/test/data/fe4d9539/MiniRaftClusterWithGrpcb0829ea5/s2/f22d41d2-9603-42e4-a82d-fe6ea6db94f5
2019-09-26 10:00:43,577 INFO  storage.RaftStorageDirectory (RaftStorageDirectory.java:tryLock(328)) - Lock on /workdir/ratis-test/target/test/data/fe4d9539/MiniRaftClusterWithGrpcb0829ea5/s1/f22d41d2-9603-42e4-a82d-fe6ea6db94f5/in_use.lock acquired by nodename 13417@ratis-test-kn96w-682825239
2019-09-26 10:00:43,577 INFO  storage.RaftStorageDirectory (RaftStorageDirectory.java:tryLock(328)) - Lock on /workdir/ratis-test/target/test/data/fe4d9539/MiniRaftClusterWithGrpcb0829ea5/s0/f22d41d2-9603-42e4-a82d-fe6ea6db94f5/in_use.lock acquired by nodename 13417@ratis-test-kn96w-682825239
2019-09-26 10:00:43,577 INFO  storage.RaftStorageDirectory (RaftStorageDirectory.java:tryLock(328)) - Lock on /workdir/ratis-test/target/test/data/fe4d9539/MiniRaftClusterWithGrpcb0829ea5/s2/f22d41d2-9603-42e4-a82d-fe6ea6db94f5/in_use.lock acquired by nodename 13417@ratis-test-kn96w-682825239
2019-09-26 10:00:43,578 TRACE util.FileUtils (LogUtils.java:runAndLog(61)) - Successfully ran Files.createDirectories /workdir/ratis-test/target/test/data/fe4d9539/MiniRaftClusterWithGrpcb0829ea5/s0/f22d41d2-9603-42e4-a82d-fe6ea6db94f5/current
2019-09-26 10:00:43,577 TRACE util.FileUtils (LogUtils.java:runAndLog(61)) - Successfully ran Files.createDirectories /workdir/ratis-test/target/test/data/fe4d9539/MiniRaftClusterWithGrpcb0829ea5/s1/f22d41d2-9603-42e4-a82d-fe6ea6db94f5/current
2019-09-26 10:00:43,578 TRACE util.FileUtils (LogUtils.java:runAndLog(61)) - Successfully ran Files.createDirectories /workdir/ratis-test/target/test/data/fe4d9539/MiniRaftClusterWithGrpcb0829ea5/s0/f22d41d2-9603-42e4-a82d-fe6ea6db94f5/sm
2019-09-26 10:00:43,578 TRACE util.FileUtils (LogUtils.java:runAndLog(61)) - Successfully ran Files.createDirectories /workdir/ratis-test/target/test/data/fe4d9539/MiniRaftClusterWithGrpcb0829ea5/s2/f22d41d2-9603-42e4-a82d-fe6ea6db94f5/current
2019-09-26 10:00:43,578 TRACE util.FileUtils (LogUtils.java:runAndLog(61)) - Successfully ran Files.createDirectories /workdir/ratis-test/target/test/data/fe4d9539/MiniRaftClusterWithGrpcb0829ea5/s1/f22d41d2-9603-42e4-a82d-fe6ea6db94f5/sm
2019-09-26 10:00:43,578 TRACE util.FileUtils (LogUtils.java:runAndLog(61)) - Successfully ran Files.createDirectories /workdir/ratis-test/target/test/data/fe4d9539/MiniRaftClusterWithGrpcb0829ea5/s2/f22d41d2-9603-42e4-a82d-fe6ea6db94f5/sm
2019-09-26 10:00:43,593 INFO  storage.RaftStorage (RaftStorage.java:format(84)) - Storage directory /workdir/ratis-test/target/test/data/fe4d9539/MiniRaftClusterWithGrpcb0829ea5/s1/f22d41d2-9603-42e4-a82d-fe6ea6db94f5 has been successfully formatted.
2019-09-26 10:00:43,593 INFO  storage.RaftStorage (RaftStorage.java:format(84)) - Storage directory /workdir/ratis-test/target/test/data/fe4d9539/MiniRaftClusterWithGrpcb0829ea5/s0/f22d41d2-9603-42e4-a82d-fe6ea6db94f5 has been successfully formatted.
2019-09-26 10:00:43,593 INFO  storage.RaftStorage (RaftStorage.java:format(84)) - Storage directory /workdir/ratis-test/target/test/data/fe4d9539/MiniRaftClusterWithGrpcb0829ea5/s2/f22d41d2-9603-42e4-a82d-fe6ea6db94f5 has been successfully formatted.
2019-09-26 10:00:43,593 INFO  server.RaftServerConfigKeys (ConfUtils.java:logGet(43)) - raft.server.notification.no-leader.timeout = 60s (default)
2019-09-26 10:00:43,593 INFO  server.RaftServerConfigKeys (ConfUtils.java:logGet(43)) - raft.server.notification.no-leader.timeout = 60s (default)
2019-09-26 10:00:43,594 INFO  server.RaftServerConfigKeys (ConfUtils.java:logGet(43)) - raft.server.log.use.memory = false (default)
2019-09-26 10:00:43,594 INFO  server.RaftServerConfigKeys (ConfUtils.java:logGet(43)) - raft.server.notification.no-leader.timeout = 60s (default)
2019-09-26 10:00:43,594 INFO  server.RaftServerConfigKeys (ConfUtils.java:logGet(43)) - raft.server.log.purge.gap = 1024 (default)
2019-09-26 10:00:43,594 INFO  server.RaftServerConfigKeys (ConfUtils.java:logGet(43)) - raft.server.log.appender.buffer.byte-limit = 4MB (=4194304) (default)
2019-09-26 10:00:43,594 INFO  server.RaftServerConfigKeys (ConfUtils.java:logGet(43)) - raft.server.log.use.memory = false (default)
2019-09-26 10:00:43,594 INFO  server.RaftServerConfigKeys (ConfUtils.java:logGet(43)) - raft.server.log.segment.size.max = 8MB (=8388608) (default)
2019-09-26 10:00:43,594 INFO  server.RaftServerConfigKeys (ConfUtils.java:logGet(43)) - raft.server.log.use.memory = false (default)
2019-09-26 10:00:43,595 INFO  server.RaftServerConfigKeys (ConfUtils.java:logGet(43)) - raft.server.log.segment.cache.num.max = 6 (default)
2019-09-26 10:00:43,594 INFO  server.RaftServerConfigKeys (ConfUtils.java:logGet(43)) - raft.server.log.purge.gap = 1024 (default)
2019-09-26 10:00:43,595 INFO  segmented.SegmentedRaftLogWorker (SegmentedRaftLogWorker.java:<init>(172)) - new s0@group-FE6EA6DB94F5-SegmentedRaftLogWorker for RaftStorage:Storage Directory /workdir/ratis-test/target/test/data/fe4d9539/MiniRaftClusterWithGrpcb0829ea5/s0/f22d41d2-9603-42e4-a82d-fe6ea6db94f5
2019-09-26 10:00:43,595 INFO  server.RaftServerConfigKeys (ConfUtils.java:logGet(43)) - raft.server.log.purge.gap = 1024 (default)
2019-09-26 10:00:43,595 INFO  server.RaftServerConfigKeys (ConfUtils.java:logGet(43)) - raft.server.log.queue.byte-limit = 64MB (=67108864) (default)
2019-09-26 10:00:43,595 INFO  server.RaftServerConfigKeys (ConfUtils.java:logGet(43)) - raft.server.log.appender.buffer.byte-limit = 4MB (=4194304) (default)
2019-09-26 10:00:43,595 INFO  server.RaftServerConfigKeys (ConfUtils.java:logGet(43)) - raft.server.log.queue.element-limit = 4096 (default)
2019-09-26 10:00:43,595 INFO  server.RaftServerConfigKeys (ConfUtils.java:logGet(43)) - raft.server.log.appender.buffer.byte-limit = 4MB (=4194304) (default)
2019-09-26 10:00:43,595 INFO  server.RaftServerConfigKeys (ConfUtils.java:logGet(43)) - raft.server.log.segment.size.max = 8MB (=8388608) (default)
2019-09-26 10:00:43,595 INFO  server.RaftServerConfigKeys (ConfUtils.java:logGet(43)) - raft.server.log.segment.size.max = 8MB (=8388608) (default)
2019-09-26 10:00:43,596 INFO  server.RaftServerConfigKeys (ConfUtils.java:logGet(43)) - raft.server.log.preallocated.size = 4MB (=4194304) (default)
2019-09-26 10:00:43,596 INFO  server.RaftServerConfigKeys (ConfUtils.java:logGet(43)) - raft.server.log.segment.size.max = 8MB (=8388608) (default)
2019-09-26 10:00:43,596 INFO  server.RaftServerConfigKeys (ConfUtils.java:logGet(43)) - raft.server.log.write.buffer.size = 64KB (=65536) (default)
2019-09-26 10:00:43,596 INFO  server.RaftServerConfigKeys (ConfUtils.java:logGet(43)) - raft.server.log.segment.cache.num.max = 6 (default)
2019-09-26 10:00:43,596 INFO  server.RaftServerConfigKeys (ConfUtils.java:logGet(43)) - raft.server.log.force.sync.num = 128 (default)
2019-09-26 10:00:43,596 INFO  server.RaftServerConfigKeys (ConfUtils.java:logGet(43)) - raft.server.log.segment.cache.num.max = 6 (default)
2019-09-26 10:00:43,596 INFO  server.RaftServerConfigKeys (ConfUtils.java:logGet(43)) - raft.server.log.statemachine.data.sync = true (default)
2019-09-26 10:00:43,596 INFO  segmented.SegmentedRaftLogWorker (SegmentedRaftLogWorker.java:<init>(172)) - new s1@group-FE6EA6DB94F5-SegmentedRaftLogWorker for RaftStorage:Storage Directory /workdir/ratis-test/target/test/data/fe4d9539/MiniRaftClusterWithGrpcb0829ea5/s1/f22d41d2-9603-42e4-a82d-fe6ea6db94f5
2019-09-26 10:00:43,597 INFO  server.RaftServerConfigKeys (ConfUtils.java:logGet(43)) - raft.server.log.statemachine.data.sync.timeout = 10s (default)
2019-09-26 10:00:43,597 INFO  segmented.SegmentedRaftLogWorker (SegmentedRaftLogWorker.java:<init>(172)) - new s2@group-FE6EA6DB94F5-SegmentedRaftLogWorker for RaftStorage:Storage Directory /workdir/ratis-test/target/test/data/fe4d9539/MiniRaftClusterWithGrpcb0829ea5/s2/f22d41d2-9603-42e4-a82d-fe6ea6db94f5
2019-09-26 10:00:43,597 INFO  server.RaftServerConfigKeys (ConfUtils.java:logGet(43)) - raft.server.log.statemachine.data.sync.timeout.retry = -1 (default)
2019-09-26 10:00:43,597 INFO  server.RaftServerConfigKeys (ConfUtils.java:logGet(43)) - raft.server.log.queue.byte-limit = 64MB (=67108864) (default)
2019-09-26 10:00:43,597 INFO  server.RaftServerConfigKeys (ConfUtils.java:logGet(43)) - raft.server.log.statemachine.data.caching.enabled = false (default)
2019-09-26 10:00:43,597 INFO  server.RaftServerConfigKeys (ConfUtils.java:logGet(43)) - raft.server.log.queue.byte-limit = 64MB (=67108864) (default)
2019-09-26 10:00:43,597 INFO  server.RaftServerConfigKeys (ConfUtils.java:logGet(43)) - raft.server.log.queue.element-limit = 4096 (default)
2019-09-26 10:00:43,597 INFO  segmented.SegmentedRaftLogWorker (SegmentedRaftLogWorker.java:lambda$new$0(132)) - s0@group-FE6EA6DB94F5-SegmentedRaftLogWorker: flushIndex: setUnconditionally 0 -> -1
2019-09-26 10:00:43,597 INFO  server.RaftServerConfigKeys (ConfUtils.java:logGet(43)) - raft.server.log.queue.element-limit = 4096 (default)
2019-09-26 10:00:43,598 INFO  server.RaftServerConfigKeys (ConfUtils.java:logGet(43)) - raft.server.log.segment.size.max = 8MB (=8388608) (default)
2019-09-26 10:00:43,598 INFO  server.RaftServerConfigKeys (ConfUtils.java:logGet(43)) - raft.server.log.segment.size.max = 8MB (=8388608) (default)
2019-09-26 10:00:43,598 INFO  server.RaftServerConfigKeys (ConfUtils.java:logGet(43)) - raft.server.snapshot.auto.trigger.enabled = false (default)
2019-09-26 10:00:43,598 INFO  server.RaftServerConfigKeys (ConfUtils.java:logGet(43)) - raft.server.log.preallocated.size = 4MB (=4194304) (default)
2019-09-26 10:00:43,598 INFO  server.RaftServerConfigKeys (ConfUtils.java:logGet(43)) - raft.server.log.preallocated.size = 4MB (=4194304) (default)
2019-09-26 10:00:43,598 INFO  server.RaftServerConfigKeys (ConfUtils.java:logGet(43)) - raft.server.log.write.buffer.size = 64KB (=65536) (default)
2019-09-26 10:00:43,598 INFO  server.RaftServerConfigKeys (ConfUtils.java:logGet(43)) - raft.server.snapshot.retention.file.num = -1 (default)
2019-09-26 10:00:43,598 INFO  server.RaftServerConfigKeys (ConfUtils.java:logGet(43)) - raft.server.log.force.sync.num = 128 (default)
2019-09-26 10:00:43,598 INFO  server.RaftServerConfigKeys (ConfUtils.java:logGet(43)) - raft.server.log.write.buffer.size = 64KB (=65536) (default)
2019-09-26 10:00:43,599 INFO  server.RaftServerConfigKeys (ConfUtils.java:logGet(43)) - raft.server.log.statemachine.data.sync = true (default)
2019-09-26 10:00:43,599 INFO  server.RaftServerConfigKeys (ConfUtils.java:logGet(43)) - raft.server.retrycache.expirytime = 60s (default)
2019-09-26 10:00:43,599 INFO  server.RaftServerConfigKeys (ConfUtils.java:logGet(43)) - raft.server.log.statemachine.data.sync.timeout = 10s (default)
2019-09-26 10:00:43,599 INFO  server.RaftServerConfigKeys (ConfUtils.java:logGet(43)) - raft.server.log.force.sync.num = 128 (default)
2019-09-26 10:00:43,599 INFO  server.RaftServerConfigKeys (ConfUtils.java:logGet(43)) - raft.server.log.statemachine.data.sync.timeout.retry = -1 (default)
2019-09-26 10:00:43,599 INFO  server.RaftServerConfigKeys (ConfUtils.java:logGet(43)) - raft.server.log.statemachine.data.sync = true (default)
2019-09-26 10:00:43,599 INFO  server.RaftServerConfigKeys (ConfUtils.java:logGet(43)) - raft.server.log.statemachine.data.caching.enabled = false (default)
2019-09-26 10:00:43,599 INFO  server.RaftServerConfigKeys (ConfUtils.java:logGet(43)) - raft.server.log.statemachine.data.sync.timeout = 10s (default)
2019-09-26 10:00:43,600 INFO  server.RaftServerConfigKeys (ConfUtils.java:logGet(43)) - raft.server.log.statemachine.data.sync.timeout.retry = -1 (default)
2019-09-26 10:00:43,600 INFO  segmented.SegmentedRaftLogWorker (SegmentedRaftLogWorker.java:lambda$new$0(132)) - s2@group-FE6EA6DB94F5-SegmentedRaftLogWorker: flushIndex: setUnconditionally 0 -> -1
2019-09-26 10:00:43,600 INFO  server.RaftServerConfigKeys (ConfUtils.java:logGet(43)) - raft.server.log.statemachine.data.caching.enabled = false (default)
2019-09-26 10:00:43,600 INFO  server.RaftServerConfigKeys (ConfUtils.java:logGet(43)) - raft.server.snapshot.auto.trigger.enabled = false (default)
2019-09-26 10:00:43,600 INFO  segmented.SegmentedRaftLogWorker (SegmentedRaftLogWorker.java:lambda$new$0(132)) - s1@group-FE6EA6DB94F5-SegmentedRaftLogWorker: flushIndex: setUnconditionally 0 -> -1
2019-09-26 10:00:43,600 INFO  server.RaftServerConfigKeys (ConfUtils.java:logGet(43)) - raft.server.snapshot.retention.file.num = -1 (default)
2019-09-26 10:00:43,600 INFO  server.RaftServerConfigKeys (ConfUtils.java:logGet(43)) - raft.server.retrycache.expirytime = 60s (default)
2019-09-26 10:00:43,600 INFO  server.RaftServerConfigKeys (ConfUtils.java:logGet(43)) - raft.server.snapshot.auto.trigger.enabled = false (default)
2019-09-26 10:00:43,601 INFO  server.RaftServerConfigKeys (ConfUtils.java:logGet(43)) - raft.server.snapshot.retention.file.num = -1 (default)
2019-09-26 10:00:43,601 INFO  server.RaftServerConfigKeys (ConfUtils.java:logGet(43)) - raft.server.retrycache.expirytime = 60s (default)
2019-09-26 10:00:43,602 INFO  impl.RaftServerImpl (RaftServerImpl.java:start(181)) - s0@group-FE6EA6DB94F5: start as a follower, conf=-1: [s0:0.0.0.0:42984, s1:0.0.0.0:33314, s2:0.0.0.0:37104], old=null
2019-09-26 10:00:43,602 INFO  impl.RaftServerImpl (RaftServerImpl.java:setRole(170)) - s0@group-FE6EA6DB94F5: changes role from      null to FOLLOWER at term 0 for startAsFollower
2019-09-26 10:00:43,603 INFO  impl.RoleInfo (RoleInfo.java:updateAndGet(143)) - s0: start FollowerState
2019-09-26 10:00:43,603 INFO  util.JmxRegister (JmxRegister.java:tryRegister(44)) - Successfully registered JMX Bean with object name Ratis:service=RaftServer,group=group-FE6EA6DB94F5,id=s0
2019-09-26 10:00:43,607 INFO  impl.RaftServerProxy (RaftServerProxy.java:lambda$start$3(299)) - s0: start RPC server
2019-09-26 10:00:43,607 INFO  server.GrpcService (GrpcService.java:startImpl(158)) - s0: GrpcService started, listening on 0.0.0.0/0.0.0.0:42984
2019-09-26 10:00:43,608 INFO  impl.RaftServerImpl (RaftServerImpl.java:start(181)) - s1@group-FE6EA6DB94F5: start as a follower, conf=-1: [s0:0.0.0.0:42984, s1:0.0.0.0:33314, s2:0.0.0.0:37104], old=null
2019-09-26 10:00:43,608 INFO  impl.RaftServerImpl (RaftServerImpl.java:setRole(170)) - s1@group-FE6EA6DB94F5: changes role from      null to FOLLOWER at term 0 for startAsFollower
2019-09-26 10:00:43,608 INFO  impl.RoleInfo (RoleInfo.java:updateAndGet(143)) - s1: start FollowerState
2019-09-26 10:00:43,609 INFO  util.JmxRegister (JmxRegister.java:tryRegister(44)) - Successfully registered JMX Bean with object name Ratis:service=RaftServer,group=group-FE6EA6DB94F5,id=s1
2019-09-26 10:00:43,611 INFO  impl.RaftServerProxy (RaftServerProxy.java:lambda$start$3(299)) - s1: start RPC server
2019-09-26 10:00:43,612 INFO  server.GrpcService (GrpcService.java:startImpl(158)) - s1: GrpcService started, listening on 0.0.0.0/0.0.0.0:33314
2019-09-26 10:00:43,612 INFO  impl.RaftServerImpl (RaftServerImpl.java:start(181)) - s2@group-FE6EA6DB94F5: start as a follower, conf=-1: [s0:0.0.0.0:42984, s1:0.0.0.0:33314, s2:0.0.0.0:37104], old=null
2019-09-26 10:00:43,612 INFO  impl.RaftServerImpl (RaftServerImpl.java:setRole(170)) - s2@group-FE6EA6DB94F5: changes role from      null to FOLLOWER at term 0 for startAsFollower
2019-09-26 10:00:43,612 INFO  impl.RoleInfo (RoleInfo.java:updateAndGet(143)) - s2: start FollowerState
2019-09-26 10:00:43,613 INFO  util.JmxRegister (JmxRegister.java:tryRegister(44)) - Successfully registered JMX Bean with object name Ratis:service=RaftServer,group=group-FE6EA6DB94F5,id=s2
2019-09-26 10:00:43,615 INFO  impl.RaftServerProxy (RaftServerProxy.java:lambda$start$3(299)) - s2: start RPC server
2019-09-26 10:00:43,617 INFO  server.GrpcService (GrpcService.java:startImpl(158)) - s2: GrpcService started, listening on 0.0.0.0/0.0.0.0:37104
2019-09-26 10:00:43,617 INFO  server.RaftServerConfigKeys (ConfUtils.java:logGet(43)) - raft.server.rpc.timeout.max = 300ms (default)
2019-09-26 10:00:43,618 INFO  ratis.RaftTestUtil (RaftTestUtil.java:waitForLeader(86)) - printing ALL groups
  s0:  RUNNING  FOLLOWER s0@group-FE6EA6DB94F5:t0, leader=null, voted=null, raftlog=s0@group-FE6EA6DB94F5-SegmentedRaftLog:OPENED:c-1,f-1,i0, conf=-1: [s0:0.0.0.0:42984, s1:0.0.0.0:33314, s2:0.0.0.0:37104], old=null RUNNING
  s1:  RUNNING  FOLLOWER s1@group-FE6EA6DB94F5:t0, leader=null, voted=null, raftlog=s1@group-FE6EA6DB94F5-SegmentedRaftLog:OPENED:c-1,f-1,i0, conf=-1: [s0:0.0.0.0:42984, s1:0.0.0.0:33314, s2:0.0.0.0:37104], old=null RUNNING
  s2:  RUNNING  FOLLOWER s2@group-FE6EA6DB94F5:t0, leader=null, voted=null, raftlog=s2@group-FE6EA6DB94F5-SegmentedRaftLog:OPENED:c-1,f-1,i0, conf=-1: [s0:0.0.0.0:42984, s1:0.0.0.0:33314, s2:0.0.0.0:37104], old=null RUNNING
2019-09-26 10:00:43,618 WARN  ratis.RaftTestUtil (JavaUtils.java:attempt(158)) - FAILED "waitForLeader-null-(expectLeader? true)", attempt #1/100: java.lang.IllegalStateException: No leader yet : printing ALL groups
  s0:  RUNNING  FOLLOWER s0@group-FE6EA6DB94F5:t0, leader=null, voted=null, raftlog=s0@group-FE6EA6DB94F5-SegmentedRaftLog:OPENED:c-1,f-1,i0, conf=-1: [s0:0.0.0.0:42984, s1:0.0.0.0:33314, s2:0.0.0.0:37104], old=null RUNNING
  s1:  RUNNING  FOLLOWER s1@group-FE6EA6DB94F5:t0, leader=null, voted=null, raftlog=s1@group-FE6EA6DB94F5-SegmentedRaftLog:OPENED:c-1,f-1,i0, conf=-1: [s0:0.0.0.0:42984, s1:0.0.0.0:33314, s2:0.0.0.0:37104], old=null RUNNING
  s2:  RUNNING  FOLLOWER s2@group-FE6EA6DB94F5:t0, leader=null, voted=null, raftlog=s2@group-FE6EA6DB94F5-SegmentedRaftLog:OPENED:c-1,f-1,i0, conf=-1: [s0:0.0.0.0:42984, s1:0.0.0.0:33314, s2:0.0.0.0:37104], old=null RUNNING, sleep 450ms and then retry.
java.lang.IllegalStateException: No leader yet : printing ALL groups
  s0:  RUNNING  FOLLOWER s0@group-FE6EA6DB94F5:t0, leader=null, voted=null, raftlog=s0@group-FE6EA6DB94F5-SegmentedRaftLog:OPENED:c-1,f-1,i0, conf=-1: [s0:0.0.0.0:42984, s1:0.0.0.0:33314, s2:0.0.0.0:37104], old=null RUNNING
  s1:  RUNNING  FOLLOWER s1@group-FE6EA6DB94F5:t0, leader=null, voted=null, raftlog=s1@group-FE6EA6DB94F5-SegmentedRaftLog:OPENED:c-1,f-1,i0, conf=-1: [s0:0.0.0.0:42984, s1:0.0.0.0:33314, s2:0.0.0.0:37104], old=null RUNNING
  s2:  RUNNING  FOLLOWER s2@group-FE6EA6DB94F5:t0, leader=null, voted=null, raftlog=s2@group-FE6EA6DB94F5-SegmentedRaftLog:OPENED:c-1,f-1,i0, conf=-1: [s0:0.0.0.0:42984, s1:0.0.0.0:33314, s2:0.0.0.0:37104], old=null RUNNING
	at org.apache.ratis.MiniRaftCluster.newIllegalStateExceptionForNoLeaders(MiniRaftCluster.java:506)
	at org.apache.ratis.RaftTestUtil.lambda$waitForLeader$1(RaftTestUtil.java:90)
	at org.apache.ratis.MiniRaftCluster.getLeader(MiniRaftCluster.java:539)
	at org.apache.ratis.MiniRaftCluster.getLeader(MiniRaftCluster.java:532)
	at org.apache.ratis.RaftTestUtil.lambda$waitForLeader$3(RaftTestUtil.java:98)
	at org.apache.ratis.util.JavaUtils.attempt(JavaUtils.java:152)
	at org.apache.ratis.RaftTestUtil.waitForLeader(RaftTestUtil.java:97)
	at org.apache.ratis.RaftTestUtil.waitForLeader(RaftTestUtil.java:77)
	at org.apache.ratis.RaftTestUtil.waitForLeader(RaftTestUtil.java:72)
	at org.apache.ratis.server.impl.RaftReconfigurationBaseTest.runTestBootstrapReconf(RaftReconfigurationBaseTest.java:259)
	at org.apache.ratis.MiniRaftCluster$Factory$Get.runWithNewCluster(MiniRaftCluster.java:125)
	at org.apache.ratis.MiniRaftCluster$Factory$Get.runWithNewCluster(MiniRaftCluster.java:113)
	at org.apache.ratis.server.impl.RaftReconfigurationBaseTest.testBootstrapReconf(RaftReconfigurationBaseTest.java:255)
	at sun.reflect.NativeMethodAccessorImpl.invoke0(Native Method)
	at sun.reflect.NativeMethodAccessorImpl.invoke(NativeMethodAccessorImpl.java:62)
	at sun.reflect.DelegatingMethodAccessorImpl.invoke(DelegatingMethodAccessorImpl.java:43)
	at java.lang.reflect.Method.invoke(Method.java:498)
	at org.junit.runners.model.FrameworkMethod$1.runReflectiveCall(FrameworkMethod.java:50)
	at org.junit.internal.runners.model.ReflectiveCallable.run(ReflectiveCallable.java:12)
	at org.junit.runners.model.FrameworkMethod.invokeExplosively(FrameworkMethod.java:47)
	at org.junit.internal.runners.statements.InvokeMethod.evaluate(InvokeMethod.java:17)
	at org.junit.internal.runners.statements.RunAfters.evaluate(RunAfters.java:27)
	at org.junit.internal.runners.statements.FailOnTimeout$CallableStatement.call(FailOnTimeout.java:298)
	at org.junit.internal.runners.statements.FailOnTimeout$CallableStatement.call(FailOnTimeout.java:292)
	at java.util.concurrent.FutureTask.run(FutureTask.java:266)
	at java.lang.Thread.run(Thread.java:748)
2019-09-26 10:00:43,769 INFO  impl.FollowerState (FollowerState.java:run(108)) - s0@group-FE6EA6DB94F5-FollowerState: change to CANDIDATE, lastRpcTime:166ms, electionTimeout:166ms
2019-09-26 10:00:43,770 INFO  impl.RoleInfo (RoleInfo.java:shutdownFollowerState(121)) - s0: shutdown FollowerState
2019-09-26 10:00:43,770 INFO  impl.RaftServerImpl (RaftServerImpl.java:setRole(170)) - s0@group-FE6EA6DB94F5: changes role from  FOLLOWER to CANDIDATE at term 0 for changeToCandidate
2019-09-26 10:00:43,771 INFO  impl.RoleInfo (RoleInfo.java:updateAndGet(143)) - s0: start LeaderElection
2019-09-26 10:00:43,797 INFO  impl.LeaderElection (LeaderElection.java:askForVotes(178)) - s0@group-FE6EA6DB94F5-LeaderElection19: begin an election at term 1 for -1: [s0:0.0.0.0:42984, s1:0.0.0.0:33314, s2:0.0.0.0:37104], old=null
2019-09-26 10:00:43,805 DEBUG impl.RaftServerImpl (RaftServerImpl.java:requestVote(743)) - s2@group-FE6EA6DB94F5: receive requestVote(s0, group-FE6EA6DB94F5, 1, (t:0, i:0))
2019-09-26 10:00:43,805 DEBUG impl.RaftServerImpl (RaftServerImpl.java:requestVote(743)) - s1@group-FE6EA6DB94F5: receive requestVote(s0, group-FE6EA6DB94F5, 1, (t:0, i:0))
2019-09-26 10:00:43,806 INFO  impl.RaftServerImpl (RaftServerImpl.java:setRole(170)) - s2@group-FE6EA6DB94F5: changes role from  FOLLOWER to FOLLOWER at term 1 for recognizeCandidate:s0
2019-09-26 10:00:43,806 INFO  impl.RaftServerImpl (RaftServerImpl.java:setRole(170)) - s1@group-FE6EA6DB94F5: changes role from  FOLLOWER to FOLLOWER at term 1 for recognizeCandidate:s0
2019-09-26 10:00:43,806 INFO  impl.RoleInfo (RoleInfo.java:shutdownFollowerState(121)) - s2: shutdown FollowerState
2019-09-26 10:00:43,806 INFO  impl.RoleInfo (RoleInfo.java:shutdownFollowerState(121)) - s1: shutdown FollowerState
2019-09-26 10:00:43,807 INFO  impl.FollowerState (FollowerState.java:run(117)) - s2@group-FE6EA6DB94F5-FollowerState was interrupted: java.lang.InterruptedException: sleep interrupted
2019-09-26 10:00:43,806 INFO  impl.RoleInfo (RoleInfo.java:updateAndGet(143)) - s2: start FollowerState
2019-09-26 10:00:43,807 INFO  impl.RoleInfo (RoleInfo.java:updateAndGet(143)) - s1: start FollowerState
2019-09-26 10:00:43,833 DEBUG impl.RaftServerImpl (RaftServerImpl.java:requestVote(775)) - s2@group-FE6EA6DB94F5 replies to vote request: s0<-s2#0:OK-t1. Peer's state: s2@group-FE6EA6DB94F5:t1, leader=null, voted=s0, raftlog=s2@group-FE6EA6DB94F5-SegmentedRaftLog:OPENED:c-1,f-1,i0, conf=-1: [s0:0.0.0.0:42984, s1:0.0.0.0:33314, s2:0.0.0.0:37104], old=null
2019-09-26 10:00:43,833 DEBUG impl.RaftServerImpl (RaftServerImpl.java:requestVote(775)) - s1@group-FE6EA6DB94F5 replies to vote request: s0<-s1#0:OK-t1. Peer's state: s1@group-FE6EA6DB94F5:t1, leader=null, voted=s0, raftlog=s1@group-FE6EA6DB94F5-SegmentedRaftLog:OPENED:c-1,f-1,i0, conf=-1: [s0:0.0.0.0:42984, s1:0.0.0.0:33314, s2:0.0.0.0:37104], old=null
2019-09-26 10:00:43,836 INFO  impl.LeaderElection (LeaderElection.java:logAndReturn(56)) - s0@group-FE6EA6DB94F5-LeaderElection19: Election PASSED; received 1 response(s) [s0<-s1#0:OK-t1] and 0 exception(s); s0@group-FE6EA6DB94F5:t1, leader=null, voted=s0, raftlog=s0@group-FE6EA6DB94F5-SegmentedRaftLog:OPENED:c-1,f-1,i0, conf=-1: [s0:0.0.0.0:42984, s1:0.0.0.0:33314, s2:0.0.0.0:37104], old=null
2019-09-26 10:00:43,836 INFO  impl.RoleInfo (RoleInfo.java:shutdownLeaderElection(134)) - s0: shutdown LeaderElection
2019-09-26 10:00:43,836 INFO  impl.RaftServerImpl (RaftServerImpl.java:setRole(170)) - s0@group-FE6EA6DB94F5: changes role from CANDIDATE to LEADER at term 1 for changeToLeader
2019-09-26 10:00:43,836 INFO  impl.RaftServerImpl (ServerState.java:setLeader(254)) - s0@group-FE6EA6DB94F5: change Leader from null to s0 at term 1 for becomeLeader, leader elected after 242ms
2019-09-26 10:00:43,836 INFO  server.RaftServerConfigKeys (ConfUtils.java:logGet(43)) - raft.server.staging.catchup.gap = 10 (custom)
2019-09-26 10:00:43,837 INFO  server.RaftServerConfigKeys (ConfUtils.java:logGet(43)) - raft.server.rpc.sleep.time = 25ms (default)
2019-09-26 10:00:43,837 INFO  server.RaftServerConfigKeys (ConfUtils.java:logGet(43)) - raft.server.write.element-limit = 4096 (default)
2019-09-26 10:00:43,837 INFO  server.RaftServerConfigKeys (ConfUtils.java:logGet(43)) - raft.server.watch.timeout = 10s (default)
2019-09-26 10:00:43,837 INFO  server.RaftServerConfigKeys (ConfUtils.java:logGet(43)) - raft.server.watch.timeout.denomination = 1s (default)
2019-09-26 10:00:43,837 INFO  server.RaftServerConfigKeys (ConfUtils.java:logGet(43)) - raft.server.watch.element-limit = 65536 (default)
2019-09-26 10:00:43,840 INFO  server.RaftServerConfigKeys (ConfUtils.java:logGet(43)) - raft.server.log.appender.snapshot.chunk.size.max = 16MB (=16777216) (default)
2019-09-26 10:00:43,840 INFO  server.RaftServerConfigKeys (ConfUtils.java:logGet(43)) - raft.server.log.appender.buffer.byte-limit = 4MB (=4194304) (default)
2019-09-26 10:00:43,840 INFO  server.RaftServerConfigKeys (ConfUtils.java:logGet(43)) - raft.server.log.appender.buffer.element-limit = 0 (default)
2019-09-26 10:00:43,840 INFO  grpc.GrpcConfigKeys$Server (ConfUtils.java:logGet(43)) - raft.grpc.server.leader.outstanding.appends.max = 128 (default)
2019-09-26 10:00:43,840 INFO  server.RaftServerConfigKeys (ConfUtils.java:logGet(43)) - raft.server.rpc.request.timeout = 3000ms (default)
2019-09-26 10:00:43,840 INFO  server.RaftServerConfigKeys (ConfUtils.java:logGet(43)) - raft.server.log.appender.install.snapshot.enabled = true (default)
2019-09-26 10:00:43,841 INFO  server.RaftServerConfigKeys (ConfUtils.java:logGet(43)) - raft.server.log.appender.snapshot.chunk.size.max = 16MB (=16777216) (default)
2019-09-26 10:00:43,841 INFO  server.RaftServerConfigKeys (ConfUtils.java:logGet(43)) - raft.server.log.appender.buffer.byte-limit = 4MB (=4194304) (default)
2019-09-26 10:00:43,841 INFO  server.RaftServerConfigKeys (ConfUtils.java:logGet(43)) - raft.server.log.appender.buffer.element-limit = 0 (default)
2019-09-26 10:00:43,841 INFO  grpc.GrpcConfigKeys$Server (ConfUtils.java:logGet(43)) - raft.grpc.server.leader.outstanding.appends.max = 128 (default)
2019-09-26 10:00:43,841 INFO  server.RaftServerConfigKeys (ConfUtils.java:logGet(43)) - raft.server.rpc.request.timeout = 3000ms (default)
2019-09-26 10:00:43,841 INFO  server.RaftServerConfigKeys (ConfUtils.java:logGet(43)) - raft.server.log.appender.install.snapshot.enabled = true (default)
2019-09-26 10:00:43,842 INFO  impl.RoleInfo (RoleInfo.java:updateAndGet(143)) - s0: start LeaderState
2019-09-26 10:00:43,842 INFO  segmented.SegmentedRaftLogWorker (SegmentedRaftLogWorker.java:startLogSegment(380)) - s0@group-FE6EA6DB94F5-SegmentedRaftLogWorker: Starting segment from index:0
2019-09-26 10:00:43,843 INFO  impl.RaftServerImpl (ServerState.java:setRaftConf(355)) - s0@group-FE6EA6DB94F5: set configuration 0: [s0:0.0.0.0:42984, s1:0.0.0.0:33314, s2:0.0.0.0:37104], old=null at 0
2019-09-26 10:00:43,846 INFO  impl.RaftServerImpl (ServerState.java:setLeader(254)) - s2@group-FE6EA6DB94F5: change Leader from null to s0 at term 1 for appendEntries, leader elected after 252ms
2019-09-26 10:00:43,846 INFO  impl.RaftServerImpl (ServerState.java:setLeader(254)) - s1@group-FE6EA6DB94F5: change Leader from null to s0 at term 1 for appendEntries, leader elected after 252ms
2019-09-26 10:00:43,848 DEBUG impl.RaftServerImpl (RaftServerImpl.java:logAppendEntries(850)) - s2@group-FE6EA6DB94F5: receive appendEntries(s0, 1, null, -1, false, commits[s0:c-1, s1:c-1, s2:c-1], entries: (t:1, i:0), CONFIGURATIONENTRY
2019-09-26 10:00:43,849 INFO  impl.RaftServerImpl (ServerState.java:setRaftConf(355)) - s2@group-FE6EA6DB94F5: set configuration 0: [s0:0.0.0.0:42984, s1:0.0.0.0:33314, s2:0.0.0.0:37104], old=null at 0
2019-09-26 10:00:43,849 DEBUG impl.RaftServerImpl (RaftServerImpl.java:logAppendEntries(850)) - s1@group-FE6EA6DB94F5: receive appendEntries(s0, 1, null, -1, false, commits[s0:c-1, s1:c-1, s2:c-1], entries: (t:1, i:0), CONFIGURATIONENTRY
2019-09-26 10:00:43,849 INFO  segmented.SegmentedRaftLogWorker (SegmentedRaftLogWorker.java:startLogSegment(380)) - s2@group-FE6EA6DB94F5-SegmentedRaftLogWorker: Starting segment from index:0
2019-09-26 10:00:43,849 INFO  impl.RaftServerImpl (ServerState.java:setRaftConf(355)) - s1@group-FE6EA6DB94F5: set configuration 0: [s0:0.0.0.0:42984, s1:0.0.0.0:33314, s2:0.0.0.0:37104], old=null at 0
2019-09-26 10:00:43,850 INFO  segmented.SegmentedRaftLogWorker (SegmentedRaftLogWorker.java:startLogSegment(380)) - s1@group-FE6EA6DB94F5-SegmentedRaftLogWorker: Starting segment from index:0
2019-09-26 10:00:44,069 INFO  ratis.RaftTestUtil (RaftTestUtil.java:waitForLeader(101)) - printing ALL groups
  s0:  RUNNING    LEADER s0@group-FE6EA6DB94F5:t1, leader=s0, voted=s0, raftlog=s0@group-FE6EA6DB94F5-SegmentedRaftLog:OPENED:c-1,f-1,i0, conf=0: [s0:0.0.0.0:42984, s1:0.0.0.0:33314, s2:0.0.0.0:37104], old=null RUNNING
  s1:  RUNNING  FOLLOWER s1@group-FE6EA6DB94F5:t1, leader=s0, voted=s0, raftlog=s1@group-FE6EA6DB94F5-SegmentedRaftLog:OPENED:c-1,f-1,i0, conf=0: [s0:0.0.0.0:42984, s1:0.0.0.0:33314, s2:0.0.0.0:37104], old=null RUNNING
  s2:  RUNNING  FOLLOWER s2@group-FE6EA6DB94F5:t1, leader=s0, voted=s0, raftlog=s2@group-FE6EA6DB94F5-SegmentedRaftLog:OPENED:c-1,f-1,i0, conf=0: [s0:0.0.0.0:42984, s1:0.0.0.0:33314, s2:0.0.0.0:37104], old=null RUNNING
2019-09-26 10:00:44,072 INFO  segmented.SegmentedRaftLogWorker (SegmentedRaftLogWorker.java:execute(569)) - s2@group-FE6EA6DB94F5-SegmentedRaftLogWorker: created new log segment /workdir/ratis-test/target/test/data/fe4d9539/MiniRaftClusterWithGrpcb0829ea5/s2/f22d41d2-9603-42e4-a82d-fe6ea6db94f5/current/log_inprogress_0
2019-09-26 10:00:44,072 INFO  segmented.SegmentedRaftLogWorker (SegmentedRaftLogWorker.java:execute(569)) - s1@group-FE6EA6DB94F5-SegmentedRaftLogWorker: created new log segment /workdir/ratis-test/target/test/data/fe4d9539/MiniRaftClusterWithGrpcb0829ea5/s1/f22d41d2-9603-42e4-a82d-fe6ea6db94f5/current/log_inprogress_0
2019-09-26 10:00:44,072 INFO  segmented.SegmentedRaftLogWorker (SegmentedRaftLogWorker.java:execute(569)) - s0@group-FE6EA6DB94F5-SegmentedRaftLogWorker: created new log segment /workdir/ratis-test/target/test/data/fe4d9539/MiniRaftClusterWithGrpcb0829ea5/s0/f22d41d2-9603-42e4-a82d-fe6ea6db94f5/current/log_inprogress_0
2019-09-26 10:00:44,076 DEBUG impl.RaftServerImpl (RaftServerImpl.java:submitClientRequestAsync(533)) - s0@group-FE6EA6DB94F5: receive client request(RaftClientRequest:client-953C656F0323->s0@group-FE6EA6DB94F5, cid=4, seq=0, RW, Message:6d30)
2019-09-26 10:00:44,077 INFO  client.GrpcClientProtocolService (GrpcClientProtocolService.java:lambda$processClientRequest$0(278)) - Failed RaftClientRequest:client-953C656F0323->s0@group-FE6EA6DB94F5, cid=4, seq=0, RW, Message:6d30, reply=RaftClientReply:client-953C656F0323->s0@group-FE6EA6DB94F5, cid=4, FAILED org.apache.ratis.protocol.LeaderNotReadyException: s0@group-FE6EA6DB94F5 is in LEADER state but not ready yet., logIndex=0, commits[s0:c-1, s1:c-1, s2:c-1]
2019-09-26 10:00:44,085 DEBUG impl.RaftServerImpl (RaftServerImpl.java:logAppendEntries(850)) - s2@group-FE6EA6DB94F5: succeeded to handle AppendEntries. Reply: s0<-s2#1:OK,SUCCESS,nextIndex:1,term:1,followerCommit:-1
2019-09-26 10:00:44,086 DEBUG impl.RaftServerImpl (RaftServerImpl.java:logAppendEntries(850)) - s1@group-FE6EA6DB94F5: succeeded to handle AppendEntries. Reply: s0<-s1#1:OK,SUCCESS,nextIndex:1,term:1,followerCommit:-1
2019-09-26 10:00:44,182 DEBUG impl.RaftServerImpl (RaftServerImpl.java:submitClientRequestAsync(533)) - s0@group-FE6EA6DB94F5: receive client request(RaftClientRequest:client-953C656F0323->s0@group-FE6EA6DB94F5, cid=4, seq=0, RW, Message:6d30)
2019-09-26 10:00:44,182 DEBUG impl.RaftServerImpl (LeaderState.java:addPendingRequest(317)) - s0@group-FE6EA6DB94F5-LeaderState: addPendingRequest at RaftClientRequest:client-953C656F0323->s0@group-FE6EA6DB94F5, cid=4, seq=0, RW, Message:6d30, entry=(t:1, i:1), STATEMACHINELOGENTRY, client-953C656F0323, cid=4
2019-09-26 10:00:44,184 DEBUG impl.RaftServerImpl (RaftServerImpl.java:logAppendEntries(850)) - s1@group-FE6EA6DB94F5: receive appendEntries(s0, 1, (t:1, i:0), 0, false, commits[s0:c0, s1:c0, s2:c0], entries: (t:1, i:1), STATEMACHINELOGENTRY, client-953C656F0323, cid=4
2019-09-26 10:00:44,184 DEBUG impl.RaftServerImpl (RaftServerImpl.java:logAppendEntries(850)) - s2@group-FE6EA6DB94F5: receive appendEntries(s0, 1, (t:1, i:0), 0, false, commits[s0:c0, s1:c0, s2:c0], entries: (t:1, i:1), STATEMACHINELOGENTRY, client-953C656F0323, cid=4
2019-09-26 10:00:44,194 DEBUG impl.RaftServerImpl (RaftServerImpl.java:logAppendEntries(850)) - s1@group-FE6EA6DB94F5: succeeded to handle AppendEntries. Reply: s0<-s1#6:OK,SUCCESS,nextIndex:2,term:1,followerCommit:0
2019-09-26 10:00:44,194 DEBUG impl.RaftServerImpl (RaftServerImpl.java:logAppendEntries(850)) - s2@group-FE6EA6DB94F5: succeeded to handle AppendEntries. Reply: s0<-s2#6:OK,SUCCESS,nextIndex:2,term:1,followerCommit:0
2019-09-26 10:00:44,196 DEBUG impl.RaftServerImpl (RaftServerImpl.java:logAppendEntries(850)) - s2@group-FE6EA6DB94F5: receive appendEntries(s0, 1, (t:1, i:1), 1, false, commits[s0:c1, s1:c0, s2:c0], entries: (t:1, i:2), METADATAENTRY(c1)
2019-09-26 10:00:44,196 DEBUG impl.RaftServerImpl (RaftServerImpl.java:logAppendEntries(850)) - s1@group-FE6EA6DB94F5: receive appendEntries(s0, 1, (t:1, i:1), 1, false, commits[s0:c1, s1:c0, s2:c0], entries: (t:1, i:2), METADATAENTRY(c1)
2019-09-26 10:00:44,198 DEBUG impl.RaftServerImpl (RaftServerImpl.java:submitClientRequestAsync(533)) - s0@group-FE6EA6DB94F5: receive client request(RaftClientRequest:client-953C656F0323->s0@group-FE6EA6DB94F5, cid=5, seq=0, RW, Message:6d31)
2019-09-26 10:00:44,199 DEBUG impl.RaftServerImpl (LeaderState.java:addPendingRequest(317)) - s0@group-FE6EA6DB94F5-LeaderState: addPendingRequest at RaftClientRequest:client-953C656F0323->s0@group-FE6EA6DB94F5, cid=5, seq=0, RW, Message:6d31, entry=(t:1, i:3), STATEMACHINELOGENTRY, client-953C656F0323, cid=5
2019-09-26 10:00:44,200 DEBUG impl.RaftServerImpl (RaftServerImpl.java:logAppendEntries(850)) - s1@group-FE6EA6DB94F5: receive appendEntries(s0, 1, (t:1, i:2), 1, false, commits[s0:c1, s1:c0, s2:c0], entries: (t:1, i:3), STATEMACHINELOGENTRY, client-953C656F0323, cid=5
2019-09-26 10:00:44,200 DEBUG impl.RaftServerImpl (RaftServerImpl.java:logAppendEntries(850)) - s2@group-FE6EA6DB94F5: receive appendEntries(s0, 1, (t:1, i:2), 1, false, commits[s0:c1, s1:c0, s2:c0], entries: (t:1, i:3), STATEMACHINELOGENTRY, client-953C656F0323, cid=5
2019-09-26 10:00:44,219 DEBUG impl.RaftServerImpl (RaftServerImpl.java:logAppendEntries(850)) - s1@group-FE6EA6DB94F5: succeeded to handle AppendEntries. Reply: s0<-s1#7:OK,SUCCESS,nextIndex:3,term:1,followerCommit:1
2019-09-26 10:00:44,220 DEBUG impl.RaftServerImpl (RaftServerImpl.java:logAppendEntries(850)) - s2@group-FE6EA6DB94F5: succeeded to handle AppendEntries. Reply: s0<-s2#7:OK,SUCCESS,nextIndex:3,term:1,followerCommit:1
2019-09-26 10:00:44,221 DEBUG impl.RaftServerImpl (RaftServerImpl.java:logAppendEntries(850)) - s1@group-FE6EA6DB94F5: succeeded to handle AppendEntries. Reply: s0<-s1#8:OK,SUCCESS,nextIndex:4,term:1,followerCommit:1
2019-09-26 10:00:44,221 DEBUG impl.RaftServerImpl (RaftServerImpl.java:logAppendEntries(850)) - s2@group-FE6EA6DB94F5: succeeded to handle AppendEntries. Reply: s0<-s2#8:OK,SUCCESS,nextIndex:4,term:1,followerCommit:1
2019-09-26 10:00:44,223 DEBUG impl.RaftServerImpl (RaftServerImpl.java:logAppendEntries(850)) - s2@group-FE6EA6DB94F5: receive appendEntries(s0, 1, (t:1, i:3), 3, false, commits[s0:c3, s1:c1, s2:c1], entries: (t:1, i:4), METADATAENTRY(c3)
2019-09-26 10:00:44,223 DEBUG impl.RaftServerImpl (RaftServerImpl.java:logAppendEntries(850)) - s1@group-FE6EA6DB94F5: receive appendEntries(s0, 1, (t:1, i:3), 3, false, commits[s0:c3, s1:c1, s2:c1], entries: (t:1, i:4), METADATAENTRY(c3)
2019-09-26 10:00:44,226 DEBUG impl.RaftServerImpl (RaftServerImpl.java:submitClientRequestAsync(533)) - s0@group-FE6EA6DB94F5: receive client request(RaftClientRequest:client-953C656F0323->s0@group-FE6EA6DB94F5, cid=6, seq=0, RW, Message:6d32)
2019-09-26 10:00:44,227 DEBUG impl.RaftServerImpl (LeaderState.java:addPendingRequest(317)) - s0@group-FE6EA6DB94F5-LeaderState: addPendingRequest at RaftClientRequest:client-953C656F0323->s0@group-FE6EA6DB94F5, cid=6, seq=0, RW, Message:6d32, entry=(t:1, i:5), STATEMACHINELOGENTRY, client-953C656F0323, cid=6
2019-09-26 10:00:44,228 DEBUG impl.RaftServerImpl (RaftServerImpl.java:logAppendEntries(850)) - s2@group-FE6EA6DB94F5: receive appendEntries(s0, 1, (t:1, i:4), 3, false, commits[s0:c3, s1:c1, s2:c1], entries: (t:1, i:5), STATEMACHINELOGENTRY, client-953C656F0323, cid=6
2019-09-26 10:00:44,228 DEBUG impl.RaftServerImpl (RaftServerImpl.java:logAppendEntries(850)) - s1@group-FE6EA6DB94F5: receive appendEntries(s0, 1, (t:1, i:4), 3, false, commits[s0:c3, s1:c1, s2:c1], entries: (t:1, i:5), STATEMACHINELOGENTRY, client-953C656F0323, cid=6
2019-09-26 10:00:44,230 DEBUG impl.RaftServerImpl (RaftServerImpl.java:logAppendEntries(850)) - s1@group-FE6EA6DB94F5: succeeded to handle AppendEntries. Reply: s0<-s1#9:OK,SUCCESS,nextIndex:5,term:1,followerCommit:3
2019-09-26 10:00:44,230 DEBUG impl.RaftServerImpl (RaftServerImpl.java:logAppendEntries(850)) - s2@group-FE6EA6DB94F5: succeeded to handle AppendEntries. Reply: s0<-s2#9:OK,SUCCESS,nextIndex:5,term:1,followerCommit:3
2019-09-26 10:00:44,233 DEBUG impl.RaftServerImpl (RaftServerImpl.java:logAppendEntries(850)) - s2@group-FE6EA6DB94F5: succeeded to handle AppendEntries. Reply: s0<-s2#10:OK,SUCCESS,nextIndex:6,term:1,followerCommit:3
2019-09-26 10:00:44,233 DEBUG impl.RaftServerImpl (RaftServerImpl.java:logAppendEntries(850)) - s1@group-FE6EA6DB94F5: succeeded to handle AppendEntries. Reply: s0<-s1#10:OK,SUCCESS,nextIndex:6,term:1,followerCommit:3
2019-09-26 10:00:44,236 DEBUG impl.RaftServerImpl (RaftServerImpl.java:logAppendEntries(850)) - s1@group-FE6EA6DB94F5: receive appendEntries(s0, 1, (t:1, i:5), 5, false, commits[s0:c5, s1:c3, s2:c3], entries: (t:1, i:6), METADATAENTRY(c5)
2019-09-26 10:00:44,236 DEBUG impl.RaftServerImpl (RaftServerImpl.java:logAppendEntries(850)) - s2@group-FE6EA6DB94F5: receive appendEntries(s0, 1, (t:1, i:5), 5, false, commits[s0:c5, s1:c3, s2:c3], entries: (t:1, i:6), METADATAENTRY(c5)
2019-09-26 10:00:44,238 DEBUG impl.RaftServerImpl (RaftServerImpl.java:submitClientRequestAsync(533)) - s0@group-FE6EA6DB94F5: receive client request(RaftClientRequest:client-953C656F0323->s0@group-FE6EA6DB94F5, cid=7, seq=0, RW, Message:6d33)
2019-09-26 10:00:44,238 DEBUG impl.RaftServerImpl (LeaderState.java:addPendingRequest(317)) - s0@group-FE6EA6DB94F5-LeaderState: addPendingRequest at RaftClientRequest:client-953C656F0323->s0@group-FE6EA6DB94F5, cid=7, seq=0, RW, Message:6d33, entry=(t:1, i:7), STATEMACHINELOGENTRY, client-953C656F0323, cid=7
2019-09-26 10:00:44,239 DEBUG impl.RaftServerImpl (RaftServerImpl.java:logAppendEntries(850)) - s1@group-FE6EA6DB94F5: receive appendEntries(s0, 1, (t:1, i:6), 5, false, commits[s0:c5, s1:c3, s2:c3], entries: (t:1, i:7), STATEMACHINELOGENTRY, client-953C656F0323, cid=7
2019-09-26 10:00:44,239 DEBUG impl.RaftServerImpl (RaftServerImpl.java:logAppendEntries(850)) - s2@group-FE6EA6DB94F5: receive appendEntries(s0, 1, (t:1, i:6), 5, false, commits[s0:c5, s1:c3, s2:c3], entries: (t:1, i:7), STATEMACHINELOGENTRY, client-953C656F0323, cid=7
2019-09-26 10:00:44,246 DEBUG impl.RaftServerImpl (RaftServerImpl.java:logAppendEntries(850)) - s1@group-FE6EA6DB94F5: succeeded to handle AppendEntries. Reply: s0<-s1#11:OK,SUCCESS,nextIndex:7,term:1,followerCommit:5
2019-09-26 10:00:44,246 DEBUG impl.RaftServerImpl (RaftServerImpl.java:logAppendEntries(850)) - s2@group-FE6EA6DB94F5: succeeded to handle AppendEntries. Reply: s0<-s2#11:OK,SUCCESS,nextIndex:7,term:1,followerCommit:5
2019-09-26 10:00:44,247 DEBUG impl.RaftServerImpl (RaftServerImpl.java:logAppendEntries(850)) - s1@group-FE6EA6DB94F5: succeeded to handle AppendEntries. Reply: s0<-s1#12:OK,SUCCESS,nextIndex:8,term:1,followerCommit:5
2019-09-26 10:00:44,247 DEBUG impl.RaftServerImpl (RaftServerImpl.java:logAppendEntries(850)) - s2@group-FE6EA6DB94F5: succeeded to handle AppendEntries. Reply: s0<-s2#12:OK,SUCCESS,nextIndex:8,term:1,followerCommit:5
2019-09-26 10:00:44,250 DEBUG impl.RaftServerImpl (RaftServerImpl.java:logAppendEntries(850)) - s1@group-FE6EA6DB94F5: receive appendEntries(s0, 1, (t:1, i:7), 7, false, commits[s0:c7, s1:c5, s2:c5], entries: (t:1, i:8), METADATAENTRY(c7)
2019-09-26 10:00:44,250 DEBUG impl.RaftServerImpl (RaftServerImpl.java:logAppendEntries(850)) - s2@group-FE6EA6DB94F5: receive appendEntries(s0, 1, (t:1, i:7), 7, false, commits[s0:c7, s1:c5, s2:c5], entries: (t:1, i:8), METADATAENTRY(c7)
2019-09-26 10:00:44,251 DEBUG impl.RaftServerImpl (RaftServerImpl.java:submitClientRequestAsync(533)) - s0@group-FE6EA6DB94F5: receive client request(RaftClientRequest:client-953C656F0323->s0@group-FE6EA6DB94F5, cid=8, seq=0, RW, Message:6d34)
2019-09-26 10:00:44,252 DEBUG impl.RaftServerImpl (LeaderState.java:addPendingRequest(317)) - s0@group-FE6EA6DB94F5-LeaderState: addPendingRequest at RaftClientRequest:client-953C656F0323->s0@group-FE6EA6DB94F5, cid=8, seq=0, RW, Message:6d34, entry=(t:1, i:9), STATEMACHINELOGENTRY, client-953C656F0323, cid=8
2019-09-26 10:00:44,253 DEBUG impl.RaftServerImpl (RaftServerImpl.java:logAppendEntries(850)) - s2@group-FE6EA6DB94F5: receive appendEntries(s0, 1, (t:1, i:8), 7, false, commits[s0:c7, s1:c5, s2:c5], entries: (t:1, i:9), STATEMACHINELOGENTRY, client-953C656F0323, cid=8
2019-09-26 10:00:44,253 DEBUG impl.RaftServerImpl (RaftServerImpl.java:logAppendEntries(850)) - s1@group-FE6EA6DB94F5: receive appendEntries(s0, 1, (t:1, i:8), 7, false, commits[s0:c7, s1:c5, s2:c5], entries: (t:1, i:9), STATEMACHINELOGENTRY, client-953C656F0323, cid=8
2019-09-26 10:00:44,260 DEBUG impl.RaftServerImpl (RaftServerImpl.java:logAppendEntries(850)) - s1@group-FE6EA6DB94F5: succeeded to handle AppendEntries. Reply: s0<-s1#13:OK,SUCCESS,nextIndex:9,term:1,followerCommit:7
2019-09-26 10:00:44,260 DEBUG impl.RaftServerImpl (RaftServerImpl.java:logAppendEntries(850)) - s2@group-FE6EA6DB94F5: succeeded to handle AppendEntries. Reply: s0<-s2#13:OK,SUCCESS,nextIndex:9,term:1,followerCommit:7
2019-09-26 10:00:44,263 DEBUG impl.RaftServerImpl (RaftServerImpl.java:logAppendEntries(850)) - s1@group-FE6EA6DB94F5: succeeded to handle AppendEntries. Reply: s0<-s1#14:OK,SUCCESS,nextIndex:10,term:1,followerCommit:7
2019-09-26 10:00:44,263 DEBUG impl.RaftServerImpl (RaftServerImpl.java:logAppendEntries(850)) - s2@group-FE6EA6DB94F5: succeeded to handle AppendEntries. Reply: s0<-s2#14:OK,SUCCESS,nextIndex:10,term:1,followerCommit:7
2019-09-26 10:00:44,265 DEBUG impl.RaftServerImpl (RaftServerImpl.java:logAppendEntries(850)) - s1@group-FE6EA6DB94F5: receive appendEntries(s0, 1, (t:1, i:9), 9, false, commits[s0:c9, s1:c7, s2:c7], entries: (t:1, i:10), METADATAENTRY(c9)
2019-09-26 10:00:44,265 DEBUG impl.RaftServerImpl (RaftServerImpl.java:logAppendEntries(850)) - s2@group-FE6EA6DB94F5: receive appendEntries(s0, 1, (t:1, i:9), 9, false, commits[s0:c9, s1:c7, s2:c7], entries: (t:1, i:10), METADATAENTRY(c9)
2019-09-26 10:00:44,267 DEBUG impl.RaftServerImpl (RaftServerImpl.java:submitClientRequestAsync(533)) - s0@group-FE6EA6DB94F5: receive client request(RaftClientRequest:client-953C656F0323->s0@group-FE6EA6DB94F5, cid=9, seq=0, RW, Message:6d35)
2019-09-26 10:00:44,268 DEBUG impl.RaftServerImpl (LeaderState.java:addPendingRequest(317)) - s0@group-FE6EA6DB94F5-LeaderState: addPendingRequest at RaftClientRequest:client-953C656F0323->s0@group-FE6EA6DB94F5, cid=9, seq=0, RW, Message:6d35, entry=(t:1, i:11), STATEMACHINELOGENTRY, client-953C656F0323, cid=9
2019-09-26 10:00:44,268 DEBUG impl.RaftServerImpl (RaftServerImpl.java:logAppendEntries(850)) - s2@group-FE6EA6DB94F5: receive appendEntries(s0, 1, (t:1, i:10), 9, false, commits[s0:c9, s1:c7, s2:c7], entries: (t:1, i:11), STATEMACHINELOGENTRY, client-953C656F0323, cid=9
2019-09-26 10:00:44,269 DEBUG impl.RaftServerImpl (RaftServerImpl.java:logAppendEntries(850)) - s1@group-FE6EA6DB94F5: receive appendEntries(s0, 1, (t:1, i:10), 9, false, commits[s0:c9, s1:c7, s2:c7], entries: (t:1, i:11), STATEMACHINELOGENTRY, client-953C656F0323, cid=9
2019-09-26 10:00:44,276 DEBUG impl.RaftServerImpl (RaftServerImpl.java:logAppendEntries(850)) - s1@group-FE6EA6DB94F5: succeeded to handle AppendEntries. Reply: s0<-s1#15:OK,SUCCESS,nextIndex:11,term:1,followerCommit:9
2019-09-26 10:00:44,276 DEBUG impl.RaftServerImpl (RaftServerImpl.java:logAppendEntries(850)) - s2@group-FE6EA6DB94F5: succeeded to handle AppendEntries. Reply: s0<-s2#15:OK,SUCCESS,nextIndex:11,term:1,followerCommit:9
2019-09-26 10:00:44,278 DEBUG impl.RaftServerImpl (RaftServerImpl.java:logAppendEntries(850)) - s1@group-FE6EA6DB94F5: succeeded to handle AppendEntries. Reply: s0<-s1#16:OK,SUCCESS,nextIndex:12,term:1,followerCommit:9
2019-09-26 10:00:44,278 DEBUG impl.RaftServerImpl (RaftServerImpl.java:logAppendEntries(850)) - s2@group-FE6EA6DB94F5: succeeded to handle AppendEntries. Reply: s0<-s2#16:OK,SUCCESS,nextIndex:12,term:1,followerCommit:9
2019-09-26 10:00:44,281 DEBUG impl.RaftServerImpl (RaftServerImpl.java:logAppendEntries(850)) - s1@group-FE6EA6DB94F5: receive appendEntries(s0, 1, (t:1, i:11), 11, false, commits[s0:c11, s1:c9, s2:c9], entries: (t:1, i:12), METADATAENTRY(c11)
2019-09-26 10:00:44,281 DEBUG impl.RaftServerImpl (RaftServerImpl.java:logAppendEntries(850)) - s2@group-FE6EA6DB94F5: receive appendEntries(s0, 1, (t:1, i:11), 11, false, commits[s0:c11, s1:c9, s2:c9], entries: (t:1, i:12), METADATAENTRY(c11)
2019-09-26 10:00:44,283 DEBUG impl.RaftServerImpl (RaftServerImpl.java:submitClientRequestAsync(533)) - s0@group-FE6EA6DB94F5: receive client request(RaftClientRequest:client-953C656F0323->s0@group-FE6EA6DB94F5, cid=10, seq=0, RW, Message:6d36)
2019-09-26 10:00:44,283 DEBUG impl.RaftServerImpl (LeaderState.java:addPendingRequest(317)) - s0@group-FE6EA6DB94F5-LeaderState: addPendingRequest at RaftClientRequest:client-953C656F0323->s0@group-FE6EA6DB94F5, cid=10, seq=0, RW, Message:6d36, entry=(t:1, i:13), STATEMACHINELOGENTRY, client-953C656F0323, cid=10
2019-09-26 10:00:44,284 DEBUG impl.RaftServerImpl (RaftServerImpl.java:logAppendEntries(850)) - s2@group-FE6EA6DB94F5: receive appendEntries(s0, 1, (t:1, i:12), 11, false, commits[s0:c11, s1:c9, s2:c9], entries: (t:1, i:13), STATEMACHINELOGENTRY, client-953C656F0323, cid=10
2019-09-26 10:00:44,284 DEBUG impl.RaftServerImpl (RaftServerImpl.java:logAppendEntries(850)) - s1@group-FE6EA6DB94F5: receive appendEntries(s0, 1, (t:1, i:12), 11, false, commits[s0:c11, s1:c9, s2:c9], entries: (t:1, i:13), STATEMACHINELOGENTRY, client-953C656F0323, cid=10
2019-09-26 10:00:44,291 DEBUG impl.RaftServerImpl (RaftServerImpl.java:logAppendEntries(850)) - s1@group-FE6EA6DB94F5: succeeded to handle AppendEntries. Reply: s0<-s1#17:OK,SUCCESS,nextIndex:13,term:1,followerCommit:11
2019-09-26 10:00:44,291 DEBUG impl.RaftServerImpl (RaftServerImpl.java:logAppendEntries(850)) - s2@group-FE6EA6DB94F5: succeeded to handle AppendEntries. Reply: s0<-s2#17:OK,SUCCESS,nextIndex:13,term:1,followerCommit:11
2019-09-26 10:00:44,293 DEBUG impl.RaftServerImpl (RaftServerImpl.java:logAppendEntries(850)) - s1@group-FE6EA6DB94F5: succeeded to handle AppendEntries. Reply: s0<-s1#18:OK,SUCCESS,nextIndex:14,term:1,followerCommit:11
2019-09-26 10:00:44,293 DEBUG impl.RaftServerImpl (RaftServerImpl.java:logAppendEntries(850)) - s2@group-FE6EA6DB94F5: succeeded to handle AppendEntries. Reply: s0<-s2#18:OK,SUCCESS,nextIndex:14,term:1,followerCommit:11
2019-09-26 10:00:44,296 DEBUG impl.RaftServerImpl (RaftServerImpl.java:logAppendEntries(850)) - s2@group-FE6EA6DB94F5: receive appendEntries(s0, 1, (t:1, i:13), 13, false, commits[s0:c13, s1:c11, s2:c11], entries: (t:1, i:14), METADATAENTRY(c13)
2019-09-26 10:00:44,296 DEBUG impl.RaftServerImpl (RaftServerImpl.java:logAppendEntries(850)) - s1@group-FE6EA6DB94F5: receive appendEntries(s0, 1, (t:1, i:13), 13, false, commits[s0:c13, s1:c11, s2:c11], entries: (t:1, i:14), METADATAENTRY(c13)
2019-09-26 10:00:44,298 DEBUG impl.RaftServerImpl (RaftServerImpl.java:submitClientRequestAsync(533)) - s0@group-FE6EA6DB94F5: receive client request(RaftClientRequest:client-953C656F0323->s0@group-FE6EA6DB94F5, cid=11, seq=0, RW, Message:6d37)
2019-09-26 10:00:44,298 DEBUG impl.RaftServerImpl (LeaderState.java:addPendingRequest(317)) - s0@group-FE6EA6DB94F5-LeaderState: addPendingRequest at RaftClientRequest:client-953C656F0323->s0@group-FE6EA6DB94F5, cid=11, seq=0, RW, Message:6d37, entry=(t:1, i:15), STATEMACHINELOGENTRY, client-953C656F0323, cid=11
2019-09-26 10:00:44,299 DEBUG impl.RaftServerImpl (RaftServerImpl.java:logAppendEntries(850)) - s1@group-FE6EA6DB94F5: receive appendEntries(s0, 1, (t:1, i:14), 13, false, commits[s0:c13, s1:c11, s2:c11], entries: (t:1, i:15), STATEMACHINELOGENTRY, client-953C656F0323, cid=11
2019-09-26 10:00:44,299 DEBUG impl.RaftServerImpl (RaftServerImpl.java:logAppendEntries(850)) - s2@group-FE6EA6DB94F5: receive appendEntries(s0, 1, (t:1, i:14), 13, false, commits[s0:c13, s1:c11, s2:c11], entries: (t:1, i:15), STATEMACHINELOGENTRY, client-953C656F0323, cid=11
2019-09-26 10:00:44,306 DEBUG impl.RaftServerImpl (RaftServerImpl.java:logAppendEntries(850)) - s1@group-FE6EA6DB94F5: succeeded to handle AppendEntries. Reply: s0<-s1#19:OK,SUCCESS,nextIndex:15,term:1,followerCommit:13
2019-09-26 10:00:44,306 DEBUG impl.RaftServerImpl (RaftServerImpl.java:logAppendEntries(850)) - s2@group-FE6EA6DB94F5: succeeded to handle AppendEntries. Reply: s0<-s2#19:OK,SUCCESS,nextIndex:15,term:1,followerCommit:13
2019-09-26 10:00:44,308 DEBUG impl.RaftServerImpl (RaftServerImpl.java:logAppendEntries(850)) - s1@group-FE6EA6DB94F5: succeeded to handle AppendEntries. Reply: s0<-s1#20:OK,SUCCESS,nextIndex:16,term:1,followerCommit:13
2019-09-26 10:00:44,308 DEBUG impl.RaftServerImpl (RaftServerImpl.java:logAppendEntries(850)) - s2@group-FE6EA6DB94F5: succeeded to handle AppendEntries. Reply: s0<-s2#20:OK,SUCCESS,nextIndex:16,term:1,followerCommit:13
2019-09-26 10:00:44,311 DEBUG impl.RaftServerImpl (RaftServerImpl.java:logAppendEntries(850)) - s1@group-FE6EA6DB94F5: receive appendEntries(s0, 1, (t:1, i:15), 15, false, commits[s0:c15, s1:c13, s2:c13], entries: (t:1, i:16), METADATAENTRY(c15)
2019-09-26 10:00:44,311 DEBUG impl.RaftServerImpl (RaftServerImpl.java:logAppendEntries(850)) - s2@group-FE6EA6DB94F5: receive appendEntries(s0, 1, (t:1, i:15), 15, false, commits[s0:c15, s1:c13, s2:c13], entries: (t:1, i:16), METADATAENTRY(c15)
2019-09-26 10:00:44,312 DEBUG impl.RaftServerImpl (RaftServerImpl.java:submitClientRequestAsync(533)) - s0@group-FE6EA6DB94F5: receive client request(RaftClientRequest:client-953C656F0323->s0@group-FE6EA6DB94F5, cid=12, seq=0, RW, Message:6d38)
2019-09-26 10:00:44,313 DEBUG impl.RaftServerImpl (LeaderState.java:addPendingRequest(317)) - s0@group-FE6EA6DB94F5-LeaderState: addPendingRequest at RaftClientRequest:client-953C656F0323->s0@group-FE6EA6DB94F5, cid=12, seq=0, RW, Message:6d38, entry=(t:1, i:17), STATEMACHINELOGENTRY, client-953C656F0323, cid=12
2019-09-26 10:00:44,314 DEBUG impl.RaftServerImpl (RaftServerImpl.java:logAppendEntries(850)) - s2@group-FE6EA6DB94F5: receive appendEntries(s0, 1, (t:1, i:16), 15, false, commits[s0:c15, s1:c13, s2:c13], entries: (t:1, i:17), STATEMACHINELOGENTRY, client-953C656F0323, cid=12
2019-09-26 10:00:44,314 DEBUG impl.RaftServerImpl (RaftServerImpl.java:logAppendEntries(850)) - s1@group-FE6EA6DB94F5: receive appendEntries(s0, 1, (t:1, i:16), 15, false, commits[s0:c15, s1:c13, s2:c13], entries: (t:1, i:17), STATEMACHINELOGENTRY, client-953C656F0323, cid=12
2019-09-26 10:00:44,321 DEBUG impl.RaftServerImpl (RaftServerImpl.java:logAppendEntries(850)) - s1@group-FE6EA6DB94F5: succeeded to handle AppendEntries. Reply: s0<-s1#21:OK,SUCCESS,nextIndex:17,term:1,followerCommit:15
2019-09-26 10:00:44,322 DEBUG impl.RaftServerImpl (RaftServerImpl.java:logAppendEntries(850)) - s2@group-FE6EA6DB94F5: succeeded to handle AppendEntries. Reply: s0<-s2#21:OK,SUCCESS,nextIndex:17,term:1,followerCommit:15
2019-09-26 10:00:44,324 DEBUG impl.RaftServerImpl (RaftServerImpl.java:logAppendEntries(850)) - s1@group-FE6EA6DB94F5: succeeded to handle AppendEntries. Reply: s0<-s1#22:OK,SUCCESS,nextIndex:18,term:1,followerCommit:15
2019-09-26 10:00:44,324 DEBUG impl.RaftServerImpl (RaftServerImpl.java:logAppendEntries(850)) - s2@group-FE6EA6DB94F5: succeeded to handle AppendEntries. Reply: s0<-s2#22:OK,SUCCESS,nextIndex:18,term:1,followerCommit:15
2019-09-26 10:00:44,326 DEBUG impl.RaftServerImpl (RaftServerImpl.java:logAppendEntries(850)) - s2@group-FE6EA6DB94F5: receive appendEntries(s0, 1, (t:1, i:17), 17, false, commits[s0:c17, s1:c15, s2:c15], entries: (t:1, i:18), METADATAENTRY(c17)
2019-09-26 10:00:44,326 DEBUG impl.RaftServerImpl (RaftServerImpl.java:logAppendEntries(850)) - s1@group-FE6EA6DB94F5: receive appendEntries(s0, 1, (t:1, i:17), 17, false, commits[s0:c17, s1:c15, s2:c15], entries: (t:1, i:18), METADATAENTRY(c17)
2019-09-26 10:00:44,328 DEBUG impl.RaftServerImpl (RaftServerImpl.java:submitClientRequestAsync(533)) - s0@group-FE6EA6DB94F5: receive client request(RaftClientRequest:client-953C656F0323->s0@group-FE6EA6DB94F5, cid=13, seq=0, RW, Message:6d39)
2019-09-26 10:00:44,328 DEBUG impl.RaftServerImpl (LeaderState.java:addPendingRequest(317)) - s0@group-FE6EA6DB94F5-LeaderState: addPendingRequest at RaftClientRequest:client-953C656F0323->s0@group-FE6EA6DB94F5, cid=13, seq=0, RW, Message:6d39, entry=(t:1, i:19), STATEMACHINELOGENTRY, client-953C656F0323, cid=13
2019-09-26 10:00:44,329 DEBUG impl.RaftServerImpl (RaftServerImpl.java:logAppendEntries(850)) - s2@group-FE6EA6DB94F5: receive appendEntries(s0, 1, (t:1, i:18), 17, false, commits[s0:c17, s1:c15, s2:c15], entries: (t:1, i:19), STATEMACHINELOGENTRY, client-953C656F0323, cid=13
2019-09-26 10:00:44,329 DEBUG impl.RaftServerImpl (RaftServerImpl.java:logAppendEntries(850)) - s1@group-FE6EA6DB94F5: receive appendEntries(s0, 1, (t:1, i:18), 17, false, commits[s0:c17, s1:c15, s2:c15], entries: (t:1, i:19), STATEMACHINELOGENTRY, client-953C656F0323, cid=13
2019-09-26 10:00:44,337 DEBUG impl.RaftServerImpl (RaftServerImpl.java:logAppendEntries(850)) - s2@group-FE6EA6DB94F5: succeeded to handle AppendEntries. Reply: s0<-s2#23:OK,SUCCESS,nextIndex:19,term:1,followerCommit:17
2019-09-26 10:00:44,337 DEBUG impl.RaftServerImpl (RaftServerImpl.java:logAppendEntries(850)) - s1@group-FE6EA6DB94F5: succeeded to handle AppendEntries. Reply: s0<-s1#23:OK,SUCCESS,nextIndex:19,term:1,followerCommit:17
2019-09-26 10:00:44,339 DEBUG impl.RaftServerImpl (RaftServerImpl.java:logAppendEntries(850)) - s1@group-FE6EA6DB94F5: succeeded to handle AppendEntries. Reply: s0<-s1#24:OK,SUCCESS,nextIndex:20,term:1,followerCommit:17
2019-09-26 10:00:44,339 DEBUG impl.RaftServerImpl (RaftServerImpl.java:logAppendEntries(850)) - s2@group-FE6EA6DB94F5: succeeded to handle AppendEntries. Reply: s0<-s2#24:OK,SUCCESS,nextIndex:20,term:1,followerCommit:17
2019-09-26 10:00:44,341 DEBUG impl.RaftServerImpl (RaftServerImpl.java:logAppendEntries(850)) - s1@group-FE6EA6DB94F5: receive appendEntries(s0, 1, (t:1, i:19), 19, false, commits[s0:c19, s1:c17, s2:c17], entries: (t:1, i:20), METADATAENTRY(c19)
2019-09-26 10:00:44,341 DEBUG impl.RaftServerImpl (RaftServerImpl.java:logAppendEntries(850)) - s2@group-FE6EA6DB94F5: receive appendEntries(s0, 1, (t:1, i:19), 19, false, commits[s0:c19, s1:c17, s2:c17], entries: (t:1, i:20), METADATAENTRY(c19)
2019-09-26 10:00:44,343 DEBUG impl.RaftServerImpl (RaftServerImpl.java:submitClientRequestAsync(533)) - s0@group-FE6EA6DB94F5: receive client request(RaftClientRequest:client-953C656F0323->s0@group-FE6EA6DB94F5, cid=14, seq=0, RW, Message:6d3130)
2019-09-26 10:00:44,343 DEBUG impl.RaftServerImpl (LeaderState.java:addPendingRequest(317)) - s0@group-FE6EA6DB94F5-LeaderState: addPendingRequest at RaftClientRequest:client-953C656F0323->s0@group-FE6EA6DB94F5, cid=14, seq=0, RW, Message:6d3130, entry=(t:1, i:21), STATEMACHINELOGENTRY, client-953C656F0323, cid=14
2019-09-26 10:00:44,344 DEBUG impl.RaftServerImpl (RaftServerImpl.java:logAppendEntries(850)) - s1@group-FE6EA6DB94F5: receive appendEntries(s0, 1, (t:1, i:20), 19, false, commits[s0:c19, s1:c17, s2:c17], entries: (t:1, i:21), STATEMACHINELOGENTRY, client-953C656F0323, cid=14
2019-09-26 10:00:44,344 DEBUG impl.RaftServerImpl (RaftServerImpl.java:logAppendEntries(850)) - s2@group-FE6EA6DB94F5: receive appendEntries(s0, 1, (t:1, i:20), 19, false, commits[s0:c19, s1:c17, s2:c17], entries: (t:1, i:21), STATEMACHINELOGENTRY, client-953C656F0323, cid=14
2019-09-26 10:00:44,353 DEBUG impl.RaftServerImpl (RaftServerImpl.java:logAppendEntries(850)) - s1@group-FE6EA6DB94F5: succeeded to handle AppendEntries. Reply: s0<-s1#25:OK,SUCCESS,nextIndex:21,term:1,followerCommit:19
2019-09-26 10:00:44,353 DEBUG impl.RaftServerImpl (RaftServerImpl.java:logAppendEntries(850)) - s2@group-FE6EA6DB94F5: succeeded to handle AppendEntries. Reply: s0<-s2#25:OK,SUCCESS,nextIndex:21,term:1,followerCommit:19
2019-09-26 10:00:44,366 DEBUG impl.RaftServerImpl (RaftServerImpl.java:logAppendEntries(850)) - s1@group-FE6EA6DB94F5: succeeded to handle AppendEntries. Reply: s0<-s1#26:OK,SUCCESS,nextIndex:22,term:1,followerCommit:19
2019-09-26 10:00:44,366 DEBUG impl.RaftServerImpl (RaftServerImpl.java:logAppendEntries(850)) - s2@group-FE6EA6DB94F5: succeeded to handle AppendEntries. Reply: s0<-s2#26:OK,SUCCESS,nextIndex:22,term:1,followerCommit:19
2019-09-26 10:00:44,368 DEBUG impl.RaftServerImpl (RaftServerImpl.java:logAppendEntries(850)) - s2@group-FE6EA6DB94F5: receive appendEntries(s0, 1, (t:1, i:21), 21, false, commits[s0:c21, s1:c19, s2:c19], entries: (t:1, i:22), METADATAENTRY(c21)
2019-09-26 10:00:44,368 DEBUG impl.RaftServerImpl (RaftServerImpl.java:logAppendEntries(850)) - s1@group-FE6EA6DB94F5: receive appendEntries(s0, 1, (t:1, i:21), 21, false, commits[s0:c21, s1:c19, s2:c19], entries: (t:1, i:22), METADATAENTRY(c21)
2019-09-26 10:00:44,369 DEBUG impl.RaftServerImpl (RaftServerImpl.java:submitClientRequestAsync(533)) - s0@group-FE6EA6DB94F5: receive client request(RaftClientRequest:client-953C656F0323->s0@group-FE6EA6DB94F5, cid=15, seq=0, RW, Message:6d3131)
2019-09-26 10:00:44,370 DEBUG impl.RaftServerImpl (LeaderState.java:addPendingRequest(317)) - s0@group-FE6EA6DB94F5-LeaderState: addPendingRequest at RaftClientRequest:client-953C656F0323->s0@group-FE6EA6DB94F5, cid=15, seq=0, RW, Message:6d3131, entry=(t:1, i:23), STATEMACHINELOGENTRY, client-953C656F0323, cid=15
2019-09-26 10:00:44,371 DEBUG impl.RaftServerImpl (RaftServerImpl.java:logAppendEntries(850)) - s1@group-FE6EA6DB94F5: receive appendEntries(s0, 1, (t:1, i:22), 21, false, commits[s0:c21, s1:c19, s2:c19], entries: (t:1, i:23), STATEMACHINELOGENTRY, client-953C656F0323, cid=15
2019-09-26 10:00:44,371 DEBUG impl.RaftServerImpl (RaftServerImpl.java:logAppendEntries(850)) - s2@group-FE6EA6DB94F5: receive appendEntries(s0, 1, (t:1, i:22), 21, false, commits[s0:c21, s1:c19, s2:c19], entries: (t:1, i:23), STATEMACHINELOGENTRY, client-953C656F0323, cid=15
2019-09-26 10:00:44,378 DEBUG impl.RaftServerImpl (RaftServerImpl.java:logAppendEntries(850)) - s1@group-FE6EA6DB94F5: succeeded to handle AppendEntries. Reply: s0<-s1#27:OK,SUCCESS,nextIndex:23,term:1,followerCommit:21
2019-09-26 10:00:44,378 DEBUG impl.RaftServerImpl (RaftServerImpl.java:logAppendEntries(850)) - s2@group-FE6EA6DB94F5: succeeded to handle AppendEntries. Reply: s0<-s2#27:OK,SUCCESS,nextIndex:23,term:1,followerCommit:21
2019-09-26 10:00:44,381 DEBUG impl.RaftServerImpl (RaftServerImpl.java:logAppendEntries(850)) - s1@group-FE6EA6DB94F5: succeeded to handle AppendEntries. Reply: s0<-s1#28:OK,SUCCESS,nextIndex:24,term:1,followerCommit:21
2019-09-26 10:00:44,381 DEBUG impl.RaftServerImpl (RaftServerImpl.java:logAppendEntries(850)) - s2@group-FE6EA6DB94F5: succeeded to handle AppendEntries. Reply: s0<-s2#28:OK,SUCCESS,nextIndex:24,term:1,followerCommit:21
2019-09-26 10:00:44,383 DEBUG impl.RaftServerImpl (RaftServerImpl.java:logAppendEntries(850)) - s2@group-FE6EA6DB94F5: receive appendEntries(s0, 1, (t:1, i:23), 23, false, commits[s0:c23, s1:c21, s2:c21], entries: (t:1, i:24), METADATAENTRY(c23)
2019-09-26 10:00:44,383 DEBUG impl.RaftServerImpl (RaftServerImpl.java:logAppendEntries(850)) - s1@group-FE6EA6DB94F5: receive appendEntries(s0, 1, (t:1, i:23), 23, false, commits[s0:c23, s1:c21, s2:c21], entries: (t:1, i:24), METADATAENTRY(c23)
2019-09-26 10:00:44,385 DEBUG impl.RaftServerImpl (RaftServerImpl.java:submitClientRequestAsync(533)) - s0@group-FE6EA6DB94F5: receive client request(RaftClientRequest:client-953C656F0323->s0@group-FE6EA6DB94F5, cid=16, seq=0, RW, Message:6d3132)
2019-09-26 10:00:44,385 DEBUG impl.RaftServerImpl (LeaderState.java:addPendingRequest(317)) - s0@group-FE6EA6DB94F5-LeaderState: addPendingRequest at RaftClientRequest:client-953C656F0323->s0@group-FE6EA6DB94F5, cid=16, seq=0, RW, Message:6d3132, entry=(t:1, i:25), STATEMACHINELOGENTRY, client-953C656F0323, cid=16
2019-09-26 10:00:44,386 DEBUG impl.RaftServerImpl (RaftServerImpl.java:logAppendEntries(850)) - s1@group-FE6EA6DB94F5: receive appendEntries(s0, 1, (t:1, i:24), 23, false, commits[s0:c23, s1:c21, s2:c21], entries: (t:1, i:25), STATEMACHINELOGENTRY, client-953C656F0323, cid=16
2019-09-26 10:00:44,386 DEBUG impl.RaftServerImpl (RaftServerImpl.java:logAppendEntries(850)) - s2@group-FE6EA6DB94F5: receive appendEntries(s0, 1, (t:1, i:24), 23, false, commits[s0:c23, s1:c21, s2:c21], entries: (t:1, i:25), STATEMACHINELOGENTRY, client-953C656F0323, cid=16
2019-09-26 10:00:44,393 DEBUG impl.RaftServerImpl (RaftServerImpl.java:logAppendEntries(850)) - s1@group-FE6EA6DB94F5: succeeded to handle AppendEntries. Reply: s0<-s1#29:OK,SUCCESS,nextIndex:25,term:1,followerCommit:23
2019-09-26 10:00:44,394 DEBUG impl.RaftServerImpl (RaftServerImpl.java:logAppendEntries(850)) - s2@group-FE6EA6DB94F5: succeeded to handle AppendEntries. Reply: s0<-s2#29:OK,SUCCESS,nextIndex:25,term:1,followerCommit:23
2019-09-26 10:00:44,396 DEBUG impl.RaftServerImpl (RaftServerImpl.java:logAppendEntries(850)) - s1@group-FE6EA6DB94F5: succeeded to handle AppendEntries. Reply: s0<-s1#30:OK,SUCCESS,nextIndex:26,term:1,followerCommit:23
2019-09-26 10:00:44,396 DEBUG impl.RaftServerImpl (RaftServerImpl.java:logAppendEntries(850)) - s2@group-FE6EA6DB94F5: succeeded to handle AppendEntries. Reply: s0<-s2#30:OK,SUCCESS,nextIndex:26,term:1,followerCommit:23
2019-09-26 10:00:44,398 DEBUG impl.RaftServerImpl (RaftServerImpl.java:logAppendEntries(850)) - s2@group-FE6EA6DB94F5: receive appendEntries(s0, 1, (t:1, i:25), 25, false, commits[s0:c25, s1:c23, s2:c23], entries: (t:1, i:26), METADATAENTRY(c25)
2019-09-26 10:00:44,398 DEBUG impl.RaftServerImpl (RaftServerImpl.java:logAppendEntries(850)) - s1@group-FE6EA6DB94F5: receive appendEntries(s0, 1, (t:1, i:25), 25, false, commits[s0:c25, s1:c23, s2:c23], entries: (t:1, i:26), METADATAENTRY(c25)
2019-09-26 10:00:44,399 DEBUG impl.RaftServerImpl (RaftServerImpl.java:submitClientRequestAsync(533)) - s0@group-FE6EA6DB94F5: receive client request(RaftClientRequest:client-953C656F0323->s0@group-FE6EA6DB94F5, cid=17, seq=0, RW, Message:6d3133)
2019-09-26 10:00:44,400 DEBUG impl.RaftServerImpl (LeaderState.java:addPendingRequest(317)) - s0@group-FE6EA6DB94F5-LeaderState: addPendingRequest at RaftClientRequest:client-953C656F0323->s0@group-FE6EA6DB94F5, cid=17, seq=0, RW, Message:6d3133, entry=(t:1, i:27), STATEMACHINELOGENTRY, client-953C656F0323, cid=17
2019-09-26 10:00:44,401 DEBUG impl.RaftServerImpl (RaftServerImpl.java:logAppendEntries(850)) - s2@group-FE6EA6DB94F5: receive appendEntries(s0, 1, (t:1, i:26), 25, false, commits[s0:c25, s1:c23, s2:c23], entries: (t:1, i:27), STATEMACHINELOGENTRY, client-953C656F0323, cid=17
[...]
2019-09-26 10:00:49,426 INFO  impl.RoleInfo (RoleInfo.java:updateAndGet(143)) - s0: start FollowerState
2019-09-26 10:00:49,426 INFO  impl.FollowerState (FollowerState.java:run(117)) - s0@group-FE6EA6DB94F5-FollowerState was interrupted: java.lang.InterruptedException: sleep interrupted
2019-09-26 10:00:49,438 DEBUG impl.RaftServerImpl (RaftServerImpl.java:requestVote(775)) - s0@group-FE6EA6DB94F5 replies to vote request: s2<-s0#0:OK-t2. Peer's state: s0@group-FE6EA6DB94F5:t2, leader=null, voted=s2, raftlog=s0@group-FE6EA6DB94F5-SegmentedRaftLog:OPENED:c44,f44,i44, conf=43: [s3:0.0.0.0:40074, s4:0.0.0.0:41544, s0:0.0.0.0:42984, s1:0.0.0.0:33314, s2:0.0.0.0:37104], old=null
2019-09-26 10:00:49,438 DEBUG impl.RaftServerImpl (RaftServerImpl.java:requestVote(775)) - s0@group-FE6EA6DB94F5 replies to vote request: s4<-s0#0:FAIL-t2. Peer's state: s0@group-FE6EA6DB94F5:t2, leader=null, voted=s2, raftlog=s0@group-FE6EA6DB94F5-SegmentedRaftLog:OPENED:c44,f44,i44, conf=43: [s3:0.0.0.0:40074, s4:0.0.0.0:41544, s0:0.0.0.0:42984, s1:0.0.0.0:33314, s2:0.0.0.0:37104], old=null
2019-09-26 10:00:49,543 INFO  grpc.TestRaftReconfigurationWithGrpc (RaftReconfigurationBaseTest.java:runTestBootstrapReconf(286)) - printing ALL groups
  s3:  RUNNING  FOLLOWER s3@group-FE6EA6DB94F5:t2, leader=null, voted=s1, raftlog=s3@group-FE6EA6DB94F5-SegmentedRaftLog:OPENED:c44,f44,i44, conf=43: [s3:0.0.0.0:40074, s4:0.0.0.0:41544, s0:0.0.0.0:42984, s1:0.0.0.0:33314, s2:0.0.0.0:37104], old=null RUNNING
  s4:  RUNNING  FOLLOWER s4@group-FE6EA6DB94F5:t2, leader=null, voted=s4, raftlog=s4@group-FE6EA6DB94F5-SegmentedRaftLog:OPENED:c44,f44,i44, conf=43: [s3:0.0.0.0:40074, s4:0.0.0.0:41544, s0:0.0.0.0:42984, s1:0.0.0.0:33314, s2:0.0.0.0:37104], old=null RUNNING
  s0:  RUNNING  FOLLOWER s0@group-FE6EA6DB94F5:t2, leader=null, voted=s2, raftlog=s0@group-FE6EA6DB94F5-SegmentedRaftLog:OPENED:c44,f44,i44, conf=43: [s3:0.0.0.0:40074, s4:0.0.0.0:41544, s0:0.0.0.0:42984, s1:0.0.0.0:33314, s2:0.0.0.0:37104], old=null RUNNING
  s1:  RUNNING  FOLLOWER s1@group-FE6EA6DB94F5:t2, leader=null, voted=s1, raftlog=s1@group-FE6EA6DB94F5-SegmentedRaftLog:OPENED:c44,f44,i44, conf=43: [s3:0.0.0.0:40074, s4:0.0.0.0:41544, s0:0.0.0.0:42984, s1:0.0.0.0:33314, s2:0.0.0.0:37104], old=null RUNNING
  s2:  RUNNING  FOLLOWER s2@group-FE6EA6DB94F5:t2, leader=null, voted=s2, raftlog=s2@group-FE6EA6DB94F5-SegmentedRaftLog:OPENED:c44,f44,i44, conf=43: [s3:0.0.0.0:40074, s4:0.0.0.0:41544, s0:0.0.0.0:42984, s1:0.0.0.0:33314, s2:0.0.0.0:37104], old=null RUNNING
2019-09-26 10:00:49,544 INFO  ratis.MiniRaftCluster (MiniRaftCluster.java:runWithNewCluster(127)) - printing ALL groups
  s3:  RUNNING  FOLLOWER s3@group-FE6EA6DB94F5:t2, leader=null, voted=s1, raftlog=s3@group-FE6EA6DB94F5-SegmentedRaftLog:OPENED:c44,f44,i44, conf=43: [s3:0.0.0.0:40074, s4:0.0.0.0:41544, s0:0.0.0.0:42984, s1:0.0.0.0:33314, s2:0.0.0.0:37104], old=null RUNNING
  s4:  RUNNING  FOLLOWER s4@group-FE6EA6DB94F5:t2, leader=null, voted=s4, raftlog=s4@group-FE6EA6DB94F5-SegmentedRaftLog:OPENED:c44,f44,i44, conf=43: [s3:0.0.0.0:40074, s4:0.0.0.0:41544, s0:0.0.0.0:42984, s1:0.0.0.0:33314, s2:0.0.0.0:37104], old=null RUNNING
  s0:  RUNNING  FOLLOWER s0@group-FE6EA6DB94F5:t2, leader=null, voted=s2, raftlog=s0@group-FE6EA6DB94F5-SegmentedRaftLog:OPENED:c44,f44,i44, conf=43: [s3:0.0.0.0:40074, s4:0.0.0.0:41544, s0:0.0.0.0:42984, s1:0.0.0.0:33314, s2:0.0.0.0:37104], old=null RUNNING
  s1:  RUNNING  FOLLOWER s1@group-FE6EA6DB94F5:t2, leader=null, voted=s1, raftlog=s1@group-FE6EA6DB94F5-SegmentedRaftLog:OPENED:c44,f44,i44, conf=43: [s3:0.0.0.0:40074, s4:0.0.0.0:41544, s0:0.0.0.0:42984, s1:0.0.0.0:33314, s2:0.0.0.0:37104], old=null RUNNING
  s2:  RUNNING  FOLLOWER s2@group-FE6EA6DB94F5:t2, leader=null, voted=s2, raftlog=s2@group-FE6EA6DB94F5-SegmentedRaftLog:OPENED:c44,f44,i44, conf=43: [s3:0.0.0.0:40074, s4:0.0.0.0:41544, s0:0.0.0.0:42984, s1:0.0.0.0:33314, s2:0.0.0.0:37104], old=null RUNNING
2019-09-26 10:00:49,544 ERROR ratis.MiniRaftCluster (MiniRaftCluster.java:runWithNewCluster(128)) - Failed org.apache.ratis.MiniRaftCluster$Factory$Get.runWithNewCluster(MiniRaftCluster.java:113)
java.lang.NullPointerException
	at org.apache.ratis.server.impl.RaftReconfigurationBaseTest.runTestBootstrapReconf(RaftReconfigurationBaseTest.java:289)
	at org.apache.ratis.MiniRaftCluster$Factory$Get.runWithNewCluster(MiniRaftCluster.java:125)
	at org.apache.ratis.MiniRaftCluster$Factory$Get.runWithNewCluster(MiniRaftCluster.java:113)
	at org.apache.ratis.server.impl.RaftReconfigurationBaseTest.testBootstrapReconf(RaftReconfigurationBaseTest.java:255)
	at sun.reflect.NativeMethodAccessorImpl.invoke0(Native Method)
	at sun.reflect.NativeMethodAccessorImpl.invoke(NativeMethodAccessorImpl.java:62)
	at sun.reflect.DelegatingMethodAccessorImpl.invoke(DelegatingMethodAccessorImpl.java:43)
	at java.lang.reflect.Method.invoke(Method.java:498)
	at org.junit.runners.model.FrameworkMethod$1.runReflectiveCall(FrameworkMethod.java:50)
	at org.junit.internal.runners.model.ReflectiveCallable.run(ReflectiveCallable.java:12)
	at org.junit.runners.model.FrameworkMethod.invokeExplosively(FrameworkMethod.java:47)
	at org.junit.internal.runners.statements.InvokeMethod.evaluate(InvokeMethod.java:17)
	at org.junit.internal.runners.statements.RunAfters.evaluate(RunAfters.java:27)
	at org.junit.internal.runners.statements.FailOnTimeout$CallableStatement.call(FailOnTimeout.java:298)
	at org.junit.internal.runners.statements.FailOnTimeout$CallableStatement.call(FailOnTimeout.java:292)
	at java.util.concurrent.FutureTask.run(FutureTask.java:266)
	at java.lang.Thread.run(Thread.java:748)
2019-09-26 10:00:49,545 INFO  ratis.MiniRaftCluster (MiniRaftCluster.java:shutdown(700)) - ************************************************************** 
2019-09-26 10:00:49,545 INFO  ratis.MiniRaftCluster (MiniRaftCluster.java:shutdown(701)) - *** 
2019-09-26 10:00:49,545 INFO  ratis.MiniRaftCluster (MiniRaftCluster.java:shutdown(702)) - ***     Stopping MiniRaftClusterWithGrpc
2019-09-26 10:00:49,545 INFO  ratis.MiniRaftCluster (MiniRaftCluster.java:shutdown(703)) - *** 
2019-09-26 10:00:49,545 INFO  ratis.MiniRaftCluster (MiniRaftCluster.java:shutdown(704)) - ************************************************************** 
2019-09-26 10:00:49,546 INFO  ratis.MiniRaftCluster (MiniRaftCluster.java:shutdown(705)) - printing ALL groups
  s3:  RUNNING  FOLLOWER s3@group-FE6EA6DB94F5:t2, leader=null, voted=s1, raftlog=s3@group-FE6EA6DB94F5-SegmentedRaftLog:OPENED:c44,f44,i44, conf=43: [s3:0.0.0.0:40074, s4:0.0.0.0:41544, s0:0.0.0.0:42984, s1:0.0.0.0:33314, s2:0.0.0.0:37104], old=null RUNNING
  s4:  RUNNING  FOLLOWER s4@group-FE6EA6DB94F5:t2, leader=null, voted=s4, raftlog=s4@group-FE6EA6DB94F5-SegmentedRaftLog:OPENED:c44,f44,i44, conf=43: [s3:0.0.0.0:40074, s4:0.0.0.0:41544, s0:0.0.0.0:42984, s1:0.0.0.0:33314, s2:0.0.0.0:37104], old=null RUNNING
  s0:  RUNNING  FOLLOWER s0@group-FE6EA6DB94F5:t2, leader=null, voted=s2, raftlog=s0@group-FE6EA6DB94F5-SegmentedRaftLog:OPENED:c44,f44,i44, conf=43: [s3:0.0.0.0:40074, s4:0.0.0.0:41544, s0:0.0.0.0:42984, s1:0.0.0.0:33314, s2:0.0.0.0:37104], old=null RUNNING
  s1:  RUNNING  FOLLOWER s1@group-FE6EA6DB94F5:t2, leader=null, voted=s1, raftlog=s1@group-FE6EA6DB94F5-SegmentedRaftLog:OPENED:c44,f44,i44, conf=43: [s3:0.0.0.0:40074, s4:0.0.0.0:41544, s0:0.0.0.0:42984, s1:0.0.0.0:33314, s2:0.0.0.0:37104], old=null RUNNING
  s2:  RUNNING  FOLLOWER s2@group-FE6EA6DB94F5:t2, leader=null, voted=s2, raftlog=s2@group-FE6EA6DB94F5-SegmentedRaftLog:OPENED:c44,f44,i44, conf=43: [s3:0.0.0.0:40074, s4:0.0.0.0:41544, s0:0.0.0.0:42984, s1:0.0.0.0:33314, s2:0.0.0.0:37104], old=null RUNNING
2019-09-26 10:00:49,547 INFO  impl.RaftServerProxy (RaftServerProxy.java:lambda$close$4(314)) - s3: close
2019-09-26 10:00:49,547 INFO  impl.RaftServerProxy (RaftServerProxy.java:lambda$close$4(314)) - s4: close
2019-09-26 10:00:49,548 INFO  impl.RaftServerImpl (RaftServerImpl.java:lambda$shutdown$3(247)) - s3@group-FE6EA6DB94F5: shutdown
2019-09-26 10:00:49,548 INFO  impl.RaftServerProxy (RaftServerProxy.java:lambda$close$4(314)) - s1: close
2019-09-26 10:00:49,549 INFO  util.JmxRegister (JmxRegister.java:unregister(73)) - Successfully un-registered JMX Bean with object name Ratis:service=RaftServer,group=group-FE6EA6DB94F5,id=s3
2019-09-26 10:00:49,550 INFO  impl.RoleInfo (RoleInfo.java:shutdownFollowerState(121)) - s3: shutdown FollowerState
2019-09-26 10:00:49,549 INFO  impl.RaftServerImpl (RaftServerImpl.java:lambda$shutdown$3(247)) - s4@group-FE6EA6DB94F5: shutdown
2019-09-26 10:00:49,548 INFO  impl.RaftServerProxy (RaftServerProxy.java:lambda$close$4(314)) - s0: close
2019-09-26 10:00:49,548 INFO  impl.RaftServerProxy (RaftServerProxy.java:lambda$close$4(314)) - s2: close
2019-09-26 10:00:49,551 INFO  impl.RaftServerImpl (RaftServerImpl.java:lambda$shutdown$3(247)) - s0@group-FE6EA6DB94F5: shutdown
2019-09-26 10:00:49,551 INFO  util.JmxRegister (JmxRegister.java:unregister(73)) - Successfully un-registered JMX Bean with object name Ratis:service=RaftServer,group=group-FE6EA6DB94F5,id=s4
2019-09-26 10:00:49,550 INFO  impl.FollowerState (FollowerState.java:run(117)) - s3@group-FE6EA6DB94F5-FollowerState was interrupted: java.lang.InterruptedException: sleep interrupted
2019-09-26 10:00:49,550 INFO  impl.StateMachineUpdater (StateMachineUpdater.java:stopAndJoin(136)) - s3@group-FE6EA6DB94F5-StateMachineUpdater: set stopIndex = 44
2019-09-26 10:00:49,553 INFO  impl.RaftServerImpl (ServerState.java:close(386)) - s3@group-FE6EA6DB94F5: closes. applyIndex: 44
2019-09-26 10:00:49,550 INFO  impl.RaftServerImpl (RaftServerImpl.java:lambda$shutdown$3(247)) - s1@group-FE6EA6DB94F5: shutdown
2019-09-26 10:00:49,554 INFO  segmented.SegmentedRaftLogWorker (SegmentedRaftLogWorker.java:run(313)) - s3@group-FE6EA6DB94F5-SegmentedRaftLogWorker was interrupted, exiting. There are 0 tasks remaining in the queue.
2019-09-26 10:00:49,552 INFO  impl.RoleInfo (RoleInfo.java:shutdownFollowerState(121)) - s4: shutdown FollowerState
2019-09-26 10:00:49,552 INFO  util.JmxRegister (JmxRegister.java:unregister(73)) - Successfully un-registered JMX Bean with object name Ratis:service=RaftServer,group=group-FE6EA6DB94F5,id=s0
2019-09-26 10:00:49,552 INFO  impl.RaftServerImpl (RaftServerImpl.java:lambda$shutdown$3(247)) - s2@group-FE6EA6DB94F5: shutdown
2019-09-26 10:00:49,555 INFO  impl.RoleInfo (RoleInfo.java:shutdownFollowerState(121)) - s0: shutdown FollowerState
2019-09-26 10:00:49,555 INFO  impl.FollowerState (FollowerState.java:run(117)) - s4@group-FE6EA6DB94F5-FollowerState was interrupted: java.lang.InterruptedException: sleep interrupted
2019-09-26 10:00:49,555 INFO  impl.StateMachineUpdater (StateMachineUpdater.java:stopAndJoin(136)) - s4@group-FE6EA6DB94F5-StateMachineUpdater: set stopIndex = 44
2019-09-26 10:00:49,557 INFO  impl.RaftServerImpl (ServerState.java:close(386)) - s4@group-FE6EA6DB94F5: closes. applyIndex: 44
2019-09-26 10:00:49,554 INFO  util.JmxRegister (JmxRegister.java:unregister(73)) - Successfully un-registered JMX Bean with object name Ratis:service=RaftServer,group=group-FE6EA6DB94F5,id=s1
2019-09-26 10:00:49,557 INFO  segmented.SegmentedRaftLogWorker (SegmentedRaftLogWorker.java:run(313)) - s4@group-FE6EA6DB94F5-SegmentedRaftLogWorker was interrupted, exiting. There are 0 tasks remaining in the queue.
2019-09-26 10:00:49,557 INFO  segmented.SegmentedRaftLogWorker (SegmentedRaftLogWorker.java:close(228)) - s3@group-FE6EA6DB94F5-SegmentedRaftLogWorker close()
2019-09-26 10:00:49,556 INFO  impl.FollowerState (FollowerState.java:run(117)) - s0@group-FE6EA6DB94F5-FollowerState was interrupted: java.lang.InterruptedException: sleep interrupted
2019-09-26 10:00:49,556 INFO  impl.StateMachineUpdater (StateMachineUpdater.java:stopAndJoin(136)) - s0@group-FE6EA6DB94F5-StateMachineUpdater: set stopIndex = 44
2019-09-26 10:00:49,555 INFO  util.JmxRegister (JmxRegister.java:unregister(73)) - Successfully un-registered JMX Bean with object name Ratis:service=RaftServer,group=group-FE6EA6DB94F5,id=s2
2019-09-26 10:00:49,561 INFO  impl.RaftServerImpl (ServerState.java:close(386)) - s0@group-FE6EA6DB94F5: closes. applyIndex: 44
2019-09-26 10:00:49,560 INFO  server.GrpcService (GrpcService.java:closeImpl(164)) - s3: shutdown server with port 40074 now
2019-09-26 10:00:49,560 INFO  segmented.SegmentedRaftLogWorker (SegmentedRaftLogWorker.java:close(228)) - s4@group-FE6EA6DB94F5-SegmentedRaftLogWorker close()
2019-09-26 10:00:49,557 INFO  impl.RoleInfo (RoleInfo.java:shutdownFollowerState(121)) - s1: shutdown FollowerState
2019-09-26 10:00:49,563 INFO  server.GrpcService (GrpcService.java:closeImpl(164)) - s4: shutdown server with port 41544 now
2019-09-26 10:00:49,561 INFO  segmented.SegmentedRaftLogWorker (SegmentedRaftLogWorker.java:run(313)) - s0@group-FE6EA6DB94F5-SegmentedRaftLogWorker was interrupted, exiting. There are 0 tasks remaining in the queue.
2019-09-26 10:00:49,561 INFO  impl.RoleInfo (RoleInfo.java:shutdownFollowerState(121)) - s2: shutdown FollowerState
2019-09-26 10:00:49,563 INFO  impl.FollowerState (FollowerState.java:run(117)) - s1@group-FE6EA6DB94F5-FollowerState was interrupted: java.lang.InterruptedException: sleep interrupted
2019-09-26 10:00:49,563 INFO  impl.StateMachineUpdater (StateMachineUpdater.java:stopAndJoin(136)) - s1@group-FE6EA6DB94F5-StateMachineUpdater: set stopIndex = 44
2019-09-26 10:00:49,566 INFO  impl.RaftServerImpl (ServerState.java:close(386)) - s1@group-FE6EA6DB94F5: closes. applyIndex: 44
2019-09-26 10:00:49,565 INFO  server.GrpcService (GrpcService.java:closeImpl(172)) - s3: shutdown server with port 40074 successfully
2019-09-26 10:00:49,565 INFO  impl.FollowerState (FollowerState.java:run(117)) - s2@group-FE6EA6DB94F5-FollowerState was interrupted: java.lang.InterruptedException: sleep interrupted
2019-09-26 10:00:49,565 INFO  impl.StateMachineUpdater (StateMachineUpdater.java:stopAndJoin(136)) - s2@group-FE6EA6DB94F5-StateMachineUpdater: set stopIndex = 44
2019-09-26 10:00:49,569 INFO  segmented.SegmentedRaftLogWorker (SegmentedRaftLogWorker.java:close(228)) - s0@group-FE6EA6DB94F5-SegmentedRaftLogWorker close()
2019-09-26 10:00:49,567 INFO  segmented.SegmentedRaftLogWorker (SegmentedRaftLogWorker.java:run(313)) - s1@group-FE6EA6DB94F5-SegmentedRaftLogWorker was interrupted, exiting. There are 0 tasks remaining in the queue.
2019-09-26 10:00:49,569 INFO  impl.RaftServerImpl (ServerState.java:close(386)) - s2@group-FE6EA6DB94F5: closes. applyIndex: 44
2019-09-26 10:00:49,571 INFO  server.GrpcService (GrpcService.java:closeImpl(164)) - s0: shutdown server with port 42984 now
2019-09-26 10:00:49,572 INFO  segmented.SegmentedRaftLogWorker (SegmentedRaftLogWorker.java:run(313)) - s2@group-FE6EA6DB94F5-SegmentedRaftLogWorker was interrupted, exiting. There are 0 tasks remaining in the queue.
2019-09-26 10:00:49,573 INFO  server.GrpcService (GrpcService.java:closeImpl(172)) - s4: shutdown server with port 41544 successfully
2019-09-26 10:00:49,573 INFO  server.GrpcService (GrpcService.java:closeImpl(172)) - s0: shutdown server with port 42984 successfully
2019-09-26 10:00:49,574 INFO  segmented.SegmentedRaftLogWorker (SegmentedRaftLogWorker.java:close(228)) - s1@group-FE6EA6DB94F5-SegmentedRaftLogWorker close()
2019-09-26 10:00:49,577 INFO  segmented.SegmentedRaftLogWorker (SegmentedRaftLogWorker.java:close(228)) - s2@group-FE6EA6DB94F5-SegmentedRaftLogWorker close()
2019-09-26 10:00:49,577 INFO  server.GrpcService (GrpcService.java:closeImpl(164)) - s1: shutdown server with port 33314 now
2019-09-26 10:00:49,578 INFO  server.GrpcService (GrpcService.java:closeImpl(164)) - s2: shutdown server with port 37104 now
2019-09-26 10:00:49,582 INFO  server.GrpcService (GrpcService.java:closeImpl(172)) - s1: shutdown server with port 33314 successfully
2019-09-26 10:00:49,583 INFO  server.GrpcService (GrpcService.java:closeImpl(172)) - s2: shutdown server with port 37104 successfully
2019-09-26 10:00:49,583 INFO  ratis.MiniRaftCluster (MiniRaftCluster.java:shutdown(722)) - MiniRaftClusterWithGrpc shutdown completed
]]></system-out>
    <system-err><![CDATA[Sep 26, 2019 10:00:43 AM org.apache.ratis.thirdparty.io.grpc.internal.SerializingExecutor run
SEVERE: Exception while executing runnable org.apache.ratis.thirdparty.io.grpc.internal.ServerImpl$JumpToApplicationThreadServerStreamListener$1Closed@1f602e2d
org.apache.ratis.thirdparty.io.grpc.StatusRuntimeException: CANCELLED: call already cancelled
	at org.apache.ratis.thirdparty.io.grpc.Status.asRuntimeException(Status.java:517)
	at org.apache.ratis.thirdparty.io.grpc.stub.ServerCalls$ServerCallStreamObserverImpl.onCompleted(ServerCalls.java:356)
	at org.apache.ratis.grpc.server.GrpcServerProtocolService$ServerRequestStreamObserver.onError(GrpcServerProtocolService.java:121)
	at org.apache.ratis.thirdparty.io.grpc.stub.ServerCalls$StreamingServerCallHandler$StreamingServerCallListener.onCancel(ServerCalls.java:269)
	at org.apache.ratis.thirdparty.io.grpc.internal.ServerCallImpl$ServerStreamListenerImpl.closed(ServerCallImpl.java:293)
	at org.apache.ratis.thirdparty.io.grpc.internal.ServerImpl$JumpToApplicationThreadServerStreamListener$1Closed.runInContext(ServerImpl.java:741)
	at org.apache.ratis.thirdparty.io.grpc.internal.ContextRunnable.run(ContextRunnable.java:37)
	at org.apache.ratis.thirdparty.io.grpc.internal.SerializingExecutor.run(SerializingExecutor.java:123)
	at java.util.concurrent.ThreadPoolExecutor.runWorker(ThreadPoolExecutor.java:1149)
	at java.util.concurrent.ThreadPoolExecutor$Worker.run(ThreadPoolExecutor.java:624)
	at java.lang.Thread.run(Thread.java:748)

Sep 26, 2019 10:00:43 AM org.apache.ratis.thirdparty.io.grpc.internal.SerializingExecutor run
SEVERE: Exception while executing runnable org.apache.ratis.thirdparty.io.grpc.internal.ServerImpl$JumpToApplicationThreadServerStreamListener$1Closed@8f995d9
org.apache.ratis.thirdparty.io.grpc.StatusRuntimeException: CANCELLED: call already cancelled
	at org.apache.ratis.thirdparty.io.grpc.Status.asRuntimeException(Status.java:517)
	at org.apache.ratis.thirdparty.io.grpc.stub.ServerCalls$ServerCallStreamObserverImpl.onCompleted(ServerCalls.java:356)
	at org.apache.ratis.grpc.server.GrpcServerProtocolService$ServerRequestStreamObserver.onError(GrpcServerProtocolService.java:121)
	at org.apache.ratis.thirdparty.io.grpc.stub.ServerCalls$StreamingServerCallHandler$StreamingServerCallListener.onCancel(ServerCalls.java:269)
	at org.apache.ratis.thirdparty.io.grpc.internal.ServerCallImpl$ServerStreamListenerImpl.closed(ServerCallImpl.java:293)
	at org.apache.ratis.thirdparty.io.grpc.internal.ServerImpl$JumpToApplicationThreadServerStreamListener$1Closed.runInContext(ServerImpl.java:741)
	at org.apache.ratis.thirdparty.io.grpc.internal.ContextRunnable.run(ContextRunnable.java:37)
	at org.apache.ratis.thirdparty.io.grpc.internal.SerializingExecutor.run(SerializingExecutor.java:123)
	at java.util.concurrent.ThreadPoolExecutor.runWorker(ThreadPoolExecutor.java:1149)
	at java.util.concurrent.ThreadPoolExecutor$Worker.run(ThreadPoolExecutor.java:624)
	at java.lang.Thread.run(Thread.java:748)

]]></system-err>
  </testcase>
  <testcase name="testAddPeers" classname="org.apache.ratis.grpc.TestRaftReconfigurationWithGrpc" time="0.942"/>
  <testcase name="testLeaderStepDown" classname="org.apache.ratis.grpc.TestRaftReconfigurationWithGrpc" time="2.658"/>
  <testcase name="testKillLeaderDuringReconf" classname="org.apache.ratis.grpc.TestRaftReconfigurationWithGrpc" time="4.06"/>
  <testcase name="testLeaderNotReadyException" classname="org.apache.ratis.grpc.TestRaftReconfigurationWithGrpc" time="3.526"/>
  <testcase name="testOverlappedSetConfRequests" classname="org.apache.ratis.grpc.TestRaftReconfigurationWithGrpc" time="5.166"/>
  <testcase name="testReconfTwice" classname="org.apache.ratis.grpc.TestRaftReconfigurationWithGrpc" time="2.368"/>
  <testcase name="testReconfTimeout" classname="org.apache.ratis.grpc.TestRaftReconfigurationWithGrpc" time="2.593"/>
</testsuite>